2025-02-26 19:59:20,828 [trainer.py] => config: ./exps/fetril1.json
2025-02-26 19:59:20,829 [trainer.py] => prefix: train
2025-02-26 19:59:20,830 [trainer.py] => dataset: imagenet100
2025-02-26 19:59:20,830 [trainer.py] => memory_size: 2000
2025-02-26 19:59:20,831 [trainer.py] => shuffle: True
2025-02-26 19:59:20,831 [trainer.py] => init_cls: 50
2025-02-26 19:59:20,831 [trainer.py] => increment: 10
2025-02-26 19:59:20,832 [trainer.py] => model_name: fetril
2025-02-26 19:59:20,832 [trainer.py] => convnet_type: resnet18
2025-02-26 19:59:20,832 [trainer.py] => device: [device(type='cuda', index=0)]
2025-02-26 19:59:20,833 [trainer.py] => seed: 1993
2025-02-26 19:59:20,833 [trainer.py] => init_epochs: 200
2025-02-26 19:59:20,833 [trainer.py] => init_lr: 0.13
2025-02-26 19:59:20,834 [trainer.py] => init_weight_decay: 0.0005
2025-02-26 19:59:20,834 [trainer.py] => epochs: 50
2025-02-26 19:59:20,834 [trainer.py] => lr: 0.1
2025-02-26 19:59:20,835 [trainer.py] => batch_size: 128
2025-02-26 19:59:20,835 [trainer.py] => weight_decay: 0.0005
2025-02-26 19:59:20,835 [trainer.py] => num_workers: 8
2025-02-26 19:59:20,835 [trainer.py] => T: 2
2025-02-26 19:59:23,410 [data_manager.py] => [68, 56, 78, 8, 23, 84, 90, 65, 74, 76, 40, 89, 3, 92, 55, 9, 26, 80, 43, 38, 58, 70, 77, 1, 85, 19, 17, 50, 28, 53, 13, 81, 45, 82, 6, 59, 83, 16, 15, 44, 91, 41, 72, 60, 79, 52, 20, 10, 31, 54, 37, 95, 14, 71, 96, 98, 97, 2, 64, 66, 42, 22, 35, 86, 24, 34, 87, 21, 99, 0, 88, 27, 18, 94, 11, 12, 47, 25, 30, 46, 62, 69, 36, 61, 7, 63, 75, 5, 32, 4, 51, 48, 73, 93, 39, 67, 29, 49, 57, 33]
2025-02-26 19:59:31,218 [trainer.py] => All params: 11168832
2025-02-26 19:59:31,219 [trainer.py] => Trainable params: 11168832
2025-02-26 19:59:31,220 [fetril.py] => Learning on 0-50
2025-02-26 19:59:31,220 [fetril.py] => All params: 11194482
2025-02-26 19:59:31,221 [fetril.py] => Trainable params: 11194482
2025-02-26 20:03:41,570 [fetril.py] => Task 0, Epoch 1/200 => Loss 3.577, Train_accy 11.02, Test_accy 15.52
2025-02-26 20:07:29,435 [fetril.py] => Task 0, Epoch 2/200 => Loss 3.022, Train_accy 21.29
2025-02-26 20:11:17,548 [fetril.py] => Task 0, Epoch 3/200 => Loss 2.599, Train_accy 31.45
2025-02-26 20:15:05,108 [fetril.py] => Task 0, Epoch 4/200 => Loss 2.261, Train_accy 39.82
2025-02-26 20:18:53,186 [fetril.py] => Task 0, Epoch 5/200 => Loss 2.041, Train_accy 45.37
2025-02-26 20:22:48,108 [fetril.py] => Task 0, Epoch 6/200 => Loss 1.888, Train_accy 49.17, Test_accy 47.48
2025-02-26 20:26:35,332 [fetril.py] => Task 0, Epoch 7/200 => Loss 1.783, Train_accy 52.05
2025-02-26 20:30:22,810 [fetril.py] => Task 0, Epoch 8/200 => Loss 1.704, Train_accy 54.24
2025-02-26 20:34:10,728 [fetril.py] => Task 0, Epoch 9/200 => Loss 1.644, Train_accy 55.79
2025-02-26 20:37:58,023 [fetril.py] => Task 0, Epoch 10/200 => Loss 1.604, Train_accy 56.86
2025-02-26 20:41:53,475 [fetril.py] => Task 0, Epoch 11/200 => Loss 1.549, Train_accy 58.31, Test_accy 53.32
2025-02-26 20:45:40,836 [fetril.py] => Task 0, Epoch 12/200 => Loss 1.519, Train_accy 59.28
2025-02-26 20:49:27,814 [fetril.py] => Task 0, Epoch 13/200 => Loss 1.494, Train_accy 59.60
2025-02-26 20:53:15,277 [fetril.py] => Task 0, Epoch 14/200 => Loss 1.472, Train_accy 60.41
2025-02-26 20:57:02,762 [fetril.py] => Task 0, Epoch 15/200 => Loss 1.450, Train_accy 60.92
2025-02-26 21:00:57,206 [fetril.py] => Task 0, Epoch 16/200 => Loss 1.444, Train_accy 61.12, Test_accy 54.32
2025-02-26 21:04:44,592 [fetril.py] => Task 0, Epoch 17/200 => Loss 1.424, Train_accy 61.65
2025-02-26 21:08:32,515 [fetril.py] => Task 0, Epoch 18/200 => Loss 1.414, Train_accy 62.03
2025-02-26 21:12:19,901 [fetril.py] => Task 0, Epoch 19/200 => Loss 1.405, Train_accy 62.40
2025-02-26 21:16:07,480 [fetril.py] => Task 0, Epoch 20/200 => Loss 1.403, Train_accy 62.14
2025-02-26 21:20:01,728 [fetril.py] => Task 0, Epoch 21/200 => Loss 1.390, Train_accy 62.46, Test_accy 54.68
2025-02-26 21:23:48,337 [fetril.py] => Task 0, Epoch 22/200 => Loss 1.379, Train_accy 62.86
2025-02-26 21:27:35,720 [fetril.py] => Task 0, Epoch 23/200 => Loss 1.383, Train_accy 62.75
2025-02-26 21:31:23,133 [fetril.py] => Task 0, Epoch 24/200 => Loss 1.363, Train_accy 63.12
2025-02-26 21:35:09,838 [fetril.py] => Task 0, Epoch 25/200 => Loss 1.353, Train_accy 63.47
2025-02-26 21:39:05,295 [fetril.py] => Task 0, Epoch 26/200 => Loss 1.354, Train_accy 63.27, Test_accy 61.84
2025-02-26 21:42:52,113 [fetril.py] => Task 0, Epoch 27/200 => Loss 1.341, Train_accy 63.93
2025-02-26 21:46:38,871 [fetril.py] => Task 0, Epoch 28/200 => Loss 1.337, Train_accy 64.01
2025-02-26 21:50:25,897 [fetril.py] => Task 0, Epoch 29/200 => Loss 1.331, Train_accy 64.22
2025-02-26 21:54:12,887 [fetril.py] => Task 0, Epoch 30/200 => Loss 1.327, Train_accy 64.18
2025-02-26 21:58:08,252 [fetril.py] => Task 0, Epoch 31/200 => Loss 1.323, Train_accy 64.38, Test_accy 55.76
2025-02-26 22:01:55,396 [fetril.py] => Task 0, Epoch 32/200 => Loss 1.323, Train_accy 64.41
2025-02-26 22:05:42,345 [fetril.py] => Task 0, Epoch 33/200 => Loss 1.322, Train_accy 64.31
2025-02-26 22:09:30,429 [fetril.py] => Task 0, Epoch 34/200 => Loss 1.304, Train_accy 65.03
2025-02-26 22:13:17,997 [fetril.py] => Task 0, Epoch 35/200 => Loss 1.295, Train_accy 65.20
2025-02-26 22:17:13,242 [fetril.py] => Task 0, Epoch 36/200 => Loss 1.306, Train_accy 64.75, Test_accy 59.64
2025-02-26 22:21:00,682 [fetril.py] => Task 0, Epoch 37/200 => Loss 1.290, Train_accy 65.17
2025-02-26 22:24:48,600 [fetril.py] => Task 0, Epoch 38/200 => Loss 1.300, Train_accy 64.98
2025-02-26 22:28:36,315 [fetril.py] => Task 0, Epoch 39/200 => Loss 1.290, Train_accy 65.39
2025-02-26 22:32:23,694 [fetril.py] => Task 0, Epoch 40/200 => Loss 1.278, Train_accy 65.49
2025-02-26 22:36:18,804 [fetril.py] => Task 0, Epoch 41/200 => Loss 1.293, Train_accy 65.30, Test_accy 62.08
2025-02-26 22:40:06,130 [fetril.py] => Task 0, Epoch 42/200 => Loss 1.271, Train_accy 65.83
2025-02-26 22:43:53,491 [fetril.py] => Task 0, Epoch 43/200 => Loss 1.274, Train_accy 65.56
2025-02-26 22:47:40,802 [fetril.py] => Task 0, Epoch 44/200 => Loss 1.269, Train_accy 65.80
2025-02-26 22:51:27,872 [fetril.py] => Task 0, Epoch 45/200 => Loss 1.271, Train_accy 65.80
2025-02-26 22:55:22,570 [fetril.py] => Task 0, Epoch 46/200 => Loss 1.273, Train_accy 65.64, Test_accy 52.76
2025-02-26 22:59:09,639 [fetril.py] => Task 0, Epoch 47/200 => Loss 1.242, Train_accy 66.49
2025-02-26 23:02:56,701 [fetril.py] => Task 0, Epoch 48/200 => Loss 1.246, Train_accy 66.20
2025-02-26 23:06:44,431 [fetril.py] => Task 0, Epoch 49/200 => Loss 1.259, Train_accy 66.16
2025-02-26 23:10:32,076 [fetril.py] => Task 0, Epoch 50/200 => Loss 1.244, Train_accy 66.33
2025-02-26 23:14:27,065 [fetril.py] => Task 0, Epoch 51/200 => Loss 1.246, Train_accy 66.37, Test_accy 66.28
2025-02-26 23:18:14,336 [fetril.py] => Task 0, Epoch 52/200 => Loss 1.231, Train_accy 66.59
2025-02-26 23:22:01,782 [fetril.py] => Task 0, Epoch 53/200 => Loss 1.230, Train_accy 66.83
2025-02-26 23:25:48,396 [fetril.py] => Task 0, Epoch 54/200 => Loss 1.228, Train_accy 66.66
2025-02-26 23:29:35,851 [fetril.py] => Task 0, Epoch 55/200 => Loss 1.233, Train_accy 66.96
2025-02-26 23:33:30,568 [fetril.py] => Task 0, Epoch 56/200 => Loss 1.222, Train_accy 66.90, Test_accy 58.16
2025-02-26 23:37:17,815 [fetril.py] => Task 0, Epoch 57/200 => Loss 1.219, Train_accy 67.13
2025-02-26 23:41:04,668 [fetril.py] => Task 0, Epoch 58/200 => Loss 1.205, Train_accy 67.55
2025-02-26 23:44:51,785 [fetril.py] => Task 0, Epoch 59/200 => Loss 1.207, Train_accy 67.40
2025-02-26 23:48:39,045 [fetril.py] => Task 0, Epoch 60/200 => Loss 1.202, Train_accy 67.61
2025-02-26 23:52:34,407 [fetril.py] => Task 0, Epoch 61/200 => Loss 1.210, Train_accy 67.39, Test_accy 56.44
2025-02-26 23:56:21,828 [fetril.py] => Task 0, Epoch 62/200 => Loss 1.200, Train_accy 67.56
2025-02-27 00:00:09,186 [fetril.py] => Task 0, Epoch 63/200 => Loss 1.196, Train_accy 67.63
2025-02-27 00:03:56,303 [fetril.py] => Task 0, Epoch 64/200 => Loss 1.193, Train_accy 67.52
2025-02-27 00:07:43,409 [fetril.py] => Task 0, Epoch 65/200 => Loss 1.178, Train_accy 68.18
2025-02-27 00:11:38,650 [fetril.py] => Task 0, Epoch 66/200 => Loss 1.187, Train_accy 67.85, Test_accy 66.28
2025-02-27 00:15:25,576 [fetril.py] => Task 0, Epoch 67/200 => Loss 1.174, Train_accy 68.02
2025-02-27 00:19:12,349 [fetril.py] => Task 0, Epoch 68/200 => Loss 1.173, Train_accy 68.35
2025-02-27 00:22:59,327 [fetril.py] => Task 0, Epoch 69/200 => Loss 1.172, Train_accy 68.25
2025-02-27 00:26:46,342 [fetril.py] => Task 0, Epoch 70/200 => Loss 1.168, Train_accy 68.38
2025-02-27 00:30:41,557 [fetril.py] => Task 0, Epoch 71/200 => Loss 1.161, Train_accy 68.61, Test_accy 65.08
2025-02-27 00:34:28,711 [fetril.py] => Task 0, Epoch 72/200 => Loss 1.152, Train_accy 68.81
2025-02-27 00:38:15,672 [fetril.py] => Task 0, Epoch 73/200 => Loss 1.151, Train_accy 68.89
2025-02-27 00:42:02,215 [fetril.py] => Task 0, Epoch 74/200 => Loss 1.144, Train_accy 68.99
2025-02-27 00:45:48,957 [fetril.py] => Task 0, Epoch 75/200 => Loss 1.145, Train_accy 69.17
2025-02-27 00:49:43,359 [fetril.py] => Task 0, Epoch 76/200 => Loss 1.140, Train_accy 69.28, Test_accy 61.24
2025-02-27 00:53:30,225 [fetril.py] => Task 0, Epoch 77/200 => Loss 1.137, Train_accy 69.16
2025-02-27 00:57:17,468 [fetril.py] => Task 0, Epoch 78/200 => Loss 1.121, Train_accy 69.68
2025-02-27 01:01:05,233 [fetril.py] => Task 0, Epoch 79/200 => Loss 1.128, Train_accy 69.40
2025-02-27 01:04:51,384 [fetril.py] => Task 0, Epoch 80/200 => Loss 1.123, Train_accy 69.53
2025-02-27 01:08:45,970 [fetril.py] => Task 0, Epoch 81/200 => Loss 1.113, Train_accy 69.74, Test_accy 67.08
2025-02-27 01:12:33,290 [fetril.py] => Task 0, Epoch 82/200 => Loss 1.101, Train_accy 69.99
2025-02-27 01:16:20,029 [fetril.py] => Task 0, Epoch 83/200 => Loss 1.103, Train_accy 70.01
2025-02-27 01:20:07,097 [fetril.py] => Task 0, Epoch 84/200 => Loss 1.094, Train_accy 70.21
2025-02-27 01:23:54,293 [fetril.py] => Task 0, Epoch 85/200 => Loss 1.095, Train_accy 70.17
2025-02-27 01:27:48,894 [fetril.py] => Task 0, Epoch 86/200 => Loss 1.086, Train_accy 70.55, Test_accy 67.28
2025-02-27 01:31:35,922 [fetril.py] => Task 0, Epoch 87/200 => Loss 1.087, Train_accy 70.59
2025-02-27 01:35:23,019 [fetril.py] => Task 0, Epoch 88/200 => Loss 1.079, Train_accy 70.88
2025-02-27 01:39:09,394 [fetril.py] => Task 0, Epoch 89/200 => Loss 1.075, Train_accy 70.90
2025-02-27 01:42:56,127 [fetril.py] => Task 0, Epoch 90/200 => Loss 1.065, Train_accy 71.07
2025-02-27 01:46:50,692 [fetril.py] => Task 0, Epoch 91/200 => Loss 1.061, Train_accy 71.19, Test_accy 68.92
2025-02-27 01:50:37,565 [fetril.py] => Task 0, Epoch 92/200 => Loss 1.056, Train_accy 71.33
2025-02-27 01:54:24,624 [fetril.py] => Task 0, Epoch 93/200 => Loss 1.055, Train_accy 71.33
2025-02-27 01:58:11,530 [fetril.py] => Task 0, Epoch 94/200 => Loss 1.044, Train_accy 71.57
2025-02-27 02:01:58,167 [fetril.py] => Task 0, Epoch 95/200 => Loss 1.032, Train_accy 71.77
2025-02-27 02:05:54,115 [fetril.py] => Task 0, Epoch 96/200 => Loss 1.034, Train_accy 71.92, Test_accy 69.76
2025-02-27 02:09:41,394 [fetril.py] => Task 0, Epoch 97/200 => Loss 1.027, Train_accy 72.19
2025-02-27 02:13:28,034 [fetril.py] => Task 0, Epoch 98/200 => Loss 1.022, Train_accy 72.23
2025-02-27 02:17:15,028 [fetril.py] => Task 0, Epoch 99/200 => Loss 1.015, Train_accy 72.30
2025-02-27 02:21:02,143 [fetril.py] => Task 0, Epoch 100/200 => Loss 1.010, Train_accy 72.51
2025-02-27 02:24:57,286 [fetril.py] => Task 0, Epoch 101/200 => Loss 1.008, Train_accy 72.59, Test_accy 69.28
2025-02-27 02:28:43,986 [fetril.py] => Task 0, Epoch 102/200 => Loss 0.999, Train_accy 72.93
2025-02-27 02:32:31,283 [fetril.py] => Task 0, Epoch 103/200 => Loss 0.998, Train_accy 72.87
2025-02-27 02:36:18,625 [fetril.py] => Task 0, Epoch 104/200 => Loss 0.982, Train_accy 73.29
2025-02-27 02:40:05,527 [fetril.py] => Task 0, Epoch 105/200 => Loss 0.979, Train_accy 73.40
2025-02-27 02:44:00,446 [fetril.py] => Task 0, Epoch 106/200 => Loss 0.971, Train_accy 73.52, Test_accy 73.08
2025-02-27 02:47:47,375 [fetril.py] => Task 0, Epoch 107/200 => Loss 0.955, Train_accy 73.99
2025-02-27 02:51:34,504 [fetril.py] => Task 0, Epoch 108/200 => Loss 0.963, Train_accy 73.72
2025-02-27 02:55:21,570 [fetril.py] => Task 0, Epoch 109/200 => Loss 0.949, Train_accy 74.20
2025-02-27 02:59:09,027 [fetril.py] => Task 0, Epoch 110/200 => Loss 0.946, Train_accy 74.10
2025-02-27 03:03:03,909 [fetril.py] => Task 0, Epoch 111/200 => Loss 0.933, Train_accy 74.56, Test_accy 74.44
2025-02-27 03:06:51,012 [fetril.py] => Task 0, Epoch 112/200 => Loss 0.933, Train_accy 74.58
2025-02-27 03:10:37,699 [fetril.py] => Task 0, Epoch 113/200 => Loss 0.922, Train_accy 74.84
2025-02-27 03:14:24,919 [fetril.py] => Task 0, Epoch 114/200 => Loss 0.925, Train_accy 74.68
2025-02-27 03:18:11,852 [fetril.py] => Task 0, Epoch 115/200 => Loss 0.919, Train_accy 75.01
2025-02-27 03:22:06,824 [fetril.py] => Task 0, Epoch 116/200 => Loss 0.905, Train_accy 75.20, Test_accy 75.04
2025-02-27 03:25:54,071 [fetril.py] => Task 0, Epoch 117/200 => Loss 0.897, Train_accy 75.38
2025-02-27 03:29:40,835 [fetril.py] => Task 0, Epoch 118/200 => Loss 0.895, Train_accy 75.56
2025-02-27 03:33:27,683 [fetril.py] => Task 0, Epoch 119/200 => Loss 0.883, Train_accy 75.80
2025-02-27 03:37:14,791 [fetril.py] => Task 0, Epoch 120/200 => Loss 0.879, Train_accy 76.11
2025-02-27 03:41:08,843 [fetril.py] => Task 0, Epoch 121/200 => Loss 0.869, Train_accy 76.32, Test_accy 77.24
2025-02-27 03:44:55,914 [fetril.py] => Task 0, Epoch 122/200 => Loss 0.856, Train_accy 76.58
2025-02-27 03:48:42,524 [fetril.py] => Task 0, Epoch 123/200 => Loss 0.860, Train_accy 76.67
2025-02-27 03:52:29,587 [fetril.py] => Task 0, Epoch 124/200 => Loss 0.847, Train_accy 76.87
2025-02-27 03:56:16,743 [fetril.py] => Task 0, Epoch 125/200 => Loss 0.831, Train_accy 77.30
2025-02-27 04:00:11,281 [fetril.py] => Task 0, Epoch 126/200 => Loss 0.836, Train_accy 77.23, Test_accy 77.68
2025-02-27 04:03:58,419 [fetril.py] => Task 0, Epoch 127/200 => Loss 0.827, Train_accy 77.45
2025-02-27 04:07:45,756 [fetril.py] => Task 0, Epoch 128/200 => Loss 0.812, Train_accy 77.75
2025-02-27 04:11:32,311 [fetril.py] => Task 0, Epoch 129/200 => Loss 0.811, Train_accy 77.76
2025-02-27 04:15:19,670 [fetril.py] => Task 0, Epoch 130/200 => Loss 0.795, Train_accy 78.10
2025-02-27 04:19:13,085 [fetril.py] => Task 0, Epoch 131/200 => Loss 0.789, Train_accy 78.33, Test_accy 79.24
2025-02-27 04:22:59,815 [fetril.py] => Task 0, Epoch 132/200 => Loss 0.784, Train_accy 78.37
2025-02-27 04:26:46,851 [fetril.py] => Task 0, Epoch 133/200 => Loss 0.773, Train_accy 78.80
2025-02-27 04:30:33,982 [fetril.py] => Task 0, Epoch 134/200 => Loss 0.761, Train_accy 79.07
2025-02-27 04:34:21,126 [fetril.py] => Task 0, Epoch 135/200 => Loss 0.760, Train_accy 79.23
2025-02-27 04:38:15,064 [fetril.py] => Task 0, Epoch 136/200 => Loss 0.752, Train_accy 79.45, Test_accy 78.32
2025-02-27 04:42:02,130 [fetril.py] => Task 0, Epoch 137/200 => Loss 0.737, Train_accy 79.57
2025-02-27 04:45:48,886 [fetril.py] => Task 0, Epoch 138/200 => Loss 0.735, Train_accy 79.81
2025-02-27 04:49:35,496 [fetril.py] => Task 0, Epoch 139/200 => Loss 0.723, Train_accy 80.32
2025-02-27 04:53:22,435 [fetril.py] => Task 0, Epoch 140/200 => Loss 0.707, Train_accy 80.67
2025-02-27 04:57:15,856 [fetril.py] => Task 0, Epoch 141/200 => Loss 0.701, Train_accy 80.74, Test_accy 77.52
2025-02-27 05:01:03,118 [fetril.py] => Task 0, Epoch 142/200 => Loss 0.693, Train_accy 81.01
2025-02-27 05:04:49,837 [fetril.py] => Task 0, Epoch 143/200 => Loss 0.690, Train_accy 81.13
2025-02-27 05:08:36,888 [fetril.py] => Task 0, Epoch 144/200 => Loss 0.675, Train_accy 81.54
2025-02-27 05:12:24,386 [fetril.py] => Task 0, Epoch 145/200 => Loss 0.674, Train_accy 81.45
2025-02-27 05:16:19,684 [fetril.py] => Task 0, Epoch 146/200 => Loss 0.651, Train_accy 82.10, Test_accy 79.12
2025-02-27 05:20:06,867 [fetril.py] => Task 0, Epoch 147/200 => Loss 0.637, Train_accy 82.51
2025-02-27 05:23:53,810 [fetril.py] => Task 0, Epoch 148/200 => Loss 0.631, Train_accy 82.53
2025-02-27 05:27:41,024 [fetril.py] => Task 0, Epoch 149/200 => Loss 0.634, Train_accy 82.54
2025-02-27 05:31:27,933 [fetril.py] => Task 0, Epoch 150/200 => Loss 0.611, Train_accy 83.16
2025-02-27 05:35:22,232 [fetril.py] => Task 0, Epoch 151/200 => Loss 0.607, Train_accy 83.28, Test_accy 79.40
2025-02-27 05:39:09,368 [fetril.py] => Task 0, Epoch 152/200 => Loss 0.595, Train_accy 83.54
2025-02-27 05:42:56,856 [fetril.py] => Task 0, Epoch 153/200 => Loss 0.590, Train_accy 83.67
2025-02-27 05:46:43,732 [fetril.py] => Task 0, Epoch 154/200 => Loss 0.577, Train_accy 84.25
2025-02-27 05:50:30,742 [fetril.py] => Task 0, Epoch 155/200 => Loss 0.556, Train_accy 84.58
2025-02-27 05:54:24,070 [fetril.py] => Task 0, Epoch 156/200 => Loss 0.554, Train_accy 84.63, Test_accy 81.64
2025-02-27 05:58:11,315 [fetril.py] => Task 0, Epoch 157/200 => Loss 0.532, Train_accy 85.44
2025-02-27 06:01:58,053 [fetril.py] => Task 0, Epoch 158/200 => Loss 0.529, Train_accy 85.41
2025-02-27 06:05:44,883 [fetril.py] => Task 0, Epoch 159/200 => Loss 0.524, Train_accy 85.49
2025-02-27 06:09:31,911 [fetril.py] => Task 0, Epoch 160/200 => Loss 0.511, Train_accy 86.12
2025-02-27 06:13:26,134 [fetril.py] => Task 0, Epoch 161/200 => Loss 0.501, Train_accy 86.28, Test_accy 83.72
2025-02-27 06:17:12,515 [fetril.py] => Task 0, Epoch 162/200 => Loss 0.484, Train_accy 86.72
2025-02-27 06:20:59,771 [fetril.py] => Task 0, Epoch 163/200 => Loss 0.473, Train_accy 87.07
2025-02-27 06:24:46,846 [fetril.py] => Task 0, Epoch 164/200 => Loss 0.462, Train_accy 87.44
2025-02-27 06:28:33,849 [fetril.py] => Task 0, Epoch 165/200 => Loss 0.447, Train_accy 87.82
2025-02-27 06:32:27,751 [fetril.py] => Task 0, Epoch 166/200 => Loss 0.441, Train_accy 88.03, Test_accy 84.00
2025-02-27 06:36:15,215 [fetril.py] => Task 0, Epoch 167/200 => Loss 0.427, Train_accy 88.48
2025-02-27 06:40:02,528 [fetril.py] => Task 0, Epoch 168/200 => Loss 0.409, Train_accy 88.88
2025-02-27 06:43:49,702 [fetril.py] => Task 0, Epoch 169/200 => Loss 0.403, Train_accy 89.09
2025-02-27 06:47:37,009 [fetril.py] => Task 0, Epoch 170/200 => Loss 0.391, Train_accy 89.45
2025-02-27 06:51:32,477 [fetril.py] => Task 0, Epoch 171/200 => Loss 0.382, Train_accy 89.76, Test_accy 84.88
2025-02-27 06:55:19,851 [fetril.py] => Task 0, Epoch 172/200 => Loss 0.357, Train_accy 90.30
2025-02-27 06:59:07,238 [fetril.py] => Task 0, Epoch 173/200 => Loss 0.353, Train_accy 90.59
2025-02-27 07:02:54,841 [fetril.py] => Task 0, Epoch 174/200 => Loss 0.343, Train_accy 90.83
2025-02-27 07:06:42,313 [fetril.py] => Task 0, Epoch 175/200 => Loss 0.326, Train_accy 91.27
2025-02-27 07:10:36,980 [fetril.py] => Task 0, Epoch 176/200 => Loss 0.323, Train_accy 91.44, Test_accy 85.56
2025-02-27 07:14:24,238 [fetril.py] => Task 0, Epoch 177/200 => Loss 0.312, Train_accy 91.72
2025-02-27 07:18:12,214 [fetril.py] => Task 0, Epoch 178/200 => Loss 0.302, Train_accy 92.08
2025-02-27 07:21:59,397 [fetril.py] => Task 0, Epoch 179/200 => Loss 0.292, Train_accy 92.43
2025-02-27 07:25:46,568 [fetril.py] => Task 0, Epoch 180/200 => Loss 0.288, Train_accy 92.50
2025-02-27 07:29:41,426 [fetril.py] => Task 0, Epoch 181/200 => Loss 0.276, Train_accy 92.92, Test_accy 86.00
2025-02-27 07:33:28,506 [fetril.py] => Task 0, Epoch 182/200 => Loss 0.266, Train_accy 93.06
2025-02-27 07:37:15,635 [fetril.py] => Task 0, Epoch 183/200 => Loss 0.257, Train_accy 93.33
2025-02-27 07:41:03,081 [fetril.py] => Task 0, Epoch 184/200 => Loss 0.254, Train_accy 93.51
2025-02-27 07:44:50,305 [fetril.py] => Task 0, Epoch 185/200 => Loss 0.242, Train_accy 93.80
2025-02-27 07:48:44,594 [fetril.py] => Task 0, Epoch 186/200 => Loss 0.237, Train_accy 94.08, Test_accy 86.32
2025-02-27 07:52:32,581 [fetril.py] => Task 0, Epoch 187/200 => Loss 0.226, Train_accy 94.21
2025-02-27 07:56:19,724 [fetril.py] => Task 0, Epoch 188/200 => Loss 0.226, Train_accy 94.28
2025-02-27 08:00:07,407 [fetril.py] => Task 0, Epoch 189/200 => Loss 0.222, Train_accy 94.40
2025-02-27 08:03:54,488 [fetril.py] => Task 0, Epoch 190/200 => Loss 0.220, Train_accy 94.41
2025-02-27 08:07:50,477 [fetril.py] => Task 0, Epoch 191/200 => Loss 0.212, Train_accy 94.70, Test_accy 86.12
2025-02-27 08:11:38,467 [fetril.py] => Task 0, Epoch 192/200 => Loss 0.203, Train_accy 94.91
2025-02-27 08:15:25,743 [fetril.py] => Task 0, Epoch 193/200 => Loss 0.204, Train_accy 94.84
2025-02-27 08:19:12,538 [fetril.py] => Task 0, Epoch 194/200 => Loss 0.200, Train_accy 94.92
2025-02-27 08:22:59,785 [fetril.py] => Task 0, Epoch 195/200 => Loss 0.201, Train_accy 95.00
2025-02-27 08:26:54,293 [fetril.py] => Task 0, Epoch 196/200 => Loss 0.197, Train_accy 95.02, Test_accy 86.28
2025-02-27 08:30:41,637 [fetril.py] => Task 0, Epoch 197/200 => Loss 0.202, Train_accy 94.91
2025-02-27 08:34:28,759 [fetril.py] => Task 0, Epoch 198/200 => Loss 0.201, Train_accy 94.99
2025-02-27 08:38:16,480 [fetril.py] => Task 0, Epoch 199/200 => Loss 0.196, Train_accy 95.14
2025-02-27 08:42:03,251 [fetril.py] => Task 0, Epoch 200/200 => Loss 0.194, Train_accy 95.18
2025-02-27 08:54:10,504 [fetril.py] => svm train: acc: 99.97
2025-02-27 08:54:10,513 [fetril.py] => svm evaluation: acc_list: [86.4]
2025-02-27 08:54:17,613 [trainer.py] => No NME accuracy.
2025-02-27 08:54:17,614 [trainer.py] => CNN: {'total': 86.68, '00-09': 85.8, '10-19': 85.2, '20-29': 88.0, '30-39': 86.8, '40-49': 87.6, 'old': 0, 'new': 86.68}
2025-02-27 08:54:17,614 [trainer.py] => CNN top1 curve: [86.68]
2025-02-27 08:54:17,614 [trainer.py] => CNN top5 curve: [96.52]

2025-02-27 08:54:17,614 [trainer.py] => Average Accuracy (CNN): 86.68
2025-02-27 08:54:17,615 [trainer.py] => All params: 11194482
2025-02-27 08:54:17,616 [trainer.py] => Trainable params: 11194482
2025-02-27 08:54:17,617 [fetril.py] => Learning on 50-60
2025-02-27 08:54:17,618 [fetril.py] => All params: 11199612
2025-02-27 08:54:17,618 [fetril.py] => Trainable params: 30780
2025-02-27 08:57:36,396 [fetril.py] => Task 1, Epoch 1/50 => Loss 0.198, Train_accy 94.66, Test_accy 76.67
2025-02-27 08:57:37,748 [fetril.py] => Task 1, Epoch 2/50 => Loss 0.155, Train_accy 95.81
2025-02-27 08:57:39,097 [fetril.py] => Task 1, Epoch 3/50 => Loss 0.150, Train_accy 95.97
2025-02-27 08:57:40,503 [fetril.py] => Task 1, Epoch 4/50 => Loss 0.148, Train_accy 96.04
2025-02-27 08:57:41,897 [fetril.py] => Task 1, Epoch 5/50 => Loss 0.147, Train_accy 96.10
2025-02-27 08:57:49,925 [fetril.py] => Task 1, Epoch 6/50 => Loss 0.145, Train_accy 96.16, Test_accy 77.07
2025-02-27 08:57:51,288 [fetril.py] => Task 1, Epoch 7/50 => Loss 0.145, Train_accy 96.17
2025-02-27 08:57:52,658 [fetril.py] => Task 1, Epoch 8/50 => Loss 0.144, Train_accy 96.27
2025-02-27 08:57:54,059 [fetril.py] => Task 1, Epoch 9/50 => Loss 0.143, Train_accy 96.26
2025-02-27 08:57:55,307 [fetril.py] => Task 1, Epoch 10/50 => Loss 0.144, Train_accy 96.26
2025-02-27 08:58:03,234 [fetril.py] => Task 1, Epoch 11/50 => Loss 0.143, Train_accy 96.16, Test_accy 77.10
2025-02-27 08:58:04,503 [fetril.py] => Task 1, Epoch 12/50 => Loss 0.144, Train_accy 96.23
2025-02-27 08:58:05,765 [fetril.py] => Task 1, Epoch 13/50 => Loss 0.142, Train_accy 96.33
2025-02-27 08:58:07,100 [fetril.py] => Task 1, Epoch 14/50 => Loss 0.143, Train_accy 96.26
2025-02-27 08:58:08,420 [fetril.py] => Task 1, Epoch 15/50 => Loss 0.143, Train_accy 96.29
2025-02-27 08:58:16,623 [fetril.py] => Task 1, Epoch 16/50 => Loss 0.142, Train_accy 96.31, Test_accy 77.03
2025-02-27 08:58:17,938 [fetril.py] => Task 1, Epoch 17/50 => Loss 0.141, Train_accy 96.36
2025-02-27 08:58:19,324 [fetril.py] => Task 1, Epoch 18/50 => Loss 0.141, Train_accy 96.31
2025-02-27 08:58:20,688 [fetril.py] => Task 1, Epoch 19/50 => Loss 0.141, Train_accy 96.32
2025-02-27 08:58:21,959 [fetril.py] => Task 1, Epoch 20/50 => Loss 0.141, Train_accy 96.39
2025-02-27 08:58:29,497 [fetril.py] => Task 1, Epoch 21/50 => Loss 0.140, Train_accy 96.37, Test_accy 76.80
2025-02-27 08:58:30,917 [fetril.py] => Task 1, Epoch 22/50 => Loss 0.140, Train_accy 96.43
2025-02-27 08:58:32,240 [fetril.py] => Task 1, Epoch 23/50 => Loss 0.140, Train_accy 96.42
2025-02-27 08:58:33,601 [fetril.py] => Task 1, Epoch 24/50 => Loss 0.140, Train_accy 96.44
2025-02-27 08:58:34,959 [fetril.py] => Task 1, Epoch 25/50 => Loss 0.140, Train_accy 96.49
2025-02-27 08:58:42,807 [fetril.py] => Task 1, Epoch 26/50 => Loss 0.140, Train_accy 96.41, Test_accy 76.77
2025-02-27 08:58:44,085 [fetril.py] => Task 1, Epoch 27/50 => Loss 0.139, Train_accy 96.47
2025-02-27 08:58:45,374 [fetril.py] => Task 1, Epoch 28/50 => Loss 0.139, Train_accy 96.46
2025-02-27 08:58:46,738 [fetril.py] => Task 1, Epoch 29/50 => Loss 0.139, Train_accy 96.55
2025-02-27 08:58:48,085 [fetril.py] => Task 1, Epoch 30/50 => Loss 0.139, Train_accy 96.48
2025-02-27 08:58:56,206 [fetril.py] => Task 1, Epoch 31/50 => Loss 0.138, Train_accy 96.50, Test_accy 77.03
2025-02-27 08:58:57,513 [fetril.py] => Task 1, Epoch 32/50 => Loss 0.138, Train_accy 96.53
2025-02-27 08:58:58,841 [fetril.py] => Task 1, Epoch 33/50 => Loss 0.138, Train_accy 96.57
2025-02-27 08:59:00,210 [fetril.py] => Task 1, Epoch 34/50 => Loss 0.138, Train_accy 96.55
2025-02-27 08:59:01,564 [fetril.py] => Task 1, Epoch 35/50 => Loss 0.137, Train_accy 96.58
2025-02-27 08:59:09,892 [fetril.py] => Task 1, Epoch 36/50 => Loss 0.137, Train_accy 96.59, Test_accy 76.83
2025-02-27 08:59:11,271 [fetril.py] => Task 1, Epoch 37/50 => Loss 0.137, Train_accy 96.63
2025-02-27 08:59:12,601 [fetril.py] => Task 1, Epoch 38/50 => Loss 0.137, Train_accy 96.62
2025-02-27 08:59:13,885 [fetril.py] => Task 1, Epoch 39/50 => Loss 0.137, Train_accy 96.59
2025-02-27 08:59:15,198 [fetril.py] => Task 1, Epoch 40/50 => Loss 0.136, Train_accy 96.64
2025-02-27 08:59:22,330 [fetril.py] => Task 1, Epoch 41/50 => Loss 0.136, Train_accy 96.61, Test_accy 77.10
2025-02-27 08:59:23,740 [fetril.py] => Task 1, Epoch 42/50 => Loss 0.136, Train_accy 96.65
2025-02-27 08:59:25,183 [fetril.py] => Task 1, Epoch 43/50 => Loss 0.136, Train_accy 96.66
2025-02-27 08:59:26,565 [fetril.py] => Task 1, Epoch 44/50 => Loss 0.136, Train_accy 96.68
2025-02-27 08:59:27,882 [fetril.py] => Task 1, Epoch 45/50 => Loss 0.136, Train_accy 96.67
2025-02-27 08:59:34,913 [fetril.py] => Task 1, Epoch 46/50 => Loss 0.135, Train_accy 96.67, Test_accy 77.50
2025-02-27 08:59:36,284 [fetril.py] => Task 1, Epoch 47/50 => Loss 0.135, Train_accy 96.69
2025-02-27 08:59:37,637 [fetril.py] => Task 1, Epoch 48/50 => Loss 0.135, Train_accy 96.68
2025-02-27 08:59:38,984 [fetril.py] => Task 1, Epoch 49/50 => Loss 0.135, Train_accy 96.69
2025-02-27 08:59:40,329 [fetril.py] => Task 1, Epoch 50/50 => Loss 0.135, Train_accy 96.69
2025-02-27 09:00:19,186 [fetril.py] => svm train: acc: 97.1
2025-02-27 09:00:19,195 [fetril.py] => svm evaluation: acc_list: [86.4, 77.33]
2025-02-27 09:00:26,182 [trainer.py] => No NME accuracy.
2025-02-27 09:00:26,182 [trainer.py] => CNN: {'total': 77.3, '00-09': 73.8, '10-19': 76.6, '20-29': 79.0, '30-39': 76.2, '40-49': 78.2, '50-59': 80.0, 'old': 76.76, 'new': 80.0}
2025-02-27 09:00:26,182 [trainer.py] => CNN top1 curve: [86.68, 77.3]
2025-02-27 09:00:26,182 [trainer.py] => CNN top5 curve: [96.52, 92.53]

2025-02-27 09:00:26,182 [trainer.py] => Average Accuracy (CNN): 81.99000000000001
2025-02-27 09:00:26,182 [trainer.py] => All params: 11199612
2025-02-27 09:00:26,183 [trainer.py] => Trainable params: 30780
2025-02-27 09:00:26,184 [fetril.py] => Learning on 60-70
2025-02-27 09:00:26,184 [fetril.py] => All params: 11204742
2025-02-27 09:00:26,184 [fetril.py] => Trainable params: 35910
2025-02-27 09:03:37,978 [fetril.py] => Task 2, Epoch 1/50 => Loss 0.339, Train_accy 90.68, Test_accy 71.34
2025-02-27 09:03:39,556 [fetril.py] => Task 2, Epoch 2/50 => Loss 0.282, Train_accy 92.10
2025-02-27 09:03:41,081 [fetril.py] => Task 2, Epoch 3/50 => Loss 0.274, Train_accy 92.35
2025-02-27 09:03:42,642 [fetril.py] => Task 2, Epoch 4/50 => Loss 0.270, Train_accy 92.43
2025-02-27 09:03:44,196 [fetril.py] => Task 2, Epoch 5/50 => Loss 0.269, Train_accy 92.55
2025-02-27 09:03:52,282 [fetril.py] => Task 2, Epoch 6/50 => Loss 0.267, Train_accy 92.57, Test_accy 72.46
2025-02-27 09:03:53,870 [fetril.py] => Task 2, Epoch 7/50 => Loss 0.267, Train_accy 92.60
2025-02-27 09:03:55,373 [fetril.py] => Task 2, Epoch 8/50 => Loss 0.265, Train_accy 92.73
2025-02-27 09:03:56,951 [fetril.py] => Task 2, Epoch 9/50 => Loss 0.266, Train_accy 92.71
2025-02-27 09:03:58,497 [fetril.py] => Task 2, Epoch 10/50 => Loss 0.266, Train_accy 92.68
2025-02-27 09:04:08,425 [fetril.py] => Task 2, Epoch 11/50 => Loss 0.268, Train_accy 92.61, Test_accy 71.63
2025-02-27 09:04:09,942 [fetril.py] => Task 2, Epoch 12/50 => Loss 0.264, Train_accy 92.73
2025-02-27 09:04:11,379 [fetril.py] => Task 2, Epoch 13/50 => Loss 0.264, Train_accy 92.73
2025-02-27 09:04:12,766 [fetril.py] => Task 2, Epoch 14/50 => Loss 0.263, Train_accy 92.81
2025-02-27 09:04:14,290 [fetril.py] => Task 2, Epoch 15/50 => Loss 0.263, Train_accy 92.86
2025-02-27 09:04:21,537 [fetril.py] => Task 2, Epoch 16/50 => Loss 0.262, Train_accy 92.84, Test_accy 71.69
2025-02-27 09:04:23,054 [fetril.py] => Task 2, Epoch 17/50 => Loss 0.261, Train_accy 92.85
2025-02-27 09:04:24,554 [fetril.py] => Task 2, Epoch 18/50 => Loss 0.262, Train_accy 92.87
2025-02-27 09:04:26,068 [fetril.py] => Task 2, Epoch 19/50 => Loss 0.261, Train_accy 92.88
2025-02-27 09:04:27,589 [fetril.py] => Task 2, Epoch 20/50 => Loss 0.260, Train_accy 92.91
2025-02-27 09:04:36,216 [fetril.py] => Task 2, Epoch 21/50 => Loss 0.260, Train_accy 92.94, Test_accy 71.34
2025-02-27 09:04:37,775 [fetril.py] => Task 2, Epoch 22/50 => Loss 0.260, Train_accy 93.00
2025-02-27 09:04:39,310 [fetril.py] => Task 2, Epoch 23/50 => Loss 0.259, Train_accy 92.94
2025-02-27 09:04:40,858 [fetril.py] => Task 2, Epoch 24/50 => Loss 0.259, Train_accy 92.99
2025-02-27 09:04:42,369 [fetril.py] => Task 2, Epoch 25/50 => Loss 0.258, Train_accy 93.05
2025-02-27 09:04:51,957 [fetril.py] => Task 2, Epoch 26/50 => Loss 0.257, Train_accy 93.11, Test_accy 72.09
2025-02-27 09:04:53,408 [fetril.py] => Task 2, Epoch 27/50 => Loss 0.257, Train_accy 93.16
2025-02-27 09:04:54,876 [fetril.py] => Task 2, Epoch 28/50 => Loss 0.256, Train_accy 93.17
2025-02-27 09:04:56,463 [fetril.py] => Task 2, Epoch 29/50 => Loss 0.256, Train_accy 93.27
2025-02-27 09:04:57,968 [fetril.py] => Task 2, Epoch 30/50 => Loss 0.255, Train_accy 93.21
2025-02-27 09:05:06,239 [fetril.py] => Task 2, Epoch 31/50 => Loss 0.255, Train_accy 93.32, Test_accy 72.86
2025-02-27 09:05:07,829 [fetril.py] => Task 2, Epoch 32/50 => Loss 0.254, Train_accy 93.32
2025-02-27 09:05:09,360 [fetril.py] => Task 2, Epoch 33/50 => Loss 0.254, Train_accy 93.37
2025-02-27 09:05:10,904 [fetril.py] => Task 2, Epoch 34/50 => Loss 0.253, Train_accy 93.37
2025-02-27 09:05:12,465 [fetril.py] => Task 2, Epoch 35/50 => Loss 0.252, Train_accy 93.36
2025-02-27 09:05:21,284 [fetril.py] => Task 2, Epoch 36/50 => Loss 0.252, Train_accy 93.43, Test_accy 72.37
2025-02-27 09:05:22,799 [fetril.py] => Task 2, Epoch 37/50 => Loss 0.252, Train_accy 93.51
2025-02-27 09:05:24,331 [fetril.py] => Task 2, Epoch 38/50 => Loss 0.251, Train_accy 93.51
2025-02-27 09:05:25,755 [fetril.py] => Task 2, Epoch 39/50 => Loss 0.251, Train_accy 93.50
2025-02-27 09:05:27,230 [fetril.py] => Task 2, Epoch 40/50 => Loss 0.250, Train_accy 93.53
2025-02-27 09:05:36,028 [fetril.py] => Task 2, Epoch 41/50 => Loss 0.250, Train_accy 93.58, Test_accy 72.20
2025-02-27 09:05:37,605 [fetril.py] => Task 2, Epoch 42/50 => Loss 0.249, Train_accy 93.58
2025-02-27 09:05:39,191 [fetril.py] => Task 2, Epoch 43/50 => Loss 0.249, Train_accy 93.61
2025-02-27 09:05:40,735 [fetril.py] => Task 2, Epoch 44/50 => Loss 0.249, Train_accy 93.60
2025-02-27 09:05:42,292 [fetril.py] => Task 2, Epoch 45/50 => Loss 0.249, Train_accy 93.63
2025-02-27 09:05:51,123 [fetril.py] => Task 2, Epoch 46/50 => Loss 0.248, Train_accy 93.65, Test_accy 72.37
2025-02-27 09:05:52,628 [fetril.py] => Task 2, Epoch 47/50 => Loss 0.248, Train_accy 93.69
2025-02-27 09:05:54,059 [fetril.py] => Task 2, Epoch 48/50 => Loss 0.248, Train_accy 93.68
2025-02-27 09:05:55,609 [fetril.py] => Task 2, Epoch 49/50 => Loss 0.248, Train_accy 93.70
2025-02-27 09:05:57,192 [fetril.py] => Task 2, Epoch 50/50 => Loss 0.248, Train_accy 93.70
2025-02-27 09:06:54,765 [fetril.py] => svm train: acc: 95.11
2025-02-27 09:06:54,778 [fetril.py] => svm evaluation: acc_list: [86.4, 77.33, 73.54]
2025-02-27 09:07:01,505 [trainer.py] => No NME accuracy.
2025-02-27 09:07:01,505 [trainer.py] => CNN: {'total': 72.46, '00-09': 68.8, '10-19': 73.4, '20-29': 76.4, '30-39': 74.2, '40-49': 74.8, '50-59': 68.6, '60-69': 71.0, 'old': 72.7, 'new': 71.0}
2025-02-27 09:07:01,505 [trainer.py] => CNN top1 curve: [86.68, 77.3, 72.46]
2025-02-27 09:07:01,505 [trainer.py] => CNN top5 curve: [96.52, 92.53, 90.09]

2025-02-27 09:07:01,505 [trainer.py] => Average Accuracy (CNN): 78.81333333333333
2025-02-27 09:07:01,506 [trainer.py] => All params: 11204742
2025-02-27 09:07:01,506 [trainer.py] => Trainable params: 35910
2025-02-27 09:07:01,507 [fetril.py] => Learning on 70-80
2025-02-27 09:07:01,508 [fetril.py] => All params: 11209872
2025-02-27 09:07:01,508 [fetril.py] => Trainable params: 41040
2025-02-27 09:10:41,947 [fetril.py] => Task 3, Epoch 1/50 => Loss 0.438, Train_accy 88.16, Test_accy 67.90
2025-02-27 09:10:43,727 [fetril.py] => Task 3, Epoch 2/50 => Loss 0.379, Train_accy 89.71
2025-02-27 09:10:45,430 [fetril.py] => Task 3, Epoch 3/50 => Loss 0.369, Train_accy 89.99
2025-02-27 09:10:47,098 [fetril.py] => Task 3, Epoch 4/50 => Loss 0.364, Train_accy 90.24
2025-02-27 09:10:48,815 [fetril.py] => Task 3, Epoch 5/50 => Loss 0.363, Train_accy 90.37
2025-02-27 09:10:58,238 [fetril.py] => Task 3, Epoch 6/50 => Loss 0.362, Train_accy 90.35, Test_accy 67.70
2025-02-27 09:10:59,934 [fetril.py] => Task 3, Epoch 7/50 => Loss 0.362, Train_accy 90.31
2025-02-27 09:11:01,729 [fetril.py] => Task 3, Epoch 8/50 => Loss 0.361, Train_accy 90.37
2025-02-27 09:11:03,432 [fetril.py] => Task 3, Epoch 9/50 => Loss 0.360, Train_accy 90.42
2025-02-27 09:11:05,130 [fetril.py] => Task 3, Epoch 10/50 => Loss 0.359, Train_accy 90.44
2025-02-27 09:11:15,068 [fetril.py] => Task 3, Epoch 11/50 => Loss 0.359, Train_accy 90.45, Test_accy 66.72
2025-02-27 09:11:16,801 [fetril.py] => Task 3, Epoch 12/50 => Loss 0.360, Train_accy 90.47
2025-02-27 09:11:18,497 [fetril.py] => Task 3, Epoch 13/50 => Loss 0.358, Train_accy 90.49
2025-02-27 09:11:20,187 [fetril.py] => Task 3, Epoch 14/50 => Loss 0.356, Train_accy 90.60
2025-02-27 09:11:21,838 [fetril.py] => Task 3, Epoch 15/50 => Loss 0.357, Train_accy 90.61
2025-02-27 09:11:31,948 [fetril.py] => Task 3, Epoch 16/50 => Loss 0.357, Train_accy 90.54, Test_accy 67.70
2025-02-27 09:11:33,666 [fetril.py] => Task 3, Epoch 17/50 => Loss 0.355, Train_accy 90.60
2025-02-27 09:11:35,420 [fetril.py] => Task 3, Epoch 18/50 => Loss 0.355, Train_accy 90.71
2025-02-27 09:11:37,143 [fetril.py] => Task 3, Epoch 19/50 => Loss 0.355, Train_accy 90.78
2025-02-27 09:11:38,842 [fetril.py] => Task 3, Epoch 20/50 => Loss 0.354, Train_accy 90.68
2025-02-27 09:11:48,475 [fetril.py] => Task 3, Epoch 21/50 => Loss 0.353, Train_accy 90.85, Test_accy 67.82
2025-02-27 09:11:50,275 [fetril.py] => Task 3, Epoch 22/50 => Loss 0.353, Train_accy 90.78
2025-02-27 09:11:51,979 [fetril.py] => Task 3, Epoch 23/50 => Loss 0.351, Train_accy 90.91
2025-02-27 09:11:53,702 [fetril.py] => Task 3, Epoch 24/50 => Loss 0.351, Train_accy 90.99
2025-02-27 09:11:55,372 [fetril.py] => Task 3, Epoch 25/50 => Loss 0.350, Train_accy 91.06
2025-02-27 09:12:06,721 [fetril.py] => Task 3, Epoch 26/50 => Loss 0.349, Train_accy 91.09, Test_accy 67.62
2025-02-27 09:12:08,380 [fetril.py] => Task 3, Epoch 27/50 => Loss 0.348, Train_accy 91.16
2025-02-27 09:12:10,132 [fetril.py] => Task 3, Epoch 28/50 => Loss 0.349, Train_accy 91.08
2025-02-27 09:12:11,851 [fetril.py] => Task 3, Epoch 29/50 => Loss 0.347, Train_accy 91.26
2025-02-27 09:12:13,548 [fetril.py] => Task 3, Epoch 30/50 => Loss 0.346, Train_accy 91.23
2025-02-27 09:12:23,231 [fetril.py] => Task 3, Epoch 31/50 => Loss 0.346, Train_accy 91.31, Test_accy 68.10
2025-02-27 09:12:24,986 [fetril.py] => Task 3, Epoch 32/50 => Loss 0.345, Train_accy 91.31
2025-02-27 09:12:26,643 [fetril.py] => Task 3, Epoch 33/50 => Loss 0.345, Train_accy 91.34
2025-02-27 09:12:28,305 [fetril.py] => Task 3, Epoch 34/50 => Loss 0.344, Train_accy 91.34
2025-02-27 09:12:30,027 [fetril.py] => Task 3, Epoch 35/50 => Loss 0.342, Train_accy 91.43
2025-02-27 09:12:40,334 [fetril.py] => Task 3, Epoch 36/50 => Loss 0.343, Train_accy 91.46, Test_accy 68.38
2025-02-27 09:12:42,083 [fetril.py] => Task 3, Epoch 37/50 => Loss 0.342, Train_accy 91.50
2025-02-27 09:12:43,729 [fetril.py] => Task 3, Epoch 38/50 => Loss 0.341, Train_accy 91.57
2025-02-27 09:12:45,375 [fetril.py] => Task 3, Epoch 39/50 => Loss 0.341, Train_accy 91.56
2025-02-27 09:12:47,123 [fetril.py] => Task 3, Epoch 40/50 => Loss 0.340, Train_accy 91.65
2025-02-27 09:12:55,583 [fetril.py] => Task 3, Epoch 41/50 => Loss 0.339, Train_accy 91.66, Test_accy 67.78
2025-02-27 09:12:57,289 [fetril.py] => Task 3, Epoch 42/50 => Loss 0.339, Train_accy 91.67
2025-02-27 09:12:59,029 [fetril.py] => Task 3, Epoch 43/50 => Loss 0.339, Train_accy 91.71
2025-02-27 09:13:00,774 [fetril.py] => Task 3, Epoch 44/50 => Loss 0.338, Train_accy 91.72
2025-02-27 09:13:02,532 [fetril.py] => Task 3, Epoch 45/50 => Loss 0.338, Train_accy 91.77
2025-02-27 09:13:13,277 [fetril.py] => Task 3, Epoch 46/50 => Loss 0.338, Train_accy 91.81, Test_accy 68.20
2025-02-27 09:13:15,078 [fetril.py] => Task 3, Epoch 47/50 => Loss 0.337, Train_accy 91.78
2025-02-27 09:13:16,768 [fetril.py] => Task 3, Epoch 48/50 => Loss 0.337, Train_accy 91.80
2025-02-27 09:13:18,454 [fetril.py] => Task 3, Epoch 49/50 => Loss 0.337, Train_accy 91.82
2025-02-27 09:13:20,200 [fetril.py] => Task 3, Epoch 50/50 => Loss 0.337, Train_accy 91.83
2025-02-27 09:14:37,539 [fetril.py] => svm train: acc: 94.21
2025-02-27 09:14:37,554 [fetril.py] => svm evaluation: acc_list: [86.4, 77.33, 73.54, 69.75]
2025-02-27 09:14:47,484 [trainer.py] => No NME accuracy.
2025-02-27 09:14:47,484 [trainer.py] => CNN: {'total': 68.15, '00-09': 67.8, '10-19': 69.6, '20-29': 71.4, '30-39': 73.4, '40-49': 71.8, '50-59': 62.6, '60-69': 57.4, '70-79': 71.2, 'old': 67.71, 'new': 71.2}
2025-02-27 09:14:47,484 [trainer.py] => CNN top1 curve: [86.68, 77.3, 72.46, 68.15]
2025-02-27 09:14:47,485 [trainer.py] => CNN top5 curve: [96.52, 92.53, 90.09, 88.9]

2025-02-27 09:14:47,485 [trainer.py] => Average Accuracy (CNN): 76.14750000000001
2025-02-27 09:14:47,485 [trainer.py] => All params: 11209872
2025-02-27 09:14:47,486 [trainer.py] => Trainable params: 41040
2025-02-27 09:14:47,487 [fetril.py] => Learning on 80-90
2025-02-27 09:14:47,488 [fetril.py] => All params: 11215002
2025-02-27 09:14:47,491 [fetril.py] => Trainable params: 46170
2025-02-27 09:18:51,195 [fetril.py] => Task 4, Epoch 1/50 => Loss 0.535, Train_accy 85.78, Test_accy 63.87
2025-02-27 09:18:53,077 [fetril.py] => Task 4, Epoch 2/50 => Loss 0.463, Train_accy 87.64
2025-02-27 09:18:54,659 [fetril.py] => Task 4, Epoch 3/50 => Loss 0.452, Train_accy 88.22
2025-02-27 09:18:56,568 [fetril.py] => Task 4, Epoch 4/50 => Loss 0.448, Train_accy 88.41
2025-02-27 09:18:58,441 [fetril.py] => Task 4, Epoch 5/50 => Loss 0.447, Train_accy 88.41
2025-02-27 09:19:08,931 [fetril.py] => Task 4, Epoch 6/50 => Loss 0.446, Train_accy 88.44, Test_accy 64.38
2025-02-27 09:19:10,856 [fetril.py] => Task 4, Epoch 7/50 => Loss 0.445, Train_accy 88.43
2025-02-27 09:19:12,693 [fetril.py] => Task 4, Epoch 8/50 => Loss 0.444, Train_accy 88.46
2025-02-27 09:19:14,570 [fetril.py] => Task 4, Epoch 9/50 => Loss 0.443, Train_accy 88.59
2025-02-27 09:19:16,386 [fetril.py] => Task 4, Epoch 10/50 => Loss 0.444, Train_accy 88.53
2025-02-27 09:19:27,645 [fetril.py] => Task 4, Epoch 11/50 => Loss 0.443, Train_accy 88.53, Test_accy 64.38
2025-02-27 09:19:29,515 [fetril.py] => Task 4, Epoch 12/50 => Loss 0.442, Train_accy 88.63
2025-02-27 09:19:31,378 [fetril.py] => Task 4, Epoch 13/50 => Loss 0.440, Train_accy 88.60
2025-02-27 09:19:33,210 [fetril.py] => Task 4, Epoch 14/50 => Loss 0.441, Train_accy 88.64
2025-02-27 09:19:35,072 [fetril.py] => Task 4, Epoch 15/50 => Loss 0.441, Train_accy 88.72
2025-02-27 09:19:45,526 [fetril.py] => Task 4, Epoch 16/50 => Loss 0.439, Train_accy 88.76, Test_accy 65.13
2025-02-27 09:19:47,388 [fetril.py] => Task 4, Epoch 17/50 => Loss 0.438, Train_accy 88.83
2025-02-27 09:19:49,293 [fetril.py] => Task 4, Epoch 18/50 => Loss 0.438, Train_accy 88.85
2025-02-27 09:19:51,110 [fetril.py] => Task 4, Epoch 19/50 => Loss 0.437, Train_accy 88.92
2025-02-27 09:19:52,922 [fetril.py] => Task 4, Epoch 20/50 => Loss 0.435, Train_accy 88.92
2025-02-27 09:20:03,932 [fetril.py] => Task 4, Epoch 21/50 => Loss 0.435, Train_accy 89.02, Test_accy 64.51
2025-02-27 09:20:05,875 [fetril.py] => Task 4, Epoch 22/50 => Loss 0.434, Train_accy 89.04
2025-02-27 09:20:07,721 [fetril.py] => Task 4, Epoch 23/50 => Loss 0.433, Train_accy 89.12
2025-02-27 09:20:09,715 [fetril.py] => Task 4, Epoch 24/50 => Loss 0.433, Train_accy 89.04
2025-02-27 09:20:11,598 [fetril.py] => Task 4, Epoch 25/50 => Loss 0.432, Train_accy 89.23
2025-02-27 09:20:23,161 [fetril.py] => Task 4, Epoch 26/50 => Loss 0.430, Train_accy 89.32, Test_accy 65.04
2025-02-27 09:20:25,065 [fetril.py] => Task 4, Epoch 27/50 => Loss 0.429, Train_accy 89.43
2025-02-27 09:20:26,886 [fetril.py] => Task 4, Epoch 28/50 => Loss 0.429, Train_accy 89.39
2025-02-27 09:20:28,670 [fetril.py] => Task 4, Epoch 29/50 => Loss 0.428, Train_accy 89.42
2025-02-27 09:20:30,495 [fetril.py] => Task 4, Epoch 30/50 => Loss 0.427, Train_accy 89.49
2025-02-27 09:20:41,136 [fetril.py] => Task 4, Epoch 31/50 => Loss 0.426, Train_accy 89.59, Test_accy 64.76
2025-02-27 09:20:42,982 [fetril.py] => Task 4, Epoch 32/50 => Loss 0.424, Train_accy 89.71
2025-02-27 09:20:44,891 [fetril.py] => Task 4, Epoch 33/50 => Loss 0.425, Train_accy 89.73
2025-02-27 09:20:46,779 [fetril.py] => Task 4, Epoch 34/50 => Loss 0.424, Train_accy 89.70
2025-02-27 09:20:48,658 [fetril.py] => Task 4, Epoch 35/50 => Loss 0.423, Train_accy 89.75
2025-02-27 09:21:00,353 [fetril.py] => Task 4, Epoch 36/50 => Loss 0.422, Train_accy 89.86, Test_accy 64.84
2025-02-27 09:21:02,214 [fetril.py] => Task 4, Epoch 37/50 => Loss 0.421, Train_accy 89.86
2025-02-27 09:21:04,079 [fetril.py] => Task 4, Epoch 38/50 => Loss 0.421, Train_accy 89.88
2025-02-27 09:21:05,979 [fetril.py] => Task 4, Epoch 39/50 => Loss 0.420, Train_accy 89.90
2025-02-27 09:21:07,779 [fetril.py] => Task 4, Epoch 40/50 => Loss 0.420, Train_accy 89.92
2025-02-27 09:21:18,808 [fetril.py] => Task 4, Epoch 41/50 => Loss 0.419, Train_accy 89.98, Test_accy 65.09
2025-02-27 09:21:20,665 [fetril.py] => Task 4, Epoch 42/50 => Loss 0.418, Train_accy 90.07
2025-02-27 09:21:22,579 [fetril.py] => Task 4, Epoch 43/50 => Loss 0.418, Train_accy 90.04
2025-02-27 09:21:24,449 [fetril.py] => Task 4, Epoch 44/50 => Loss 0.418, Train_accy 90.12
2025-02-27 09:21:26,253 [fetril.py] => Task 4, Epoch 45/50 => Loss 0.417, Train_accy 90.10
2025-02-27 09:21:37,762 [fetril.py] => Task 4, Epoch 46/50 => Loss 0.417, Train_accy 90.13, Test_accy 65.31
2025-02-27 09:21:39,653 [fetril.py] => Task 4, Epoch 47/50 => Loss 0.416, Train_accy 90.17
2025-02-27 09:21:41,418 [fetril.py] => Task 4, Epoch 48/50 => Loss 0.416, Train_accy 90.16
2025-02-27 09:21:43,247 [fetril.py] => Task 4, Epoch 49/50 => Loss 0.416, Train_accy 90.17
2025-02-27 09:21:45,095 [fetril.py] => Task 4, Epoch 50/50 => Loss 0.415, Train_accy 90.19
2025-02-27 09:23:24,420 [fetril.py] => svm train: acc: 93.02
2025-02-27 09:23:24,436 [fetril.py] => svm evaluation: acc_list: [86.4, 77.33, 73.54, 69.75, 66.44]
2025-02-27 09:23:34,600 [trainer.py] => No NME accuracy.
2025-02-27 09:23:34,601 [trainer.py] => CNN: {'total': 65.31, '00-09': 68.0, '10-19': 70.4, '20-29': 69.8, '30-39': 71.0, '40-49': 71.0, '50-59': 59.4, '60-69': 54.8, '70-79': 61.4, '80-89': 62.0, 'old': 65.72, 'new': 62.0}
2025-02-27 09:23:34,601 [trainer.py] => CNN top1 curve: [86.68, 77.3, 72.46, 68.15, 65.31]
2025-02-27 09:23:34,601 [trainer.py] => CNN top5 curve: [96.52, 92.53, 90.09, 88.9, 87.98]

2025-02-27 09:23:34,601 [trainer.py] => Average Accuracy (CNN): 73.98
2025-02-27 09:23:34,601 [trainer.py] => All params: 11215002
2025-02-27 09:23:34,601 [trainer.py] => Trainable params: 46170
2025-02-27 09:23:34,603 [fetril.py] => Learning on 90-100
2025-02-27 09:23:34,603 [fetril.py] => All params: 11220132
2025-02-27 09:23:34,604 [fetril.py] => Trainable params: 51300
2025-02-27 09:27:51,298 [fetril.py] => Task 5, Epoch 1/50 => Loss 0.710, Train_accy 80.39, Test_accy 61.62
2025-02-27 09:27:53,325 [fetril.py] => Task 5, Epoch 2/50 => Loss 0.647, Train_accy 82.21
2025-02-27 09:27:55,401 [fetril.py] => Task 5, Epoch 3/50 => Loss 0.637, Train_accy 82.64
2025-02-27 09:27:57,502 [fetril.py] => Task 5, Epoch 4/50 => Loss 0.632, Train_accy 82.90
2025-02-27 09:27:59,607 [fetril.py] => Task 5, Epoch 5/50 => Loss 0.631, Train_accy 82.86
2025-02-27 09:28:11,252 [fetril.py] => Task 5, Epoch 6/50 => Loss 0.629, Train_accy 83.00, Test_accy 61.88
2025-02-27 09:28:13,340 [fetril.py] => Task 5, Epoch 7/50 => Loss 0.630, Train_accy 83.06
2025-02-27 09:28:15,442 [fetril.py] => Task 5, Epoch 8/50 => Loss 0.628, Train_accy 83.04
2025-02-27 09:28:17,567 [fetril.py] => Task 5, Epoch 9/50 => Loss 0.628, Train_accy 83.01
2025-02-27 09:28:19,684 [fetril.py] => Task 5, Epoch 10/50 => Loss 0.628, Train_accy 83.06
2025-02-27 09:28:31,722 [fetril.py] => Task 5, Epoch 11/50 => Loss 0.626, Train_accy 83.12, Test_accy 61.96
2025-02-27 09:28:33,728 [fetril.py] => Task 5, Epoch 12/50 => Loss 0.626, Train_accy 83.16
2025-02-27 09:28:35,629 [fetril.py] => Task 5, Epoch 13/50 => Loss 0.623, Train_accy 83.27
2025-02-27 09:28:37,691 [fetril.py] => Task 5, Epoch 14/50 => Loss 0.623, Train_accy 83.32
2025-02-27 09:28:39,765 [fetril.py] => Task 5, Epoch 15/50 => Loss 0.623, Train_accy 83.28
2025-02-27 09:28:51,691 [fetril.py] => Task 5, Epoch 16/50 => Loss 0.622, Train_accy 83.35, Test_accy 62.16
2025-02-27 09:28:53,843 [fetril.py] => Task 5, Epoch 17/50 => Loss 0.621, Train_accy 83.43
2025-02-27 09:28:55,972 [fetril.py] => Task 5, Epoch 18/50 => Loss 0.621, Train_accy 83.34
2025-02-27 09:28:58,133 [fetril.py] => Task 5, Epoch 19/50 => Loss 0.619, Train_accy 83.59
2025-02-27 09:29:00,164 [fetril.py] => Task 5, Epoch 20/50 => Loss 0.618, Train_accy 83.61
2025-02-27 09:29:12,404 [fetril.py] => Task 5, Epoch 21/50 => Loss 0.616, Train_accy 83.74, Test_accy 62.72
2025-02-27 09:29:14,540 [fetril.py] => Task 5, Epoch 22/50 => Loss 0.615, Train_accy 83.84
2025-02-27 09:29:16,599 [fetril.py] => Task 5, Epoch 23/50 => Loss 0.614, Train_accy 83.83
2025-02-27 09:29:18,688 [fetril.py] => Task 5, Epoch 24/50 => Loss 0.612, Train_accy 83.91
2025-02-27 09:29:20,766 [fetril.py] => Task 5, Epoch 25/50 => Loss 0.612, Train_accy 83.99
2025-02-27 09:29:33,322 [fetril.py] => Task 5, Epoch 26/50 => Loss 0.611, Train_accy 84.13, Test_accy 62.44
2025-02-27 09:29:35,424 [fetril.py] => Task 5, Epoch 27/50 => Loss 0.609, Train_accy 84.20
2025-02-27 09:29:37,358 [fetril.py] => Task 5, Epoch 28/50 => Loss 0.607, Train_accy 84.27
2025-02-27 09:29:39,286 [fetril.py] => Task 5, Epoch 29/50 => Loss 0.607, Train_accy 84.36
2025-02-27 09:29:41,369 [fetril.py] => Task 5, Epoch 30/50 => Loss 0.605, Train_accy 84.47
2025-02-27 09:29:54,540 [fetril.py] => Task 5, Epoch 31/50 => Loss 0.604, Train_accy 84.51, Test_accy 62.74
2025-02-27 09:29:56,561 [fetril.py] => Task 5, Epoch 32/50 => Loss 0.602, Train_accy 84.64
2025-02-27 09:29:58,602 [fetril.py] => Task 5, Epoch 33/50 => Loss 0.602, Train_accy 84.62
2025-02-27 09:30:00,680 [fetril.py] => Task 5, Epoch 34/50 => Loss 0.601, Train_accy 84.72
2025-02-27 09:30:02,720 [fetril.py] => Task 5, Epoch 35/50 => Loss 0.599, Train_accy 84.82
2025-02-27 09:30:16,276 [fetril.py] => Task 5, Epoch 36/50 => Loss 0.598, Train_accy 84.90, Test_accy 62.76
2025-02-27 09:30:18,470 [fetril.py] => Task 5, Epoch 37/50 => Loss 0.597, Train_accy 84.82
2025-02-27 09:30:20,591 [fetril.py] => Task 5, Epoch 38/50 => Loss 0.596, Train_accy 84.99
2025-02-27 09:30:22,566 [fetril.py] => Task 5, Epoch 39/50 => Loss 0.595, Train_accy 85.04
2025-02-27 09:30:24,657 [fetril.py] => Task 5, Epoch 40/50 => Loss 0.594, Train_accy 85.06
2025-02-27 09:30:35,859 [fetril.py] => Task 5, Epoch 41/50 => Loss 0.593, Train_accy 85.16, Test_accy 63.22
2025-02-27 09:30:37,945 [fetril.py] => Task 5, Epoch 42/50 => Loss 0.593, Train_accy 85.23
2025-02-27 09:30:40,065 [fetril.py] => Task 5, Epoch 43/50 => Loss 0.592, Train_accy 85.27
2025-02-27 09:30:42,174 [fetril.py] => Task 5, Epoch 44/50 => Loss 0.591, Train_accy 85.28
2025-02-27 09:30:44,270 [fetril.py] => Task 5, Epoch 45/50 => Loss 0.591, Train_accy 85.30
2025-02-27 09:30:56,079 [fetril.py] => Task 5, Epoch 46/50 => Loss 0.590, Train_accy 85.37, Test_accy 63.34
2025-02-27 09:30:58,068 [fetril.py] => Task 5, Epoch 47/50 => Loss 0.590, Train_accy 85.39
2025-02-27 09:31:00,035 [fetril.py] => Task 5, Epoch 48/50 => Loss 0.590, Train_accy 85.46
2025-02-27 09:31:01,910 [fetril.py] => Task 5, Epoch 49/50 => Loss 0.589, Train_accy 85.40
2025-02-27 09:31:03,974 [fetril.py] => Task 5, Epoch 50/50 => Loss 0.589, Train_accy 85.42
2025-02-27 09:33:19,298 [fetril.py] => svm train: acc: 90.06
2025-02-27 09:33:19,318 [fetril.py] => svm evaluation: acc_list: [86.4, 77.33, 73.54, 69.75, 66.44, 64.98]
2025-02-27 09:33:30,256 [trainer.py] => No NME accuracy.
2025-02-27 09:33:30,256 [trainer.py] => CNN: {'total': 63.06, '00-09': 67.2, '10-19': 68.2, '20-29': 69.2, '30-39': 73.6, '40-49': 70.2, '50-59': 60.0, '60-69': 52.2, '70-79': 59.4, '80-89': 52.6, '90-99': 58.0, 'old': 63.62, 'new': 58.0}
2025-02-27 09:33:30,257 [trainer.py] => CNN top1 curve: [86.68, 77.3, 72.46, 68.15, 65.31, 63.06]
2025-02-27 09:33:30,257 [trainer.py] => CNN top5 curve: [96.52, 92.53, 90.09, 88.9, 87.98, 86.16]

2025-02-27 09:33:30,258 [trainer.py] => Average Accuracy (CNN): 72.16000000000001
