2025-02-27 21:21:36,175 [trainer.py] => config: ./exps/fetril.json
2025-02-27 21:21:36,176 [trainer.py] => prefix: train
2025-02-27 21:21:36,177 [trainer.py] => dataset: imagenet100
2025-02-27 21:21:36,177 [trainer.py] => memory_size: 2000
2025-02-27 21:21:36,177 [trainer.py] => shuffle: True
2025-02-27 21:21:36,178 [trainer.py] => init_cls: 10
2025-02-27 21:21:36,178 [trainer.py] => increment: 10
2025-02-27 21:21:36,178 [trainer.py] => model_name: fetril
2025-02-27 21:21:36,179 [trainer.py] => convnet_type: resnet18
2025-02-27 21:21:36,180 [trainer.py] => device: [device(type='cuda', index=0)]
2025-02-27 21:21:36,180 [trainer.py] => seed: 1993
2025-02-27 21:21:36,180 [trainer.py] => init_epochs: 200
2025-02-27 21:21:36,180 [trainer.py] => init_lr: 0.15
2025-02-27 21:21:36,180 [trainer.py] => init_weight_decay: 0.0005
2025-02-27 21:21:36,180 [trainer.py] => epochs: 50
2025-02-27 21:21:36,181 [trainer.py] => lr: 0.1
2025-02-27 21:21:36,181 [trainer.py] => batch_size: 128
2025-02-27 21:21:36,181 [trainer.py] => weight_decay: 0.0005
2025-02-27 21:21:36,181 [trainer.py] => num_workers: 8
2025-02-27 21:21:36,181 [trainer.py] => T: 2
2025-02-27 21:21:41,400 [data_manager.py] => [68, 56, 78, 8, 23, 84, 90, 65, 74, 76, 40, 89, 3, 92, 55, 9, 26, 80, 43, 38, 58, 70, 77, 1, 85, 19, 17, 50, 28, 53, 13, 81, 45, 82, 6, 59, 83, 16, 15, 44, 91, 41, 72, 60, 79, 52, 20, 10, 31, 54, 37, 95, 14, 71, 96, 98, 97, 2, 64, 66, 42, 22, 35, 86, 24, 34, 87, 21, 99, 0, 88, 27, 18, 94, 11, 12, 47, 25, 30, 46, 62, 69, 36, 61, 7, 63, 75, 5, 32, 4, 51, 48, 73, 93, 39, 67, 29, 49, 57, 33]
2025-02-27 21:21:56,819 [trainer.py] => All params: 11176512
2025-02-27 21:21:56,819 [trainer.py] => Trainable params: 11176512
2025-02-27 21:21:56,820 [fetril.py] => Learning on 0-10
2025-02-27 21:21:56,820 [fetril.py] => All params: 11181642
2025-02-27 21:21:56,820 [fetril.py] => Trainable params: 11181642
2025-02-27 21:22:58,227 [fetril.py] => Task 0, Epoch 1/200 => Loss 2.914, Train_accy 16.38, Test_accy 22.00
2025-02-27 21:23:29,213 [fetril.py] => Task 0, Epoch 2/200 => Loss 2.041, Train_accy 27.71
2025-02-27 21:23:47,523 [fetril.py] => Task 0, Epoch 3/200 => Loss 1.908, Train_accy 32.75
2025-02-27 21:24:05,318 [fetril.py] => Task 0, Epoch 4/200 => Loss 1.817, Train_accy 37.40
2025-02-27 21:24:22,111 [fetril.py] => Task 0, Epoch 5/200 => Loss 1.740, Train_accy 39.94
2025-02-27 21:24:42,095 [fetril.py] => Task 0, Epoch 6/200 => Loss 1.671, Train_accy 43.64, Test_accy 41.60
2025-02-27 21:25:00,028 [fetril.py] => Task 0, Epoch 7/200 => Loss 1.602, Train_accy 45.82
2025-02-27 21:25:20,194 [fetril.py] => Task 0, Epoch 8/200 => Loss 1.510, Train_accy 49.12
2025-02-27 21:25:38,255 [fetril.py] => Task 0, Epoch 9/200 => Loss 1.427, Train_accy 52.96
2025-02-27 21:25:55,394 [fetril.py] => Task 0, Epoch 10/200 => Loss 1.358, Train_accy 55.68
2025-02-27 21:26:15,016 [fetril.py] => Task 0, Epoch 11/200 => Loss 1.301, Train_accy 56.93, Test_accy 55.20
2025-02-27 21:26:33,300 [fetril.py] => Task 0, Epoch 12/200 => Loss 1.239, Train_accy 59.40
2025-02-27 21:26:51,710 [fetril.py] => Task 0, Epoch 13/200 => Loss 1.194, Train_accy 60.42
2025-02-27 21:27:09,595 [fetril.py] => Task 0, Epoch 14/200 => Loss 1.156, Train_accy 61.94
2025-02-27 21:27:27,434 [fetril.py] => Task 0, Epoch 15/200 => Loss 1.141, Train_accy 62.53
2025-02-27 21:27:47,944 [fetril.py] => Task 0, Epoch 16/200 => Loss 1.093, Train_accy 64.32, Test_accy 62.00
2025-02-27 21:28:07,252 [fetril.py] => Task 0, Epoch 17/200 => Loss 1.056, Train_accy 65.48
2025-02-27 21:28:25,855 [fetril.py] => Task 0, Epoch 18/200 => Loss 1.050, Train_accy 65.45
2025-02-27 21:28:46,390 [fetril.py] => Task 0, Epoch 19/200 => Loss 1.025, Train_accy 66.55
2025-02-27 21:29:07,500 [fetril.py] => Task 0, Epoch 20/200 => Loss 1.009, Train_accy 66.98
2025-02-27 21:29:31,060 [fetril.py] => Task 0, Epoch 21/200 => Loss 0.990, Train_accy 67.66, Test_accy 62.80
2025-02-27 21:29:51,169 [fetril.py] => Task 0, Epoch 22/200 => Loss 0.935, Train_accy 69.44
2025-02-27 21:30:10,521 [fetril.py] => Task 0, Epoch 23/200 => Loss 0.972, Train_accy 68.57
2025-02-27 21:30:29,576 [fetril.py] => Task 0, Epoch 24/200 => Loss 0.943, Train_accy 68.89
2025-02-27 21:30:49,385 [fetril.py] => Task 0, Epoch 25/200 => Loss 0.912, Train_accy 70.33
2025-02-27 21:31:11,153 [fetril.py] => Task 0, Epoch 26/200 => Loss 0.909, Train_accy 70.28, Test_accy 69.40
2025-02-27 21:31:31,385 [fetril.py] => Task 0, Epoch 27/200 => Loss 0.917, Train_accy 70.05
2025-02-27 21:31:51,047 [fetril.py] => Task 0, Epoch 28/200 => Loss 0.918, Train_accy 69.62
2025-02-27 21:32:10,718 [fetril.py] => Task 0, Epoch 29/200 => Loss 0.914, Train_accy 69.93
2025-02-27 21:32:30,423 [fetril.py] => Task 0, Epoch 30/200 => Loss 0.880, Train_accy 71.59
2025-02-27 21:32:52,549 [fetril.py] => Task 0, Epoch 31/200 => Loss 0.855, Train_accy 72.00, Test_accy 64.40
2025-02-27 21:33:12,065 [fetril.py] => Task 0, Epoch 32/200 => Loss 0.856, Train_accy 71.76
2025-02-27 21:33:31,683 [fetril.py] => Task 0, Epoch 33/200 => Loss 0.870, Train_accy 71.74
2025-02-27 21:33:51,647 [fetril.py] => Task 0, Epoch 34/200 => Loss 0.832, Train_accy 72.92
2025-02-27 21:34:10,846 [fetril.py] => Task 0, Epoch 35/200 => Loss 0.831, Train_accy 72.82
2025-02-27 21:34:31,419 [fetril.py] => Task 0, Epoch 36/200 => Loss 0.832, Train_accy 72.82, Test_accy 70.00
2025-02-27 21:34:48,522 [fetril.py] => Task 0, Epoch 37/200 => Loss 0.806, Train_accy 73.49
2025-02-27 21:35:07,996 [fetril.py] => Task 0, Epoch 38/200 => Loss 0.811, Train_accy 73.60
2025-02-27 21:35:25,960 [fetril.py] => Task 0, Epoch 39/200 => Loss 0.806, Train_accy 73.80
2025-02-27 21:35:43,021 [fetril.py] => Task 0, Epoch 40/200 => Loss 0.795, Train_accy 74.03
2025-02-27 21:36:02,245 [fetril.py] => Task 0, Epoch 41/200 => Loss 0.805, Train_accy 73.56, Test_accy 69.40
2025-02-27 21:36:19,767 [fetril.py] => Task 0, Epoch 42/200 => Loss 0.793, Train_accy 74.19
2025-02-27 21:36:36,172 [fetril.py] => Task 0, Epoch 43/200 => Loss 0.770, Train_accy 75.47
2025-02-27 21:36:57,630 [fetril.py] => Task 0, Epoch 44/200 => Loss 0.766, Train_accy 75.60
2025-02-27 21:37:17,449 [fetril.py] => Task 0, Epoch 45/200 => Loss 0.769, Train_accy 75.39
2025-02-27 21:37:38,656 [fetril.py] => Task 0, Epoch 46/200 => Loss 0.746, Train_accy 75.97, Test_accy 75.00
2025-02-27 21:37:58,113 [fetril.py] => Task 0, Epoch 47/200 => Loss 0.756, Train_accy 75.14
2025-02-27 21:38:17,313 [fetril.py] => Task 0, Epoch 48/200 => Loss 0.748, Train_accy 75.68
2025-02-27 21:38:35,374 [fetril.py] => Task 0, Epoch 49/200 => Loss 0.743, Train_accy 76.21
2025-02-27 21:38:52,502 [fetril.py] => Task 0, Epoch 50/200 => Loss 0.731, Train_accy 76.74
2025-02-27 21:39:13,870 [fetril.py] => Task 0, Epoch 51/200 => Loss 0.748, Train_accy 75.62, Test_accy 73.20
2025-02-27 21:39:33,250 [fetril.py] => Task 0, Epoch 52/200 => Loss 0.728, Train_accy 76.59
2025-02-27 21:39:53,431 [fetril.py] => Task 0, Epoch 53/200 => Loss 0.748, Train_accy 75.71
2025-02-27 21:40:16,137 [fetril.py] => Task 0, Epoch 54/200 => Loss 0.715, Train_accy 76.79
2025-02-27 21:40:36,955 [fetril.py] => Task 0, Epoch 55/200 => Loss 0.718, Train_accy 76.08
2025-02-27 21:40:59,771 [fetril.py] => Task 0, Epoch 56/200 => Loss 0.713, Train_accy 77.10, Test_accy 78.00
2025-02-27 21:41:23,038 [fetril.py] => Task 0, Epoch 57/200 => Loss 0.715, Train_accy 76.62
2025-02-27 21:41:46,771 [fetril.py] => Task 0, Epoch 58/200 => Loss 0.696, Train_accy 77.23
2025-02-27 21:42:08,433 [fetril.py] => Task 0, Epoch 59/200 => Loss 0.693, Train_accy 77.33
2025-02-27 21:42:30,688 [fetril.py] => Task 0, Epoch 60/200 => Loss 0.708, Train_accy 76.56
2025-02-27 21:42:56,459 [fetril.py] => Task 0, Epoch 61/200 => Loss 0.704, Train_accy 77.64, Test_accy 77.20
2025-02-27 21:43:21,825 [fetril.py] => Task 0, Epoch 62/200 => Loss 0.690, Train_accy 77.93
2025-02-27 21:43:51,887 [fetril.py] => Task 0, Epoch 63/200 => Loss 0.663, Train_accy 78.05
2025-02-27 21:44:15,357 [fetril.py] => Task 0, Epoch 64/200 => Loss 0.675, Train_accy 78.22
2025-02-27 21:44:38,201 [fetril.py] => Task 0, Epoch 65/200 => Loss 0.671, Train_accy 78.38
2025-02-27 21:45:02,926 [fetril.py] => Task 0, Epoch 66/200 => Loss 0.656, Train_accy 78.57, Test_accy 78.80
2025-02-27 21:45:25,330 [fetril.py] => Task 0, Epoch 67/200 => Loss 0.654, Train_accy 78.59
2025-02-27 21:45:45,775 [fetril.py] => Task 0, Epoch 68/200 => Loss 0.667, Train_accy 78.07
2025-02-27 21:46:11,295 [fetril.py] => Task 0, Epoch 69/200 => Loss 0.652, Train_accy 79.28
2025-02-27 21:46:34,512 [fetril.py] => Task 0, Epoch 70/200 => Loss 0.652, Train_accy 78.81
2025-02-27 21:46:55,536 [fetril.py] => Task 0, Epoch 71/200 => Loss 0.650, Train_accy 78.98, Test_accy 78.20
2025-02-27 21:47:14,306 [fetril.py] => Task 0, Epoch 72/200 => Loss 0.640, Train_accy 79.65
2025-02-27 21:47:32,998 [fetril.py] => Task 0, Epoch 73/200 => Loss 0.639, Train_accy 79.21
2025-02-27 21:47:50,141 [fetril.py] => Task 0, Epoch 74/200 => Loss 0.641, Train_accy 79.18
2025-02-27 21:48:07,067 [fetril.py] => Task 0, Epoch 75/200 => Loss 0.651, Train_accy 78.88
2025-02-27 21:48:27,609 [fetril.py] => Task 0, Epoch 76/200 => Loss 0.610, Train_accy 80.22, Test_accy 77.40
2025-02-27 21:48:47,602 [fetril.py] => Task 0, Epoch 77/200 => Loss 0.619, Train_accy 80.12
2025-02-27 21:49:06,248 [fetril.py] => Task 0, Epoch 78/200 => Loss 0.617, Train_accy 79.86
2025-02-27 21:49:28,229 [fetril.py] => Task 0, Epoch 79/200 => Loss 0.614, Train_accy 80.12
2025-02-27 21:49:49,343 [fetril.py] => Task 0, Epoch 80/200 => Loss 0.614, Train_accy 80.20
2025-02-27 21:50:12,351 [fetril.py] => Task 0, Epoch 81/200 => Loss 0.613, Train_accy 80.15, Test_accy 82.60
2025-02-27 21:50:32,168 [fetril.py] => Task 0, Epoch 82/200 => Loss 0.599, Train_accy 80.96
2025-02-27 21:50:51,480 [fetril.py] => Task 0, Epoch 83/200 => Loss 0.605, Train_accy 80.21
2025-02-27 21:51:10,774 [fetril.py] => Task 0, Epoch 84/200 => Loss 0.575, Train_accy 81.30
2025-02-27 21:51:30,025 [fetril.py] => Task 0, Epoch 85/200 => Loss 0.581, Train_accy 81.08
2025-02-27 21:51:53,535 [fetril.py] => Task 0, Epoch 86/200 => Loss 0.609, Train_accy 80.35, Test_accy 83.20
2025-02-27 21:52:12,911 [fetril.py] => Task 0, Epoch 87/200 => Loss 0.575, Train_accy 80.82
2025-02-27 21:52:32,820 [fetril.py] => Task 0, Epoch 88/200 => Loss 0.578, Train_accy 81.29
2025-02-27 21:52:56,013 [fetril.py] => Task 0, Epoch 89/200 => Loss 0.577, Train_accy 81.13
2025-02-27 21:53:17,214 [fetril.py] => Task 0, Epoch 90/200 => Loss 0.566, Train_accy 81.94
2025-02-27 21:53:40,101 [fetril.py] => Task 0, Epoch 91/200 => Loss 0.573, Train_accy 81.26, Test_accy 80.80
2025-02-27 21:53:59,692 [fetril.py] => Task 0, Epoch 92/200 => Loss 0.564, Train_accy 81.70
2025-02-27 21:54:19,960 [fetril.py] => Task 0, Epoch 93/200 => Loss 0.546, Train_accy 82.32
2025-02-27 21:54:40,157 [fetril.py] => Task 0, Epoch 94/200 => Loss 0.563, Train_accy 82.12
2025-02-27 21:54:59,501 [fetril.py] => Task 0, Epoch 95/200 => Loss 0.557, Train_accy 81.70
2025-02-27 21:55:23,602 [fetril.py] => Task 0, Epoch 96/200 => Loss 0.552, Train_accy 82.13, Test_accy 71.00
2025-02-27 21:55:44,362 [fetril.py] => Task 0, Epoch 97/200 => Loss 0.558, Train_accy 81.98
2025-02-27 21:56:04,103 [fetril.py] => Task 0, Epoch 98/200 => Loss 0.528, Train_accy 83.01
2025-02-27 21:56:23,165 [fetril.py] => Task 0, Epoch 99/200 => Loss 0.528, Train_accy 83.06
2025-02-27 21:56:43,002 [fetril.py] => Task 0, Epoch 100/200 => Loss 0.513, Train_accy 83.67
2025-02-27 21:57:05,433 [fetril.py] => Task 0, Epoch 101/200 => Loss 0.507, Train_accy 83.36, Test_accy 76.20
2025-02-27 21:57:26,056 [fetril.py] => Task 0, Epoch 102/200 => Loss 0.529, Train_accy 82.71
2025-02-27 21:57:45,748 [fetril.py] => Task 0, Epoch 103/200 => Loss 0.490, Train_accy 84.11
2025-02-27 21:58:03,092 [fetril.py] => Task 0, Epoch 104/200 => Loss 0.503, Train_accy 83.81
2025-02-27 21:58:22,156 [fetril.py] => Task 0, Epoch 105/200 => Loss 0.486, Train_accy 84.16
2025-02-27 21:58:43,222 [fetril.py] => Task 0, Epoch 106/200 => Loss 0.486, Train_accy 84.19, Test_accy 84.00
2025-02-27 21:59:04,618 [fetril.py] => Task 0, Epoch 107/200 => Loss 0.489, Train_accy 84.13
2025-02-27 21:59:27,567 [fetril.py] => Task 0, Epoch 108/200 => Loss 0.494, Train_accy 83.96
2025-02-27 21:59:48,224 [fetril.py] => Task 0, Epoch 109/200 => Loss 0.482, Train_accy 84.25
2025-02-27 22:00:07,505 [fetril.py] => Task 0, Epoch 110/200 => Loss 0.480, Train_accy 84.35
2025-02-27 22:00:28,427 [fetril.py] => Task 0, Epoch 111/200 => Loss 0.473, Train_accy 84.86, Test_accy 77.00
2025-02-27 22:00:45,618 [fetril.py] => Task 0, Epoch 112/200 => Loss 0.484, Train_accy 84.60
2025-02-27 22:01:03,029 [fetril.py] => Task 0, Epoch 113/200 => Loss 0.470, Train_accy 84.78
2025-02-27 22:01:22,373 [fetril.py] => Task 0, Epoch 114/200 => Loss 0.462, Train_accy 84.96
2025-02-27 22:01:42,139 [fetril.py] => Task 0, Epoch 115/200 => Loss 0.451, Train_accy 85.66
2025-02-27 22:02:02,929 [fetril.py] => Task 0, Epoch 116/200 => Loss 0.456, Train_accy 84.96, Test_accy 83.40
2025-02-27 22:02:24,839 [fetril.py] => Task 0, Epoch 117/200 => Loss 0.477, Train_accy 84.78
2025-02-27 22:02:45,963 [fetril.py] => Task 0, Epoch 118/200 => Loss 0.457, Train_accy 85.15
2025-02-27 22:03:06,551 [fetril.py] => Task 0, Epoch 119/200 => Loss 0.441, Train_accy 85.54
2025-02-27 22:03:27,762 [fetril.py] => Task 0, Epoch 120/200 => Loss 0.459, Train_accy 85.47
2025-02-27 22:03:51,287 [fetril.py] => Task 0, Epoch 121/200 => Loss 0.451, Train_accy 85.39, Test_accy 79.00
2025-02-27 22:04:14,088 [fetril.py] => Task 0, Epoch 122/200 => Loss 0.427, Train_accy 86.18
2025-02-27 22:04:37,158 [fetril.py] => Task 0, Epoch 123/200 => Loss 0.406, Train_accy 86.83
2025-02-27 22:05:00,940 [fetril.py] => Task 0, Epoch 124/200 => Loss 0.419, Train_accy 85.99
2025-02-27 22:05:25,521 [fetril.py] => Task 0, Epoch 125/200 => Loss 0.415, Train_accy 86.62
2025-02-27 22:05:51,494 [fetril.py] => Task 0, Epoch 126/200 => Loss 0.395, Train_accy 87.18, Test_accy 82.20
2025-02-27 22:06:16,842 [fetril.py] => Task 0, Epoch 127/200 => Loss 0.382, Train_accy 87.32
2025-02-27 22:06:42,229 [fetril.py] => Task 0, Epoch 128/200 => Loss 0.384, Train_accy 87.45
2025-02-27 22:07:08,738 [fetril.py] => Task 0, Epoch 129/200 => Loss 0.389, Train_accy 87.37
2025-02-27 22:07:34,072 [fetril.py] => Task 0, Epoch 130/200 => Loss 0.395, Train_accy 87.31
2025-02-27 22:08:02,638 [fetril.py] => Task 0, Epoch 131/200 => Loss 0.386, Train_accy 87.74, Test_accy 83.40
2025-02-27 22:08:25,658 [fetril.py] => Task 0, Epoch 132/200 => Loss 0.370, Train_accy 87.91
2025-02-27 22:08:54,629 [fetril.py] => Task 0, Epoch 133/200 => Loss 0.379, Train_accy 87.42
2025-02-27 22:09:23,188 [fetril.py] => Task 0, Epoch 134/200 => Loss 0.357, Train_accy 88.42
2025-02-27 22:09:52,311 [fetril.py] => Task 0, Epoch 135/200 => Loss 0.362, Train_accy 88.46
2025-02-27 22:10:17,484 [fetril.py] => Task 0, Epoch 136/200 => Loss 0.366, Train_accy 87.87, Test_accy 86.20
2025-02-27 22:10:42,569 [fetril.py] => Task 0, Epoch 137/200 => Loss 0.345, Train_accy 88.96
2025-02-27 22:11:04,589 [fetril.py] => Task 0, Epoch 138/200 => Loss 0.350, Train_accy 88.55
2025-02-27 22:11:28,352 [fetril.py] => Task 0, Epoch 139/200 => Loss 0.325, Train_accy 89.54
2025-02-27 22:11:45,992 [fetril.py] => Task 0, Epoch 140/200 => Loss 0.332, Train_accy 89.25
2025-02-27 22:12:06,741 [fetril.py] => Task 0, Epoch 141/200 => Loss 0.326, Train_accy 89.64, Test_accy 87.20
2025-02-27 22:12:28,098 [fetril.py] => Task 0, Epoch 142/200 => Loss 0.321, Train_accy 89.58
2025-02-27 22:12:54,333 [fetril.py] => Task 0, Epoch 143/200 => Loss 0.309, Train_accy 89.98
2025-02-27 22:13:21,485 [fetril.py] => Task 0, Epoch 144/200 => Loss 0.296, Train_accy 90.59
2025-02-27 22:13:45,350 [fetril.py] => Task 0, Epoch 145/200 => Loss 0.308, Train_accy 89.95
2025-02-27 22:14:08,612 [fetril.py] => Task 0, Epoch 146/200 => Loss 0.292, Train_accy 90.76, Test_accy 85.80
2025-02-27 22:14:31,899 [fetril.py] => Task 0, Epoch 147/200 => Loss 0.280, Train_accy 90.99
2025-02-27 22:14:55,907 [fetril.py] => Task 0, Epoch 148/200 => Loss 0.282, Train_accy 91.32
2025-02-27 22:15:25,248 [fetril.py] => Task 0, Epoch 149/200 => Loss 0.283, Train_accy 91.10
2025-02-27 22:15:55,407 [fetril.py] => Task 0, Epoch 150/200 => Loss 0.281, Train_accy 90.95
2025-02-27 22:16:28,728 [fetril.py] => Task 0, Epoch 151/200 => Loss 0.261, Train_accy 91.49, Test_accy 87.60
2025-02-27 22:16:59,654 [fetril.py] => Task 0, Epoch 152/200 => Loss 0.255, Train_accy 91.89
2025-02-27 22:17:29,655 [fetril.py] => Task 0, Epoch 153/200 => Loss 0.261, Train_accy 91.69
2025-02-27 22:17:58,341 [fetril.py] => Task 0, Epoch 154/200 => Loss 0.252, Train_accy 92.18
2025-02-27 22:18:30,352 [fetril.py] => Task 0, Epoch 155/200 => Loss 0.283, Train_accy 91.17
2025-02-27 22:19:07,809 [fetril.py] => Task 0, Epoch 156/200 => Loss 0.242, Train_accy 92.42, Test_accy 85.80
2025-02-27 22:19:38,524 [fetril.py] => Task 0, Epoch 157/200 => Loss 0.229, Train_accy 92.73
2025-02-27 22:20:10,656 [fetril.py] => Task 0, Epoch 158/200 => Loss 0.214, Train_accy 93.34
2025-02-27 22:20:38,224 [fetril.py] => Task 0, Epoch 159/200 => Loss 0.213, Train_accy 93.29
2025-02-27 22:21:01,426 [fetril.py] => Task 0, Epoch 160/200 => Loss 0.221, Train_accy 92.92
2025-02-27 22:21:27,889 [fetril.py] => Task 0, Epoch 161/200 => Loss 0.203, Train_accy 93.57, Test_accy 89.20
2025-02-27 22:21:49,584 [fetril.py] => Task 0, Epoch 162/200 => Loss 0.203, Train_accy 93.83
2025-02-27 22:22:13,011 [fetril.py] => Task 0, Epoch 163/200 => Loss 0.198, Train_accy 93.97
2025-02-27 22:22:40,341 [fetril.py] => Task 0, Epoch 164/200 => Loss 0.189, Train_accy 94.12
2025-02-27 22:23:05,472 [fetril.py] => Task 0, Epoch 165/200 => Loss 0.190, Train_accy 94.12
2025-02-27 22:23:28,923 [fetril.py] => Task 0, Epoch 166/200 => Loss 0.184, Train_accy 94.11, Test_accy 88.80
2025-02-27 22:23:48,531 [fetril.py] => Task 0, Epoch 167/200 => Loss 0.180, Train_accy 94.54
2025-02-27 22:24:07,997 [fetril.py] => Task 0, Epoch 168/200 => Loss 0.180, Train_accy 94.49
2025-02-27 22:24:28,863 [fetril.py] => Task 0, Epoch 169/200 => Loss 0.165, Train_accy 94.92
2025-02-27 22:24:50,226 [fetril.py] => Task 0, Epoch 170/200 => Loss 0.162, Train_accy 94.88
2025-02-27 22:25:18,910 [fetril.py] => Task 0, Epoch 171/200 => Loss 0.161, Train_accy 94.86, Test_accy 87.20
2025-02-27 22:25:45,826 [fetril.py] => Task 0, Epoch 172/200 => Loss 0.157, Train_accy 95.07
2025-02-27 22:26:07,632 [fetril.py] => Task 0, Epoch 173/200 => Loss 0.156, Train_accy 95.12
2025-02-27 22:26:29,623 [fetril.py] => Task 0, Epoch 174/200 => Loss 0.152, Train_accy 95.35
2025-02-27 22:26:48,661 [fetril.py] => Task 0, Epoch 175/200 => Loss 0.144, Train_accy 95.39
2025-02-27 22:27:10,599 [fetril.py] => Task 0, Epoch 176/200 => Loss 0.150, Train_accy 95.30, Test_accy 88.40
2025-02-27 22:27:29,067 [fetril.py] => Task 0, Epoch 177/200 => Loss 0.153, Train_accy 95.27
2025-02-27 22:27:47,397 [fetril.py] => Task 0, Epoch 178/200 => Loss 0.139, Train_accy 95.71
2025-02-27 22:28:07,447 [fetril.py] => Task 0, Epoch 179/200 => Loss 0.147, Train_accy 95.45
2025-02-27 22:28:26,819 [fetril.py] => Task 0, Epoch 180/200 => Loss 0.136, Train_accy 95.97
2025-02-27 22:28:46,461 [fetril.py] => Task 0, Epoch 181/200 => Loss 0.129, Train_accy 96.13, Test_accy 88.80
2025-02-27 22:29:10,643 [fetril.py] => Task 0, Epoch 182/200 => Loss 0.124, Train_accy 96.22
2025-02-27 22:29:45,454 [fetril.py] => Task 0, Epoch 183/200 => Loss 0.118, Train_accy 96.45
2025-02-27 22:30:12,144 [fetril.py] => Task 0, Epoch 184/200 => Loss 0.121, Train_accy 96.23
2025-02-27 22:30:39,274 [fetril.py] => Task 0, Epoch 185/200 => Loss 0.122, Train_accy 96.19
2025-02-27 22:31:02,243 [fetril.py] => Task 0, Epoch 186/200 => Loss 0.118, Train_accy 96.35, Test_accy 88.60
2025-02-27 22:31:22,701 [fetril.py] => Task 0, Epoch 187/200 => Loss 0.117, Train_accy 96.47
2025-02-27 22:31:43,479 [fetril.py] => Task 0, Epoch 188/200 => Loss 0.119, Train_accy 96.25
2025-02-27 22:32:01,061 [fetril.py] => Task 0, Epoch 189/200 => Loss 0.116, Train_accy 96.40
2025-02-27 22:32:18,589 [fetril.py] => Task 0, Epoch 190/200 => Loss 0.114, Train_accy 96.56
2025-02-27 22:32:40,491 [fetril.py] => Task 0, Epoch 191/200 => Loss 0.112, Train_accy 96.57, Test_accy 90.00
2025-02-27 22:33:01,323 [fetril.py] => Task 0, Epoch 192/200 => Loss 0.112, Train_accy 96.50
2025-02-27 22:33:20,954 [fetril.py] => Task 0, Epoch 193/200 => Loss 0.108, Train_accy 96.69
2025-02-27 22:33:51,922 [fetril.py] => Task 0, Epoch 194/200 => Loss 0.118, Train_accy 96.55
2025-02-27 22:34:21,481 [fetril.py] => Task 0, Epoch 195/200 => Loss 0.107, Train_accy 96.87
2025-02-27 22:34:57,233 [fetril.py] => Task 0, Epoch 196/200 => Loss 0.105, Train_accy 96.90, Test_accy 88.60
2025-02-27 22:35:27,991 [fetril.py] => Task 0, Epoch 197/200 => Loss 0.116, Train_accy 96.39
2025-02-27 22:35:52,667 [fetril.py] => Task 0, Epoch 198/200 => Loss 0.113, Train_accy 96.73
2025-02-27 22:36:22,526 [fetril.py] => Task 0, Epoch 199/200 => Loss 0.115, Train_accy 96.66
2025-02-27 22:36:51,649 [fetril.py] => Task 0, Epoch 200/200 => Loss 0.121, Train_accy 96.19
2025-02-27 22:38:41,357 [fetril.py] => svm train: acc: 100.0
2025-02-27 22:38:41,359 [fetril.py] => svm evaluation: acc_list: [89.2]
2025-02-27 22:38:43,286 [trainer.py] => No NME accuracy.
2025-02-27 22:38:43,287 [trainer.py] => CNN: {'total': 89.2, '00-09': 89.2, 'old': 0, 'new': 89.2}
2025-02-27 22:38:43,287 [trainer.py] => CNN top1 curve: [89.2]
2025-02-27 22:38:43,287 [trainer.py] => CNN top5 curve: [98.8]

2025-02-27 22:38:43,288 [trainer.py] => Average Accuracy (CNN): 89.2
2025-02-27 22:38:43,288 [trainer.py] => All params: 11181642
2025-02-27 22:38:43,289 [trainer.py] => Trainable params: 11181642
2025-02-27 22:38:43,340 [fetril.py] => Learning on 10-20
2025-02-27 22:38:43,341 [fetril.py] => All params: 11186772
2025-02-27 22:38:43,342 [fetril.py] => Trainable params: 10260
2025-02-27 22:41:10,470 [fetril.py] => Task 1, Epoch 1/50 => Loss 0.923, Train_accy 71.42, Test_accy 66.10
2025-02-27 22:41:11,059 [fetril.py] => Task 1, Epoch 2/50 => Loss 0.717, Train_accy 77.45
2025-02-27 22:41:11,635 [fetril.py] => Task 1, Epoch 3/50 => Loss 0.667, Train_accy 79.31
2025-02-27 22:41:12,216 [fetril.py] => Task 1, Epoch 4/50 => Loss 0.636, Train_accy 80.34
2025-02-27 22:41:12,783 [fetril.py] => Task 1, Epoch 5/50 => Loss 0.618, Train_accy 81.00
2025-02-27 22:41:15,170 [fetril.py] => Task 1, Epoch 6/50 => Loss 0.604, Train_accy 81.66, Test_accy 69.40
2025-02-27 22:41:15,743 [fetril.py] => Task 1, Epoch 7/50 => Loss 0.595, Train_accy 81.84
2025-02-27 22:41:16,321 [fetril.py] => Task 1, Epoch 8/50 => Loss 0.585, Train_accy 82.19
2025-02-27 22:41:16,913 [fetril.py] => Task 1, Epoch 9/50 => Loss 0.578, Train_accy 82.63
2025-02-27 22:41:17,515 [fetril.py] => Task 1, Epoch 10/50 => Loss 0.574, Train_accy 82.80
2025-02-27 22:41:19,944 [fetril.py] => Task 1, Epoch 11/50 => Loss 0.569, Train_accy 82.84, Test_accy 69.50
2025-02-27 22:41:20,519 [fetril.py] => Task 1, Epoch 12/50 => Loss 0.565, Train_accy 82.98
2025-02-27 22:41:21,111 [fetril.py] => Task 1, Epoch 13/50 => Loss 0.560, Train_accy 83.12
2025-02-27 22:41:21,698 [fetril.py] => Task 1, Epoch 14/50 => Loss 0.560, Train_accy 83.24
2025-02-27 22:41:22,282 [fetril.py] => Task 1, Epoch 15/50 => Loss 0.558, Train_accy 83.19
2025-02-27 22:41:24,730 [fetril.py] => Task 1, Epoch 16/50 => Loss 0.555, Train_accy 83.36, Test_accy 70.70
2025-02-27 22:41:25,329 [fetril.py] => Task 1, Epoch 17/50 => Loss 0.555, Train_accy 83.42
2025-02-27 22:41:25,921 [fetril.py] => Task 1, Epoch 18/50 => Loss 0.552, Train_accy 83.59
2025-02-27 22:41:26,493 [fetril.py] => Task 1, Epoch 19/50 => Loss 0.552, Train_accy 83.51
2025-02-27 22:41:27,116 [fetril.py] => Task 1, Epoch 20/50 => Loss 0.550, Train_accy 83.56
2025-02-27 22:41:29,533 [fetril.py] => Task 1, Epoch 21/50 => Loss 0.549, Train_accy 83.71, Test_accy 70.10
2025-02-27 22:41:30,135 [fetril.py] => Task 1, Epoch 22/50 => Loss 0.547, Train_accy 83.48
2025-02-27 22:41:30,742 [fetril.py] => Task 1, Epoch 23/50 => Loss 0.547, Train_accy 83.75
2025-02-27 22:41:31,340 [fetril.py] => Task 1, Epoch 24/50 => Loss 0.546, Train_accy 83.66
2025-02-27 22:41:31,951 [fetril.py] => Task 1, Epoch 25/50 => Loss 0.547, Train_accy 83.58
2025-02-27 22:41:34,562 [fetril.py] => Task 1, Epoch 26/50 => Loss 0.545, Train_accy 83.93, Test_accy 70.20
2025-02-27 22:41:35,159 [fetril.py] => Task 1, Epoch 27/50 => Loss 0.544, Train_accy 83.71
2025-02-27 22:41:35,742 [fetril.py] => Task 1, Epoch 28/50 => Loss 0.543, Train_accy 83.91
2025-02-27 22:41:36,348 [fetril.py] => Task 1, Epoch 29/50 => Loss 0.543, Train_accy 83.92
2025-02-27 22:41:36,947 [fetril.py] => Task 1, Epoch 30/50 => Loss 0.542, Train_accy 84.15
2025-02-27 22:41:39,343 [fetril.py] => Task 1, Epoch 31/50 => Loss 0.542, Train_accy 83.99, Test_accy 69.70
2025-02-27 22:41:39,927 [fetril.py] => Task 1, Epoch 32/50 => Loss 0.541, Train_accy 84.13
2025-02-27 22:41:40,516 [fetril.py] => Task 1, Epoch 33/50 => Loss 0.540, Train_accy 83.99
2025-02-27 22:41:41,073 [fetril.py] => Task 1, Epoch 34/50 => Loss 0.539, Train_accy 84.11
2025-02-27 22:41:41,673 [fetril.py] => Task 1, Epoch 35/50 => Loss 0.539, Train_accy 84.06
2025-02-27 22:41:44,104 [fetril.py] => Task 1, Epoch 36/50 => Loss 0.539, Train_accy 84.09, Test_accy 70.80
2025-02-27 22:41:44,712 [fetril.py] => Task 1, Epoch 37/50 => Loss 0.538, Train_accy 84.30
2025-02-27 22:41:45,307 [fetril.py] => Task 1, Epoch 38/50 => Loss 0.539, Train_accy 84.09
2025-02-27 22:41:45,883 [fetril.py] => Task 1, Epoch 39/50 => Loss 0.537, Train_accy 84.20
2025-02-27 22:41:46,462 [fetril.py] => Task 1, Epoch 40/50 => Loss 0.538, Train_accy 84.26
2025-02-27 22:41:48,859 [fetril.py] => Task 1, Epoch 41/50 => Loss 0.537, Train_accy 84.11, Test_accy 70.10
2025-02-27 22:41:49,420 [fetril.py] => Task 1, Epoch 42/50 => Loss 0.536, Train_accy 84.23
2025-02-27 22:41:49,975 [fetril.py] => Task 1, Epoch 43/50 => Loss 0.537, Train_accy 84.25
2025-02-27 22:41:50,572 [fetril.py] => Task 1, Epoch 44/50 => Loss 0.536, Train_accy 84.29
2025-02-27 22:41:51,174 [fetril.py] => Task 1, Epoch 45/50 => Loss 0.535, Train_accy 84.29
2025-02-27 22:41:53,581 [fetril.py] => Task 1, Epoch 46/50 => Loss 0.536, Train_accy 84.28, Test_accy 70.40
2025-02-27 22:41:54,183 [fetril.py] => Task 1, Epoch 47/50 => Loss 0.536, Train_accy 84.31
2025-02-27 22:41:54,767 [fetril.py] => Task 1, Epoch 48/50 => Loss 0.535, Train_accy 84.34
2025-02-27 22:41:55,349 [fetril.py] => Task 1, Epoch 49/50 => Loss 0.535, Train_accy 84.31
2025-02-27 22:41:55,927 [fetril.py] => Task 1, Epoch 50/50 => Loss 0.536, Train_accy 84.32
2025-02-27 22:42:04,970 [fetril.py] => svm train: acc: 87.25
2025-02-27 22:42:04,972 [fetril.py] => svm evaluation: acc_list: [89.2, 72.8]
2025-02-27 22:42:06,864 [trainer.py] => No NME accuracy.
2025-02-27 22:42:06,865 [trainer.py] => CNN: {'total': 70.3, '00-09': 71.8, '10-19': 68.8, 'old': 71.8, 'new': 68.8}
2025-02-27 22:42:06,865 [trainer.py] => CNN top1 curve: [89.2, 70.3]
2025-02-27 22:42:06,865 [trainer.py] => CNN top5 curve: [98.8, 92.1]

2025-02-27 22:42:06,865 [trainer.py] => Average Accuracy (CNN): 79.75
2025-02-27 22:42:06,865 [trainer.py] => All params: 11186772
2025-02-27 22:42:06,866 [trainer.py] => Trainable params: 10260
2025-02-27 22:42:06,866 [fetril.py] => Learning on 20-30
2025-02-27 22:42:06,867 [fetril.py] => All params: 11191902
2025-02-27 22:42:06,867 [fetril.py] => Trainable params: 15390
2025-02-27 22:44:35,347 [fetril.py] => Task 2, Epoch 1/50 => Loss 1.227, Train_accy 64.31, Test_accy 56.27
2025-02-27 22:44:36,103 [fetril.py] => Task 2, Epoch 2/50 => Loss 1.087, Train_accy 68.20
2025-02-27 22:44:36,893 [fetril.py] => Task 2, Epoch 3/50 => Loss 1.056, Train_accy 69.20
2025-02-27 22:44:37,688 [fetril.py] => Task 2, Epoch 4/50 => Loss 1.038, Train_accy 69.93
2025-02-27 22:44:38,432 [fetril.py] => Task 2, Epoch 5/50 => Loss 1.028, Train_accy 70.43
2025-02-27 22:44:42,131 [fetril.py] => Task 2, Epoch 6/50 => Loss 1.018, Train_accy 70.62, Test_accy 58.27
2025-02-27 22:44:42,905 [fetril.py] => Task 2, Epoch 7/50 => Loss 1.013, Train_accy 71.03
2025-02-27 22:44:43,720 [fetril.py] => Task 2, Epoch 8/50 => Loss 1.008, Train_accy 71.13
2025-02-27 22:44:44,508 [fetril.py] => Task 2, Epoch 9/50 => Loss 1.006, Train_accy 71.42
2025-02-27 22:44:45,260 [fetril.py] => Task 2, Epoch 10/50 => Loss 1.001, Train_accy 71.57
2025-02-27 22:44:48,947 [fetril.py] => Task 2, Epoch 11/50 => Loss 1.001, Train_accy 71.54, Test_accy 59.47
2025-02-27 22:44:49,731 [fetril.py] => Task 2, Epoch 12/50 => Loss 0.998, Train_accy 71.56
2025-02-27 22:44:50,480 [fetril.py] => Task 2, Epoch 13/50 => Loss 0.995, Train_accy 71.77
2025-02-27 22:44:51,264 [fetril.py] => Task 2, Epoch 14/50 => Loss 0.994, Train_accy 71.77
2025-02-27 22:44:52,044 [fetril.py] => Task 2, Epoch 15/50 => Loss 0.995, Train_accy 71.75
2025-02-27 22:44:55,765 [fetril.py] => Task 2, Epoch 16/50 => Loss 0.992, Train_accy 71.78, Test_accy 58.80
2025-02-27 22:44:56,524 [fetril.py] => Task 2, Epoch 17/50 => Loss 0.992, Train_accy 71.87
2025-02-27 22:44:57,279 [fetril.py] => Task 2, Epoch 18/50 => Loss 0.990, Train_accy 72.13
2025-02-27 22:44:58,070 [fetril.py] => Task 2, Epoch 19/50 => Loss 0.990, Train_accy 71.92
2025-02-27 22:44:58,812 [fetril.py] => Task 2, Epoch 20/50 => Loss 0.989, Train_accy 72.01
2025-02-27 22:45:02,515 [fetril.py] => Task 2, Epoch 21/50 => Loss 0.987, Train_accy 72.11, Test_accy 58.87
2025-02-27 22:45:03,278 [fetril.py] => Task 2, Epoch 22/50 => Loss 0.986, Train_accy 72.21
2025-02-27 22:45:04,052 [fetril.py] => Task 2, Epoch 23/50 => Loss 0.986, Train_accy 72.35
2025-02-27 22:45:04,804 [fetril.py] => Task 2, Epoch 24/50 => Loss 0.984, Train_accy 72.47
2025-02-27 22:45:05,578 [fetril.py] => Task 2, Epoch 25/50 => Loss 0.985, Train_accy 72.34
2025-02-27 22:45:09,317 [fetril.py] => Task 2, Epoch 26/50 => Loss 0.984, Train_accy 72.41, Test_accy 59.13
2025-02-27 22:45:10,086 [fetril.py] => Task 2, Epoch 27/50 => Loss 0.983, Train_accy 72.27
2025-02-27 22:45:10,847 [fetril.py] => Task 2, Epoch 28/50 => Loss 0.982, Train_accy 72.73
2025-02-27 22:45:11,623 [fetril.py] => Task 2, Epoch 29/50 => Loss 0.981, Train_accy 72.51
2025-02-27 22:45:12,412 [fetril.py] => Task 2, Epoch 30/50 => Loss 0.980, Train_accy 72.59
2025-02-27 22:45:16,105 [fetril.py] => Task 2, Epoch 31/50 => Loss 0.979, Train_accy 72.64, Test_accy 59.47
2025-02-27 22:45:16,848 [fetril.py] => Task 2, Epoch 32/50 => Loss 0.978, Train_accy 72.85
2025-02-27 22:45:17,598 [fetril.py] => Task 2, Epoch 33/50 => Loss 0.978, Train_accy 72.74
2025-02-27 22:45:18,347 [fetril.py] => Task 2, Epoch 34/50 => Loss 0.977, Train_accy 72.92
2025-02-27 22:45:19,125 [fetril.py] => Task 2, Epoch 35/50 => Loss 0.976, Train_accy 72.92
2025-02-27 22:45:22,847 [fetril.py] => Task 2, Epoch 36/50 => Loss 0.976, Train_accy 72.79, Test_accy 59.53
2025-02-27 22:45:23,612 [fetril.py] => Task 2, Epoch 37/50 => Loss 0.975, Train_accy 72.95
2025-02-27 22:45:24,395 [fetril.py] => Task 2, Epoch 38/50 => Loss 0.975, Train_accy 72.88
2025-02-27 22:45:25,161 [fetril.py] => Task 2, Epoch 39/50 => Loss 0.974, Train_accy 73.02
2025-02-27 22:45:25,945 [fetril.py] => Task 2, Epoch 40/50 => Loss 0.974, Train_accy 73.14
2025-02-27 22:45:29,635 [fetril.py] => Task 2, Epoch 41/50 => Loss 0.973, Train_accy 73.18, Test_accy 59.67
2025-02-27 22:45:30,420 [fetril.py] => Task 2, Epoch 42/50 => Loss 0.973, Train_accy 73.15
2025-02-27 22:45:31,195 [fetril.py] => Task 2, Epoch 43/50 => Loss 0.973, Train_accy 73.04
2025-02-27 22:45:31,964 [fetril.py] => Task 2, Epoch 44/50 => Loss 0.972, Train_accy 73.10
2025-02-27 22:45:32,725 [fetril.py] => Task 2, Epoch 45/50 => Loss 0.972, Train_accy 73.10
2025-02-27 22:45:36,440 [fetril.py] => Task 2, Epoch 46/50 => Loss 0.971, Train_accy 73.11, Test_accy 59.07
2025-02-27 22:45:37,245 [fetril.py] => Task 2, Epoch 47/50 => Loss 0.971, Train_accy 73.13
2025-02-27 22:45:38,015 [fetril.py] => Task 2, Epoch 48/50 => Loss 0.971, Train_accy 73.15
2025-02-27 22:45:38,791 [fetril.py] => Task 2, Epoch 49/50 => Loss 0.971, Train_accy 73.17
2025-02-27 22:45:39,583 [fetril.py] => Task 2, Epoch 50/50 => Loss 0.970, Train_accy 73.16
2025-02-27 22:46:03,346 [fetril.py] => svm train: acc: 80.65
2025-02-27 22:46:03,349 [fetril.py] => svm evaluation: acc_list: [89.2, 72.8, 63.13]
2025-02-27 22:46:06,294 [trainer.py] => No NME accuracy.
2025-02-27 22:46:06,294 [trainer.py] => CNN: {'total': 59.47, '00-09': 68.0, '10-19': 53.2, '20-29': 57.2, 'old': 60.6, 'new': 57.2}
2025-02-27 22:46:06,294 [trainer.py] => CNN top1 curve: [89.2, 70.3, 59.47]
2025-02-27 22:46:06,294 [trainer.py] => CNN top5 curve: [98.8, 92.1, 88.13]

2025-02-27 22:46:06,295 [trainer.py] => Average Accuracy (CNN): 72.99
2025-02-27 22:46:06,295 [trainer.py] => All params: 11191902
2025-02-27 22:46:06,295 [trainer.py] => Trainable params: 15390
2025-02-27 22:46:06,296 [fetril.py] => Learning on 30-40
2025-02-27 22:46:06,297 [fetril.py] => All params: 11197032
2025-02-27 22:46:06,297 [fetril.py] => Trainable params: 20520
2025-02-27 22:48:51,374 [fetril.py] => Task 3, Epoch 1/50 => Loss 1.570, Train_accy 55.97, Test_accy 49.50
2025-02-27 22:48:52,340 [fetril.py] => Task 3, Epoch 2/50 => Loss 1.460, Train_accy 58.82
2025-02-27 22:48:53,269 [fetril.py] => Task 3, Epoch 3/50 => Loss 1.429, Train_accy 59.89
2025-02-27 22:48:54,212 [fetril.py] => Task 3, Epoch 4/50 => Loss 1.413, Train_accy 60.38
2025-02-27 22:48:55,191 [fetril.py] => Task 3, Epoch 5/50 => Loss 1.403, Train_accy 60.75
2025-02-27 22:48:59,582 [fetril.py] => Task 3, Epoch 6/50 => Loss 1.396, Train_accy 60.94, Test_accy 49.50
2025-02-27 22:49:00,553 [fetril.py] => Task 3, Epoch 7/50 => Loss 1.392, Train_accy 61.20
2025-02-27 22:49:01,487 [fetril.py] => Task 3, Epoch 8/50 => Loss 1.389, Train_accy 61.20
2025-02-27 22:49:02,460 [fetril.py] => Task 3, Epoch 9/50 => Loss 1.386, Train_accy 61.48
2025-02-27 22:49:03,424 [fetril.py] => Task 3, Epoch 10/50 => Loss 1.383, Train_accy 61.46
2025-02-27 22:49:07,534 [fetril.py] => Task 3, Epoch 11/50 => Loss 1.382, Train_accy 61.55, Test_accy 51.55
2025-02-27 22:49:08,464 [fetril.py] => Task 3, Epoch 12/50 => Loss 1.381, Train_accy 61.58
2025-02-27 22:49:09,419 [fetril.py] => Task 3, Epoch 13/50 => Loss 1.379, Train_accy 61.59
2025-02-27 22:49:10,316 [fetril.py] => Task 3, Epoch 14/50 => Loss 1.378, Train_accy 61.54
2025-02-27 22:49:11,264 [fetril.py] => Task 3, Epoch 15/50 => Loss 1.376, Train_accy 61.85
2025-02-27 22:49:15,651 [fetril.py] => Task 3, Epoch 16/50 => Loss 1.376, Train_accy 61.73, Test_accy 51.45
2025-02-27 22:49:16,609 [fetril.py] => Task 3, Epoch 17/50 => Loss 1.374, Train_accy 61.80
2025-02-27 22:49:17,566 [fetril.py] => Task 3, Epoch 18/50 => Loss 1.374, Train_accy 61.84
2025-02-27 22:49:18,546 [fetril.py] => Task 3, Epoch 19/50 => Loss 1.373, Train_accy 61.94
2025-02-27 22:49:19,494 [fetril.py] => Task 3, Epoch 20/50 => Loss 1.371, Train_accy 62.05
2025-02-27 22:49:23,792 [fetril.py] => Task 3, Epoch 21/50 => Loss 1.372, Train_accy 61.97, Test_accy 52.25
2025-02-27 22:49:24,755 [fetril.py] => Task 3, Epoch 22/50 => Loss 1.369, Train_accy 61.98
2025-02-27 22:49:25,688 [fetril.py] => Task 3, Epoch 23/50 => Loss 1.369, Train_accy 62.12
2025-02-27 22:49:26,606 [fetril.py] => Task 3, Epoch 24/50 => Loss 1.369, Train_accy 62.28
2025-02-27 22:49:27,578 [fetril.py] => Task 3, Epoch 25/50 => Loss 1.367, Train_accy 62.31
2025-02-27 22:49:31,921 [fetril.py] => Task 3, Epoch 26/50 => Loss 1.367, Train_accy 62.24, Test_accy 51.80
2025-02-27 22:49:32,882 [fetril.py] => Task 3, Epoch 27/50 => Loss 1.365, Train_accy 62.47
2025-02-27 22:49:33,834 [fetril.py] => Task 3, Epoch 28/50 => Loss 1.364, Train_accy 62.29
2025-02-27 22:49:34,779 [fetril.py] => Task 3, Epoch 29/50 => Loss 1.362, Train_accy 62.40
2025-02-27 22:49:35,690 [fetril.py] => Task 3, Epoch 30/50 => Loss 1.362, Train_accy 62.56
2025-02-27 22:49:39,818 [fetril.py] => Task 3, Epoch 31/50 => Loss 1.361, Train_accy 62.63, Test_accy 52.75
2025-02-27 22:49:40,761 [fetril.py] => Task 3, Epoch 32/50 => Loss 1.361, Train_accy 62.57
2025-02-27 22:49:41,687 [fetril.py] => Task 3, Epoch 33/50 => Loss 1.359, Train_accy 62.74
2025-02-27 22:49:42,618 [fetril.py] => Task 3, Epoch 34/50 => Loss 1.360, Train_accy 62.73
2025-02-27 22:49:43,573 [fetril.py] => Task 3, Epoch 35/50 => Loss 1.357, Train_accy 62.75
2025-02-27 22:49:47,672 [fetril.py] => Task 3, Epoch 36/50 => Loss 1.357, Train_accy 62.87, Test_accy 51.70
2025-02-27 22:49:48,636 [fetril.py] => Task 3, Epoch 37/50 => Loss 1.356, Train_accy 62.82
2025-02-27 22:49:49,603 [fetril.py] => Task 3, Epoch 38/50 => Loss 1.355, Train_accy 62.92
2025-02-27 22:49:50,599 [fetril.py] => Task 3, Epoch 39/50 => Loss 1.355, Train_accy 63.02
2025-02-27 22:49:51,493 [fetril.py] => Task 3, Epoch 40/50 => Loss 1.354, Train_accy 62.94
2025-02-27 22:49:55,621 [fetril.py] => Task 3, Epoch 41/50 => Loss 1.353, Train_accy 62.92, Test_accy 52.75
2025-02-27 22:49:56,586 [fetril.py] => Task 3, Epoch 42/50 => Loss 1.353, Train_accy 63.07
2025-02-27 22:49:57,527 [fetril.py] => Task 3, Epoch 43/50 => Loss 1.352, Train_accy 63.05
2025-02-27 22:49:58,460 [fetril.py] => Task 3, Epoch 44/50 => Loss 1.351, Train_accy 63.06
2025-02-27 22:49:59,370 [fetril.py] => Task 3, Epoch 45/50 => Loss 1.351, Train_accy 63.16
2025-02-27 22:50:03,461 [fetril.py] => Task 3, Epoch 46/50 => Loss 1.351, Train_accy 63.07, Test_accy 52.35
2025-02-27 22:50:04,410 [fetril.py] => Task 3, Epoch 47/50 => Loss 1.350, Train_accy 63.12
2025-02-27 22:50:05,324 [fetril.py] => Task 3, Epoch 48/50 => Loss 1.350, Train_accy 63.12
2025-02-27 22:50:06,262 [fetril.py] => Task 3, Epoch 49/50 => Loss 1.350, Train_accy 63.11
2025-02-27 22:50:07,179 [fetril.py] => Task 3, Epoch 50/50 => Loss 1.350, Train_accy 63.11
2025-02-27 22:50:51,094 [fetril.py] => svm train: acc: 75.76
2025-02-27 22:50:51,099 [fetril.py] => svm evaluation: acc_list: [89.2, 72.8, 63.13, 59.15]
2025-02-27 22:50:54,376 [trainer.py] => No NME accuracy.
2025-02-27 22:50:54,376 [trainer.py] => CNN: {'total': 52.35, '00-09': 67.6, '10-19': 45.8, '20-29': 47.6, '30-39': 48.4, 'old': 53.67, 'new': 48.4}
2025-02-27 22:50:54,376 [trainer.py] => CNN top1 curve: [89.2, 70.3, 59.47, 52.35]
2025-02-27 22:50:54,376 [trainer.py] => CNN top5 curve: [98.8, 92.1, 88.13, 82.7]

2025-02-27 22:50:54,376 [trainer.py] => Average Accuracy (CNN): 67.83
2025-02-27 22:50:54,377 [trainer.py] => All params: 11197032
2025-02-27 22:50:54,377 [trainer.py] => Trainable params: 20520
2025-02-27 22:50:54,378 [fetril.py] => Learning on 40-50
2025-02-27 22:50:54,378 [fetril.py] => All params: 11202162
2025-02-27 22:50:54,379 [fetril.py] => Trainable params: 25650
2025-02-27 22:53:42,669 [fetril.py] => Task 4, Epoch 1/50 => Loss 1.766, Train_accy 52.35, Test_accy 44.56
2025-02-27 22:53:43,759 [fetril.py] => Task 4, Epoch 2/50 => Loss 1.670, Train_accy 54.63
2025-02-27 22:53:44,829 [fetril.py] => Task 4, Epoch 3/50 => Loss 1.643, Train_accy 55.62
2025-02-27 22:53:45,925 [fetril.py] => Task 4, Epoch 4/50 => Loss 1.630, Train_accy 56.07
2025-02-27 22:53:47,058 [fetril.py] => Task 4, Epoch 5/50 => Loss 1.620, Train_accy 56.38
2025-02-27 22:53:52,324 [fetril.py] => Task 4, Epoch 6/50 => Loss 1.614, Train_accy 56.47, Test_accy 45.24
2025-02-27 22:53:53,414 [fetril.py] => Task 4, Epoch 7/50 => Loss 1.610, Train_accy 56.74
2025-02-27 22:53:54,477 [fetril.py] => Task 4, Epoch 8/50 => Loss 1.608, Train_accy 56.89
2025-02-27 22:53:55,573 [fetril.py] => Task 4, Epoch 9/50 => Loss 1.606, Train_accy 56.94
2025-02-27 22:53:56,691 [fetril.py] => Task 4, Epoch 10/50 => Loss 1.605, Train_accy 56.85
2025-02-27 22:54:01,909 [fetril.py] => Task 4, Epoch 11/50 => Loss 1.603, Train_accy 56.88, Test_accy 44.96
2025-02-27 22:54:03,048 [fetril.py] => Task 4, Epoch 12/50 => Loss 1.600, Train_accy 56.93
2025-02-27 22:54:04,193 [fetril.py] => Task 4, Epoch 13/50 => Loss 1.600, Train_accy 57.15
2025-02-27 22:54:05,330 [fetril.py] => Task 4, Epoch 14/50 => Loss 1.600, Train_accy 57.15
2025-02-27 22:54:06,439 [fetril.py] => Task 4, Epoch 15/50 => Loss 1.599, Train_accy 57.14
2025-02-27 22:54:12,022 [fetril.py] => Task 4, Epoch 16/50 => Loss 1.598, Train_accy 57.21, Test_accy 45.84
2025-02-27 22:54:13,144 [fetril.py] => Task 4, Epoch 17/50 => Loss 1.596, Train_accy 57.38
2025-02-27 22:54:14,236 [fetril.py] => Task 4, Epoch 18/50 => Loss 1.596, Train_accy 57.48
2025-02-27 22:54:15,336 [fetril.py] => Task 4, Epoch 19/50 => Loss 1.595, Train_accy 57.39
2025-02-27 22:54:16,453 [fetril.py] => Task 4, Epoch 20/50 => Loss 1.595, Train_accy 57.52
2025-02-27 22:54:22,015 [fetril.py] => Task 4, Epoch 21/50 => Loss 1.593, Train_accy 57.40, Test_accy 45.20
2025-02-27 22:54:23,130 [fetril.py] => Task 4, Epoch 22/50 => Loss 1.591, Train_accy 57.53
2025-02-27 22:54:24,274 [fetril.py] => Task 4, Epoch 23/50 => Loss 1.591, Train_accy 57.67
2025-02-27 22:54:25,345 [fetril.py] => Task 4, Epoch 24/50 => Loss 1.589, Train_accy 57.69
2025-02-27 22:54:26,427 [fetril.py] => Task 4, Epoch 25/50 => Loss 1.589, Train_accy 57.67
2025-02-27 22:54:31,856 [fetril.py] => Task 4, Epoch 26/50 => Loss 1.588, Train_accy 57.77, Test_accy 45.68
2025-02-27 22:54:32,929 [fetril.py] => Task 4, Epoch 27/50 => Loss 1.586, Train_accy 57.88
2025-02-27 22:54:33,974 [fetril.py] => Task 4, Epoch 28/50 => Loss 1.586, Train_accy 57.90
2025-02-27 22:54:35,100 [fetril.py] => Task 4, Epoch 29/50 => Loss 1.585, Train_accy 57.99
2025-02-27 22:54:36,180 [fetril.py] => Task 4, Epoch 30/50 => Loss 1.584, Train_accy 57.99
2025-02-27 22:54:41,925 [fetril.py] => Task 4, Epoch 31/50 => Loss 1.583, Train_accy 58.17, Test_accy 46.16
2025-02-27 22:54:43,041 [fetril.py] => Task 4, Epoch 32/50 => Loss 1.582, Train_accy 58.28
2025-02-27 22:54:44,175 [fetril.py] => Task 4, Epoch 33/50 => Loss 1.581, Train_accy 58.11
2025-02-27 22:54:45,200 [fetril.py] => Task 4, Epoch 34/50 => Loss 1.580, Train_accy 58.23
2025-02-27 22:54:46,342 [fetril.py] => Task 4, Epoch 35/50 => Loss 1.579, Train_accy 58.17
2025-02-27 22:54:52,337 [fetril.py] => Task 4, Epoch 36/50 => Loss 1.578, Train_accy 58.34, Test_accy 45.92
2025-02-27 22:54:53,415 [fetril.py] => Task 4, Epoch 37/50 => Loss 1.578, Train_accy 58.30
2025-02-27 22:54:54,584 [fetril.py] => Task 4, Epoch 38/50 => Loss 1.577, Train_accy 58.55
2025-02-27 22:54:55,702 [fetril.py] => Task 4, Epoch 39/50 => Loss 1.576, Train_accy 58.50
2025-02-27 22:54:56,838 [fetril.py] => Task 4, Epoch 40/50 => Loss 1.575, Train_accy 58.62
2025-02-27 22:55:02,365 [fetril.py] => Task 4, Epoch 41/50 => Loss 1.575, Train_accy 58.54, Test_accy 46.16
2025-02-27 22:55:03,512 [fetril.py] => Task 4, Epoch 42/50 => Loss 1.574, Train_accy 58.67
2025-02-27 22:55:04,595 [fetril.py] => Task 4, Epoch 43/50 => Loss 1.573, Train_accy 58.71
2025-02-27 22:55:05,721 [fetril.py] => Task 4, Epoch 44/50 => Loss 1.573, Train_accy 58.68
2025-02-27 22:55:06,768 [fetril.py] => Task 4, Epoch 45/50 => Loss 1.572, Train_accy 58.71
2025-02-27 22:55:12,004 [fetril.py] => Task 4, Epoch 46/50 => Loss 1.572, Train_accy 58.73, Test_accy 46.56
2025-02-27 22:55:13,150 [fetril.py] => Task 4, Epoch 47/50 => Loss 1.572, Train_accy 58.74
2025-02-27 22:55:14,273 [fetril.py] => Task 4, Epoch 48/50 => Loss 1.571, Train_accy 58.75
2025-02-27 22:55:15,397 [fetril.py] => Task 4, Epoch 49/50 => Loss 1.571, Train_accy 58.76
2025-02-27 22:55:16,533 [fetril.py] => Task 4, Epoch 50/50 => Loss 1.571, Train_accy 58.76
2025-02-27 22:56:23,506 [fetril.py] => svm train: acc: 74.08
2025-02-27 22:56:23,513 [fetril.py] => svm evaluation: acc_list: [89.2, 72.8, 63.13, 59.15, 52.68]
2025-02-27 22:56:29,303 [trainer.py] => No NME accuracy.
2025-02-27 22:56:29,304 [trainer.py] => CNN: {'total': 46.52, '00-09': 68.4, '10-19': 38.2, '20-29': 43.0, '30-39': 40.4, '40-49': 42.6, 'old': 47.5, 'new': 42.6}
2025-02-27 22:56:29,304 [trainer.py] => CNN top1 curve: [89.2, 70.3, 59.47, 52.35, 46.52]
2025-02-27 22:56:29,304 [trainer.py] => CNN top5 curve: [98.8, 92.1, 88.13, 82.7, 77.48]

2025-02-27 22:56:29,305 [trainer.py] => Average Accuracy (CNN): 63.568
2025-02-27 22:56:29,305 [trainer.py] => All params: 11202162
2025-02-27 22:56:29,306 [trainer.py] => Trainable params: 25650
2025-02-27 22:56:29,307 [fetril.py] => Learning on 50-60
2025-02-27 22:56:29,308 [fetril.py] => All params: 11207292
2025-02-27 22:56:29,308 [fetril.py] => Trainable params: 30780
2025-02-27 22:59:56,202 [fetril.py] => Task 5, Epoch 1/50 => Loss 1.901, Train_accy 49.93, Test_accy 40.10
2025-02-27 22:59:57,543 [fetril.py] => Task 5, Epoch 2/50 => Loss 1.794, Train_accy 52.95
2025-02-27 22:59:58,778 [fetril.py] => Task 5, Epoch 3/50 => Loss 1.767, Train_accy 53.75
2025-02-27 23:00:00,073 [fetril.py] => Task 5, Epoch 4/50 => Loss 1.755, Train_accy 54.16
2025-02-27 23:00:01,361 [fetril.py] => Task 5, Epoch 5/50 => Loss 1.748, Train_accy 54.41
2025-02-27 23:00:07,713 [fetril.py] => Task 5, Epoch 6/50 => Loss 1.742, Train_accy 54.66, Test_accy 39.93
2025-02-27 23:00:08,995 [fetril.py] => Task 5, Epoch 7/50 => Loss 1.739, Train_accy 54.75
2025-02-27 23:00:10,277 [fetril.py] => Task 5, Epoch 8/50 => Loss 1.737, Train_accy 54.86
2025-02-27 23:00:11,489 [fetril.py] => Task 5, Epoch 9/50 => Loss 1.736, Train_accy 54.89
2025-02-27 23:00:12,795 [fetril.py] => Task 5, Epoch 10/50 => Loss 1.734, Train_accy 55.08
2025-02-27 23:00:19,057 [fetril.py] => Task 5, Epoch 11/50 => Loss 1.734, Train_accy 54.80, Test_accy 40.73
2025-02-27 23:00:20,310 [fetril.py] => Task 5, Epoch 12/50 => Loss 1.733, Train_accy 55.09
2025-02-27 23:00:21,654 [fetril.py] => Task 5, Epoch 13/50 => Loss 1.732, Train_accy 55.04
2025-02-27 23:00:22,929 [fetril.py] => Task 5, Epoch 14/50 => Loss 1.729, Train_accy 55.09
2025-02-27 23:00:24,260 [fetril.py] => Task 5, Epoch 15/50 => Loss 1.730, Train_accy 55.13
2025-02-27 23:00:30,485 [fetril.py] => Task 5, Epoch 16/50 => Loss 1.730, Train_accy 55.21, Test_accy 40.73
2025-02-27 23:00:31,765 [fetril.py] => Task 5, Epoch 17/50 => Loss 1.729, Train_accy 55.18
2025-02-27 23:00:33,073 [fetril.py] => Task 5, Epoch 18/50 => Loss 1.727, Train_accy 55.20
2025-02-27 23:00:34,375 [fetril.py] => Task 5, Epoch 19/50 => Loss 1.726, Train_accy 55.36
2025-02-27 23:00:35,646 [fetril.py] => Task 5, Epoch 20/50 => Loss 1.726, Train_accy 55.30
2025-02-27 23:00:41,966 [fetril.py] => Task 5, Epoch 21/50 => Loss 1.725, Train_accy 55.49, Test_accy 41.63
2025-02-27 23:00:43,272 [fetril.py] => Task 5, Epoch 22/50 => Loss 1.724, Train_accy 55.54
2025-02-27 23:00:44,453 [fetril.py] => Task 5, Epoch 23/50 => Loss 1.722, Train_accy 55.56
2025-02-27 23:00:45,759 [fetril.py] => Task 5, Epoch 24/50 => Loss 1.722, Train_accy 55.64
2025-02-27 23:00:47,048 [fetril.py] => Task 5, Epoch 25/50 => Loss 1.721, Train_accy 55.80
2025-02-27 23:00:53,212 [fetril.py] => Task 5, Epoch 26/50 => Loss 1.720, Train_accy 55.82, Test_accy 40.93
2025-02-27 23:00:54,469 [fetril.py] => Task 5, Epoch 27/50 => Loss 1.718, Train_accy 55.80
2025-02-27 23:00:55,749 [fetril.py] => Task 5, Epoch 28/50 => Loss 1.717, Train_accy 55.98
2025-02-27 23:00:57,013 [fetril.py] => Task 5, Epoch 29/50 => Loss 1.717, Train_accy 56.13
2025-02-27 23:00:58,314 [fetril.py] => Task 5, Epoch 30/50 => Loss 1.715, Train_accy 56.06
2025-02-27 23:01:04,369 [fetril.py] => Task 5, Epoch 31/50 => Loss 1.714, Train_accy 56.14, Test_accy 41.70
2025-02-27 23:01:05,633 [fetril.py] => Task 5, Epoch 32/50 => Loss 1.713, Train_accy 56.12
2025-02-27 23:01:06,936 [fetril.py] => Task 5, Epoch 33/50 => Loss 1.712, Train_accy 56.21
2025-02-27 23:01:08,226 [fetril.py] => Task 5, Epoch 34/50 => Loss 1.712, Train_accy 56.28
2025-02-27 23:01:09,511 [fetril.py] => Task 5, Epoch 35/50 => Loss 1.710, Train_accy 56.44
2025-02-27 23:01:16,472 [fetril.py] => Task 5, Epoch 36/50 => Loss 1.710, Train_accy 56.37, Test_accy 41.47
2025-02-27 23:01:17,739 [fetril.py] => Task 5, Epoch 37/50 => Loss 1.709, Train_accy 56.47
2025-02-27 23:01:19,052 [fetril.py] => Task 5, Epoch 38/50 => Loss 1.708, Train_accy 56.50
2025-02-27 23:01:20,343 [fetril.py] => Task 5, Epoch 39/50 => Loss 1.707, Train_accy 56.57
2025-02-27 23:01:21,632 [fetril.py] => Task 5, Epoch 40/50 => Loss 1.706, Train_accy 56.59
2025-02-27 23:01:28,031 [fetril.py] => Task 5, Epoch 41/50 => Loss 1.706, Train_accy 56.62, Test_accy 41.50
2025-02-27 23:01:29,354 [fetril.py] => Task 5, Epoch 42/50 => Loss 1.705, Train_accy 56.60
2025-02-27 23:01:30,697 [fetril.py] => Task 5, Epoch 43/50 => Loss 1.705, Train_accy 56.68
2025-02-27 23:01:32,006 [fetril.py] => Task 5, Epoch 44/50 => Loss 1.704, Train_accy 56.72
2025-02-27 23:01:33,318 [fetril.py] => Task 5, Epoch 45/50 => Loss 1.704, Train_accy 56.81
2025-02-27 23:01:38,913 [fetril.py] => Task 5, Epoch 46/50 => Loss 1.703, Train_accy 56.76, Test_accy 41.67
2025-02-27 23:01:40,168 [fetril.py] => Task 5, Epoch 47/50 => Loss 1.703, Train_accy 56.76
2025-02-27 23:01:41,441 [fetril.py] => Task 5, Epoch 48/50 => Loss 1.703, Train_accy 56.74
2025-02-27 23:01:42,861 [fetril.py] => Task 5, Epoch 49/50 => Loss 1.702, Train_accy 56.78
2025-02-27 23:01:44,184 [fetril.py] => Task 5, Epoch 50/50 => Loss 1.702, Train_accy 56.79
2025-02-27 23:03:15,158 [fetril.py] => svm train: acc: 75.93
2025-02-27 23:03:15,167 [fetril.py] => svm evaluation: acc_list: [89.2, 72.8, 63.13, 59.15, 52.68, 49.07]
2025-02-27 23:03:19,679 [trainer.py] => No NME accuracy.
2025-02-27 23:03:19,679 [trainer.py] => CNN: {'total': 41.43, '00-09': 65.8, '10-19': 31.8, '20-29': 38.8, '30-39': 35.2, '40-49': 37.2, '50-59': 39.8, 'old': 41.76, 'new': 39.8}
2025-02-27 23:03:19,679 [trainer.py] => CNN top1 curve: [89.2, 70.3, 59.47, 52.35, 46.52, 41.43]
2025-02-27 23:03:19,679 [trainer.py] => CNN top5 curve: [98.8, 92.1, 88.13, 82.7, 77.48, 73.1]

2025-02-27 23:03:19,679 [trainer.py] => Average Accuracy (CNN): 59.87833333333333
2025-02-27 23:03:19,680 [trainer.py] => All params: 11207292
2025-02-27 23:03:19,680 [trainer.py] => Trainable params: 30780
2025-02-27 23:03:19,682 [fetril.py] => Learning on 60-70
2025-02-27 23:03:19,682 [fetril.py] => All params: 11212422
2025-02-27 23:03:19,682 [fetril.py] => Trainable params: 35910
2025-02-27 23:06:49,822 [fetril.py] => Task 6, Epoch 1/50 => Loss 2.107, Train_accy 45.28, Test_accy 37.31
2025-02-27 23:06:51,314 [fetril.py] => Task 6, Epoch 2/50 => Loss 2.032, Train_accy 46.99
2025-02-27 23:06:52,657 [fetril.py] => Task 6, Epoch 3/50 => Loss 2.013, Train_accy 47.35
2025-02-27 23:06:54,141 [fetril.py] => Task 6, Epoch 4/50 => Loss 2.005, Train_accy 47.85
2025-02-27 23:06:55,550 [fetril.py] => Task 6, Epoch 5/50 => Loss 2.000, Train_accy 47.87
2025-02-27 23:07:02,927 [fetril.py] => Task 6, Epoch 6/50 => Loss 1.999, Train_accy 47.94, Test_accy 38.03
2025-02-27 23:07:04,431 [fetril.py] => Task 6, Epoch 7/50 => Loss 1.997, Train_accy 48.10
2025-02-27 23:07:05,902 [fetril.py] => Task 6, Epoch 8/50 => Loss 1.996, Train_accy 47.98
2025-02-27 23:07:07,387 [fetril.py] => Task 6, Epoch 9/50 => Loss 1.994, Train_accy 48.24
2025-02-27 23:07:08,895 [fetril.py] => Task 6, Epoch 10/50 => Loss 1.993, Train_accy 48.24
2025-02-27 23:07:16,179 [fetril.py] => Task 6, Epoch 11/50 => Loss 1.993, Train_accy 48.17, Test_accy 36.77
2025-02-27 23:07:17,701 [fetril.py] => Task 6, Epoch 12/50 => Loss 1.992, Train_accy 48.30
2025-02-27 23:07:19,158 [fetril.py] => Task 6, Epoch 13/50 => Loss 1.990, Train_accy 48.50
2025-02-27 23:07:20,633 [fetril.py] => Task 6, Epoch 14/50 => Loss 1.990, Train_accy 48.51
2025-02-27 23:07:22,117 [fetril.py] => Task 6, Epoch 15/50 => Loss 1.990, Train_accy 48.30
2025-02-27 23:07:29,407 [fetril.py] => Task 6, Epoch 16/50 => Loss 1.988, Train_accy 48.42, Test_accy 37.74
2025-02-27 23:07:30,753 [fetril.py] => Task 6, Epoch 17/50 => Loss 1.988, Train_accy 48.60
2025-02-27 23:07:32,210 [fetril.py] => Task 6, Epoch 18/50 => Loss 1.986, Train_accy 48.60
2025-02-27 23:07:33,710 [fetril.py] => Task 6, Epoch 19/50 => Loss 1.986, Train_accy 48.61
2025-02-27 23:07:35,197 [fetril.py] => Task 6, Epoch 20/50 => Loss 1.984, Train_accy 48.78
2025-02-27 23:07:42,403 [fetril.py] => Task 6, Epoch 21/50 => Loss 1.983, Train_accy 48.82, Test_accy 37.60
2025-02-27 23:07:43,897 [fetril.py] => Task 6, Epoch 22/50 => Loss 1.982, Train_accy 48.85
2025-02-27 23:07:45,323 [fetril.py] => Task 6, Epoch 23/50 => Loss 1.981, Train_accy 48.84
2025-02-27 23:07:46,770 [fetril.py] => Task 6, Epoch 24/50 => Loss 1.980, Train_accy 48.98
2025-02-27 23:07:48,232 [fetril.py] => Task 6, Epoch 25/50 => Loss 1.979, Train_accy 49.02
2025-02-27 23:07:55,508 [fetril.py] => Task 6, Epoch 26/50 => Loss 1.978, Train_accy 49.24, Test_accy 38.17
2025-02-27 23:07:56,952 [fetril.py] => Task 6, Epoch 27/50 => Loss 1.977, Train_accy 49.18
2025-02-27 23:07:58,414 [fetril.py] => Task 6, Epoch 28/50 => Loss 1.975, Train_accy 49.31
2025-02-27 23:07:59,853 [fetril.py] => Task 6, Epoch 29/50 => Loss 1.974, Train_accy 49.27
2025-02-27 23:08:01,152 [fetril.py] => Task 6, Epoch 30/50 => Loss 1.973, Train_accy 49.42
2025-02-27 23:08:08,374 [fetril.py] => Task 6, Epoch 31/50 => Loss 1.972, Train_accy 49.54, Test_accy 38.74
2025-02-27 23:08:09,840 [fetril.py] => Task 6, Epoch 32/50 => Loss 1.971, Train_accy 49.59
2025-02-27 23:08:11,250 [fetril.py] => Task 6, Epoch 33/50 => Loss 1.970, Train_accy 49.66
2025-02-27 23:08:12,572 [fetril.py] => Task 6, Epoch 34/50 => Loss 1.969, Train_accy 49.72
2025-02-27 23:08:13,991 [fetril.py] => Task 6, Epoch 35/50 => Loss 1.968, Train_accy 49.70
2025-02-27 23:08:21,139 [fetril.py] => Task 6, Epoch 36/50 => Loss 1.967, Train_accy 49.63, Test_accy 38.66
2025-02-27 23:08:22,601 [fetril.py] => Task 6, Epoch 37/50 => Loss 1.966, Train_accy 49.78
2025-02-27 23:08:23,982 [fetril.py] => Task 6, Epoch 38/50 => Loss 1.965, Train_accy 49.82
2025-02-27 23:08:25,420 [fetril.py] => Task 6, Epoch 39/50 => Loss 1.964, Train_accy 49.90
2025-02-27 23:08:26,884 [fetril.py] => Task 6, Epoch 40/50 => Loss 1.963, Train_accy 50.01
2025-02-27 23:08:34,102 [fetril.py] => Task 6, Epoch 41/50 => Loss 1.962, Train_accy 50.08, Test_accy 38.80
2025-02-27 23:08:35,554 [fetril.py] => Task 6, Epoch 42/50 => Loss 1.961, Train_accy 50.02
2025-02-27 23:08:36,994 [fetril.py] => Task 6, Epoch 43/50 => Loss 1.961, Train_accy 50.07
2025-02-27 23:08:38,345 [fetril.py] => Task 6, Epoch 44/50 => Loss 1.960, Train_accy 50.11
2025-02-27 23:08:39,738 [fetril.py] => Task 6, Epoch 45/50 => Loss 1.960, Train_accy 50.15
2025-02-27 23:08:47,028 [fetril.py] => Task 6, Epoch 46/50 => Loss 1.959, Train_accy 50.17, Test_accy 38.57
2025-02-27 23:08:48,487 [fetril.py] => Task 6, Epoch 47/50 => Loss 1.959, Train_accy 50.18
2025-02-27 23:08:49,936 [fetril.py] => Task 6, Epoch 48/50 => Loss 1.958, Train_accy 50.21
2025-02-27 23:08:51,352 [fetril.py] => Task 6, Epoch 49/50 => Loss 1.958, Train_accy 50.21
2025-02-27 23:08:52,791 [fetril.py] => Task 6, Epoch 50/50 => Loss 1.958, Train_accy 50.22
2025-02-27 23:11:01,938 [fetril.py] => svm train: acc: 71.65
2025-02-27 23:11:01,951 [fetril.py] => svm evaluation: acc_list: [89.2, 72.8, 63.13, 59.15, 52.68, 49.07, 45.91]
2025-02-27 23:11:08,549 [trainer.py] => No NME accuracy.
2025-02-27 23:11:08,549 [trainer.py] => CNN: {'total': 38.86, '00-09': 63.8, '10-19': 30.6, '20-29': 36.2, '30-39': 36.8, '40-49': 35.4, '50-59': 35.6, '60-69': 33.6, 'old': 39.73, 'new': 33.6}
2025-02-27 23:11:08,550 [trainer.py] => CNN top1 curve: [89.2, 70.3, 59.47, 52.35, 46.52, 41.43, 38.86]
2025-02-27 23:11:08,550 [trainer.py] => CNN top5 curve: [98.8, 92.1, 88.13, 82.7, 77.48, 73.1, 70.34]

2025-02-27 23:11:08,550 [trainer.py] => Average Accuracy (CNN): 56.87571428571429
2025-02-27 23:11:08,551 [trainer.py] => All params: 11212422
2025-02-27 23:11:08,551 [trainer.py] => Trainable params: 35910
2025-02-27 23:11:08,553 [fetril.py] => Learning on 70-80
2025-02-27 23:11:08,553 [fetril.py] => All params: 11217552
2025-02-27 23:11:08,554 [fetril.py] => Trainable params: 41040
2025-02-27 23:14:44,899 [fetril.py] => Task 7, Epoch 1/50 => Loss 2.185, Train_accy 44.74, Test_accy 33.60
2025-02-27 23:14:46,564 [fetril.py] => Task 7, Epoch 2/50 => Loss 2.107, Train_accy 46.94
2025-02-27 23:14:48,151 [fetril.py] => Task 7, Epoch 3/50 => Loss 2.087, Train_accy 47.38
2025-02-27 23:14:49,782 [fetril.py] => Task 7, Epoch 4/50 => Loss 2.078, Train_accy 47.76
2025-02-27 23:14:51,389 [fetril.py] => Task 7, Epoch 5/50 => Loss 2.074, Train_accy 47.60
2025-02-27 23:14:59,905 [fetril.py] => Task 7, Epoch 6/50 => Loss 2.072, Train_accy 47.84, Test_accy 34.00
2025-02-27 23:15:01,542 [fetril.py] => Task 7, Epoch 7/50 => Loss 2.070, Train_accy 47.89
2025-02-27 23:15:03,153 [fetril.py] => Task 7, Epoch 8/50 => Loss 2.070, Train_accy 48.13
2025-02-27 23:15:04,744 [fetril.py] => Task 7, Epoch 9/50 => Loss 2.068, Train_accy 47.90
2025-02-27 23:15:06,353 [fetril.py] => Task 7, Epoch 10/50 => Loss 2.068, Train_accy 48.10
2025-02-27 23:15:14,894 [fetril.py] => Task 7, Epoch 11/50 => Loss 2.066, Train_accy 48.10, Test_accy 34.80
2025-02-27 23:15:16,483 [fetril.py] => Task 7, Epoch 12/50 => Loss 2.066, Train_accy 48.14
2025-02-27 23:15:18,114 [fetril.py] => Task 7, Epoch 13/50 => Loss 2.065, Train_accy 48.09
2025-02-27 23:15:19,721 [fetril.py] => Task 7, Epoch 14/50 => Loss 2.064, Train_accy 48.21
2025-02-27 23:15:21,260 [fetril.py] => Task 7, Epoch 15/50 => Loss 2.064, Train_accy 48.30
2025-02-27 23:15:29,655 [fetril.py] => Task 7, Epoch 16/50 => Loss 2.062, Train_accy 48.30, Test_accy 34.75
2025-02-27 23:15:31,324 [fetril.py] => Task 7, Epoch 17/50 => Loss 2.062, Train_accy 48.31
2025-02-27 23:15:32,990 [fetril.py] => Task 7, Epoch 18/50 => Loss 2.060, Train_accy 48.52
2025-02-27 23:15:34,612 [fetril.py] => Task 7, Epoch 19/50 => Loss 2.059, Train_accy 48.49
2025-02-27 23:15:36,306 [fetril.py] => Task 7, Epoch 20/50 => Loss 2.057, Train_accy 48.71
2025-02-27 23:15:45,437 [fetril.py] => Task 7, Epoch 21/50 => Loss 2.057, Train_accy 48.63, Test_accy 35.05
2025-02-27 23:15:47,096 [fetril.py] => Task 7, Epoch 22/50 => Loss 2.056, Train_accy 48.66
2025-02-27 23:15:48,791 [fetril.py] => Task 7, Epoch 23/50 => Loss 2.055, Train_accy 48.82
2025-02-27 23:15:50,460 [fetril.py] => Task 7, Epoch 24/50 => Loss 2.055, Train_accy 48.89
2025-02-27 23:15:52,080 [fetril.py] => Task 7, Epoch 25/50 => Loss 2.053, Train_accy 48.91
2025-02-27 23:16:01,783 [fetril.py] => Task 7, Epoch 26/50 => Loss 2.051, Train_accy 49.07, Test_accy 34.95
2025-02-27 23:16:03,538 [fetril.py] => Task 7, Epoch 27/50 => Loss 2.050, Train_accy 49.07
2025-02-27 23:16:05,222 [fetril.py] => Task 7, Epoch 28/50 => Loss 2.049, Train_accy 49.29
2025-02-27 23:16:06,900 [fetril.py] => Task 7, Epoch 29/50 => Loss 2.048, Train_accy 49.33
2025-02-27 23:16:08,642 [fetril.py] => Task 7, Epoch 30/50 => Loss 2.046, Train_accy 49.29
2025-02-27 23:16:18,330 [fetril.py] => Task 7, Epoch 31/50 => Loss 2.046, Train_accy 49.43, Test_accy 34.55
2025-02-27 23:16:20,056 [fetril.py] => Task 7, Epoch 32/50 => Loss 2.045, Train_accy 49.46
2025-02-27 23:16:21,841 [fetril.py] => Task 7, Epoch 33/50 => Loss 2.044, Train_accy 49.53
2025-02-27 23:16:23,726 [fetril.py] => Task 7, Epoch 34/50 => Loss 2.042, Train_accy 49.67
2025-02-27 23:16:25,598 [fetril.py] => Task 7, Epoch 35/50 => Loss 2.041, Train_accy 49.77
2025-02-27 23:16:35,821 [fetril.py] => Task 7, Epoch 36/50 => Loss 2.041, Train_accy 49.83, Test_accy 34.98
2025-02-27 23:16:37,477 [fetril.py] => Task 7, Epoch 37/50 => Loss 2.040, Train_accy 49.82
2025-02-27 23:16:39,161 [fetril.py] => Task 7, Epoch 38/50 => Loss 2.039, Train_accy 49.90
2025-02-27 23:16:40,843 [fetril.py] => Task 7, Epoch 39/50 => Loss 2.038, Train_accy 50.07
2025-02-27 23:16:42,503 [fetril.py] => Task 7, Epoch 40/50 => Loss 2.037, Train_accy 50.05
2025-02-27 23:16:52,938 [fetril.py] => Task 7, Epoch 41/50 => Loss 2.036, Train_accy 50.10, Test_accy 35.08
2025-02-27 23:16:54,673 [fetril.py] => Task 7, Epoch 42/50 => Loss 2.035, Train_accy 50.16
2025-02-27 23:16:56,379 [fetril.py] => Task 7, Epoch 43/50 => Loss 2.035, Train_accy 50.17
2025-02-27 23:16:58,077 [fetril.py] => Task 7, Epoch 44/50 => Loss 2.034, Train_accy 50.21
2025-02-27 23:16:59,694 [fetril.py] => Task 7, Epoch 45/50 => Loss 2.033, Train_accy 50.28
2025-02-27 23:17:08,544 [fetril.py] => Task 7, Epoch 46/50 => Loss 2.033, Train_accy 50.31, Test_accy 35.30
2025-02-27 23:17:10,188 [fetril.py] => Task 7, Epoch 47/50 => Loss 2.033, Train_accy 50.34
2025-02-27 23:17:11,878 [fetril.py] => Task 7, Epoch 48/50 => Loss 2.032, Train_accy 50.32
2025-02-27 23:17:13,501 [fetril.py] => Task 7, Epoch 49/50 => Loss 2.032, Train_accy 50.35
2025-02-27 23:17:15,117 [fetril.py] => Task 7, Epoch 50/50 => Loss 2.032, Train_accy 50.33
2025-02-27 23:19:55,827 [fetril.py] => svm train: acc: 73.66
2025-02-27 23:19:55,843 [fetril.py] => svm evaluation: acc_list: [89.2, 72.8, 63.13, 59.15, 52.68, 49.07, 45.91, 42.95]
2025-02-27 23:20:02,993 [trainer.py] => No NME accuracy.
2025-02-27 23:20:02,993 [trainer.py] => CNN: {'total': 35.52, '00-09': 64.2, '10-19': 25.2, '20-29': 31.4, '30-39': 33.0, '40-49': 30.0, '50-59': 33.4, '60-69': 28.8, '70-79': 38.2, 'old': 35.14, 'new': 38.2}
2025-02-27 23:20:02,993 [trainer.py] => CNN top1 curve: [89.2, 70.3, 59.47, 52.35, 46.52, 41.43, 38.86, 35.52]
2025-02-27 23:20:02,994 [trainer.py] => CNN top5 curve: [98.8, 92.1, 88.13, 82.7, 77.48, 73.1, 70.34, 67.28]

2025-02-27 23:20:02,994 [trainer.py] => Average Accuracy (CNN): 54.20625
2025-02-27 23:20:02,995 [trainer.py] => All params: 11217552
2025-02-27 23:20:02,995 [trainer.py] => Trainable params: 41040
2025-02-27 23:20:02,997 [fetril.py] => Learning on 80-90
2025-02-27 23:20:02,997 [fetril.py] => All params: 11222682
2025-02-27 23:20:02,998 [fetril.py] => Trainable params: 46170
2025-02-27 23:23:42,559 [fetril.py] => Task 8, Epoch 1/50 => Loss 2.290, Train_accy 42.41, Test_accy 31.64
2025-02-27 23:23:44,305 [fetril.py] => Task 8, Epoch 2/50 => Loss 2.210, Train_accy 44.71
2025-02-27 23:23:46,048 [fetril.py] => Task 8, Epoch 3/50 => Loss 2.191, Train_accy 45.36
2025-02-27 23:23:47,790 [fetril.py] => Task 8, Epoch 4/50 => Loss 2.184, Train_accy 45.70
2025-02-27 23:23:49,539 [fetril.py] => Task 8, Epoch 5/50 => Loss 2.180, Train_accy 45.89
2025-02-27 23:23:58,975 [fetril.py] => Task 8, Epoch 6/50 => Loss 2.177, Train_accy 46.08, Test_accy 31.58
2025-02-27 23:24:00,750 [fetril.py] => Task 8, Epoch 7/50 => Loss 2.176, Train_accy 46.08
2025-02-27 23:24:02,523 [fetril.py] => Task 8, Epoch 8/50 => Loss 2.176, Train_accy 46.07
2025-02-27 23:24:04,328 [fetril.py] => Task 8, Epoch 9/50 => Loss 2.173, Train_accy 46.16
2025-02-27 23:24:06,075 [fetril.py] => Task 8, Epoch 10/50 => Loss 2.172, Train_accy 46.08
2025-02-27 23:24:15,292 [fetril.py] => Task 8, Epoch 11/50 => Loss 2.172, Train_accy 46.36, Test_accy 31.98
2025-02-27 23:24:17,000 [fetril.py] => Task 8, Epoch 12/50 => Loss 2.172, Train_accy 46.37
2025-02-27 23:24:18,683 [fetril.py] => Task 8, Epoch 13/50 => Loss 2.170, Train_accy 46.35
2025-02-27 23:24:20,473 [fetril.py] => Task 8, Epoch 14/50 => Loss 2.169, Train_accy 46.40
2025-02-27 23:24:22,177 [fetril.py] => Task 8, Epoch 15/50 => Loss 2.168, Train_accy 46.51
2025-02-27 23:24:31,249 [fetril.py] => Task 8, Epoch 16/50 => Loss 2.168, Train_accy 46.49, Test_accy 32.38
2025-02-27 23:24:32,995 [fetril.py] => Task 8, Epoch 17/50 => Loss 2.167, Train_accy 46.68
2025-02-27 23:24:34,740 [fetril.py] => Task 8, Epoch 18/50 => Loss 2.166, Train_accy 46.76
2025-02-27 23:24:36,526 [fetril.py] => Task 8, Epoch 19/50 => Loss 2.166, Train_accy 46.73
2025-02-27 23:24:38,301 [fetril.py] => Task 8, Epoch 20/50 => Loss 2.164, Train_accy 46.71
2025-02-27 23:24:47,870 [fetril.py] => Task 8, Epoch 21/50 => Loss 2.163, Train_accy 46.81, Test_accy 31.44
2025-02-27 23:24:49,729 [fetril.py] => Task 8, Epoch 22/50 => Loss 2.162, Train_accy 46.95
2025-02-27 23:24:51,600 [fetril.py] => Task 8, Epoch 23/50 => Loss 2.160, Train_accy 47.05
2025-02-27 23:24:53,466 [fetril.py] => Task 8, Epoch 24/50 => Loss 2.160, Train_accy 47.19
2025-02-27 23:24:55,360 [fetril.py] => Task 8, Epoch 25/50 => Loss 2.158, Train_accy 47.25
2025-02-27 23:25:05,237 [fetril.py] => Task 8, Epoch 26/50 => Loss 2.158, Train_accy 47.28, Test_accy 32.02
2025-02-27 23:25:07,058 [fetril.py] => Task 8, Epoch 27/50 => Loss 2.156, Train_accy 47.42
2025-02-27 23:25:08,780 [fetril.py] => Task 8, Epoch 28/50 => Loss 2.155, Train_accy 47.54
2025-02-27 23:25:10,502 [fetril.py] => Task 8, Epoch 29/50 => Loss 2.154, Train_accy 47.58
2025-02-27 23:25:12,227 [fetril.py] => Task 8, Epoch 30/50 => Loss 2.153, Train_accy 47.71
2025-02-27 23:25:21,716 [fetril.py] => Task 8, Epoch 31/50 => Loss 2.151, Train_accy 47.83, Test_accy 32.29
2025-02-27 23:25:23,554 [fetril.py] => Task 8, Epoch 32/50 => Loss 2.150, Train_accy 47.80
2025-02-27 23:25:25,378 [fetril.py] => Task 8, Epoch 33/50 => Loss 2.149, Train_accy 48.01
2025-02-27 23:25:27,118 [fetril.py] => Task 8, Epoch 34/50 => Loss 2.148, Train_accy 48.02
2025-02-27 23:25:28,892 [fetril.py] => Task 8, Epoch 35/50 => Loss 2.147, Train_accy 48.15
2025-02-27 23:25:38,663 [fetril.py] => Task 8, Epoch 36/50 => Loss 2.146, Train_accy 48.11, Test_accy 32.64
2025-02-27 23:25:40,483 [fetril.py] => Task 8, Epoch 37/50 => Loss 2.145, Train_accy 48.37
2025-02-27 23:25:42,158 [fetril.py] => Task 8, Epoch 38/50 => Loss 2.144, Train_accy 48.31
2025-02-27 23:25:43,955 [fetril.py] => Task 8, Epoch 39/50 => Loss 2.143, Train_accy 48.39
2025-02-27 23:25:45,674 [fetril.py] => Task 8, Epoch 40/50 => Loss 2.142, Train_accy 48.49
2025-02-27 23:25:55,650 [fetril.py] => Task 8, Epoch 41/50 => Loss 2.141, Train_accy 48.58, Test_accy 32.31
2025-02-27 23:25:57,481 [fetril.py] => Task 8, Epoch 42/50 => Loss 2.141, Train_accy 48.66
2025-02-27 23:25:59,229 [fetril.py] => Task 8, Epoch 43/50 => Loss 2.140, Train_accy 48.69
2025-02-27 23:26:01,015 [fetril.py] => Task 8, Epoch 44/50 => Loss 2.140, Train_accy 48.78
2025-02-27 23:26:02,572 [fetril.py] => Task 8, Epoch 45/50 => Loss 2.139, Train_accy 48.81
2025-02-27 23:26:12,670 [fetril.py] => Task 8, Epoch 46/50 => Loss 2.138, Train_accy 48.83, Test_accy 32.47
2025-02-27 23:26:14,436 [fetril.py] => Task 8, Epoch 47/50 => Loss 2.138, Train_accy 48.82
2025-02-27 23:26:16,220 [fetril.py] => Task 8, Epoch 48/50 => Loss 2.138, Train_accy 48.88
2025-02-27 23:26:17,972 [fetril.py] => Task 8, Epoch 49/50 => Loss 2.137, Train_accy 48.90
2025-02-27 23:26:19,686 [fetril.py] => Task 8, Epoch 50/50 => Loss 2.137, Train_accy 48.89
2025-02-27 23:29:33,548 [fetril.py] => svm train: acc: 72.33
2025-02-27 23:29:33,563 [fetril.py] => svm evaluation: acc_list: [89.2, 72.8, 63.13, 59.15, 52.68, 49.07, 45.91, 42.95, 40.93]
2025-02-27 23:29:42,028 [trainer.py] => No NME accuracy.
2025-02-27 23:29:42,029 [trainer.py] => CNN: {'total': 32.38, '00-09': 61.8, '10-19': 23.2, '20-29': 26.4, '30-39': 30.8, '40-49': 28.6, '50-59': 31.4, '60-69': 24.2, '70-79': 32.2, '80-89': 32.8, 'old': 32.33, 'new': 32.8}
2025-02-27 23:29:42,029 [trainer.py] => CNN top1 curve: [89.2, 70.3, 59.47, 52.35, 46.52, 41.43, 38.86, 35.52, 32.38]
2025-02-27 23:29:42,029 [trainer.py] => CNN top5 curve: [98.8, 92.1, 88.13, 82.7, 77.48, 73.1, 70.34, 67.28, 63.33]

2025-02-27 23:29:42,030 [trainer.py] => Average Accuracy (CNN): 51.78111111111111
2025-02-27 23:29:42,030 [trainer.py] => All params: 11222682
2025-02-27 23:29:42,031 [trainer.py] => Trainable params: 46170
2025-02-27 23:29:42,033 [fetril.py] => Learning on 90-100
2025-02-27 23:29:42,034 [fetril.py] => All params: 11227812
2025-02-27 23:29:42,034 [fetril.py] => Trainable params: 51300
2025-02-27 23:33:51,756 [fetril.py] => Task 9, Epoch 1/50 => Loss 2.489, Train_accy 37.89, Test_accy 30.12
2025-02-27 23:33:53,775 [fetril.py] => Task 9, Epoch 2/50 => Loss 2.447, Train_accy 39.13
2025-02-27 23:33:55,716 [fetril.py] => Task 9, Epoch 3/50 => Loss 2.438, Train_accy 39.23
2025-02-27 23:33:57,615 [fetril.py] => Task 9, Epoch 4/50 => Loss 2.434, Train_accy 39.45
2025-02-27 23:33:59,581 [fetril.py] => Task 9, Epoch 5/50 => Loss 2.433, Train_accy 39.38
2025-02-27 23:34:10,565 [fetril.py] => Task 9, Epoch 6/50 => Loss 2.431, Train_accy 39.59, Test_accy 30.34
2025-02-27 23:34:12,625 [fetril.py] => Task 9, Epoch 7/50 => Loss 2.430, Train_accy 39.56
2025-02-27 23:34:14,593 [fetril.py] => Task 9, Epoch 8/50 => Loss 2.430, Train_accy 39.56
2025-02-27 23:34:16,593 [fetril.py] => Task 9, Epoch 9/50 => Loss 2.429, Train_accy 39.67
2025-02-27 23:34:18,552 [fetril.py] => Task 9, Epoch 10/50 => Loss 2.429, Train_accy 39.66
2025-02-27 23:34:28,899 [fetril.py] => Task 9, Epoch 11/50 => Loss 2.428, Train_accy 39.61, Test_accy 30.76
2025-02-27 23:34:30,901 [fetril.py] => Task 9, Epoch 12/50 => Loss 2.427, Train_accy 39.73
2025-02-27 23:34:32,903 [fetril.py] => Task 9, Epoch 13/50 => Loss 2.427, Train_accy 39.80
2025-02-27 23:34:34,810 [fetril.py] => Task 9, Epoch 14/50 => Loss 2.424, Train_accy 39.94
2025-02-27 23:34:36,765 [fetril.py] => Task 9, Epoch 15/50 => Loss 2.424, Train_accy 39.78
2025-02-27 23:34:46,633 [fetril.py] => Task 9, Epoch 16/50 => Loss 2.423, Train_accy 39.94, Test_accy 30.16
2025-02-27 23:34:48,578 [fetril.py] => Task 9, Epoch 17/50 => Loss 2.422, Train_accy 40.05
2025-02-27 23:34:50,415 [fetril.py] => Task 9, Epoch 18/50 => Loss 2.421, Train_accy 40.06
2025-02-27 23:34:52,384 [fetril.py] => Task 9, Epoch 19/50 => Loss 2.420, Train_accy 40.18
2025-02-27 23:34:54,368 [fetril.py] => Task 9, Epoch 20/50 => Loss 2.418, Train_accy 40.30
2025-02-27 23:35:04,499 [fetril.py] => Task 9, Epoch 21/50 => Loss 2.418, Train_accy 40.25, Test_accy 30.18
2025-02-27 23:35:06,457 [fetril.py] => Task 9, Epoch 22/50 => Loss 2.416, Train_accy 40.43
2025-02-27 23:35:08,414 [fetril.py] => Task 9, Epoch 23/50 => Loss 2.415, Train_accy 40.38
2025-02-27 23:35:10,319 [fetril.py] => Task 9, Epoch 24/50 => Loss 2.414, Train_accy 40.54
2025-02-27 23:35:12,186 [fetril.py] => Task 9, Epoch 25/50 => Loss 2.413, Train_accy 40.68
2025-02-27 23:35:22,522 [fetril.py] => Task 9, Epoch 26/50 => Loss 2.411, Train_accy 40.71, Test_accy 30.68
2025-02-27 23:35:24,434 [fetril.py] => Task 9, Epoch 27/50 => Loss 2.410, Train_accy 40.76
2025-02-27 23:35:26,340 [fetril.py] => Task 9, Epoch 28/50 => Loss 2.409, Train_accy 40.89
2025-02-27 23:35:28,288 [fetril.py] => Task 9, Epoch 29/50 => Loss 2.408, Train_accy 40.91
2025-02-27 23:35:30,199 [fetril.py] => Task 9, Epoch 30/50 => Loss 2.406, Train_accy 41.13
2025-02-27 23:35:40,140 [fetril.py] => Task 9, Epoch 31/50 => Loss 2.405, Train_accy 41.09, Test_accy 31.10
2025-02-27 23:35:42,058 [fetril.py] => Task 9, Epoch 32/50 => Loss 2.404, Train_accy 41.08
2025-02-27 23:35:43,929 [fetril.py] => Task 9, Epoch 33/50 => Loss 2.403, Train_accy 41.18
2025-02-27 23:35:45,854 [fetril.py] => Task 9, Epoch 34/50 => Loss 2.402, Train_accy 41.34
2025-02-27 23:35:47,782 [fetril.py] => Task 9, Epoch 35/50 => Loss 2.401, Train_accy 41.44
2025-02-27 23:35:58,038 [fetril.py] => Task 9, Epoch 36/50 => Loss 2.400, Train_accy 41.49, Test_accy 31.68
2025-02-27 23:35:59,943 [fetril.py] => Task 9, Epoch 37/50 => Loss 2.399, Train_accy 41.51
2025-02-27 23:36:01,811 [fetril.py] => Task 9, Epoch 38/50 => Loss 2.397, Train_accy 41.65
2025-02-27 23:36:03,784 [fetril.py] => Task 9, Epoch 39/50 => Loss 2.396, Train_accy 41.71
2025-02-27 23:36:05,691 [fetril.py] => Task 9, Epoch 40/50 => Loss 2.396, Train_accy 41.79
2025-02-27 23:36:15,716 [fetril.py] => Task 9, Epoch 41/50 => Loss 2.395, Train_accy 41.73, Test_accy 31.46
2025-02-27 23:36:17,689 [fetril.py] => Task 9, Epoch 42/50 => Loss 2.394, Train_accy 41.85
2025-02-27 23:36:19,572 [fetril.py] => Task 9, Epoch 43/50 => Loss 2.393, Train_accy 42.01
2025-02-27 23:36:21,572 [fetril.py] => Task 9, Epoch 44/50 => Loss 2.392, Train_accy 41.94
2025-02-27 23:36:23,505 [fetril.py] => Task 9, Epoch 45/50 => Loss 2.392, Train_accy 42.03
2025-02-27 23:36:33,519 [fetril.py] => Task 9, Epoch 46/50 => Loss 2.392, Train_accy 42.03, Test_accy 31.48
2025-02-27 23:36:35,540 [fetril.py] => Task 9, Epoch 47/50 => Loss 2.391, Train_accy 42.04
2025-02-27 23:36:37,384 [fetril.py] => Task 9, Epoch 48/50 => Loss 2.391, Train_accy 42.05
2025-02-27 23:36:39,319 [fetril.py] => Task 9, Epoch 49/50 => Loss 2.390, Train_accy 42.07
2025-02-27 23:36:41,181 [fetril.py] => Task 9, Epoch 50/50 => Loss 2.390, Train_accy 42.08
2025-02-27 23:41:03,546 [fetril.py] => svm train: acc: 67.94
2025-02-27 23:41:03,564 [fetril.py] => svm evaluation: acc_list: [89.2, 72.8, 63.13, 59.15, 52.68, 49.07, 45.91, 42.95, 40.93, 40.34]
2025-02-27 23:41:12,721 [trainer.py] => No NME accuracy.
2025-02-27 23:41:12,722 [trainer.py] => CNN: {'total': 31.46, '00-09': 61.0, '10-19': 21.8, '20-29': 25.2, '30-39': 29.6, '40-49': 25.4, '50-59': 31.0, '60-69': 26.8, '70-79': 34.6, '80-89': 29.0, '90-99': 30.2, 'old': 31.6, 'new': 30.2}
2025-02-27 23:41:12,723 [trainer.py] => CNN top1 curve: [89.2, 70.3, 59.47, 52.35, 46.52, 41.43, 38.86, 35.52, 32.38, 31.46]
2025-02-27 23:41:12,723 [trainer.py] => CNN top5 curve: [98.8, 92.1, 88.13, 82.7, 77.48, 73.1, 70.34, 67.28, 63.33, 62.18]

2025-02-27 23:41:12,723 [trainer.py] => Average Accuracy (CNN): 49.748999999999995