2023-10-19 17:50:28,785 [trainer.py] => config: ./exps/der.json
2023-10-19 17:50:28,788 [trainer.py] => prefix: reproduce
2023-10-19 17:50:28,788 [trainer.py] => dataset: imagenet100
2023-10-19 17:50:28,788 [trainer.py] => memory_size: 2000
2023-10-19 17:50:28,789 [trainer.py] => memory_per_class: 20
2023-10-19 17:50:28,789 [trainer.py] => fixed_memory: True
2023-10-19 17:50:28,789 [trainer.py] => shuffle: True
2023-10-19 17:50:28,789 [trainer.py] => init_cls: 50
2023-10-19 17:50:28,789 [trainer.py] => increment: 5
2023-10-19 17:50:28,789 [trainer.py] => model_name: der
2023-10-19 17:50:28,789 [trainer.py] => convnet_type: resnet18
2023-10-19 17:50:28,790 [trainer.py] => device: [device(type='cuda', index=0)]
2023-10-19 17:50:28,790 [trainer.py] => seed: 1993
2023-10-19 17:50:31,600 [data_manager.py] => [68, 56, 78, 8, 23, 84, 90, 65, 74, 76, 40, 89, 3, 92, 55, 9, 26, 80, 43, 38, 58, 70, 77, 1, 85, 19, 17, 50, 28, 53, 13, 81, 45, 82, 6, 59, 83, 16, 15, 44, 91, 41, 72, 60, 79, 52, 20, 10, 31, 54, 37, 95, 14, 71, 96, 98, 97, 2, 64, 66, 42, 22, 35, 86, 24, 34, 87, 21, 99, 0, 88, 27, 18, 94, 11, 12, 47, 25, 30, 46, 62, 69, 36, 61, 7, 63, 75, 5, 32, 4, 51, 48, 73, 93, 39, 67, 29, 49, 57, 33]
2023-10-19 17:50:34,474 [trainer.py] => All params: 0
2023-10-19 17:50:34,474 [trainer.py] => Trainable params: 0
2023-10-19 17:50:34,637 [der.py] => Learning on 0-50
2023-10-19 17:50:34,637 [der.py] => All params: 11220645
2023-10-19 17:50:34,637 [der.py] => Trainable params: 11220645
2023-10-20 06:45:55,839 [der.py] => Task 0, Epoch 200/200 => Loss 0.176, Train_accy 95.60
2023-10-20 06:45:55,840 [base.py] => Constructing exemplars for new classes...(20 per classes)
2023-10-20 06:51:25,864 [der.py] => Exemplar size: 1000
2023-10-20 06:51:25,865 [trainer.py] => CNN: {'total': 87.16, '00-09': 86.6, '10-19': 87.0, '20-29': 87.6, '30-39': 87.6, '40-49': 87.0, 'old': 0, 'new': 87.16}
2023-10-20 06:51:25,865 [trainer.py] => NME: {'total': 86.76, '00-09': 86.2, '10-19': 86.6, '20-29': 88.0, '30-39': 87.2, '40-49': 85.8, 'old': 0, 'new': 86.76}
2023-10-20 06:51:25,866 [trainer.py] => CNN top1 curve: [87.16]
2023-10-20 06:51:25,866 [trainer.py] => CNN top5 curve: [96.56]
2023-10-20 06:51:25,867 [trainer.py] => NME top1 curve: [86.76]
2023-10-20 06:51:25,867 [trainer.py] => NME top5 curve: [96.72]

2023-10-20 06:51:25,867 [trainer.py] => Average Accuracy (CNN): 87.16
2023-10-20 06:51:25,867 [trainer.py] => Average Accuracy (NME): 86.76
2023-10-20 06:51:25,868 [trainer.py] => All params: 11220645
2023-10-20 06:51:25,869 [trainer.py] => Trainable params: 11220645
2023-10-20 06:51:26,033 [der.py] => Learning on 50-55
2023-10-20 06:51:26,035 [der.py] => All params: 22397117
2023-10-20 06:51:26,036 [der.py] => Trainable params: 11228285
2023-10-20 08:39:31,404 [der.py] => Task 1, Epoch 170/170 => Loss 0.291, Loss_clf 0.105, Loss_aux 0.186, Train_accy 97.11
2023-10-20 08:39:31,919 [base.py] => Constructing exemplars for new classes...(20 per classes)
2023-10-20 08:40:55,760 [der.py] => Exemplar size: 1100
2023-10-20 08:40:55,761 [trainer.py] => CNN: {'total': 85.27, '00-09': 83.4, '10-19': 86.0, '20-29': 87.8, '30-39': 85.2, '40-49': 86.0, '50-59': 81.2, 'old': 85.68, 'new': 81.2}
2023-10-20 08:40:55,761 [trainer.py] => NME: {'total': 84.91, '00-09': 83.6, '10-19': 84.2, '20-29': 86.0, '30-39': 83.4, '40-49': 84.2, '50-59': 91.2, 'old': 84.28, 'new': 91.2}
2023-10-20 08:40:55,762 [trainer.py] => CNN top1 curve: [87.16, 85.27]
2023-10-20 08:40:55,762 [trainer.py] => CNN top5 curve: [96.56, 95.96]
2023-10-20 08:40:55,762 [trainer.py] => NME top1 curve: [86.76, 84.91]
2023-10-20 08:40:55,763 [trainer.py] => NME top5 curve: [96.72, 96.47]

2023-10-20 08:40:55,763 [trainer.py] => Average Accuracy (CNN): 86.215
2023-10-20 08:40:55,763 [trainer.py] => Average Accuracy (NME): 85.83500000000001
2023-10-20 08:40:55,764 [trainer.py] => All params: 22397117
2023-10-20 08:40:55,765 [trainer.py] => Trainable params: 11228285
2023-10-20 08:40:55,919 [der.py] => Learning on 55-60
2023-10-20 08:40:55,920 [der.py] => All params: 33601794
2023-10-20 08:40:55,921 [der.py] => Trainable params: 11264130
2023-10-20 10:52:58,987 [der.py] => Task 2, Epoch 170/170 => Loss 0.272, Loss_clf 0.124, Loss_aux 0.148, Train_accy 96.36
2023-10-20 10:52:58,990 [base.py] => Constructing exemplars for new classes...(20 per classes)
2023-10-20 10:54:43,192 [der.py] => Exemplar size: 1200
2023-10-20 10:54:43,193 [trainer.py] => CNN: {'total': 83.0, '00-09': 80.0, '10-19': 83.6, '20-29': 84.2, '30-39': 83.0, '40-49': 85.6, '50-59': 81.6, 'old': 83.93, 'new': 72.8}
2023-10-20 10:54:43,193 [trainer.py] => NME: {'total': 82.03, '00-09': 79.8, '10-19': 83.0, '20-29': 83.8, '30-39': 81.0, '40-49': 81.0, '50-59': 83.6, 'old': 82.33, 'new': 78.8}
2023-10-20 10:54:43,193 [trainer.py] => CNN top1 curve: [87.16, 85.27, 83.0]
2023-10-20 10:54:43,194 [trainer.py] => CNN top5 curve: [96.56, 95.96, 95.17]
2023-10-20 10:54:43,194 [trainer.py] => NME top1 curve: [86.76, 84.91, 82.03]
2023-10-20 10:54:43,194 [trainer.py] => NME top5 curve: [96.72, 96.47, 95.33]

2023-10-20 10:54:43,195 [trainer.py] => Average Accuracy (CNN): 85.14333333333333
2023-10-20 10:54:43,195 [trainer.py] => Average Accuracy (NME): 84.56666666666668
2023-10-20 10:54:43,196 [trainer.py] => All params: 33601794
2023-10-20 10:54:43,197 [trainer.py] => Trainable params: 11264130
2023-10-20 10:54:43,357 [der.py] => Learning on 60-65
2023-10-20 10:54:43,358 [der.py] => All params: 44811591
2023-10-20 10:54:43,359 [der.py] => Trainable params: 11305095
2023-10-20 13:32:23,566 [der.py] => Task 3, Epoch 170/170 => Loss 0.226, Loss_clf 0.107, Loss_aux 0.119, Train_accy 96.91
2023-10-20 13:32:23,568 [base.py] => Constructing exemplars for new classes...(20 per classes)
2023-10-20 13:34:17,196 [der.py] => Exemplar size: 1300
2023-10-20 13:34:17,197 [trainer.py] => CNN: {'total': 79.35, '00-09': 76.4, '10-19': 82.4, '20-29': 81.6, '30-39': 80.0, '40-49': 79.8, '50-59': 81.0, '60-69': 69.2, 'old': 80.2, 'new': 69.2}
2023-10-20 13:34:17,197 [trainer.py] => NME: {'total': 79.63, '00-09': 70.2, '10-19': 82.6, '20-29': 81.8, '30-39': 79.2, '40-49': 80.2, '50-59': 80.8, '60-69': 85.6, 'old': 79.13, 'new': 85.6}
2023-10-20 13:34:17,197 [trainer.py] => CNN top1 curve: [87.16, 85.27, 83.0, 79.35]
2023-10-20 13:34:17,198 [trainer.py] => CNN top5 curve: [96.56, 95.96, 95.17, 94.55]
2023-10-20 13:34:17,198 [trainer.py] => NME top1 curve: [86.76, 84.91, 82.03, 79.63]
2023-10-20 13:34:17,198 [trainer.py] => NME top5 curve: [96.72, 96.47, 95.33, 94.31]

2023-10-20 13:34:17,198 [trainer.py] => Average Accuracy (CNN): 83.695
2023-10-20 13:34:17,199 [trainer.py] => Average Accuracy (NME): 83.33250000000001
2023-10-20 13:34:17,200 [trainer.py] => All params: 44811591
2023-10-20 13:34:17,201 [trainer.py] => Trainable params: 11305095
2023-10-20 13:34:17,355 [der.py] => Learning on 65-70
2023-10-20 13:34:17,357 [der.py] => All params: 56026508
2023-10-20 13:34:17,358 [der.py] => Trainable params: 11351180
2023-10-20 16:38:13,446 [der.py] => Task 4, Epoch 170/170 => Loss 0.180, Loss_clf 0.091, Loss_aux 0.089, Train_accy 97.50
2023-10-20 16:38:13,449 [base.py] => Constructing exemplars for new classes...(20 per classes)
2023-10-20 16:40:34,999 [der.py] => Exemplar size: 1400
2023-10-20 16:40:34,999 [trainer.py] => CNN: {'total': 78.31, '00-09': 67.8, '10-19': 80.2, '20-29': 79.8, '30-39': 79.0, '40-49': 78.6, '50-59': 78.2, '60-69': 84.6, 'old': 77.75, 'new': 85.6}
2023-10-20 16:40:35,000 [trainer.py] => NME: {'total': 76.69, '00-09': 66.4, '10-19': 79.0, '20-29': 76.0, '30-39': 76.8, '40-49': 77.8, '50-59': 78.0, '60-69': 82.8, 'old': 76.12, 'new': 84.0}
2023-10-20 16:40:35,000 [trainer.py] => CNN top1 curve: [87.16, 85.27, 83.0, 79.35, 78.31]
2023-10-20 16:40:35,000 [trainer.py] => CNN top5 curve: [96.56, 95.96, 95.17, 94.55, 93.86]
2023-10-20 16:40:35,001 [trainer.py] => NME top1 curve: [86.76, 84.91, 82.03, 79.63, 76.69]
2023-10-20 16:40:35,001 [trainer.py] => NME top5 curve: [96.72, 96.47, 95.33, 94.31, 93.29]

2023-10-20 16:40:35,001 [trainer.py] => Average Accuracy (CNN): 82.618
2023-10-20 16:40:35,002 [trainer.py] => Average Accuracy (NME): 82.004
2023-10-20 16:40:35,003 [trainer.py] => All params: 56026508
2023-10-20 16:40:35,007 [trainer.py] => Trainable params: 11351180
2023-10-20 16:40:35,163 [der.py] => Learning on 70-75
2023-10-20 16:40:35,165 [der.py] => All params: 67246545
2023-10-20 16:40:35,167 [der.py] => Trainable params: 11402385
2023-10-20 20:12:10,576 [der.py] => Task 5, Epoch 170/170 => Loss 0.174, Loss_clf 0.093, Loss_aux 0.081, Train_accy 97.37
2023-10-20 20:12:10,578 [base.py] => Constructing exemplars for new classes...(20 per classes)
2023-10-20 20:14:58,232 [der.py] => Exemplar size: 1500
2023-10-20 20:14:58,233 [trainer.py] => CNN: {'total': 75.55, '00-09': 66.4, '10-19': 77.0, '20-29': 74.8, '30-39': 76.0, '40-49': 74.8, '50-59': 76.0, '60-69': 83.0, '70-79': 77.2, 'old': 75.43, 'new': 77.2}
2023-10-20 20:14:58,233 [trainer.py] => NME: {'total': 74.45, '00-09': 65.4, '10-19': 77.8, '20-29': 69.2, '30-39': 75.0, '40-49': 72.8, '50-59': 75.0, '60-69': 80.2, '70-79': 86.0, 'old': 73.63, 'new': 86.0}
2023-10-20 20:14:58,234 [trainer.py] => CNN top1 curve: [87.16, 85.27, 83.0, 79.35, 78.31, 75.55]
2023-10-20 20:14:58,234 [trainer.py] => CNN top5 curve: [96.56, 95.96, 95.17, 94.55, 93.86, 93.23]
2023-10-20 20:14:58,234 [trainer.py] => NME top1 curve: [86.76, 84.91, 82.03, 79.63, 76.69, 74.45]
2023-10-20 20:14:58,234 [trainer.py] => NME top5 curve: [96.72, 96.47, 95.33, 94.31, 93.29, 93.01]

2023-10-20 20:14:58,235 [trainer.py] => Average Accuracy (CNN): 81.44
2023-10-20 20:14:58,235 [trainer.py] => Average Accuracy (NME): 80.745
2023-10-20 20:14:58,237 [trainer.py] => All params: 67246545
2023-10-20 20:14:58,238 [trainer.py] => Trainable params: 11402385
2023-10-20 20:14:58,393 [der.py] => Learning on 75-80
2023-10-20 20:14:58,396 [der.py] => All params: 78471702
2023-10-20 20:14:58,397 [der.py] => Trainable params: 11458710
2023-10-21 00:14:13,304 [der.py] => Task 6, Epoch 170/170 => Loss 0.170, Loss_clf 0.091, Loss_aux 0.079, Train_accy 97.64
2023-10-21 00:14:13,306 [base.py] => Constructing exemplars for new classes...(20 per classes)
2023-10-21 00:17:18,324 [der.py] => Exemplar size: 1600
2023-10-21 00:17:18,324 [trainer.py] => CNN: {'total': 75.22, '00-09': 67.4, '10-19': 75.0, '20-29': 72.2, '30-39': 76.6, '40-49': 74.0, '50-59': 76.2, '60-69': 78.4, '70-79': 82.0, 'old': 75.07, 'new': 77.6}
2023-10-21 00:17:18,325 [trainer.py] => NME: {'total': 73.32, '00-09': 64.6, '10-19': 75.0, '20-29': 67.8, '30-39': 75.4, '40-49': 71.2, '50-59': 73.0, '60-69': 77.0, '70-79': 82.6, 'old': 72.61, 'new': 84.0}
2023-10-21 00:17:18,325 [trainer.py] => CNN top1 curve: [87.16, 85.27, 83.0, 79.35, 78.31, 75.55, 75.22]
2023-10-21 00:17:18,325 [trainer.py] => CNN top5 curve: [96.56, 95.96, 95.17, 94.55, 93.86, 93.23, 92.85]
2023-10-21 00:17:18,326 [trainer.py] => NME top1 curve: [86.76, 84.91, 82.03, 79.63, 76.69, 74.45, 73.32]
2023-10-21 00:17:18,326 [trainer.py] => NME top5 curve: [96.72, 96.47, 95.33, 94.31, 93.29, 93.01, 91.9]

2023-10-21 00:17:18,326 [trainer.py] => Average Accuracy (CNN): 80.55142857142857
2023-10-21 00:17:18,327 [trainer.py] => Average Accuracy (NME): 79.6842857142857
2023-10-21 00:17:18,328 [trainer.py] => All params: 78471702
2023-10-21 00:17:18,330 [trainer.py] => Trainable params: 11458710
2023-10-21 00:17:18,486 [der.py] => Learning on 80-85
2023-10-21 00:17:18,489 [der.py] => All params: 89701979
2023-10-21 00:17:18,491 [der.py] => Trainable params: 11520155
2023-10-21 04:37:33,968 [der.py] => Task 7, Epoch 170/170 => Loss 0.155, Loss_clf 0.084, Loss_aux 0.070, Train_accy 97.84
2023-10-21 04:37:33,972 [base.py] => Constructing exemplars for new classes...(20 per classes)
2023-10-21 04:41:13,508 [der.py] => Exemplar size: 1700
2023-10-21 04:41:13,508 [trainer.py] => CNN: {'total': 74.47, '00-09': 66.0, '10-19': 73.0, '20-29': 72.2, '30-39': 75.6, '40-49': 73.0, '50-59': 74.4, '60-69': 77.4, '70-79': 84.8, '80-89': 73.2, 'old': 74.55, 'new': 73.2}
2023-10-21 04:41:13,509 [trainer.py] => NME: {'total': 71.55, '00-09': 63.2, '10-19': 72.2, '20-29': 64.8, '30-39': 72.2, '40-49': 69.2, '50-59': 71.0, '60-69': 73.6, '70-79': 79.4, '80-89': 85.2, 'old': 70.7, 'new': 85.2}
2023-10-21 04:41:13,513 [trainer.py] => CNN top1 curve: [87.16, 85.27, 83.0, 79.35, 78.31, 75.55, 75.22, 74.47]
2023-10-21 04:41:13,513 [trainer.py] => CNN top5 curve: [96.56, 95.96, 95.17, 94.55, 93.86, 93.23, 92.85, 92.35]
2023-10-21 04:41:13,513 [trainer.py] => NME top1 curve: [86.76, 84.91, 82.03, 79.63, 76.69, 74.45, 73.32, 71.55]
2023-10-21 04:41:13,514 [trainer.py] => NME top5 curve: [96.72, 96.47, 95.33, 94.31, 93.29, 93.01, 91.9, 91.27]

2023-10-21 04:41:13,514 [trainer.py] => Average Accuracy (CNN): 79.79125
2023-10-21 04:41:13,514 [trainer.py] => Average Accuracy (NME): 78.66749999999999
2023-10-21 04:41:13,516 [trainer.py] => All params: 89701979
2023-10-21 04:41:13,518 [trainer.py] => Trainable params: 11520155
2023-10-21 04:41:13,672 [der.py] => Learning on 85-90
2023-10-21 04:41:13,676 [der.py] => All params: 100937376
2023-10-21 04:41:13,678 [der.py] => Trainable params: 11586720
2023-10-21 09:32:02,250 [der.py] => Task 8, Epoch 170/170 => Loss 0.190, Loss_clf 0.101, Loss_aux 0.089, Train_accy 97.48
2023-10-21 09:32:02,253 [base.py] => Constructing exemplars for new classes...(20 per classes)
2023-10-21 09:36:07,313 [der.py] => Exemplar size: 1800
2023-10-21 09:36:07,314 [trainer.py] => CNN: {'total': 72.58, '00-09': 65.4, '10-19': 73.8, '20-29': 71.2, '30-39': 73.2, '40-49': 72.6, '50-59': 72.6, '60-69': 74.2, '70-79': 82.8, '80-89': 67.4, 'old': 74.02, 'new': 48.0}
2023-10-21 09:36:07,314 [trainer.py] => NME: {'total': 69.71, '00-09': 60.6, '10-19': 69.8, '20-29': 60.0, '30-39': 71.2, '40-49': 67.2, '50-59': 69.0, '60-69': 72.8, '70-79': 78.2, '80-89': 78.6, 'old': 69.34, 'new': 76.0}
2023-10-21 09:36:07,315 [trainer.py] => CNN top1 curve: [87.16, 85.27, 83.0, 79.35, 78.31, 75.55, 75.22, 74.47, 72.58]
2023-10-21 09:36:07,315 [trainer.py] => CNN top5 curve: [96.56, 95.96, 95.17, 94.55, 93.86, 93.23, 92.85, 92.35, 92.13]
2023-10-21 09:36:07,315 [trainer.py] => NME top1 curve: [86.76, 84.91, 82.03, 79.63, 76.69, 74.45, 73.32, 71.55, 69.71]
2023-10-21 09:36:07,316 [trainer.py] => NME top5 curve: [96.72, 96.47, 95.33, 94.31, 93.29, 93.01, 91.9, 91.27, 90.44]

2023-10-21 09:36:07,316 [trainer.py] => Average Accuracy (CNN): 78.99000000000001
2023-10-21 09:36:07,316 [trainer.py] => Average Accuracy (NME): 77.67222222222222
2023-10-21 09:36:07,318 [trainer.py] => All params: 100937376
2023-10-21 09:36:07,320 [trainer.py] => Trainable params: 11586720
2023-10-21 09:36:07,472 [der.py] => Learning on 90-95
2023-10-21 09:36:07,476 [der.py] => All params: 112177893
2023-10-21 09:36:07,478 [der.py] => Trainable params: 11658405
2023-10-21 15:04:17,666 [der.py] => Task 9, Epoch 170/170 => Loss 0.176, Loss_clf 0.095, Loss_aux 0.081, Train_accy 97.54
2023-10-21 15:04:17,669 [base.py] => Constructing exemplars for new classes...(20 per classes)
2023-10-21 15:08:48,711 [der.py] => Exemplar size: 1900
2023-10-21 15:08:48,712 [trainer.py] => CNN: {'total': 72.34, '00-09': 63.2, '10-19': 72.0, '20-29': 69.8, '30-39': 72.6, '40-49': 70.6, '50-59': 70.6, '60-69': 74.0, '70-79': 81.2, '80-89': 79.6, '90-99': 67.2, 'old': 72.62, 'new': 67.2}
2023-10-21 15:08:48,712 [trainer.py] => NME: {'total': 68.63, '00-09': 58.2, '10-19': 66.4, '20-29': 58.8, '30-39': 70.2, '40-49': 65.8, '50-59': 67.6, '60-69': 69.6, '70-79': 77.8, '80-89': 76.0, '90-99': 83.2, 'old': 67.82, 'new': 83.2}
2023-10-21 15:08:48,713 [trainer.py] => CNN top1 curve: [87.16, 85.27, 83.0, 79.35, 78.31, 75.55, 75.22, 74.47, 72.58, 72.34]
2023-10-21 15:08:48,713 [trainer.py] => CNN top5 curve: [96.56, 95.96, 95.17, 94.55, 93.86, 93.23, 92.85, 92.35, 92.13, 91.79]
2023-10-21 15:08:48,713 [trainer.py] => NME top1 curve: [86.76, 84.91, 82.03, 79.63, 76.69, 74.45, 73.32, 71.55, 69.71, 68.63]
2023-10-21 15:08:48,713 [trainer.py] => NME top5 curve: [96.72, 96.47, 95.33, 94.31, 93.29, 93.01, 91.9, 91.27, 90.44, 89.16]

2023-10-21 15:08:48,714 [trainer.py] => Average Accuracy (CNN): 78.32500000000002
2023-10-21 15:08:48,714 [trainer.py] => Average Accuracy (NME): 76.768
2023-10-21 15:08:48,716 [trainer.py] => All params: 112177893
2023-10-21 15:08:48,718 [trainer.py] => Trainable params: 11658405
2023-10-21 15:08:48,876 [der.py] => Learning on 95-100
2023-10-21 15:08:48,881 [der.py] => All params: 123423530
2023-10-21 15:08:48,883 [der.py] => Trainable params: 11735210
2023-10-21 21:07:51,466 [der.py] => Task 10, Epoch 170/170 => Loss 0.209, Loss_clf 0.110, Loss_aux 0.099, Train_accy 97.15
2023-10-21 21:07:51,468 [base.py] => Constructing exemplars for new classes...(20 per classes)
2023-10-21 21:12:54,252 [der.py] => Exemplar size: 2000
2023-10-21 21:12:54,253 [trainer.py] => CNN: {'total': 71.02, '00-09': 62.4, '10-19': 69.0, '20-29': 68.0, '30-39': 72.8, '40-49': 69.0, '50-59': 70.4, '60-69': 72.6, '70-79': 79.4, '80-89': 78.0, '90-99': 68.6, 'old': 72.02, 'new': 52.0}
2023-10-21 21:12:54,253 [trainer.py] => NME: {'total': 66.54, '00-09': 57.4, '10-19': 66.0, '20-29': 57.0, '30-39': 66.0, '40-49': 62.4, '50-59': 64.0, '60-69': 64.6, '70-79': 76.2, '80-89': 71.8, '90-99': 80.0, 'old': 65.77, 'new': 81.2}
2023-10-21 21:12:54,254 [trainer.py] => CNN top1 curve: [87.16, 85.27, 83.0, 79.35, 78.31, 75.55, 75.22, 74.47, 72.58, 72.34, 71.02]
2023-10-21 21:12:54,254 [trainer.py] => CNN top5 curve: [96.56, 95.96, 95.17, 94.55, 93.86, 93.23, 92.85, 92.35, 92.13, 91.79, 91.1]
2023-10-21 21:12:54,254 [trainer.py] => NME top1 curve: [86.76, 84.91, 82.03, 79.63, 76.69, 74.45, 73.32, 71.55, 69.71, 68.63, 66.54]
2023-10-21 21:12:54,255 [trainer.py] => NME top5 curve: [96.72, 96.47, 95.33, 94.31, 93.29, 93.01, 91.9, 91.27, 90.44, 89.16, 88.0]

2023-10-21 21:12:54,255 [trainer.py] => Average Accuracy (CNN): 77.6609090909091
2023-10-21 21:12:54,255 [trainer.py] => Average Accuracy (NME): 75.83818181818181
