2025-02-11 22:15:27,211 [trainer.py] => config: ./exps/fetril1.json
2025-02-11 22:15:27,215 [trainer.py] => prefix: train
2025-02-11 22:15:27,216 [trainer.py] => dataset: cifar100
2025-02-11 22:15:27,216 [trainer.py] => memory_size: 2000
2025-02-11 22:15:27,217 [trainer.py] => shuffle: True
2025-02-11 22:15:27,217 [trainer.py] => init_cls: 10
2025-02-11 22:15:27,217 [trainer.py] => increment: 10
2025-02-11 22:15:27,218 [trainer.py] => model_name: fetril
2025-02-11 22:15:27,218 [trainer.py] => convnet_type: resnet32
2025-02-11 22:15:27,218 [trainer.py] => device: [device(type='cuda', index=0)]
2025-02-11 22:15:27,219 [trainer.py] => seed: 1993
2025-02-11 22:15:27,219 [trainer.py] => init_epochs: 200
2025-02-11 22:15:27,219 [trainer.py] => init_lr: 0.05
2025-02-11 22:15:27,220 [trainer.py] => init_weight_decay: 0.0005
2025-02-11 22:15:27,220 [trainer.py] => epochs: 50
2025-02-11 22:15:27,220 [trainer.py] => lr: 0.1
2025-02-11 22:15:27,220 [trainer.py] => batch_size: 128
2025-02-11 22:15:27,221 [trainer.py] => weight_decay: 0.0005
2025-02-11 22:15:27,221 [trainer.py] => num_workers: 8
2025-02-11 22:15:27,221 [trainer.py] => T: 2
2025-02-11 22:15:29,176 [data_manager.py] => [68, 56, 78, 8, 23, 84, 90, 65, 74, 76, 40, 89, 3, 92, 55, 9, 26, 80, 43, 38, 58, 70, 77, 1, 85, 19, 17, 50, 28, 53, 13, 81, 45, 82, 6, 59, 83, 16, 15, 44, 91, 41, 72, 60, 79, 52, 20, 10, 31, 54, 37, 95, 14, 71, 96, 98, 97, 2, 64, 66, 42, 22, 35, 86, 24, 34, 87, 21, 99, 0, 88, 27, 18, 94, 11, 12, 47, 25, 30, 46, 62, 69, 36, 61, 7, 63, 75, 5, 32, 4, 51, 48, 73, 93, 39, 67, 29, 49, 57, 33]
2025-02-11 22:15:43,688 [trainer.py] => All params: 464154
2025-02-11 22:15:43,688 [trainer.py] => Trainable params: 464154
2025-02-11 22:15:43,692 [fetril.py] => Learning on 0-10
2025-02-11 22:15:43,693 [fetril.py] => All params: 464804
2025-02-11 22:15:43,694 [fetril.py] => Trainable params: 464804
2025-02-11 22:16:04,633 [fetril.py] => Task 0, Epoch 1/200 => Loss 2.498, Train_accy 14.26, Test_accy 11.90
2025-02-11 22:16:05,725 [fetril.py] => Task 0, Epoch 2/200 => Loss 2.245, Train_accy 19.34
2025-02-11 22:16:06,831 [fetril.py] => Task 0, Epoch 3/200 => Loss 2.109, Train_accy 21.82
2025-02-11 22:16:07,925 [fetril.py] => Task 0, Epoch 4/200 => Loss 2.041, Train_accy 24.78
2025-02-11 22:16:08,995 [fetril.py] => Task 0, Epoch 5/200 => Loss 1.982, Train_accy 28.66
2025-02-11 22:16:10,449 [fetril.py] => Task 0, Epoch 6/200 => Loss 1.879, Train_accy 31.92, Test_accy 37.40
2025-02-11 22:16:11,554 [fetril.py] => Task 0, Epoch 7/200 => Loss 1.841, Train_accy 33.86
2025-02-11 22:16:12,666 [fetril.py] => Task 0, Epoch 8/200 => Loss 1.811, Train_accy 35.54
2025-02-11 22:16:13,760 [fetril.py] => Task 0, Epoch 9/200 => Loss 1.739, Train_accy 38.82
2025-02-11 22:16:14,876 [fetril.py] => Task 0, Epoch 10/200 => Loss 1.703, Train_accy 39.46
2025-02-11 22:16:16,324 [fetril.py] => Task 0, Epoch 11/200 => Loss 1.657, Train_accy 41.12, Test_accy 54.80
2025-02-11 22:16:17,418 [fetril.py] => Task 0, Epoch 12/200 => Loss 1.611, Train_accy 43.76
2025-02-11 22:16:18,515 [fetril.py] => Task 0, Epoch 13/200 => Loss 1.553, Train_accy 45.94
2025-02-11 22:16:19,628 [fetril.py] => Task 0, Epoch 14/200 => Loss 1.562, Train_accy 45.26
2025-02-11 22:16:20,722 [fetril.py] => Task 0, Epoch 15/200 => Loss 1.540, Train_accy 46.76
2025-02-11 22:16:22,154 [fetril.py] => Task 0, Epoch 16/200 => Loss 1.490, Train_accy 48.48, Test_accy 59.50
2025-02-11 22:16:23,232 [fetril.py] => Task 0, Epoch 17/200 => Loss 1.497, Train_accy 49.18
2025-02-11 22:16:24,342 [fetril.py] => Task 0, Epoch 18/200 => Loss 1.420, Train_accy 50.40
2025-02-11 22:16:25,437 [fetril.py] => Task 0, Epoch 19/200 => Loss 1.399, Train_accy 51.54
2025-02-11 22:16:26,535 [fetril.py] => Task 0, Epoch 20/200 => Loss 1.316, Train_accy 54.02
2025-02-11 22:16:27,963 [fetril.py] => Task 0, Epoch 21/200 => Loss 1.305, Train_accy 55.08, Test_accy 65.10
2025-02-11 22:16:29,060 [fetril.py] => Task 0, Epoch 22/200 => Loss 1.309, Train_accy 56.24
2025-02-11 22:16:30,151 [fetril.py] => Task 0, Epoch 23/200 => Loss 1.316, Train_accy 54.96
2025-02-11 22:16:31,267 [fetril.py] => Task 0, Epoch 24/200 => Loss 1.269, Train_accy 56.36
2025-02-11 22:16:32,369 [fetril.py] => Task 0, Epoch 25/200 => Loss 1.226, Train_accy 57.72
2025-02-11 22:16:33,821 [fetril.py] => Task 0, Epoch 26/200 => Loss 1.241, Train_accy 57.94, Test_accy 71.00
2025-02-11 22:16:34,915 [fetril.py] => Task 0, Epoch 27/200 => Loss 1.180, Train_accy 58.94
2025-02-11 22:16:36,030 [fetril.py] => Task 0, Epoch 28/200 => Loss 1.134, Train_accy 61.50
2025-02-11 22:16:37,141 [fetril.py] => Task 0, Epoch 29/200 => Loss 1.122, Train_accy 61.52
2025-02-11 22:16:38,222 [fetril.py] => Task 0, Epoch 30/200 => Loss 1.120, Train_accy 61.22
2025-02-11 22:16:39,640 [fetril.py] => Task 0, Epoch 31/200 => Loss 1.104, Train_accy 61.54, Test_accy 66.70
2025-02-11 22:16:40,726 [fetril.py] => Task 0, Epoch 32/200 => Loss 1.070, Train_accy 63.80
2025-02-11 22:16:41,815 [fetril.py] => Task 0, Epoch 33/200 => Loss 1.084, Train_accy 63.70
2025-02-11 22:16:42,901 [fetril.py] => Task 0, Epoch 34/200 => Loss 1.080, Train_accy 62.82
2025-02-11 22:16:44,000 [fetril.py] => Task 0, Epoch 35/200 => Loss 1.034, Train_accy 64.06
2025-02-11 22:16:45,444 [fetril.py] => Task 0, Epoch 36/200 => Loss 1.005, Train_accy 66.58, Test_accy 76.30
2025-02-11 22:16:46,554 [fetril.py] => Task 0, Epoch 37/200 => Loss 1.128, Train_accy 62.22
2025-02-11 22:16:47,673 [fetril.py] => Task 0, Epoch 38/200 => Loss 1.023, Train_accy 65.56
2025-02-11 22:16:48,771 [fetril.py] => Task 0, Epoch 39/200 => Loss 0.977, Train_accy 66.26
2025-02-11 22:16:49,843 [fetril.py] => Task 0, Epoch 40/200 => Loss 0.903, Train_accy 69.40
2025-02-11 22:16:51,273 [fetril.py] => Task 0, Epoch 41/200 => Loss 0.894, Train_accy 70.00, Test_accy 81.80
2025-02-11 22:16:52,379 [fetril.py] => Task 0, Epoch 42/200 => Loss 0.881, Train_accy 69.60
2025-02-11 22:16:53,502 [fetril.py] => Task 0, Epoch 43/200 => Loss 0.887, Train_accy 69.88
2025-02-11 22:16:54,589 [fetril.py] => Task 0, Epoch 44/200 => Loss 0.921, Train_accy 69.86
2025-02-11 22:16:55,667 [fetril.py] => Task 0, Epoch 45/200 => Loss 0.964, Train_accy 67.50
2025-02-11 22:16:57,075 [fetril.py] => Task 0, Epoch 46/200 => Loss 0.862, Train_accy 70.62, Test_accy 80.30
2025-02-11 22:16:58,182 [fetril.py] => Task 0, Epoch 47/200 => Loss 0.874, Train_accy 71.10
2025-02-11 22:16:59,277 [fetril.py] => Task 0, Epoch 48/200 => Loss 0.900, Train_accy 70.26
2025-02-11 22:17:00,377 [fetril.py] => Task 0, Epoch 49/200 => Loss 0.996, Train_accy 66.26
2025-02-11 22:17:01,494 [fetril.py] => Task 0, Epoch 50/200 => Loss 0.875, Train_accy 70.46
2025-02-11 22:17:02,932 [fetril.py] => Task 0, Epoch 51/200 => Loss 0.805, Train_accy 73.14, Test_accy 80.60
2025-02-11 22:17:04,051 [fetril.py] => Task 0, Epoch 52/200 => Loss 0.794, Train_accy 73.76
2025-02-11 22:17:05,125 [fetril.py] => Task 0, Epoch 53/200 => Loss 0.810, Train_accy 72.26
2025-02-11 22:17:06,230 [fetril.py] => Task 0, Epoch 54/200 => Loss 0.794, Train_accy 74.50
2025-02-11 22:17:07,328 [fetril.py] => Task 0, Epoch 55/200 => Loss 0.807, Train_accy 73.20
2025-02-11 22:17:08,750 [fetril.py] => Task 0, Epoch 56/200 => Loss 0.768, Train_accy 73.18, Test_accy 82.60
2025-02-11 22:17:09,857 [fetril.py] => Task 0, Epoch 57/200 => Loss 0.745, Train_accy 74.82
2025-02-11 22:17:10,961 [fetril.py] => Task 0, Epoch 58/200 => Loss 0.731, Train_accy 75.88
2025-02-11 22:17:12,041 [fetril.py] => Task 0, Epoch 59/200 => Loss 0.773, Train_accy 75.16
2025-02-11 22:17:13,157 [fetril.py] => Task 0, Epoch 60/200 => Loss 0.751, Train_accy 74.38
2025-02-11 22:17:14,599 [fetril.py] => Task 0, Epoch 61/200 => Loss 0.751, Train_accy 74.88, Test_accy 77.70
2025-02-11 22:17:15,693 [fetril.py] => Task 0, Epoch 62/200 => Loss 0.762, Train_accy 74.02
2025-02-11 22:17:16,788 [fetril.py] => Task 0, Epoch 63/200 => Loss 0.729, Train_accy 75.30
2025-02-11 22:17:17,911 [fetril.py] => Task 0, Epoch 64/200 => Loss 0.722, Train_accy 76.04
2025-02-11 22:17:19,035 [fetril.py] => Task 0, Epoch 65/200 => Loss 0.693, Train_accy 76.74
2025-02-11 22:17:20,441 [fetril.py] => Task 0, Epoch 66/200 => Loss 0.716, Train_accy 76.10, Test_accy 84.40
2025-02-11 22:17:21,526 [fetril.py] => Task 0, Epoch 67/200 => Loss 0.680, Train_accy 76.78
2025-02-11 22:17:22,633 [fetril.py] => Task 0, Epoch 68/200 => Loss 0.752, Train_accy 74.50
2025-02-11 22:17:23,738 [fetril.py] => Task 0, Epoch 69/200 => Loss 0.699, Train_accy 77.16
2025-02-11 22:17:24,829 [fetril.py] => Task 0, Epoch 70/200 => Loss 0.715, Train_accy 76.14
2025-02-11 22:17:26,251 [fetril.py] => Task 0, Epoch 71/200 => Loss 0.689, Train_accy 77.80, Test_accy 88.70
2025-02-11 22:17:27,332 [fetril.py] => Task 0, Epoch 72/200 => Loss 0.692, Train_accy 77.20
2025-02-11 22:17:28,440 [fetril.py] => Task 0, Epoch 73/200 => Loss 0.662, Train_accy 77.44
2025-02-11 22:17:29,548 [fetril.py] => Task 0, Epoch 74/200 => Loss 0.665, Train_accy 77.30
2025-02-11 22:17:30,659 [fetril.py] => Task 0, Epoch 75/200 => Loss 0.619, Train_accy 79.06
2025-02-11 22:17:32,086 [fetril.py] => Task 0, Epoch 76/200 => Loss 0.645, Train_accy 78.20, Test_accy 85.90
2025-02-11 22:17:33,223 [fetril.py] => Task 0, Epoch 77/200 => Loss 0.643, Train_accy 77.76
2025-02-11 22:17:34,314 [fetril.py] => Task 0, Epoch 78/200 => Loss 0.676, Train_accy 76.86
2025-02-11 22:17:35,408 [fetril.py] => Task 0, Epoch 79/200 => Loss 0.652, Train_accy 78.66
2025-02-11 22:17:36,501 [fetril.py] => Task 0, Epoch 80/200 => Loss 0.673, Train_accy 77.76
2025-02-11 22:17:37,902 [fetril.py] => Task 0, Epoch 81/200 => Loss 0.631, Train_accy 78.42, Test_accy 87.00
2025-02-11 22:17:38,989 [fetril.py] => Task 0, Epoch 82/200 => Loss 0.599, Train_accy 80.16
2025-02-11 22:17:40,117 [fetril.py] => Task 0, Epoch 83/200 => Loss 0.640, Train_accy 78.48
2025-02-11 22:17:41,228 [fetril.py] => Task 0, Epoch 84/200 => Loss 0.635, Train_accy 78.74
2025-02-11 22:17:42,353 [fetril.py] => Task 0, Epoch 85/200 => Loss 0.627, Train_accy 78.90
2025-02-11 22:17:43,763 [fetril.py] => Task 0, Epoch 86/200 => Loss 0.600, Train_accy 79.62, Test_accy 87.90
2025-02-11 22:17:44,841 [fetril.py] => Task 0, Epoch 87/200 => Loss 0.563, Train_accy 81.32
2025-02-11 22:17:45,924 [fetril.py] => Task 0, Epoch 88/200 => Loss 0.592, Train_accy 79.78
2025-02-11 22:17:46,995 [fetril.py] => Task 0, Epoch 89/200 => Loss 0.564, Train_accy 80.86
2025-02-11 22:17:48,074 [fetril.py] => Task 0, Epoch 90/200 => Loss 0.575, Train_accy 80.28
2025-02-11 22:17:49,489 [fetril.py] => Task 0, Epoch 91/200 => Loss 0.595, Train_accy 81.14, Test_accy 85.40
2025-02-11 22:17:50,558 [fetril.py] => Task 0, Epoch 92/200 => Loss 0.645, Train_accy 78.00
2025-02-11 22:17:51,652 [fetril.py] => Task 0, Epoch 93/200 => Loss 0.576, Train_accy 80.36
2025-02-11 22:17:52,757 [fetril.py] => Task 0, Epoch 94/200 => Loss 0.575, Train_accy 80.76
2025-02-11 22:17:53,836 [fetril.py] => Task 0, Epoch 95/200 => Loss 0.554, Train_accy 80.70
2025-02-11 22:17:55,254 [fetril.py] => Task 0, Epoch 96/200 => Loss 0.536, Train_accy 82.30, Test_accy 86.90
2025-02-11 22:17:56,348 [fetril.py] => Task 0, Epoch 97/200 => Loss 0.588, Train_accy 79.32
2025-02-11 22:17:57,449 [fetril.py] => Task 0, Epoch 98/200 => Loss 0.545, Train_accy 81.00
2025-02-11 22:17:58,553 [fetril.py] => Task 0, Epoch 99/200 => Loss 0.541, Train_accy 82.68
2025-02-11 22:17:59,647 [fetril.py] => Task 0, Epoch 100/200 => Loss 0.652, Train_accy 77.60
2025-02-11 22:18:01,085 [fetril.py] => Task 0, Epoch 101/200 => Loss 0.531, Train_accy 81.58, Test_accy 88.30
2025-02-11 22:18:02,197 [fetril.py] => Task 0, Epoch 102/200 => Loss 0.567, Train_accy 81.28
2025-02-11 22:18:03,284 [fetril.py] => Task 0, Epoch 103/200 => Loss 0.603, Train_accy 79.36
2025-02-11 22:18:04,358 [fetril.py] => Task 0, Epoch 104/200 => Loss 0.531, Train_accy 81.74
2025-02-11 22:18:05,443 [fetril.py] => Task 0, Epoch 105/200 => Loss 0.530, Train_accy 81.52
2025-02-11 22:18:06,918 [fetril.py] => Task 0, Epoch 106/200 => Loss 0.499, Train_accy 83.32, Test_accy 88.00
2025-02-11 22:18:08,003 [fetril.py] => Task 0, Epoch 107/200 => Loss 0.563, Train_accy 80.94
2025-02-11 22:18:09,070 [fetril.py] => Task 0, Epoch 108/200 => Loss 0.554, Train_accy 82.84
2025-02-11 22:18:10,172 [fetril.py] => Task 0, Epoch 109/200 => Loss 0.547, Train_accy 81.92
2025-02-11 22:18:11,256 [fetril.py] => Task 0, Epoch 110/200 => Loss 0.565, Train_accy 81.52
2025-02-11 22:18:12,715 [fetril.py] => Task 0, Epoch 111/200 => Loss 0.490, Train_accy 83.62, Test_accy 89.40
2025-02-11 22:18:13,814 [fetril.py] => Task 0, Epoch 112/200 => Loss 0.513, Train_accy 82.86
2025-02-11 22:18:14,898 [fetril.py] => Task 0, Epoch 113/200 => Loss 0.507, Train_accy 82.50
2025-02-11 22:18:16,013 [fetril.py] => Task 0, Epoch 114/200 => Loss 0.515, Train_accy 83.02
2025-02-11 22:18:17,100 [fetril.py] => Task 0, Epoch 115/200 => Loss 0.516, Train_accy 82.64
2025-02-11 22:18:18,520 [fetril.py] => Task 0, Epoch 116/200 => Loss 0.478, Train_accy 83.76, Test_accy 90.20
2025-02-11 22:18:19,634 [fetril.py] => Task 0, Epoch 117/200 => Loss 0.459, Train_accy 84.30
2025-02-11 22:18:20,724 [fetril.py] => Task 0, Epoch 118/200 => Loss 0.464, Train_accy 84.42
2025-02-11 22:18:21,827 [fetril.py] => Task 0, Epoch 119/200 => Loss 0.493, Train_accy 83.64
2025-02-11 22:18:22,920 [fetril.py] => Task 0, Epoch 120/200 => Loss 0.511, Train_accy 83.32
2025-02-11 22:18:24,365 [fetril.py] => Task 0, Epoch 121/200 => Loss 0.511, Train_accy 83.14, Test_accy 89.70
2025-02-11 22:18:25,458 [fetril.py] => Task 0, Epoch 122/200 => Loss 0.477, Train_accy 84.40
2025-02-11 22:18:26,546 [fetril.py] => Task 0, Epoch 123/200 => Loss 0.477, Train_accy 83.76
2025-02-11 22:18:27,647 [fetril.py] => Task 0, Epoch 124/200 => Loss 0.451, Train_accy 85.18
2025-02-11 22:18:28,727 [fetril.py] => Task 0, Epoch 125/200 => Loss 0.465, Train_accy 84.64
2025-02-11 22:18:30,157 [fetril.py] => Task 0, Epoch 126/200 => Loss 0.485, Train_accy 84.98, Test_accy 90.00
2025-02-11 22:18:31,257 [fetril.py] => Task 0, Epoch 127/200 => Loss 0.476, Train_accy 83.90
2025-02-11 22:18:32,351 [fetril.py] => Task 0, Epoch 128/200 => Loss 0.438, Train_accy 85.62
2025-02-11 22:18:33,459 [fetril.py] => Task 0, Epoch 129/200 => Loss 0.431, Train_accy 85.56
2025-02-11 22:18:34,552 [fetril.py] => Task 0, Epoch 130/200 => Loss 0.412, Train_accy 86.24
2025-02-11 22:18:36,014 [fetril.py] => Task 0, Epoch 131/200 => Loss 0.417, Train_accy 86.28, Test_accy 90.20
2025-02-11 22:18:37,117 [fetril.py] => Task 0, Epoch 132/200 => Loss 0.444, Train_accy 86.08
2025-02-11 22:18:38,207 [fetril.py] => Task 0, Epoch 133/200 => Loss 0.413, Train_accy 85.42
2025-02-11 22:18:39,278 [fetril.py] => Task 0, Epoch 134/200 => Loss 0.415, Train_accy 85.90
2025-02-11 22:18:40,364 [fetril.py] => Task 0, Epoch 135/200 => Loss 0.421, Train_accy 86.12
2025-02-11 22:18:41,791 [fetril.py] => Task 0, Epoch 136/200 => Loss 0.415, Train_accy 86.48, Test_accy 90.10
2025-02-11 22:18:42,896 [fetril.py] => Task 0, Epoch 137/200 => Loss 0.422, Train_accy 86.24
2025-02-11 22:18:43,994 [fetril.py] => Task 0, Epoch 138/200 => Loss 0.448, Train_accy 86.36
2025-02-11 22:18:45,098 [fetril.py] => Task 0, Epoch 139/200 => Loss 0.451, Train_accy 85.04
2025-02-11 22:18:46,202 [fetril.py] => Task 0, Epoch 140/200 => Loss 0.431, Train_accy 85.50
2025-02-11 22:18:47,645 [fetril.py] => Task 0, Epoch 141/200 => Loss 0.422, Train_accy 85.92, Test_accy 92.60
2025-02-11 22:18:48,731 [fetril.py] => Task 0, Epoch 142/200 => Loss 0.429, Train_accy 85.64
2025-02-11 22:18:49,833 [fetril.py] => Task 0, Epoch 143/200 => Loss 0.400, Train_accy 86.56
2025-02-11 22:18:50,933 [fetril.py] => Task 0, Epoch 144/200 => Loss 0.415, Train_accy 86.66
2025-02-11 22:18:52,027 [fetril.py] => Task 0, Epoch 145/200 => Loss 0.391, Train_accy 86.28
2025-02-11 22:18:53,479 [fetril.py] => Task 0, Epoch 146/200 => Loss 0.388, Train_accy 87.10, Test_accy 91.10
2025-02-11 22:18:54,586 [fetril.py] => Task 0, Epoch 147/200 => Loss 0.383, Train_accy 86.76
2025-02-11 22:18:55,701 [fetril.py] => Task 0, Epoch 148/200 => Loss 0.374, Train_accy 87.72
2025-02-11 22:18:56,849 [fetril.py] => Task 0, Epoch 149/200 => Loss 0.351, Train_accy 88.38
2025-02-11 22:18:57,958 [fetril.py] => Task 0, Epoch 150/200 => Loss 0.357, Train_accy 88.06
2025-02-11 22:18:59,400 [fetril.py] => Task 0, Epoch 151/200 => Loss 0.368, Train_accy 88.42, Test_accy 91.40
2025-02-11 22:19:00,511 [fetril.py] => Task 0, Epoch 152/200 => Loss 0.395, Train_accy 87.78
2025-02-11 22:19:01,604 [fetril.py] => Task 0, Epoch 153/200 => Loss 0.357, Train_accy 88.34
2025-02-11 22:19:02,699 [fetril.py] => Task 0, Epoch 154/200 => Loss 0.382, Train_accy 87.38
2025-02-11 22:19:03,787 [fetril.py] => Task 0, Epoch 155/200 => Loss 0.367, Train_accy 88.30
2025-02-11 22:19:05,234 [fetril.py] => Task 0, Epoch 156/200 => Loss 0.362, Train_accy 87.32, Test_accy 92.00
2025-02-11 22:19:06,335 [fetril.py] => Task 0, Epoch 157/200 => Loss 0.371, Train_accy 87.92
2025-02-11 22:19:07,435 [fetril.py] => Task 0, Epoch 158/200 => Loss 0.350, Train_accy 88.30
2025-02-11 22:19:08,521 [fetril.py] => Task 0, Epoch 159/200 => Loss 0.351, Train_accy 87.76
2025-02-11 22:19:09,614 [fetril.py] => Task 0, Epoch 160/200 => Loss 0.333, Train_accy 89.02
2025-02-11 22:19:11,045 [fetril.py] => Task 0, Epoch 161/200 => Loss 0.333, Train_accy 88.34, Test_accy 92.60
2025-02-11 22:19:12,154 [fetril.py] => Task 0, Epoch 162/200 => Loss 0.350, Train_accy 89.50
2025-02-11 22:19:13,230 [fetril.py] => Task 0, Epoch 163/200 => Loss 0.339, Train_accy 89.32
2025-02-11 22:19:14,324 [fetril.py] => Task 0, Epoch 164/200 => Loss 0.331, Train_accy 89.06
2025-02-11 22:19:15,405 [fetril.py] => Task 0, Epoch 165/200 => Loss 0.340, Train_accy 89.14
2025-02-11 22:19:16,825 [fetril.py] => Task 0, Epoch 166/200 => Loss 0.353, Train_accy 88.14, Test_accy 93.30
2025-02-11 22:19:17,926 [fetril.py] => Task 0, Epoch 167/200 => Loss 0.348, Train_accy 87.78
2025-02-11 22:19:19,010 [fetril.py] => Task 0, Epoch 168/200 => Loss 0.343, Train_accy 88.48
2025-02-11 22:19:20,098 [fetril.py] => Task 0, Epoch 169/200 => Loss 0.328, Train_accy 89.02
2025-02-11 22:19:21,179 [fetril.py] => Task 0, Epoch 170/200 => Loss 0.314, Train_accy 90.70
2025-02-11 22:19:22,600 [fetril.py] => Task 0, Epoch 171/200 => Loss 0.309, Train_accy 89.26, Test_accy 93.20
2025-02-11 22:19:23,708 [fetril.py] => Task 0, Epoch 172/200 => Loss 0.351, Train_accy 89.64
2025-02-11 22:19:24,790 [fetril.py] => Task 0, Epoch 173/200 => Loss 0.325, Train_accy 89.44
2025-02-11 22:19:25,874 [fetril.py] => Task 0, Epoch 174/200 => Loss 0.335, Train_accy 89.26
2025-02-11 22:19:26,983 [fetril.py] => Task 0, Epoch 175/200 => Loss 0.314, Train_accy 89.36
2025-02-11 22:19:28,398 [fetril.py] => Task 0, Epoch 176/200 => Loss 0.320, Train_accy 89.18, Test_accy 93.70
2025-02-11 22:19:29,479 [fetril.py] => Task 0, Epoch 177/200 => Loss 0.331, Train_accy 89.44
2025-02-11 22:19:30,550 [fetril.py] => Task 0, Epoch 178/200 => Loss 0.288, Train_accy 90.08
2025-02-11 22:19:31,642 [fetril.py] => Task 0, Epoch 179/200 => Loss 0.315, Train_accy 89.80
2025-02-11 22:19:32,738 [fetril.py] => Task 0, Epoch 180/200 => Loss 0.308, Train_accy 89.70
2025-02-11 22:19:34,151 [fetril.py] => Task 0, Epoch 181/200 => Loss 0.315, Train_accy 89.76, Test_accy 93.10
2025-02-11 22:19:35,290 [fetril.py] => Task 0, Epoch 182/200 => Loss 0.289, Train_accy 89.92
2025-02-11 22:19:36,401 [fetril.py] => Task 0, Epoch 183/200 => Loss 0.285, Train_accy 89.86
2025-02-11 22:19:37,508 [fetril.py] => Task 0, Epoch 184/200 => Loss 0.290, Train_accy 90.06
2025-02-11 22:19:38,596 [fetril.py] => Task 0, Epoch 185/200 => Loss 0.299, Train_accy 89.90
2025-02-11 22:19:40,024 [fetril.py] => Task 0, Epoch 186/200 => Loss 0.300, Train_accy 90.30, Test_accy 93.30
2025-02-11 22:19:41,091 [fetril.py] => Task 0, Epoch 187/200 => Loss 0.298, Train_accy 90.30
2025-02-11 22:19:42,214 [fetril.py] => Task 0, Epoch 188/200 => Loss 0.299, Train_accy 90.04
2025-02-11 22:19:43,290 [fetril.py] => Task 0, Epoch 189/200 => Loss 0.309, Train_accy 91.00
2025-02-11 22:19:44,375 [fetril.py] => Task 0, Epoch 190/200 => Loss 0.275, Train_accy 90.34
2025-02-11 22:19:45,781 [fetril.py] => Task 0, Epoch 191/200 => Loss 0.291, Train_accy 90.28, Test_accy 93.00
2025-02-11 22:19:46,874 [fetril.py] => Task 0, Epoch 192/200 => Loss 0.307, Train_accy 90.32
2025-02-11 22:19:47,973 [fetril.py] => Task 0, Epoch 193/200 => Loss 0.279, Train_accy 90.70
2025-02-11 22:19:49,066 [fetril.py] => Task 0, Epoch 194/200 => Loss 0.300, Train_accy 89.90
2025-02-11 22:19:50,149 [fetril.py] => Task 0, Epoch 195/200 => Loss 0.288, Train_accy 90.34
2025-02-11 22:19:51,615 [fetril.py] => Task 0, Epoch 196/200 => Loss 0.304, Train_accy 90.24, Test_accy 93.70
2025-02-11 22:19:52,705 [fetril.py] => Task 0, Epoch 197/200 => Loss 0.292, Train_accy 90.50
2025-02-11 22:19:53,794 [fetril.py] => Task 0, Epoch 198/200 => Loss 0.293, Train_accy 90.32
2025-02-11 22:19:54,897 [fetril.py] => Task 0, Epoch 199/200 => Loss 0.293, Train_accy 90.40
2025-02-11 22:19:55,986 [fetril.py] => Task 0, Epoch 200/200 => Loss 0.305, Train_accy 89.98
2025-02-11 22:20:02,147 [fetril.py] => svm train: acc: 99.62
2025-02-11 22:20:02,162 [fetril.py] => svm evaluation: acc_list: [93.7]
2025-02-11 22:20:02,625 [trainer.py] => No NME accuracy.
2025-02-11 22:20:02,626 [trainer.py] => CNN: {'total': 93.6, '00-09': 93.6, 'old': 0, 'new': 93.6}
2025-02-11 22:20:02,626 [trainer.py] => CNN top1 curve: [93.6]
2025-02-11 22:20:02,626 [trainer.py] => CNN top5 curve: [99.9]

2025-02-11 22:20:02,626 [trainer.py] => Average Accuracy (CNN): 93.6
2025-02-11 22:20:02,627 [trainer.py] => All params: 464804
2025-02-11 22:20:02,627 [trainer.py] => Trainable params: 464804
2025-02-11 22:20:02,660 [fetril.py] => Learning on 10-20
2025-02-11 22:20:02,662 [fetril.py] => All params: 465454
2025-02-11 22:20:02,662 [fetril.py] => Trainable params: 1300
2025-02-11 22:20:11,410 [fetril.py] => Task 1, Epoch 1/50 => Loss 1.353, Train_accy 58.20, Test_accy 58.25
2025-02-11 22:20:11,819 [fetril.py] => Task 1, Epoch 2/50 => Loss 1.011, Train_accy 66.07
2025-02-11 22:20:12,243 [fetril.py] => Task 1, Epoch 3/50 => Loss 0.971, Train_accy 67.75
2025-02-11 22:20:12,638 [fetril.py] => Task 1, Epoch 4/50 => Loss 0.956, Train_accy 67.89
2025-02-11 22:20:13,067 [fetril.py] => Task 1, Epoch 5/50 => Loss 0.925, Train_accy 69.69
2025-02-11 22:20:13,838 [fetril.py] => Task 1, Epoch 6/50 => Loss 0.924, Train_accy 68.98, Test_accy 60.45
2025-02-11 22:20:14,233 [fetril.py] => Task 1, Epoch 7/50 => Loss 0.900, Train_accy 70.15
2025-02-11 22:20:14,625 [fetril.py] => Task 1, Epoch 8/50 => Loss 0.892, Train_accy 70.50
2025-02-11 22:20:15,036 [fetril.py] => Task 1, Epoch 9/50 => Loss 0.881, Train_accy 71.07
2025-02-11 22:20:15,434 [fetril.py] => Task 1, Epoch 10/50 => Loss 0.881, Train_accy 70.86
2025-02-11 22:20:16,208 [fetril.py] => Task 1, Epoch 11/50 => Loss 0.873, Train_accy 71.39, Test_accy 61.00
2025-02-11 22:20:16,596 [fetril.py] => Task 1, Epoch 12/50 => Loss 0.872, Train_accy 71.25
2025-02-11 22:20:17,010 [fetril.py] => Task 1, Epoch 13/50 => Loss 0.877, Train_accy 71.37
2025-02-11 22:20:17,410 [fetril.py] => Task 1, Epoch 14/50 => Loss 0.878, Train_accy 71.46
2025-02-11 22:20:17,814 [fetril.py] => Task 1, Epoch 15/50 => Loss 0.860, Train_accy 71.65
2025-02-11 22:20:18,602 [fetril.py] => Task 1, Epoch 16/50 => Loss 0.857, Train_accy 71.95, Test_accy 61.85
2025-02-11 22:20:19,008 [fetril.py] => Task 1, Epoch 17/50 => Loss 0.856, Train_accy 71.74
2025-02-11 22:20:19,407 [fetril.py] => Task 1, Epoch 18/50 => Loss 0.846, Train_accy 72.34
2025-02-11 22:20:19,790 [fetril.py] => Task 1, Epoch 19/50 => Loss 0.852, Train_accy 72.60
2025-02-11 22:20:20,176 [fetril.py] => Task 1, Epoch 20/50 => Loss 0.846, Train_accy 72.36
2025-02-11 22:20:20,968 [fetril.py] => Task 1, Epoch 21/50 => Loss 0.840, Train_accy 72.77, Test_accy 61.70
2025-02-11 22:20:21,375 [fetril.py] => Task 1, Epoch 22/50 => Loss 0.840, Train_accy 72.74
2025-02-11 22:20:21,786 [fetril.py] => Task 1, Epoch 23/50 => Loss 0.833, Train_accy 72.61
2025-02-11 22:20:22,181 [fetril.py] => Task 1, Epoch 24/50 => Loss 0.832, Train_accy 73.34
2025-02-11 22:20:22,601 [fetril.py] => Task 1, Epoch 25/50 => Loss 0.829, Train_accy 72.77
2025-02-11 22:20:23,372 [fetril.py] => Task 1, Epoch 26/50 => Loss 0.830, Train_accy 72.92, Test_accy 62.50
2025-02-11 22:20:23,762 [fetril.py] => Task 1, Epoch 27/50 => Loss 0.822, Train_accy 72.92
2025-02-11 22:20:24,184 [fetril.py] => Task 1, Epoch 28/50 => Loss 0.815, Train_accy 73.34
2025-02-11 22:20:24,577 [fetril.py] => Task 1, Epoch 29/50 => Loss 0.826, Train_accy 73.63
2025-02-11 22:20:24,988 [fetril.py] => Task 1, Epoch 30/50 => Loss 0.824, Train_accy 73.24
2025-02-11 22:20:25,784 [fetril.py] => Task 1, Epoch 31/50 => Loss 0.818, Train_accy 73.73, Test_accy 63.25
2025-02-11 22:20:26,192 [fetril.py] => Task 1, Epoch 32/50 => Loss 0.820, Train_accy 73.33
2025-02-11 22:20:26,589 [fetril.py] => Task 1, Epoch 33/50 => Loss 0.813, Train_accy 73.63
2025-02-11 22:20:26,993 [fetril.py] => Task 1, Epoch 34/50 => Loss 0.814, Train_accy 73.84
2025-02-11 22:20:27,396 [fetril.py] => Task 1, Epoch 35/50 => Loss 0.818, Train_accy 73.95
2025-02-11 22:20:28,189 [fetril.py] => Task 1, Epoch 36/50 => Loss 0.809, Train_accy 73.73, Test_accy 63.15
2025-02-11 22:20:28,573 [fetril.py] => Task 1, Epoch 37/50 => Loss 0.811, Train_accy 74.11
2025-02-11 22:20:28,972 [fetril.py] => Task 1, Epoch 38/50 => Loss 0.810, Train_accy 73.87
2025-02-11 22:20:29,364 [fetril.py] => Task 1, Epoch 39/50 => Loss 0.804, Train_accy 74.25
2025-02-11 22:20:29,751 [fetril.py] => Task 1, Epoch 40/50 => Loss 0.809, Train_accy 74.19
2025-02-11 22:20:30,528 [fetril.py] => Task 1, Epoch 41/50 => Loss 0.804, Train_accy 74.13, Test_accy 63.20
2025-02-11 22:20:30,947 [fetril.py] => Task 1, Epoch 42/50 => Loss 0.804, Train_accy 74.23
2025-02-11 22:20:31,358 [fetril.py] => Task 1, Epoch 43/50 => Loss 0.805, Train_accy 74.17
2025-02-11 22:20:31,762 [fetril.py] => Task 1, Epoch 44/50 => Loss 0.804, Train_accy 74.34
2025-02-11 22:20:32,202 [fetril.py] => Task 1, Epoch 45/50 => Loss 0.796, Train_accy 74.27
2025-02-11 22:20:32,982 [fetril.py] => Task 1, Epoch 46/50 => Loss 0.805, Train_accy 74.30, Test_accy 63.00
2025-02-11 22:20:33,396 [fetril.py] => Task 1, Epoch 47/50 => Loss 0.805, Train_accy 74.28
2025-02-11 22:20:33,801 [fetril.py] => Task 1, Epoch 48/50 => Loss 0.805, Train_accy 74.29
2025-02-11 22:20:34,226 [fetril.py] => Task 1, Epoch 49/50 => Loss 0.802, Train_accy 74.26
2025-02-11 22:20:34,646 [fetril.py] => Task 1, Epoch 50/50 => Loss 0.799, Train_accy 74.32
2025-02-11 22:20:35,329 [fetril.py] => svm train: acc: 73.18
2025-02-11 22:20:35,330 [fetril.py] => svm evaluation: acc_list: [93.7, 63.15]
2025-02-11 22:20:35,702 [trainer.py] => No NME accuracy.
2025-02-11 22:20:35,702 [trainer.py] => CNN: {'total': 63.0, '00-09': 76.5, '10-19': 49.5, 'old': 76.5, 'new': 49.5}
2025-02-11 22:20:35,703 [trainer.py] => CNN top1 curve: [93.6, 63.0]
2025-02-11 22:20:35,703 [trainer.py] => CNN top5 curve: [99.9, 90.6]

2025-02-11 22:20:35,703 [trainer.py] => Average Accuracy (CNN): 78.3
2025-02-11 22:20:35,704 [trainer.py] => All params: 465454
2025-02-11 22:20:35,704 [trainer.py] => Trainable params: 1300
2025-02-11 22:20:35,713 [fetril.py] => Learning on 20-30
2025-02-11 22:20:35,714 [fetril.py] => All params: 466104
2025-02-11 22:20:35,714 [fetril.py] => Trainable params: 1950
2025-02-11 22:20:46,395 [fetril.py] => Task 2, Epoch 1/50 => Loss 1.555, Train_accy 52.83, Test_accy 48.47
2025-02-11 22:20:46,875 [fetril.py] => Task 2, Epoch 2/50 => Loss 1.410, Train_accy 55.87
2025-02-11 22:20:47,359 [fetril.py] => Task 2, Epoch 3/50 => Loss 1.374, Train_accy 57.04
2025-02-11 22:20:47,835 [fetril.py] => Task 2, Epoch 4/50 => Loss 1.353, Train_accy 58.03
2025-02-11 22:20:48,323 [fetril.py] => Task 2, Epoch 5/50 => Loss 1.337, Train_accy 58.22
2025-02-11 22:20:49,203 [fetril.py] => Task 2, Epoch 6/50 => Loss 1.326, Train_accy 58.67, Test_accy 48.87
2025-02-11 22:20:49,690 [fetril.py] => Task 2, Epoch 7/50 => Loss 1.325, Train_accy 58.69
2025-02-11 22:20:50,143 [fetril.py] => Task 2, Epoch 8/50 => Loss 1.300, Train_accy 59.47
2025-02-11 22:20:50,599 [fetril.py] => Task 2, Epoch 9/50 => Loss 1.294, Train_accy 59.75
2025-02-11 22:20:51,083 [fetril.py] => Task 2, Epoch 10/50 => Loss 1.291, Train_accy 59.85
2025-02-11 22:20:51,964 [fetril.py] => Task 2, Epoch 11/50 => Loss 1.288, Train_accy 59.91, Test_accy 50.23
2025-02-11 22:20:52,447 [fetril.py] => Task 2, Epoch 12/50 => Loss 1.286, Train_accy 59.80
2025-02-11 22:20:52,938 [fetril.py] => Task 2, Epoch 13/50 => Loss 1.282, Train_accy 60.24
2025-02-11 22:20:53,412 [fetril.py] => Task 2, Epoch 14/50 => Loss 1.273, Train_accy 60.35
2025-02-11 22:20:53,909 [fetril.py] => Task 2, Epoch 15/50 => Loss 1.273, Train_accy 60.45
2025-02-11 22:20:54,816 [fetril.py] => Task 2, Epoch 16/50 => Loss 1.269, Train_accy 60.85, Test_accy 50.83
2025-02-11 22:20:55,274 [fetril.py] => Task 2, Epoch 17/50 => Loss 1.262, Train_accy 60.92
2025-02-11 22:20:55,744 [fetril.py] => Task 2, Epoch 18/50 => Loss 1.260, Train_accy 61.00
2025-02-11 22:20:56,226 [fetril.py] => Task 2, Epoch 19/50 => Loss 1.258, Train_accy 61.08
2025-02-11 22:20:56,716 [fetril.py] => Task 2, Epoch 20/50 => Loss 1.249, Train_accy 61.13
2025-02-11 22:20:57,606 [fetril.py] => Task 2, Epoch 21/50 => Loss 1.253, Train_accy 61.26, Test_accy 51.13
2025-02-11 22:20:58,098 [fetril.py] => Task 2, Epoch 22/50 => Loss 1.252, Train_accy 61.63
2025-02-11 22:20:58,550 [fetril.py] => Task 2, Epoch 23/50 => Loss 1.252, Train_accy 61.21
2025-02-11 22:20:59,026 [fetril.py] => Task 2, Epoch 24/50 => Loss 1.247, Train_accy 61.42
2025-02-11 22:20:59,501 [fetril.py] => Task 2, Epoch 25/50 => Loss 1.245, Train_accy 61.49
2025-02-11 22:21:00,422 [fetril.py] => Task 2, Epoch 26/50 => Loss 1.239, Train_accy 61.59, Test_accy 51.20
2025-02-11 22:21:00,895 [fetril.py] => Task 2, Epoch 27/50 => Loss 1.242, Train_accy 61.63
2025-02-11 22:21:01,374 [fetril.py] => Task 2, Epoch 28/50 => Loss 1.240, Train_accy 61.77
2025-02-11 22:21:01,861 [fetril.py] => Task 2, Epoch 29/50 => Loss 1.232, Train_accy 61.77
2025-02-11 22:21:02,369 [fetril.py] => Task 2, Epoch 30/50 => Loss 1.234, Train_accy 62.05
2025-02-11 22:21:03,264 [fetril.py] => Task 2, Epoch 31/50 => Loss 1.229, Train_accy 62.39, Test_accy 51.23
2025-02-11 22:21:03,725 [fetril.py] => Task 2, Epoch 32/50 => Loss 1.229, Train_accy 62.17
2025-02-11 22:21:04,195 [fetril.py] => Task 2, Epoch 33/50 => Loss 1.224, Train_accy 62.55
2025-02-11 22:21:04,678 [fetril.py] => Task 2, Epoch 34/50 => Loss 1.225, Train_accy 62.43
2025-02-11 22:21:05,156 [fetril.py] => Task 2, Epoch 35/50 => Loss 1.223, Train_accy 62.63
2025-02-11 22:21:06,053 [fetril.py] => Task 2, Epoch 36/50 => Loss 1.221, Train_accy 62.76, Test_accy 52.03
2025-02-11 22:21:06,514 [fetril.py] => Task 2, Epoch 37/50 => Loss 1.219, Train_accy 62.77
2025-02-11 22:21:06,982 [fetril.py] => Task 2, Epoch 38/50 => Loss 1.220, Train_accy 62.65
2025-02-11 22:21:07,452 [fetril.py] => Task 2, Epoch 39/50 => Loss 1.219, Train_accy 62.95
2025-02-11 22:21:07,903 [fetril.py] => Task 2, Epoch 40/50 => Loss 1.217, Train_accy 62.95
2025-02-11 22:21:08,808 [fetril.py] => Task 2, Epoch 41/50 => Loss 1.212, Train_accy 62.97, Test_accy 51.47
2025-02-11 22:21:09,304 [fetril.py] => Task 2, Epoch 42/50 => Loss 1.214, Train_accy 63.13
2025-02-11 22:21:09,787 [fetril.py] => Task 2, Epoch 43/50 => Loss 1.210, Train_accy 63.12
2025-02-11 22:21:10,258 [fetril.py] => Task 2, Epoch 44/50 => Loss 1.212, Train_accy 62.89
2025-02-11 22:21:10,764 [fetril.py] => Task 2, Epoch 45/50 => Loss 1.210, Train_accy 63.10
2025-02-11 22:21:11,659 [fetril.py] => Task 2, Epoch 46/50 => Loss 1.209, Train_accy 63.04, Test_accy 51.57
2025-02-11 22:21:12,165 [fetril.py] => Task 2, Epoch 47/50 => Loss 1.209, Train_accy 63.13
2025-02-11 22:21:12,648 [fetril.py] => Task 2, Epoch 48/50 => Loss 1.208, Train_accy 63.25
2025-02-11 22:21:13,115 [fetril.py] => Task 2, Epoch 49/50 => Loss 1.206, Train_accy 63.28
2025-02-11 22:21:13,583 [fetril.py] => Task 2, Epoch 50/50 => Loss 1.208, Train_accy 63.15
2025-02-11 22:21:15,270 [fetril.py] => svm train: acc: 62.69
2025-02-11 22:21:15,273 [fetril.py] => svm evaluation: acc_list: [93.7, 63.15, 50.87]
2025-02-11 22:21:15,704 [trainer.py] => No NME accuracy.
2025-02-11 22:21:15,704 [trainer.py] => CNN: {'total': 51.9, '00-09': 73.1, '10-19': 35.7, '20-29': 46.9, 'old': 54.4, 'new': 46.9}
2025-02-11 22:21:15,704 [trainer.py] => CNN top1 curve: [93.6, 63.0, 51.9]
2025-02-11 22:21:15,704 [trainer.py] => CNN top5 curve: [99.9, 90.6, 84.33]

2025-02-11 22:21:15,704 [trainer.py] => Average Accuracy (CNN): 69.5
2025-02-11 22:21:15,704 [trainer.py] => All params: 466104
2025-02-11 22:21:15,705 [trainer.py] => Trainable params: 1950
2025-02-11 22:21:15,709 [fetril.py] => Learning on 30-40
2025-02-11 22:21:15,710 [fetril.py] => All params: 466754
2025-02-11 22:21:15,710 [fetril.py] => Trainable params: 2600
2025-02-11 22:21:28,410 [fetril.py] => Task 3, Epoch 1/50 => Loss 1.856, Train_accy 45.46, Test_accy 41.92
2025-02-11 22:21:28,958 [fetril.py] => Task 3, Epoch 2/50 => Loss 1.732, Train_accy 47.84
2025-02-11 22:21:29,509 [fetril.py] => Task 3, Epoch 3/50 => Loss 1.702, Train_accy 48.74
2025-02-11 22:21:30,052 [fetril.py] => Task 3, Epoch 4/50 => Loss 1.671, Train_accy 49.79
2025-02-11 22:21:30,574 [fetril.py] => Task 3, Epoch 5/50 => Loss 1.661, Train_accy 50.36
2025-02-11 22:21:31,604 [fetril.py] => Task 3, Epoch 6/50 => Loss 1.653, Train_accy 50.42, Test_accy 43.48
2025-02-11 22:21:32,131 [fetril.py] => Task 3, Epoch 7/50 => Loss 1.645, Train_accy 50.64
2025-02-11 22:21:32,677 [fetril.py] => Task 3, Epoch 8/50 => Loss 1.639, Train_accy 50.72
2025-02-11 22:21:33,232 [fetril.py] => Task 3, Epoch 9/50 => Loss 1.630, Train_accy 51.28
2025-02-11 22:21:33,771 [fetril.py] => Task 3, Epoch 10/50 => Loss 1.625, Train_accy 51.27
2025-02-11 22:21:34,770 [fetril.py] => Task 3, Epoch 11/50 => Loss 1.625, Train_accy 51.22, Test_accy 43.50
2025-02-11 22:21:35,329 [fetril.py] => Task 3, Epoch 12/50 => Loss 1.616, Train_accy 51.88
2025-02-11 22:21:35,845 [fetril.py] => Task 3, Epoch 13/50 => Loss 1.617, Train_accy 51.76
2025-02-11 22:21:36,400 [fetril.py] => Task 3, Epoch 14/50 => Loss 1.607, Train_accy 51.83
2025-02-11 22:21:36,928 [fetril.py] => Task 3, Epoch 15/50 => Loss 1.606, Train_accy 51.94
2025-02-11 22:21:37,907 [fetril.py] => Task 3, Epoch 16/50 => Loss 1.603, Train_accy 52.18, Test_accy 44.30
2025-02-11 22:21:38,450 [fetril.py] => Task 3, Epoch 17/50 => Loss 1.601, Train_accy 52.36
2025-02-11 22:21:38,987 [fetril.py] => Task 3, Epoch 18/50 => Loss 1.604, Train_accy 52.18
2025-02-11 22:21:39,519 [fetril.py] => Task 3, Epoch 19/50 => Loss 1.601, Train_accy 52.16
2025-02-11 22:21:40,048 [fetril.py] => Task 3, Epoch 20/50 => Loss 1.591, Train_accy 52.64
2025-02-11 22:21:41,059 [fetril.py] => Task 3, Epoch 21/50 => Loss 1.588, Train_accy 52.86, Test_accy 44.28
2025-02-11 22:21:41,595 [fetril.py] => Task 3, Epoch 22/50 => Loss 1.589, Train_accy 52.72
2025-02-11 22:21:42,169 [fetril.py] => Task 3, Epoch 23/50 => Loss 1.586, Train_accy 52.93
2025-02-11 22:21:42,694 [fetril.py] => Task 3, Epoch 24/50 => Loss 1.585, Train_accy 53.18
2025-02-11 22:21:43,226 [fetril.py] => Task 3, Epoch 25/50 => Loss 1.579, Train_accy 53.12
2025-02-11 22:21:44,225 [fetril.py] => Task 3, Epoch 26/50 => Loss 1.581, Train_accy 53.39, Test_accy 44.80
2025-02-11 22:21:44,750 [fetril.py] => Task 3, Epoch 27/50 => Loss 1.576, Train_accy 53.02
2025-02-11 22:21:45,270 [fetril.py] => Task 3, Epoch 28/50 => Loss 1.574, Train_accy 53.60
2025-02-11 22:21:45,773 [fetril.py] => Task 3, Epoch 29/50 => Loss 1.573, Train_accy 53.64
2025-02-11 22:21:46,329 [fetril.py] => Task 3, Epoch 30/50 => Loss 1.568, Train_accy 53.60
2025-02-11 22:21:47,342 [fetril.py] => Task 3, Epoch 31/50 => Loss 1.563, Train_accy 53.76, Test_accy 45.22
2025-02-11 22:21:47,879 [fetril.py] => Task 3, Epoch 32/50 => Loss 1.567, Train_accy 53.34
2025-02-11 22:21:48,396 [fetril.py] => Task 3, Epoch 33/50 => Loss 1.562, Train_accy 54.16
2025-02-11 22:21:48,941 [fetril.py] => Task 3, Epoch 34/50 => Loss 1.561, Train_accy 54.13
2025-02-11 22:21:49,497 [fetril.py] => Task 3, Epoch 35/50 => Loss 1.559, Train_accy 53.94
2025-02-11 22:21:50,509 [fetril.py] => Task 3, Epoch 36/50 => Loss 1.559, Train_accy 54.10, Test_accy 45.10
2025-02-11 22:21:51,040 [fetril.py] => Task 3, Epoch 37/50 => Loss 1.555, Train_accy 54.21
2025-02-11 22:21:51,554 [fetril.py] => Task 3, Epoch 38/50 => Loss 1.553, Train_accy 54.31
2025-02-11 22:21:52,106 [fetril.py] => Task 3, Epoch 39/50 => Loss 1.552, Train_accy 54.43
2025-02-11 22:21:52,666 [fetril.py] => Task 3, Epoch 40/50 => Loss 1.550, Train_accy 54.70
2025-02-11 22:21:53,741 [fetril.py] => Task 3, Epoch 41/50 => Loss 1.550, Train_accy 54.50, Test_accy 45.72
2025-02-11 22:21:54,327 [fetril.py] => Task 3, Epoch 42/50 => Loss 1.545, Train_accy 54.74
2025-02-11 22:21:54,859 [fetril.py] => Task 3, Epoch 43/50 => Loss 1.548, Train_accy 54.64
2025-02-11 22:21:55,418 [fetril.py] => Task 3, Epoch 44/50 => Loss 1.546, Train_accy 54.74
2025-02-11 22:21:55,944 [fetril.py] => Task 3, Epoch 45/50 => Loss 1.546, Train_accy 54.96
2025-02-11 22:21:56,972 [fetril.py] => Task 3, Epoch 46/50 => Loss 1.544, Train_accy 54.87, Test_accy 45.35
2025-02-11 22:21:57,518 [fetril.py] => Task 3, Epoch 47/50 => Loss 1.544, Train_accy 54.95
2025-02-11 22:21:58,052 [fetril.py] => Task 3, Epoch 48/50 => Loss 1.544, Train_accy 54.98
2025-02-11 22:21:58,555 [fetril.py] => Task 3, Epoch 49/50 => Loss 1.542, Train_accy 54.98
2025-02-11 22:21:59,127 [fetril.py] => Task 3, Epoch 50/50 => Loss 1.540, Train_accy 54.98
2025-02-11 22:22:02,185 [fetril.py] => svm train: acc: 55.66
2025-02-11 22:22:02,194 [fetril.py] => svm evaluation: acc_list: [93.7, 63.15, 50.87, 44.88]
2025-02-11 22:22:02,691 [trainer.py] => No NME accuracy.
2025-02-11 22:22:02,691 [trainer.py] => CNN: {'total': 45.42, '00-09': 71.2, '10-19': 29.8, '20-29': 41.2, '30-39': 39.5, 'old': 47.4, 'new': 39.5}
2025-02-11 22:22:02,691 [trainer.py] => CNN top1 curve: [93.6, 63.0, 51.9, 45.42]
2025-02-11 22:22:02,691 [trainer.py] => CNN top5 curve: [99.9, 90.6, 84.33, 78.1]

2025-02-11 22:22:02,691 [trainer.py] => Average Accuracy (CNN): 63.480000000000004
2025-02-11 22:22:02,692 [trainer.py] => All params: 466754
2025-02-11 22:22:02,693 [trainer.py] => Trainable params: 2600
2025-02-11 22:22:02,700 [fetril.py] => Learning on 40-50
2025-02-11 22:22:02,701 [fetril.py] => All params: 467404
2025-02-11 22:22:02,701 [fetril.py] => Trainable params: 3250
2025-02-11 22:22:17,525 [fetril.py] => Task 4, Epoch 1/50 => Loss 1.964, Train_accy 45.17, Test_accy 38.74
2025-02-11 22:22:18,110 [fetril.py] => Task 4, Epoch 2/50 => Loss 1.816, Train_accy 48.34
2025-02-11 22:22:18,714 [fetril.py] => Task 4, Epoch 3/50 => Loss 1.785, Train_accy 49.43
2025-02-11 22:22:19,286 [fetril.py] => Task 4, Epoch 4/50 => Loss 1.759, Train_accy 50.30
2025-02-11 22:22:19,882 [fetril.py] => Task 4, Epoch 5/50 => Loss 1.752, Train_accy 50.66
2025-02-11 22:22:21,027 [fetril.py] => Task 4, Epoch 6/50 => Loss 1.741, Train_accy 51.09, Test_accy 41.04
2025-02-11 22:22:21,624 [fetril.py] => Task 4, Epoch 7/50 => Loss 1.737, Train_accy 50.92
2025-02-11 22:22:22,220 [fetril.py] => Task 4, Epoch 8/50 => Loss 1.730, Train_accy 51.18
2025-02-11 22:22:22,816 [fetril.py] => Task 4, Epoch 9/50 => Loss 1.721, Train_accy 51.26
2025-02-11 22:22:23,415 [fetril.py] => Task 4, Epoch 10/50 => Loss 1.717, Train_accy 51.72
2025-02-11 22:22:24,553 [fetril.py] => Task 4, Epoch 11/50 => Loss 1.717, Train_accy 51.62, Test_accy 41.46
2025-02-11 22:22:25,178 [fetril.py] => Task 4, Epoch 12/50 => Loss 1.712, Train_accy 52.01
2025-02-11 22:22:25,778 [fetril.py] => Task 4, Epoch 13/50 => Loss 1.711, Train_accy 51.77
2025-02-11 22:22:26,378 [fetril.py] => Task 4, Epoch 14/50 => Loss 1.707, Train_accy 51.88
2025-02-11 22:22:26,979 [fetril.py] => Task 4, Epoch 15/50 => Loss 1.705, Train_accy 52.08
2025-02-11 22:22:28,139 [fetril.py] => Task 4, Epoch 16/50 => Loss 1.703, Train_accy 52.04, Test_accy 40.90
2025-02-11 22:22:28,764 [fetril.py] => Task 4, Epoch 17/50 => Loss 1.699, Train_accy 52.30
2025-02-11 22:22:29,380 [fetril.py] => Task 4, Epoch 18/50 => Loss 1.700, Train_accy 52.46
2025-02-11 22:22:29,969 [fetril.py] => Task 4, Epoch 19/50 => Loss 1.694, Train_accy 52.59
2025-02-11 22:22:30,542 [fetril.py] => Task 4, Epoch 20/50 => Loss 1.690, Train_accy 52.63
2025-02-11 22:22:31,682 [fetril.py] => Task 4, Epoch 21/50 => Loss 1.689, Train_accy 52.79, Test_accy 40.50
2025-02-11 22:22:32,300 [fetril.py] => Task 4, Epoch 22/50 => Loss 1.689, Train_accy 52.91
2025-02-11 22:22:32,937 [fetril.py] => Task 4, Epoch 23/50 => Loss 1.685, Train_accy 52.56
2025-02-11 22:22:33,519 [fetril.py] => Task 4, Epoch 24/50 => Loss 1.682, Train_accy 53.29
2025-02-11 22:22:34,134 [fetril.py] => Task 4, Epoch 25/50 => Loss 1.682, Train_accy 53.11
2025-02-11 22:22:35,278 [fetril.py] => Task 4, Epoch 26/50 => Loss 1.680, Train_accy 53.23, Test_accy 42.26
2025-02-11 22:22:35,902 [fetril.py] => Task 4, Epoch 27/50 => Loss 1.676, Train_accy 53.14
2025-02-11 22:22:36,531 [fetril.py] => Task 4, Epoch 28/50 => Loss 1.674, Train_accy 53.43
2025-02-11 22:22:37,185 [fetril.py] => Task 4, Epoch 29/50 => Loss 1.669, Train_accy 53.65
2025-02-11 22:22:37,803 [fetril.py] => Task 4, Epoch 30/50 => Loss 1.670, Train_accy 53.36
2025-02-11 22:22:38,916 [fetril.py] => Task 4, Epoch 31/50 => Loss 1.668, Train_accy 53.86, Test_accy 42.22
2025-02-11 22:22:39,535 [fetril.py] => Task 4, Epoch 32/50 => Loss 1.664, Train_accy 53.96
2025-02-11 22:22:40,141 [fetril.py] => Task 4, Epoch 33/50 => Loss 1.662, Train_accy 53.95
2025-02-11 22:22:40,765 [fetril.py] => Task 4, Epoch 34/50 => Loss 1.661, Train_accy 54.13
2025-02-11 22:22:41,390 [fetril.py] => Task 4, Epoch 35/50 => Loss 1.660, Train_accy 54.19
2025-02-11 22:22:42,518 [fetril.py] => Task 4, Epoch 36/50 => Loss 1.657, Train_accy 54.41, Test_accy 42.66
2025-02-11 22:22:43,125 [fetril.py] => Task 4, Epoch 37/50 => Loss 1.657, Train_accy 54.50
2025-02-11 22:22:43,731 [fetril.py] => Task 4, Epoch 38/50 => Loss 1.653, Train_accy 54.48
2025-02-11 22:22:44,344 [fetril.py] => Task 4, Epoch 39/50 => Loss 1.653, Train_accy 54.59
2025-02-11 22:22:44,942 [fetril.py] => Task 4, Epoch 40/50 => Loss 1.651, Train_accy 54.78
2025-02-11 22:22:46,063 [fetril.py] => Task 4, Epoch 41/50 => Loss 1.650, Train_accy 54.68, Test_accy 42.46
2025-02-11 22:22:46,673 [fetril.py] => Task 4, Epoch 42/50 => Loss 1.649, Train_accy 54.57
2025-02-11 22:22:47,292 [fetril.py] => Task 4, Epoch 43/50 => Loss 1.648, Train_accy 54.78
2025-02-11 22:22:47,902 [fetril.py] => Task 4, Epoch 44/50 => Loss 1.646, Train_accy 54.74
2025-02-11 22:22:48,498 [fetril.py] => Task 4, Epoch 45/50 => Loss 1.646, Train_accy 54.96
2025-02-11 22:22:49,615 [fetril.py] => Task 4, Epoch 46/50 => Loss 1.645, Train_accy 55.02, Test_accy 43.22
2025-02-11 22:22:50,243 [fetril.py] => Task 4, Epoch 47/50 => Loss 1.644, Train_accy 54.96
2025-02-11 22:22:50,848 [fetril.py] => Task 4, Epoch 48/50 => Loss 1.645, Train_accy 55.09
2025-02-11 22:22:51,448 [fetril.py] => Task 4, Epoch 49/50 => Loss 1.643, Train_accy 55.11
2025-02-11 22:22:52,042 [fetril.py] => Task 4, Epoch 50/50 => Loss 1.645, Train_accy 55.16
2025-02-11 22:22:56,722 [fetril.py] => svm train: acc: 55.68
2025-02-11 22:22:56,725 [fetril.py] => svm evaluation: acc_list: [93.7, 63.15, 50.87, 44.88, 42.24]
2025-02-11 22:22:57,268 [trainer.py] => No NME accuracy.
2025-02-11 22:22:57,268 [trainer.py] => CNN: {'total': 43.04, '00-09': 68.7, '10-19': 27.1, '20-29': 35.4, '30-39': 30.9, '40-49': 53.1, 'old': 40.52, 'new': 53.1}
2025-02-11 22:22:57,268 [trainer.py] => CNN top1 curve: [93.6, 63.0, 51.9, 45.42, 43.04]
2025-02-11 22:22:57,268 [trainer.py] => CNN top5 curve: [99.9, 90.6, 84.33, 78.1, 75.2]

2025-02-11 22:22:57,268 [trainer.py] => Average Accuracy (CNN): 59.39200000000001
2025-02-11 22:22:57,269 [trainer.py] => All params: 467404
2025-02-11 22:22:57,269 [trainer.py] => Trainable params: 3250
2025-02-11 22:22:57,277 [fetril.py] => Learning on 50-60
2025-02-11 22:22:57,277 [fetril.py] => All params: 468054
2025-02-11 22:22:57,278 [fetril.py] => Trainable params: 3900
2025-02-11 22:23:14,168 [fetril.py] => Task 5, Epoch 1/50 => Loss 2.177, Train_accy 40.55, Test_accy 36.65
2025-02-11 22:23:14,837 [fetril.py] => Task 5, Epoch 2/50 => Loss 2.064, Train_accy 42.68
2025-02-11 22:23:15,525 [fetril.py] => Task 5, Epoch 3/50 => Loss 2.035, Train_accy 43.54
2025-02-11 22:23:16,188 [fetril.py] => Task 5, Epoch 4/50 => Loss 2.020, Train_accy 44.07
2025-02-11 22:23:16,844 [fetril.py] => Task 5, Epoch 5/50 => Loss 2.007, Train_accy 44.42
2025-02-11 22:23:18,046 [fetril.py] => Task 5, Epoch 6/50 => Loss 1.997, Train_accy 44.67, Test_accy 36.78
2025-02-11 22:23:18,702 [fetril.py] => Task 5, Epoch 7/50 => Loss 1.995, Train_accy 44.73
2025-02-11 22:23:19,384 [fetril.py] => Task 5, Epoch 8/50 => Loss 1.985, Train_accy 45.13
2025-02-11 22:23:20,011 [fetril.py] => Task 5, Epoch 9/50 => Loss 1.982, Train_accy 45.31
2025-02-11 22:23:20,649 [fetril.py] => Task 5, Epoch 10/50 => Loss 1.978, Train_accy 45.49
2025-02-11 22:23:21,858 [fetril.py] => Task 5, Epoch 11/50 => Loss 1.974, Train_accy 45.58, Test_accy 37.53
2025-02-11 22:23:22,518 [fetril.py] => Task 5, Epoch 12/50 => Loss 1.968, Train_accy 45.85
2025-02-11 22:23:23,203 [fetril.py] => Task 5, Epoch 13/50 => Loss 1.967, Train_accy 45.77
2025-02-11 22:23:23,882 [fetril.py] => Task 5, Epoch 14/50 => Loss 1.968, Train_accy 45.38
2025-02-11 22:23:24,563 [fetril.py] => Task 5, Epoch 15/50 => Loss 1.960, Train_accy 45.99
2025-02-11 22:23:25,797 [fetril.py] => Task 5, Epoch 16/50 => Loss 1.964, Train_accy 46.12, Test_accy 36.93
2025-02-11 22:23:26,456 [fetril.py] => Task 5, Epoch 17/50 => Loss 1.955, Train_accy 45.93
2025-02-11 22:23:27,124 [fetril.py] => Task 5, Epoch 18/50 => Loss 1.952, Train_accy 46.21
2025-02-11 22:23:27,762 [fetril.py] => Task 5, Epoch 19/50 => Loss 1.954, Train_accy 46.12
2025-02-11 22:23:28,425 [fetril.py] => Task 5, Epoch 20/50 => Loss 1.950, Train_accy 46.59
2025-02-11 22:23:29,651 [fetril.py] => Task 5, Epoch 21/50 => Loss 1.947, Train_accy 46.54, Test_accy 37.95
2025-02-11 22:23:30,300 [fetril.py] => Task 5, Epoch 22/50 => Loss 1.942, Train_accy 46.91
2025-02-11 22:23:31,033 [fetril.py] => Task 5, Epoch 23/50 => Loss 1.944, Train_accy 46.74
2025-02-11 22:23:31,726 [fetril.py] => Task 5, Epoch 24/50 => Loss 1.939, Train_accy 46.89
2025-02-11 22:23:32,436 [fetril.py] => Task 5, Epoch 25/50 => Loss 1.937, Train_accy 47.10
2025-02-11 22:23:33,716 [fetril.py] => Task 5, Epoch 26/50 => Loss 1.933, Train_accy 47.25, Test_accy 38.05
2025-02-11 22:23:34,365 [fetril.py] => Task 5, Epoch 27/50 => Loss 1.932, Train_accy 47.28
2025-02-11 22:23:35,039 [fetril.py] => Task 5, Epoch 28/50 => Loss 1.929, Train_accy 47.66
2025-02-11 22:23:35,687 [fetril.py] => Task 5, Epoch 29/50 => Loss 1.929, Train_accy 47.51
2025-02-11 22:23:36,353 [fetril.py] => Task 5, Epoch 30/50 => Loss 1.925, Train_accy 47.74
2025-02-11 22:23:37,588 [fetril.py] => Task 5, Epoch 31/50 => Loss 1.921, Train_accy 48.00, Test_accy 38.37
2025-02-11 22:23:38,231 [fetril.py] => Task 5, Epoch 32/50 => Loss 1.920, Train_accy 48.00
2025-02-11 22:23:38,876 [fetril.py] => Task 5, Epoch 33/50 => Loss 1.919, Train_accy 48.06
2025-02-11 22:23:39,543 [fetril.py] => Task 5, Epoch 34/50 => Loss 1.916, Train_accy 48.28
2025-02-11 22:23:40,230 [fetril.py] => Task 5, Epoch 35/50 => Loss 1.915, Train_accy 48.13
2025-02-11 22:23:41,440 [fetril.py] => Task 5, Epoch 36/50 => Loss 1.912, Train_accy 48.40, Test_accy 38.67
2025-02-11 22:23:42,102 [fetril.py] => Task 5, Epoch 37/50 => Loss 1.911, Train_accy 48.42
2025-02-11 22:23:42,772 [fetril.py] => Task 5, Epoch 38/50 => Loss 1.908, Train_accy 48.31
2025-02-11 22:23:43,405 [fetril.py] => Task 5, Epoch 39/50 => Loss 1.906, Train_accy 48.60
2025-02-11 22:23:44,093 [fetril.py] => Task 5, Epoch 40/50 => Loss 1.905, Train_accy 48.82
2025-02-11 22:23:45,343 [fetril.py] => Task 5, Epoch 41/50 => Loss 1.903, Train_accy 48.74, Test_accy 39.05
2025-02-11 22:23:45,997 [fetril.py] => Task 5, Epoch 42/50 => Loss 1.902, Train_accy 49.04
2025-02-11 22:23:46,691 [fetril.py] => Task 5, Epoch 43/50 => Loss 1.901, Train_accy 48.87
2025-02-11 22:23:47,384 [fetril.py] => Task 5, Epoch 44/50 => Loss 1.900, Train_accy 49.09
2025-02-11 22:23:48,059 [fetril.py] => Task 5, Epoch 45/50 => Loss 1.899, Train_accy 48.98
2025-02-11 22:23:49,312 [fetril.py] => Task 5, Epoch 46/50 => Loss 1.899, Train_accy 49.13, Test_accy 39.48
2025-02-11 22:23:49,990 [fetril.py] => Task 5, Epoch 47/50 => Loss 1.897, Train_accy 49.20
2025-02-11 22:23:50,676 [fetril.py] => Task 5, Epoch 48/50 => Loss 1.896, Train_accy 49.20
2025-02-11 22:23:51,344 [fetril.py] => Task 5, Epoch 49/50 => Loss 1.896, Train_accy 49.27
2025-02-11 22:23:52,037 [fetril.py] => Task 5, Epoch 50/50 => Loss 1.896, Train_accy 49.26
2025-02-11 22:23:59,338 [fetril.py] => svm train: acc: 50.55
2025-02-11 22:23:59,342 [fetril.py] => svm evaluation: acc_list: [93.7, 63.15, 50.87, 44.88, 42.24, 37.87]
2025-02-11 22:23:59,896 [trainer.py] => No NME accuracy.
2025-02-11 22:23:59,896 [trainer.py] => CNN: {'total': 39.35, '00-09': 66.6, '10-19': 25.8, '20-29': 33.6, '30-39': 27.7, '40-49': 48.2, '50-59': 34.2, 'old': 40.38, 'new': 34.2}
2025-02-11 22:23:59,896 [trainer.py] => CNN top1 curve: [93.6, 63.0, 51.9, 45.42, 43.04, 39.35]
2025-02-11 22:23:59,896 [trainer.py] => CNN top5 curve: [99.9, 90.6, 84.33, 78.1, 75.2, 69.65]

2025-02-11 22:23:59,897 [trainer.py] => Average Accuracy (CNN): 56.05166666666668
2025-02-11 22:23:59,897 [trainer.py] => All params: 468054
2025-02-11 22:23:59,897 [trainer.py] => Trainable params: 3900
2025-02-11 22:23:59,903 [fetril.py] => Learning on 60-70
2025-02-11 22:23:59,904 [fetril.py] => All params: 468704
2025-02-11 22:23:59,904 [fetril.py] => Trainable params: 4550
2025-02-11 22:24:18,704 [fetril.py] => Task 6, Epoch 1/50 => Loss 2.271, Train_accy 40.46, Test_accy 33.66
2025-02-11 22:24:19,442 [fetril.py] => Task 6, Epoch 2/50 => Loss 2.177, Train_accy 42.59
2025-02-11 22:24:20,157 [fetril.py] => Task 6, Epoch 3/50 => Loss 2.148, Train_accy 43.63
2025-02-11 22:24:20,880 [fetril.py] => Task 6, Epoch 4/50 => Loss 2.139, Train_accy 43.72
2025-02-11 22:24:21,641 [fetril.py] => Task 6, Epoch 5/50 => Loss 2.129, Train_accy 44.27
2025-02-11 22:24:22,994 [fetril.py] => Task 6, Epoch 6/50 => Loss 2.122, Train_accy 44.35, Test_accy 33.94
2025-02-11 22:24:23,712 [fetril.py] => Task 6, Epoch 7/50 => Loss 2.116, Train_accy 44.56
2025-02-11 22:24:24,439 [fetril.py] => Task 6, Epoch 8/50 => Loss 2.111, Train_accy 44.93
2025-02-11 22:24:25,196 [fetril.py] => Task 6, Epoch 9/50 => Loss 2.111, Train_accy 44.74
2025-02-11 22:24:25,902 [fetril.py] => Task 6, Epoch 10/50 => Loss 2.099, Train_accy 45.26
2025-02-11 22:24:27,237 [fetril.py] => Task 6, Epoch 11/50 => Loss 2.101, Train_accy 44.98, Test_accy 35.03
2025-02-11 22:24:27,983 [fetril.py] => Task 6, Epoch 12/50 => Loss 2.098, Train_accy 44.96
2025-02-11 22:24:28,723 [fetril.py] => Task 6, Epoch 13/50 => Loss 2.098, Train_accy 44.99
2025-02-11 22:24:29,448 [fetril.py] => Task 6, Epoch 14/50 => Loss 2.090, Train_accy 45.23
2025-02-11 22:24:30,184 [fetril.py] => Task 6, Epoch 15/50 => Loss 2.094, Train_accy 45.23
2025-02-11 22:24:31,580 [fetril.py] => Task 6, Epoch 16/50 => Loss 2.088, Train_accy 45.78, Test_accy 34.81
2025-02-11 22:24:32,341 [fetril.py] => Task 6, Epoch 17/50 => Loss 2.087, Train_accy 45.57
2025-02-11 22:24:33,095 [fetril.py] => Task 6, Epoch 18/50 => Loss 2.085, Train_accy 45.70
2025-02-11 22:24:33,803 [fetril.py] => Task 6, Epoch 19/50 => Loss 2.086, Train_accy 45.59
2025-02-11 22:24:34,527 [fetril.py] => Task 6, Epoch 20/50 => Loss 2.079, Train_accy 45.86
2025-02-11 22:24:35,872 [fetril.py] => Task 6, Epoch 21/50 => Loss 2.077, Train_accy 45.91, Test_accy 35.13
2025-02-11 22:24:36,606 [fetril.py] => Task 6, Epoch 22/50 => Loss 2.076, Train_accy 46.11
2025-02-11 22:24:37,341 [fetril.py] => Task 6, Epoch 23/50 => Loss 2.072, Train_accy 45.97
2025-02-11 22:24:38,047 [fetril.py] => Task 6, Epoch 24/50 => Loss 2.072, Train_accy 46.06
2025-02-11 22:24:38,790 [fetril.py] => Task 6, Epoch 25/50 => Loss 2.068, Train_accy 46.47
2025-02-11 22:24:40,138 [fetril.py] => Task 6, Epoch 26/50 => Loss 2.066, Train_accy 46.42, Test_accy 35.56
2025-02-11 22:24:40,846 [fetril.py] => Task 6, Epoch 27/50 => Loss 2.063, Train_accy 46.45
2025-02-11 22:24:41,563 [fetril.py] => Task 6, Epoch 28/50 => Loss 2.061, Train_accy 46.81
2025-02-11 22:24:42,299 [fetril.py] => Task 6, Epoch 29/50 => Loss 2.060, Train_accy 46.75
2025-02-11 22:24:42,988 [fetril.py] => Task 6, Epoch 30/50 => Loss 2.058, Train_accy 46.90
2025-02-11 22:24:44,306 [fetril.py] => Task 6, Epoch 31/50 => Loss 2.056, Train_accy 46.85, Test_accy 35.93
2025-02-11 22:24:44,997 [fetril.py] => Task 6, Epoch 32/50 => Loss 2.052, Train_accy 47.07
2025-02-11 22:24:45,723 [fetril.py] => Task 6, Epoch 33/50 => Loss 2.052, Train_accy 47.11
2025-02-11 22:24:46,446 [fetril.py] => Task 6, Epoch 34/50 => Loss 2.047, Train_accy 47.37
2025-02-11 22:24:47,147 [fetril.py] => Task 6, Epoch 35/50 => Loss 2.046, Train_accy 47.19
2025-02-11 22:24:48,483 [fetril.py] => Task 6, Epoch 36/50 => Loss 2.044, Train_accy 47.50, Test_accy 35.80
2025-02-11 22:24:49,189 [fetril.py] => Task 6, Epoch 37/50 => Loss 2.044, Train_accy 47.60
2025-02-11 22:24:49,947 [fetril.py] => Task 6, Epoch 38/50 => Loss 2.041, Train_accy 47.69
2025-02-11 22:24:50,680 [fetril.py] => Task 6, Epoch 39/50 => Loss 2.040, Train_accy 47.63
2025-02-11 22:24:51,403 [fetril.py] => Task 6, Epoch 40/50 => Loss 2.039, Train_accy 47.73
2025-02-11 22:24:52,808 [fetril.py] => Task 6, Epoch 41/50 => Loss 2.037, Train_accy 47.82, Test_accy 35.90
2025-02-11 22:24:53,541 [fetril.py] => Task 6, Epoch 42/50 => Loss 2.035, Train_accy 47.85
2025-02-11 22:24:54,260 [fetril.py] => Task 6, Epoch 43/50 => Loss 2.035, Train_accy 47.96
2025-02-11 22:24:54,994 [fetril.py] => Task 6, Epoch 44/50 => Loss 2.032, Train_accy 47.92
2025-02-11 22:24:55,709 [fetril.py] => Task 6, Epoch 45/50 => Loss 2.032, Train_accy 48.10
2025-02-11 22:24:57,039 [fetril.py] => Task 6, Epoch 46/50 => Loss 2.031, Train_accy 48.16, Test_accy 36.20
2025-02-11 22:24:57,746 [fetril.py] => Task 6, Epoch 47/50 => Loss 2.030, Train_accy 48.09
2025-02-11 22:24:58,469 [fetril.py] => Task 6, Epoch 48/50 => Loss 2.030, Train_accy 48.11
2025-02-11 22:24:59,187 [fetril.py] => Task 6, Epoch 49/50 => Loss 2.029, Train_accy 48.15
2025-02-11 22:24:59,950 [fetril.py] => Task 6, Epoch 50/50 => Loss 2.029, Train_accy 48.15
2025-02-11 22:25:10,313 [fetril.py] => svm train: acc: 49.44
2025-02-11 22:25:10,316 [fetril.py] => svm evaluation: acc_list: [93.7, 63.15, 50.87, 44.88, 42.24, 37.87, 35.94]
2025-02-11 22:25:10,964 [trainer.py] => No NME accuracy.
2025-02-11 22:25:10,964 [trainer.py] => CNN: {'total': 36.11, '00-09': 67.4, '10-19': 22.3, '20-29': 29.6, '30-39': 25.5, '40-49': 43.5, '50-59': 27.2, '60-69': 37.3, 'old': 35.92, 'new': 37.3}
2025-02-11 22:25:10,964 [trainer.py] => CNN top1 curve: [93.6, 63.0, 51.9, 45.42, 43.04, 39.35, 36.11]
2025-02-11 22:25:10,964 [trainer.py] => CNN top5 curve: [99.9, 90.6, 84.33, 78.1, 75.2, 69.65, 67.19]

2025-02-11 22:25:10,964 [trainer.py] => Average Accuracy (CNN): 53.202857142857155
2025-02-11 22:25:10,965 [trainer.py] => All params: 468704
2025-02-11 22:25:10,966 [trainer.py] => Trainable params: 4550
2025-02-11 22:25:10,974 [fetril.py] => Learning on 70-80
2025-02-11 22:25:10,974 [fetril.py] => All params: 469354
2025-02-11 22:25:10,975 [fetril.py] => Trainable params: 5200
2025-02-11 22:25:31,807 [fetril.py] => Task 7, Epoch 1/50 => Loss 2.450, Train_accy 35.68, Test_accy 32.24
2025-02-11 22:25:32,582 [fetril.py] => Task 7, Epoch 2/50 => Loss 2.374, Train_accy 36.81
2025-02-11 22:25:33,352 [fetril.py] => Task 7, Epoch 3/50 => Loss 2.353, Train_accy 37.58
2025-02-11 22:25:34,157 [fetril.py] => Task 7, Epoch 4/50 => Loss 2.341, Train_accy 38.08
2025-02-11 22:25:34,956 [fetril.py] => Task 7, Epoch 5/50 => Loss 2.331, Train_accy 38.30
2025-02-11 22:25:36,402 [fetril.py] => Task 7, Epoch 6/50 => Loss 2.324, Train_accy 38.31, Test_accy 32.69
2025-02-11 22:25:37,205 [fetril.py] => Task 7, Epoch 7/50 => Loss 2.320, Train_accy 38.50
2025-02-11 22:25:37,982 [fetril.py] => Task 7, Epoch 8/50 => Loss 2.315, Train_accy 38.74
2025-02-11 22:25:38,778 [fetril.py] => Task 7, Epoch 9/50 => Loss 2.312, Train_accy 38.72
2025-02-11 22:25:39,586 [fetril.py] => Task 7, Epoch 10/50 => Loss 2.311, Train_accy 38.85
2025-02-11 22:25:41,023 [fetril.py] => Task 7, Epoch 11/50 => Loss 2.307, Train_accy 38.92, Test_accy 32.60
2025-02-11 22:25:41,797 [fetril.py] => Task 7, Epoch 12/50 => Loss 2.303, Train_accy 39.08
2025-02-11 22:25:42,653 [fetril.py] => Task 7, Epoch 13/50 => Loss 2.297, Train_accy 39.30
2025-02-11 22:25:43,473 [fetril.py] => Task 7, Epoch 14/50 => Loss 2.300, Train_accy 39.34
2025-02-11 22:25:44,289 [fetril.py] => Task 7, Epoch 15/50 => Loss 2.298, Train_accy 39.44
2025-02-11 22:25:45,712 [fetril.py] => Task 7, Epoch 16/50 => Loss 2.294, Train_accy 39.36, Test_accy 32.55
2025-02-11 22:25:46,514 [fetril.py] => Task 7, Epoch 17/50 => Loss 2.292, Train_accy 39.48
2025-02-11 22:25:47,314 [fetril.py] => Task 7, Epoch 18/50 => Loss 2.290, Train_accy 39.47
2025-02-11 22:25:48,108 [fetril.py] => Task 7, Epoch 19/50 => Loss 2.287, Train_accy 39.69
2025-02-11 22:25:48,883 [fetril.py] => Task 7, Epoch 20/50 => Loss 2.281, Train_accy 39.88
2025-02-11 22:25:50,395 [fetril.py] => Task 7, Epoch 21/50 => Loss 2.281, Train_accy 39.84, Test_accy 33.55
2025-02-11 22:25:51,162 [fetril.py] => Task 7, Epoch 22/50 => Loss 2.280, Train_accy 39.90
2025-02-11 22:25:51,922 [fetril.py] => Task 7, Epoch 23/50 => Loss 2.278, Train_accy 40.12
2025-02-11 22:25:52,770 [fetril.py] => Task 7, Epoch 24/50 => Loss 2.275, Train_accy 40.11
2025-02-11 22:25:53,548 [fetril.py] => Task 7, Epoch 25/50 => Loss 2.272, Train_accy 40.32
2025-02-11 22:25:55,014 [fetril.py] => Task 7, Epoch 26/50 => Loss 2.267, Train_accy 40.47, Test_accy 33.49
2025-02-11 22:25:55,758 [fetril.py] => Task 7, Epoch 27/50 => Loss 2.266, Train_accy 40.42
2025-02-11 22:25:56,595 [fetril.py] => Task 7, Epoch 28/50 => Loss 2.265, Train_accy 40.48
2025-02-11 22:25:57,345 [fetril.py] => Task 7, Epoch 29/50 => Loss 2.263, Train_accy 40.75
2025-02-11 22:25:58,140 [fetril.py] => Task 7, Epoch 30/50 => Loss 2.260, Train_accy 40.76
2025-02-11 22:25:59,576 [fetril.py] => Task 7, Epoch 31/50 => Loss 2.257, Train_accy 41.13, Test_accy 33.79
2025-02-11 22:26:00,365 [fetril.py] => Task 7, Epoch 32/50 => Loss 2.255, Train_accy 40.77
2025-02-11 22:26:01,113 [fetril.py] => Task 7, Epoch 33/50 => Loss 2.251, Train_accy 41.28
2025-02-11 22:26:01,880 [fetril.py] => Task 7, Epoch 34/50 => Loss 2.250, Train_accy 41.36
2025-02-11 22:26:02,654 [fetril.py] => Task 7, Epoch 35/50 => Loss 2.249, Train_accy 41.36
2025-02-11 22:26:04,103 [fetril.py] => Task 7, Epoch 36/50 => Loss 2.246, Train_accy 41.48, Test_accy 33.79
2025-02-11 22:26:04,893 [fetril.py] => Task 7, Epoch 37/50 => Loss 2.244, Train_accy 41.57
2025-02-11 22:26:05,691 [fetril.py] => Task 7, Epoch 38/50 => Loss 2.242, Train_accy 41.72
2025-02-11 22:26:06,486 [fetril.py] => Task 7, Epoch 39/50 => Loss 2.241, Train_accy 41.51
2025-02-11 22:26:07,277 [fetril.py] => Task 7, Epoch 40/50 => Loss 2.239, Train_accy 41.76
2025-02-11 22:26:08,750 [fetril.py] => Task 7, Epoch 41/50 => Loss 2.237, Train_accy 41.73, Test_accy 34.41
2025-02-11 22:26:09,552 [fetril.py] => Task 7, Epoch 42/50 => Loss 2.235, Train_accy 41.89
2025-02-11 22:26:10,316 [fetril.py] => Task 7, Epoch 43/50 => Loss 2.234, Train_accy 42.01
2025-02-11 22:26:11,079 [fetril.py] => Task 7, Epoch 44/50 => Loss 2.233, Train_accy 42.08
2025-02-11 22:26:11,838 [fetril.py] => Task 7, Epoch 45/50 => Loss 2.232, Train_accy 42.03
2025-02-11 22:26:13,262 [fetril.py] => Task 7, Epoch 46/50 => Loss 2.231, Train_accy 42.21, Test_accy 34.30
2025-02-11 22:26:14,046 [fetril.py] => Task 7, Epoch 47/50 => Loss 2.230, Train_accy 42.17
2025-02-11 22:26:14,830 [fetril.py] => Task 7, Epoch 48/50 => Loss 2.229, Train_accy 42.29
2025-02-11 22:26:15,643 [fetril.py] => Task 7, Epoch 49/50 => Loss 2.228, Train_accy 42.30
2025-02-11 22:26:16,407 [fetril.py] => Task 7, Epoch 50/50 => Loss 2.228, Train_accy 42.34
2025-02-11 22:26:30,581 [fetril.py] => svm train: acc: 45.16
2025-02-11 22:26:30,585 [fetril.py] => svm evaluation: acc_list: [93.7, 63.15, 50.87, 44.88, 42.24, 37.87, 35.94, 33.58]
2025-02-11 22:26:31,237 [trainer.py] => No NME accuracy.
2025-02-11 22:26:31,237 [trainer.py] => CNN: {'total': 34.45, '00-09': 67.1, '10-19': 21.3, '20-29': 27.2, '30-39': 23.9, '40-49': 40.8, '50-59': 26.1, '60-69': 34.3, '70-79': 34.9, 'old': 34.39, 'new': 34.9}
2025-02-11 22:26:31,238 [trainer.py] => CNN top1 curve: [93.6, 63.0, 51.9, 45.42, 43.04, 39.35, 36.11, 34.45]
2025-02-11 22:26:31,238 [trainer.py] => CNN top5 curve: [99.9, 90.6, 84.33, 78.1, 75.2, 69.65, 67.19, 64.75]

2025-02-11 22:26:31,238 [trainer.py] => Average Accuracy (CNN): 50.85875000000001
2025-02-11 22:26:31,239 [trainer.py] => All params: 469354
2025-02-11 22:26:31,240 [trainer.py] => Trainable params: 5200
2025-02-11 22:26:31,244 [fetril.py] => Learning on 80-90
2025-02-11 22:26:31,245 [fetril.py] => All params: 470004
2025-02-11 22:26:31,245 [fetril.py] => Trainable params: 5850
2025-02-11 22:26:53,995 [fetril.py] => Task 8, Epoch 1/50 => Loss 2.613, Train_accy 33.77, Test_accy 29.21
2025-02-11 22:26:54,873 [fetril.py] => Task 8, Epoch 2/50 => Loss 2.528, Train_accy 35.41
2025-02-11 22:26:55,692 [fetril.py] => Task 8, Epoch 3/50 => Loss 2.512, Train_accy 35.74
2025-02-11 22:26:56,545 [fetril.py] => Task 8, Epoch 4/50 => Loss 2.499, Train_accy 36.09
2025-02-11 22:26:57,388 [fetril.py] => Task 8, Epoch 5/50 => Loss 2.489, Train_accy 36.60
2025-02-11 22:26:58,921 [fetril.py] => Task 8, Epoch 6/50 => Loss 2.479, Train_accy 36.98, Test_accy 28.77
2025-02-11 22:26:59,772 [fetril.py] => Task 8, Epoch 7/50 => Loss 2.476, Train_accy 36.91
2025-02-11 22:27:00,631 [fetril.py] => Task 8, Epoch 8/50 => Loss 2.470, Train_accy 37.30
2025-02-11 22:27:01,517 [fetril.py] => Task 8, Epoch 9/50 => Loss 2.471, Train_accy 37.32
2025-02-11 22:27:02,398 [fetril.py] => Task 8, Epoch 10/50 => Loss 2.467, Train_accy 37.20
2025-02-11 22:27:03,941 [fetril.py] => Task 8, Epoch 11/50 => Loss 2.467, Train_accy 37.14, Test_accy 30.02
2025-02-11 22:27:04,807 [fetril.py] => Task 8, Epoch 12/50 => Loss 2.463, Train_accy 37.47
2025-02-11 22:27:05,675 [fetril.py] => Task 8, Epoch 13/50 => Loss 2.457, Train_accy 37.83
2025-02-11 22:27:06,522 [fetril.py] => Task 8, Epoch 14/50 => Loss 2.457, Train_accy 37.43
2025-02-11 22:27:07,367 [fetril.py] => Task 8, Epoch 15/50 => Loss 2.458, Train_accy 37.46
2025-02-11 22:27:08,898 [fetril.py] => Task 8, Epoch 16/50 => Loss 2.454, Train_accy 37.69, Test_accy 29.70
2025-02-11 22:27:09,734 [fetril.py] => Task 8, Epoch 17/50 => Loss 2.449, Train_accy 37.95
2025-02-11 22:27:10,593 [fetril.py] => Task 8, Epoch 18/50 => Loss 2.446, Train_accy 38.20
2025-02-11 22:27:11,460 [fetril.py] => Task 8, Epoch 19/50 => Loss 2.446, Train_accy 38.08
2025-02-11 22:27:12,281 [fetril.py] => Task 8, Epoch 20/50 => Loss 2.444, Train_accy 38.09
2025-02-11 22:27:13,845 [fetril.py] => Task 8, Epoch 21/50 => Loss 2.441, Train_accy 37.99, Test_accy 30.44
2025-02-11 22:27:14,699 [fetril.py] => Task 8, Epoch 22/50 => Loss 2.437, Train_accy 38.45
2025-02-11 22:27:15,571 [fetril.py] => Task 8, Epoch 23/50 => Loss 2.441, Train_accy 38.41
2025-02-11 22:27:16,465 [fetril.py] => Task 8, Epoch 24/50 => Loss 2.434, Train_accy 38.46
2025-02-11 22:27:17,353 [fetril.py] => Task 8, Epoch 25/50 => Loss 2.430, Train_accy 38.60
2025-02-11 22:27:18,925 [fetril.py] => Task 8, Epoch 26/50 => Loss 2.429, Train_accy 38.73, Test_accy 30.67
2025-02-11 22:27:19,772 [fetril.py] => Task 8, Epoch 27/50 => Loss 2.426, Train_accy 38.70
2025-02-11 22:27:20,602 [fetril.py] => Task 8, Epoch 28/50 => Loss 2.423, Train_accy 39.05
2025-02-11 22:27:21,461 [fetril.py] => Task 8, Epoch 29/50 => Loss 2.422, Train_accy 39.11
2025-02-11 22:27:22,327 [fetril.py] => Task 8, Epoch 30/50 => Loss 2.419, Train_accy 39.29
2025-02-11 22:27:23,866 [fetril.py] => Task 8, Epoch 31/50 => Loss 2.416, Train_accy 39.37, Test_accy 30.40
2025-02-11 22:27:24,712 [fetril.py] => Task 8, Epoch 32/50 => Loss 2.414, Train_accy 39.26
2025-02-11 22:27:25,521 [fetril.py] => Task 8, Epoch 33/50 => Loss 2.411, Train_accy 39.66
2025-02-11 22:27:26,372 [fetril.py] => Task 8, Epoch 34/50 => Loss 2.410, Train_accy 39.67
2025-02-11 22:27:27,231 [fetril.py] => Task 8, Epoch 35/50 => Loss 2.407, Train_accy 39.81
2025-02-11 22:27:28,807 [fetril.py] => Task 8, Epoch 36/50 => Loss 2.405, Train_accy 39.73, Test_accy 30.44
2025-02-11 22:27:29,683 [fetril.py] => Task 8, Epoch 37/50 => Loss 2.403, Train_accy 39.94
2025-02-11 22:27:30,484 [fetril.py] => Task 8, Epoch 38/50 => Loss 2.401, Train_accy 40.16
2025-02-11 22:27:31,358 [fetril.py] => Task 8, Epoch 39/50 => Loss 2.399, Train_accy 40.17
2025-02-11 22:27:32,252 [fetril.py] => Task 8, Epoch 40/50 => Loss 2.398, Train_accy 40.42
2025-02-11 22:27:33,800 [fetril.py] => Task 8, Epoch 41/50 => Loss 2.396, Train_accy 40.31, Test_accy 30.89
2025-02-11 22:27:34,647 [fetril.py] => Task 8, Epoch 42/50 => Loss 2.394, Train_accy 40.42
2025-02-11 22:27:35,507 [fetril.py] => Task 8, Epoch 43/50 => Loss 2.393, Train_accy 40.51
2025-02-11 22:27:36,401 [fetril.py] => Task 8, Epoch 44/50 => Loss 2.391, Train_accy 40.51
2025-02-11 22:27:37,263 [fetril.py] => Task 8, Epoch 45/50 => Loss 2.391, Train_accy 40.71
2025-02-11 22:27:38,835 [fetril.py] => Task 8, Epoch 46/50 => Loss 2.390, Train_accy 40.66, Test_accy 31.26
2025-02-11 22:27:39,663 [fetril.py] => Task 8, Epoch 47/50 => Loss 2.389, Train_accy 40.73
2025-02-11 22:27:40,523 [fetril.py] => Task 8, Epoch 48/50 => Loss 2.388, Train_accy 40.74
2025-02-11 22:27:41,359 [fetril.py] => Task 8, Epoch 49/50 => Loss 2.387, Train_accy 40.80
2025-02-11 22:27:42,188 [fetril.py] => Task 8, Epoch 50/50 => Loss 2.387, Train_accy 40.82
2025-02-11 22:28:03,663 [fetril.py] => svm train: acc: 43.54
2025-02-11 22:28:03,668 [fetril.py] => svm evaluation: acc_list: [93.7, 63.15, 50.87, 44.88, 42.24, 37.87, 35.94, 33.58, 30.21]
2025-02-11 22:28:04,345 [trainer.py] => No NME accuracy.
2025-02-11 22:28:04,345 [trainer.py] => CNN: {'total': 31.27, '00-09': 66.1, '10-19': 19.7, '20-29': 26.4, '30-39': 21.6, '40-49': 39.1, '50-59': 24.0, '60-69': 28.5, '70-79': 28.3, '80-89': 27.7, 'old': 31.71, 'new': 27.7}
2025-02-11 22:28:04,345 [trainer.py] => CNN top1 curve: [93.6, 63.0, 51.9, 45.42, 43.04, 39.35, 36.11, 34.45, 31.27]
2025-02-11 22:28:04,345 [trainer.py] => CNN top5 curve: [99.9, 90.6, 84.33, 78.1, 75.2, 69.65, 67.19, 64.75, 61.39]

2025-02-11 22:28:04,345 [trainer.py] => Average Accuracy (CNN): 48.68222222222223
2025-02-11 22:28:04,346 [trainer.py] => All params: 470004
2025-02-11 22:28:04,346 [trainer.py] => Trainable params: 5850
2025-02-11 22:28:04,351 [fetril.py] => Learning on 90-100
2025-02-11 22:28:04,352 [fetril.py] => All params: 470654
2025-02-11 22:28:04,352 [fetril.py] => Trainable params: 6500
2025-02-11 22:28:29,215 [fetril.py] => Task 9, Epoch 1/50 => Loss 2.842, Train_accy 29.26, Test_accy 27.76
2025-02-11 22:28:30,166 [fetril.py] => Task 9, Epoch 2/50 => Loss 2.758, Train_accy 30.95
2025-02-11 22:28:31,088 [fetril.py] => Task 9, Epoch 3/50 => Loss 2.738, Train_accy 31.13
2025-02-11 22:28:32,012 [fetril.py] => Task 9, Epoch 4/50 => Loss 2.723, Train_accy 31.76
2025-02-11 22:28:32,987 [fetril.py] => Task 9, Epoch 5/50 => Loss 2.713, Train_accy 32.07
2025-02-11 22:28:34,634 [fetril.py] => Task 9, Epoch 6/50 => Loss 2.706, Train_accy 32.36, Test_accy 28.13
2025-02-11 22:28:35,582 [fetril.py] => Task 9, Epoch 7/50 => Loss 2.701, Train_accy 32.34
2025-02-11 22:28:36,479 [fetril.py] => Task 9, Epoch 8/50 => Loss 2.695, Train_accy 32.49
2025-02-11 22:28:37,395 [fetril.py] => Task 9, Epoch 9/50 => Loss 2.693, Train_accy 32.82
2025-02-11 22:28:38,322 [fetril.py] => Task 9, Epoch 10/50 => Loss 2.691, Train_accy 32.46
2025-02-11 22:28:39,932 [fetril.py] => Task 9, Epoch 11/50 => Loss 2.685, Train_accy 32.87, Test_accy 28.27
2025-02-11 22:28:40,824 [fetril.py] => Task 9, Epoch 12/50 => Loss 2.684, Train_accy 32.71
2025-02-11 22:28:41,770 [fetril.py] => Task 9, Epoch 13/50 => Loss 2.681, Train_accy 32.96
2025-02-11 22:28:42,634 [fetril.py] => Task 9, Epoch 14/50 => Loss 2.679, Train_accy 33.02
2025-02-11 22:28:43,545 [fetril.py] => Task 9, Epoch 15/50 => Loss 2.675, Train_accy 33.20
2025-02-11 22:28:45,205 [fetril.py] => Task 9, Epoch 16/50 => Loss 2.673, Train_accy 33.28, Test_accy 27.59
2025-02-11 22:28:46,097 [fetril.py] => Task 9, Epoch 17/50 => Loss 2.672, Train_accy 33.35
2025-02-11 22:28:47,052 [fetril.py] => Task 9, Epoch 18/50 => Loss 2.668, Train_accy 33.37
2025-02-11 22:28:47,976 [fetril.py] => Task 9, Epoch 19/50 => Loss 2.668, Train_accy 33.41
2025-02-11 22:28:48,889 [fetril.py] => Task 9, Epoch 20/50 => Loss 2.663, Train_accy 33.41
2025-02-11 22:28:50,546 [fetril.py] => Task 9, Epoch 21/50 => Loss 2.660, Train_accy 33.68, Test_accy 28.38
2025-02-11 22:28:51,409 [fetril.py] => Task 9, Epoch 22/50 => Loss 2.658, Train_accy 33.80
2025-02-11 22:28:52,323 [fetril.py] => Task 9, Epoch 23/50 => Loss 2.655, Train_accy 33.89
2025-02-11 22:28:53,283 [fetril.py] => Task 9, Epoch 24/50 => Loss 2.650, Train_accy 33.99
2025-02-11 22:28:54,198 [fetril.py] => Task 9, Epoch 25/50 => Loss 2.648, Train_accy 34.08
2025-02-11 22:28:55,882 [fetril.py] => Task 9, Epoch 26/50 => Loss 2.647, Train_accy 34.44, Test_accy 28.92
2025-02-11 22:28:56,777 [fetril.py] => Task 9, Epoch 27/50 => Loss 2.641, Train_accy 34.51
2025-02-11 22:28:57,783 [fetril.py] => Task 9, Epoch 28/50 => Loss 2.640, Train_accy 34.50
2025-02-11 22:28:59,097 [fetril.py] => Task 9, Epoch 29/50 => Loss 2.638, Train_accy 34.59
2025-02-11 22:29:00,015 [fetril.py] => Task 9, Epoch 30/50 => Loss 2.635, Train_accy 34.73
2025-02-11 22:29:01,650 [fetril.py] => Task 9, Epoch 31/50 => Loss 2.632, Train_accy 34.98, Test_accy 28.80
2025-02-11 22:29:02,564 [fetril.py] => Task 9, Epoch 32/50 => Loss 2.630, Train_accy 34.84
2025-02-11 22:29:03,523 [fetril.py] => Task 9, Epoch 33/50 => Loss 2.628, Train_accy 35.08
2025-02-11 22:29:04,459 [fetril.py] => Task 9, Epoch 34/50 => Loss 2.625, Train_accy 35.18
2025-02-11 22:29:05,379 [fetril.py] => Task 9, Epoch 35/50 => Loss 2.622, Train_accy 35.24
2025-02-11 22:29:07,094 [fetril.py] => Task 9, Epoch 36/50 => Loss 2.620, Train_accy 35.44, Test_accy 29.33
2025-02-11 22:29:08,008 [fetril.py] => Task 9, Epoch 37/50 => Loss 2.618, Train_accy 35.59
2025-02-11 22:29:08,956 [fetril.py] => Task 9, Epoch 38/50 => Loss 2.615, Train_accy 35.58
2025-02-11 22:29:09,864 [fetril.py] => Task 9, Epoch 39/50 => Loss 2.613, Train_accy 35.65
2025-02-11 22:29:10,806 [fetril.py] => Task 9, Epoch 40/50 => Loss 2.611, Train_accy 35.77
2025-02-11 22:29:12,500 [fetril.py] => Task 9, Epoch 41/50 => Loss 2.609, Train_accy 35.79, Test_accy 29.04
2025-02-11 22:29:13,467 [fetril.py] => Task 9, Epoch 42/50 => Loss 2.608, Train_accy 35.88
2025-02-11 22:29:14,421 [fetril.py] => Task 9, Epoch 43/50 => Loss 2.606, Train_accy 35.96
2025-02-11 22:29:15,342 [fetril.py] => Task 9, Epoch 44/50 => Loss 2.605, Train_accy 36.13
2025-02-11 22:29:16,253 [fetril.py] => Task 9, Epoch 45/50 => Loss 2.604, Train_accy 36.11
2025-02-11 22:29:17,949 [fetril.py] => Task 9, Epoch 46/50 => Loss 2.603, Train_accy 36.14, Test_accy 29.59
2025-02-11 22:29:18,862 [fetril.py] => Task 9, Epoch 47/50 => Loss 2.601, Train_accy 36.15
2025-02-11 22:29:19,799 [fetril.py] => Task 9, Epoch 48/50 => Loss 2.601, Train_accy 36.26
2025-02-11 22:29:20,716 [fetril.py] => Task 9, Epoch 49/50 => Loss 2.600, Train_accy 36.28
2025-02-11 22:29:21,674 [fetril.py] => Task 9, Epoch 50/50 => Loss 2.599, Train_accy 36.30
2025-02-11 22:29:47,404 [fetril.py] => svm train: acc: 40.48
2025-02-11 22:29:47,409 [fetril.py] => svm evaluation: acc_list: [93.7, 63.15, 50.87, 44.88, 42.24, 37.87, 35.94, 33.58, 30.21, 28.49]
2025-02-11 22:29:48,165 [trainer.py] => No NME accuracy.
2025-02-11 22:29:48,166 [trainer.py] => CNN: {'total': 29.62, '00-09': 64.7, '10-19': 18.1, '20-29': 23.8, '30-39': 19.0, '40-49': 38.9, '50-59': 20.7, '60-69': 29.7, '70-79': 27.0, '80-89': 25.7, '90-99': 28.6, 'old': 29.73, 'new': 28.6}
2025-02-11 22:29:48,166 [trainer.py] => CNN top1 curve: [93.6, 63.0, 51.9, 45.42, 43.04, 39.35, 36.11, 34.45, 31.27, 29.62]
2025-02-11 22:29:48,166 [trainer.py] => CNN top5 curve: [99.9, 90.6, 84.33, 78.1, 75.2, 69.65, 67.19, 64.75, 61.39, 59.84]

2025-02-11 22:29:48,166 [trainer.py] => Average Accuracy (CNN): 46.776