2023-10-19 14:01:34,182 [trainer.py] => config: ./exps/wa.json
2023-10-19 14:01:34,187 [trainer.py] => prefix: reproduce
2023-10-19 14:01:34,187 [trainer.py] => dataset: cifar100
2023-10-19 14:01:34,187 [trainer.py] => memory_size: 2000
2023-10-19 14:01:34,187 [trainer.py] => memory_per_class: 20
2023-10-19 14:01:34,187 [trainer.py] => fixed_memory: True
2023-10-19 14:01:34,187 [trainer.py] => shuffle: True
2023-10-19 14:01:34,187 [trainer.py] => init_cls: 50
2023-10-19 14:01:34,187 [trainer.py] => increment: 10
2023-10-19 14:01:34,188 [trainer.py] => model_name: wa
2023-10-19 14:01:34,188 [trainer.py] => convnet_type: resnet32
2023-10-19 14:01:34,188 [trainer.py] => device: [device(type='cuda', index=0)]
2023-10-19 14:01:34,188 [trainer.py] => seed: 1993
2023-10-19 14:01:36,534 [data_manager.py] => [68, 56, 78, 8, 23, 84, 90, 65, 74, 76, 40, 89, 3, 92, 55, 9, 26, 80, 43, 38, 58, 70, 77, 1, 85, 19, 17, 50, 28, 53, 13, 81, 45, 82, 6, 59, 83, 16, 15, 44, 91, 41, 72, 60, 79, 52, 20, 10, 31, 54, 37, 95, 14, 71, 96, 98, 97, 2, 64, 66, 42, 22, 35, 86, 24, 34, 87, 21, 99, 0, 88, 27, 18, 94, 11, 12, 47, 25, 30, 46, 62, 69, 36, 61, 7, 63, 75, 5, 32, 4, 51, 48, 73, 93, 39, 67, 29, 49, 57, 33]
2023-10-19 14:01:39,606 [trainer.py] => All params: 464154
2023-10-19 14:01:39,606 [trainer.py] => Trainable params: 464154
2023-10-19 14:01:39,606 [wa.py] => Learning on 0-50
2023-10-19 14:17:16,720 [wa.py] => Task 0, Epoch 200/200 => Loss 0.043, Train_accy 99.47
2023-10-19 14:17:16,721 [base.py] => Constructing exemplars for new classes...(20 per classes)
2023-10-19 14:17:56,753 [wa.py] => Exemplar size: 1000
2023-10-19 14:17:56,754 [trainer.py] => CNN: {'total': 76.5, '00-09': 77.9, '10-19': 71.4, '20-29': 80.2, '30-39': 75.6, '40-49': 77.4, 'old': 0, 'new': 76.5}
2023-10-19 14:17:56,754 [trainer.py] => NME: {'total': 75.82, '00-09': 77.3, '10-19': 69.9, '20-29': 78.8, '30-39': 74.7, '40-49': 78.4, 'old': 0, 'new': 75.82}
2023-10-19 14:17:56,755 [trainer.py] => CNN top1 curve: [76.5]
2023-10-19 14:17:56,755 [trainer.py] => CNN top5 curve: [94.52]
2023-10-19 14:17:56,755 [trainer.py] => NME top1 curve: [75.82]
2023-10-19 14:17:56,756 [trainer.py] => NME top5 curve: [94.88]

2023-10-19 14:17:56,756 [trainer.py] => Average Accuracy (CNN): 76.5
2023-10-19 14:17:56,756 [trainer.py] => Average Accuracy (NME): 75.82
2023-10-19 14:17:56,757 [trainer.py] => All params: 467404
2023-10-19 14:17:56,757 [trainer.py] => Trainable params: 467404
2023-10-19 14:17:56,758 [wa.py] => Learning on 50-60
2023-10-19 14:23:23,874 [wa.py] => Task 1, Epoch 170/170 => Loss 1.782, Train_accy 98.93
2023-10-19 14:23:23,877 [base.py] => Constructing exemplars for new classes...(20 per classes)
2023-10-19 14:23:51,566 [wa.py] => Exemplar size: 1200
2023-10-19 14:23:51,566 [trainer.py] => CNN: {'total': 67.58, '00-09': 68.6, '10-19': 58.5, '20-29': 70.0, '30-39': 64.1, '40-49': 67.6, '50-59': 76.7, 'old': 65.76, 'new': 76.7}
2023-10-19 14:23:51,567 [trainer.py] => NME: {'total': 68.97, '00-09': 71.1, '10-19': 61.6, '20-29': 73.2, '30-39': 67.6, '40-49': 71.2, '50-59': 69.1, 'old': 68.94, 'new': 69.1}
2023-10-19 14:23:51,567 [trainer.py] => CNN top1 curve: [76.5, 67.58]
2023-10-19 14:23:51,567 [trainer.py] => CNN top5 curve: [94.52, 90.28]
2023-10-19 14:23:51,568 [trainer.py] => NME top1 curve: [75.82, 68.97]
2023-10-19 14:23:51,568 [trainer.py] => NME top5 curve: [94.88, 90.83]

2023-10-19 14:23:51,569 [trainer.py] => Average Accuracy (CNN): 72.03999999999999
2023-10-19 14:23:51,569 [trainer.py] => Average Accuracy (NME): 72.395
2023-10-19 14:23:51,569 [trainer.py] => All params: 468054
2023-10-19 14:23:51,570 [trainer.py] => Trainable params: 468054
2023-10-19 14:23:51,571 [wa.py] => Learning on 60-70
2023-10-19 14:29:27,143 [wa.py] => Task 2, Epoch 170/170 => Loss 2.092, Train_accy 99.32
2023-10-19 14:29:27,146 [base.py] => Constructing exemplars for new classes...(20 per classes)
2023-10-19 14:29:58,705 [wa.py] => Exemplar size: 1400
2023-10-19 14:29:58,706 [trainer.py] => CNN: {'total': 63.84, '00-09': 63.7, '10-19': 50.3, '20-29': 67.1, '30-39': 58.7, '40-49': 66.2, '50-59': 66.5, '60-69': 74.4, 'old': 62.08, 'new': 74.4}
2023-10-19 14:29:58,713 [trainer.py] => NME: {'total': 64.5, '00-09': 68.3, '10-19': 55.9, '20-29': 69.3, '30-39': 60.2, '40-49': 66.9, '50-59': 59.4, '60-69': 71.5, 'old': 63.33, 'new': 71.5}
2023-10-19 14:29:58,713 [trainer.py] => CNN top1 curve: [76.5, 67.58, 63.84]
2023-10-19 14:29:58,713 [trainer.py] => CNN top5 curve: [94.52, 90.28, 86.96]
2023-10-19 14:29:58,713 [trainer.py] => NME top1 curve: [75.82, 68.97, 64.5]
2023-10-19 14:29:58,713 [trainer.py] => NME top5 curve: [94.88, 90.83, 87.97]

2023-10-19 14:29:58,713 [trainer.py] => Average Accuracy (CNN): 69.30666666666666
2023-10-19 14:29:58,713 [trainer.py] => Average Accuracy (NME): 69.76333333333334
2023-10-19 14:29:58,713 [trainer.py] => All params: 468704
2023-10-19 14:29:58,714 [trainer.py] => Trainable params: 468704
2023-10-19 14:29:58,714 [wa.py] => Learning on 70-80
2023-10-19 14:35:41,220 [wa.py] => Task 3, Epoch 170/170 => Loss 2.308, Train_accy 99.05
2023-10-19 14:35:41,223 [base.py] => Constructing exemplars for new classes...(20 per classes)
2023-10-19 14:36:15,830 [wa.py] => Exemplar size: 1600
2023-10-19 14:36:15,831 [trainer.py] => CNN: {'total': 59.98, '00-09': 60.3, '10-19': 48.3, '20-29': 64.5, '30-39': 55.4, '40-49': 61.4, '50-59': 58.8, '60-69': 64.8, '70-79': 66.3, 'old': 59.07, 'new': 66.3}
2023-10-19 14:36:15,831 [trainer.py] => NME: {'total': 59.72, '00-09': 62.7, '10-19': 51.4, '20-29': 65.8, '30-39': 55.4, '40-49': 62.4, '50-59': 48.3, '60-69': 61.9, '70-79': 69.9, 'old': 58.27, 'new': 69.9}
2023-10-19 14:36:15,831 [trainer.py] => CNN top1 curve: [76.5, 67.58, 63.84, 59.98]
2023-10-19 14:36:15,832 [trainer.py] => CNN top5 curve: [94.52, 90.28, 86.96, 85.19]
2023-10-19 14:36:15,832 [trainer.py] => NME top1 curve: [75.82, 68.97, 64.5, 59.72]
2023-10-19 14:36:15,832 [trainer.py] => NME top5 curve: [94.88, 90.83, 87.97, 86.0]

2023-10-19 14:36:15,833 [trainer.py] => Average Accuracy (CNN): 66.975
2023-10-19 14:36:15,833 [trainer.py] => Average Accuracy (NME): 67.2525
2023-10-19 14:36:15,834 [trainer.py] => All params: 469354
2023-10-19 14:36:15,834 [trainer.py] => Trainable params: 469354
2023-10-19 14:36:15,835 [wa.py] => Learning on 80-90
2023-10-19 14:42:08,687 [wa.py] => Task 4, Epoch 170/170 => Loss 2.596, Train_accy 99.06
2023-10-19 14:42:08,689 [base.py] => Constructing exemplars for new classes...(20 per classes)
2023-10-19 14:42:46,958 [wa.py] => Exemplar size: 1800
2023-10-19 14:42:46,958 [trainer.py] => CNN: {'total': 58.04, '00-09': 59.8, '10-19': 44.4, '20-29': 60.6, '30-39': 54.5, '40-49': 59.4, '50-59': 55.6, '60-69': 61.4, '70-79': 58.3, '80-89': 68.4, 'old': 56.75, 'new': 68.4}
2023-10-19 14:42:46,959 [trainer.py] => NME: {'total': 56.97, '00-09': 59.5, '10-19': 44.8, '20-29': 59.9, '30-39': 53.7, '40-49': 59.7, '50-59': 47.5, '60-69': 57.6, '70-79': 62.4, '80-89': 67.6, 'old': 55.64, 'new': 67.6}
2023-10-19 14:42:46,959 [trainer.py] => CNN top1 curve: [76.5, 67.58, 63.84, 59.98, 58.04]
2023-10-19 14:42:46,959 [trainer.py] => CNN top5 curve: [94.52, 90.28, 86.96, 85.19, 83.76]
2023-10-19 14:42:46,960 [trainer.py] => NME top1 curve: [75.82, 68.97, 64.5, 59.72, 56.97]
2023-10-19 14:42:46,960 [trainer.py] => NME top5 curve: [94.88, 90.83, 87.97, 86.0, 83.28]

2023-10-19 14:42:46,960 [trainer.py] => Average Accuracy (CNN): 65.188
2023-10-19 14:42:46,961 [trainer.py] => Average Accuracy (NME): 65.196
2023-10-19 14:42:46,961 [trainer.py] => All params: 470004
2023-10-19 14:42:46,962 [trainer.py] => Trainable params: 470004
2023-10-19 14:42:46,963 [wa.py] => Learning on 90-100
2023-10-19 14:48:48,200 [wa.py] => Task 5, Epoch 170/170 => Loss 2.832, Train_accy 98.09
2023-10-19 14:48:48,204 [base.py] => Constructing exemplars for new classes...(20 per classes)
2023-10-19 14:49:30,407 [wa.py] => Exemplar size: 2000
2023-10-19 14:49:30,408 [trainer.py] => CNN: {'total': 56.74, '00-09': 59.2, '10-19': 45.3, '20-29': 59.3, '30-39': 53.1, '40-49': 58.2, '50-59': 54.4, '60-69': 60.4, '70-79': 54.9, '80-89': 57.4, '90-99': 65.2, 'old': 55.8, 'new': 65.2}
2023-10-19 14:49:30,408 [trainer.py] => NME: {'total': 54.71, '00-09': 57.5, '10-19': 41.7, '20-29': 58.5, '30-39': 50.0, '40-49': 57.7, '50-59': 47.0, '60-69': 57.2, '70-79': 55.9, '80-89': 60.0, '90-99': 61.6, 'old': 53.94, 'new': 61.6}
2023-10-19 14:49:30,412 [trainer.py] => CNN top1 curve: [76.5, 67.58, 63.84, 59.98, 58.04, 56.74]
2023-10-19 14:49:30,413 [trainer.py] => CNN top5 curve: [94.52, 90.28, 86.96, 85.19, 83.76, 82.27]
2023-10-19 14:49:30,413 [trainer.py] => NME top1 curve: [75.82, 68.97, 64.5, 59.72, 56.97, 54.71]
2023-10-19 14:49:30,413 [trainer.py] => NME top5 curve: [94.88, 90.83, 87.97, 86.0, 83.28, 81.57]

2023-10-19 14:49:30,413 [trainer.py] => Average Accuracy (CNN): 63.78
2023-10-19 14:49:30,413 [trainer.py] => Average Accuracy (NME): 63.44833333333333
