2023-10-25 11:20:02,161 [trainer.py] => config: ./exps/der.json
2023-10-25 11:20:02,165 [trainer.py] => prefix: reproduce
2023-10-25 11:20:02,166 [trainer.py] => dataset: cifar100
2023-10-25 11:20:02,166 [trainer.py] => memory_size: 2000
2023-10-25 11:20:02,166 [trainer.py] => memory_per_class: 20
2023-10-25 11:20:02,166 [trainer.py] => fixed_memory: False
2023-10-25 11:20:02,166 [trainer.py] => shuffle: True
2023-10-25 11:20:02,166 [trainer.py] => init_cls: 10
2023-10-25 11:20:02,166 [trainer.py] => increment: 10
2023-10-25 11:20:02,166 [trainer.py] => model_name: der
2023-10-25 11:20:02,166 [trainer.py] => convnet_type: resnet32
2023-10-25 11:20:02,167 [trainer.py] => device: [device(type='cuda', index=0)]
2023-10-25 11:20:02,167 [trainer.py] => seed: 1993
2023-10-25 11:20:04,578 [data_manager.py] => [68, 56, 78, 8, 23, 84, 90, 65, 74, 76, 40, 89, 3, 92, 55, 9, 26, 80, 43, 38, 58, 70, 77, 1, 85, 19, 17, 50, 28, 53, 13, 81, 45, 82, 6, 59, 83, 16, 15, 44, 91, 41, 72, 60, 79, 52, 20, 10, 31, 54, 37, 95, 14, 71, 96, 98, 97, 2, 64, 66, 42, 22, 35, 86, 24, 34, 87, 21, 99, 0, 88, 27, 18, 94, 11, 12, 47, 25, 30, 46, 62, 69, 36, 61, 7, 63, 75, 5, 32, 4, 51, 48, 73, 93, 39, 67, 29, 49, 57, 33]
2023-10-25 11:20:15,621 [trainer.py] => All params: 0
2023-10-25 11:20:15,621 [trainer.py] => Trainable params: 0
2023-10-25 11:20:15,843 [der.py] => Learning on 0-10
2023-10-25 11:20:15,843 [der.py] => All params: 465519
2023-10-25 11:20:15,844 [der.py] => Trainable params: 465519
2023-10-25 11:26:01,483 [der.py] => Task 0, Epoch 200/200 => Loss 0.035, Train_accy 99.54
2023-10-25 11:26:01,484 [base.py] => Reducing exemplars...(200 per classes)
2023-10-25 11:26:01,485 [base.py] => Constructing exemplars...(200 per classes)
2023-10-25 11:26:11,635 [der.py] => Exemplar size: 2000
2023-10-25 11:26:11,635 [trainer.py] => CNN: {'total': 88.7, '00-09': 88.7, 'old': 0, 'new': 88.7}
2023-10-25 11:26:11,636 [trainer.py] => NME: {'total': 88.6, '00-09': 88.6, 'old': 0, 'new': 88.6}
2023-10-25 11:26:11,636 [trainer.py] => CNN top1 curve: [88.7]
2023-10-25 11:26:11,636 [trainer.py] => CNN top5 curve: [99.6]
2023-10-25 11:26:11,637 [trainer.py] => NME top1 curve: [88.6]
2023-10-25 11:26:11,637 [trainer.py] => NME top5 curve: [99.2]

2023-10-25 11:26:11,637 [trainer.py] => Average Accuracy (CNN): 88.7
2023-10-25 11:26:11,638 [trainer.py] => Average Accuracy (NME): 88.6
2023-10-25 11:26:11,638 [trainer.py] => All params: 465519
2023-10-25 11:26:11,639 [trainer.py] => Trainable params: 465519
2023-10-25 11:26:11,660 [der.py] => Learning on 10-20
2023-10-25 11:26:11,661 [der.py] => All params: 931603
2023-10-25 11:26:11,662 [der.py] => Trainable params: 467449
2023-10-25 11:32:11,531 [der.py] => Task 1, Epoch 170/170 => Loss 0.018, Loss_clf 0.010, Loss_aux 0.008, Train_accy 99.93
2023-10-25 11:32:11,536 [base.py] => Reducing exemplars...(100 per classes)
2023-10-25 11:32:15,377 [base.py] => Constructing exemplars...(100 per classes)
2023-10-25 11:32:25,590 [der.py] => Exemplar size: 2000
2023-10-25 11:32:25,590 [trainer.py] => CNN: {'total': 79.9, '00-09': 81.1, '10-19': 78.7, 'old': 81.1, 'new': 78.7}
2023-10-25 11:32:25,591 [trainer.py] => NME: {'total': 79.7, '00-09': 81.6, '10-19': 77.8, 'old': 81.6, 'new': 77.8}
2023-10-25 11:32:25,591 [trainer.py] => CNN top1 curve: [88.7, 79.9]
2023-10-25 11:32:25,591 [trainer.py] => CNN top5 curve: [99.6, 95.9]
2023-10-25 11:32:25,592 [trainer.py] => NME top1 curve: [88.6, 79.7]
2023-10-25 11:32:25,592 [trainer.py] => NME top5 curve: [99.2, 96.1]

2023-10-25 11:32:25,592 [trainer.py] => Average Accuracy (CNN): 84.30000000000001
2023-10-25 11:32:25,593 [trainer.py] => Average Accuracy (NME): 84.15
2023-10-25 11:32:25,594 [trainer.py] => All params: 931603
2023-10-25 11:32:25,594 [trainer.py] => Trainable params: 467449
2023-10-25 11:32:25,613 [der.py] => Learning on 20-30
2023-10-25 11:32:25,615 [der.py] => All params: 1398967
2023-10-25 11:32:25,616 [der.py] => Trainable params: 470659
2023-10-25 11:39:01,350 [der.py] => Task 2, Epoch 170/170 => Loss 0.016, Loss_clf 0.008, Loss_aux 0.008, Train_accy 99.94
2023-10-25 11:39:01,351 [base.py] => Reducing exemplars...(66 per classes)
2023-10-25 11:39:09,170 [base.py] => Constructing exemplars...(66 per classes)
2023-10-25 11:39:20,016 [der.py] => Exemplar size: 1980
2023-10-25 11:39:20,016 [trainer.py] => CNN: {'total': 76.03, '00-09': 74.3, '10-19': 68.8, '20-29': 85.0, 'old': 71.55, 'new': 85.0}
2023-10-25 11:39:20,016 [trainer.py] => NME: {'total': 76.1, '00-09': 77.0, '10-19': 70.5, '20-29': 80.8, 'old': 73.75, 'new': 80.8}
2023-10-25 11:39:20,016 [trainer.py] => CNN top1 curve: [88.7, 79.9, 76.03]
2023-10-25 11:39:20,017 [trainer.py] => CNN top5 curve: [99.6, 95.9, 94.0]
2023-10-25 11:39:20,017 [trainer.py] => NME top1 curve: [88.6, 79.7, 76.1]
2023-10-25 11:39:20,017 [trainer.py] => NME top5 curve: [99.2, 96.1, 94.67]

2023-10-25 11:39:20,017 [trainer.py] => Average Accuracy (CNN): 81.54333333333334
2023-10-25 11:39:20,017 [trainer.py] => Average Accuracy (NME): 81.46666666666667
2023-10-25 11:39:20,018 [trainer.py] => All params: 1398967
2023-10-25 11:39:20,018 [trainer.py] => Trainable params: 470659
2023-10-25 11:39:20,037 [der.py] => Learning on 30-40
2023-10-25 11:39:20,039 [der.py] => All params: 1867611
2023-10-25 11:39:20,040 [der.py] => Trainable params: 475149
2023-10-25 11:46:45,192 [der.py] => Task 3, Epoch 170/170 => Loss 0.017, Loss_clf 0.008, Loss_aux 0.009, Train_accy 99.96
2023-10-25 11:46:45,196 [base.py] => Reducing exemplars...(50 per classes)
2023-10-25 11:46:56,520 [base.py] => Constructing exemplars...(50 per classes)
2023-10-25 11:47:07,971 [der.py] => Exemplar size: 2000
2023-10-25 11:47:07,971 [trainer.py] => CNN: {'total': 72.15, '00-09': 70.2, '10-19': 63.4, '20-29': 77.7, '30-39': 77.3, 'old': 70.43, 'new': 77.3}
2023-10-25 11:47:07,972 [trainer.py] => NME: {'total': 72.42, '00-09': 72.2, '10-19': 67.3, '20-29': 76.2, '30-39': 74.0, 'old': 71.9, 'new': 74.0}
2023-10-25 11:47:07,972 [trainer.py] => CNN top1 curve: [88.7, 79.9, 76.03, 72.15]
2023-10-25 11:47:07,972 [trainer.py] => CNN top5 curve: [99.6, 95.9, 94.0, 92.25]
2023-10-25 11:47:07,973 [trainer.py] => NME top1 curve: [88.6, 79.7, 76.1, 72.42]
2023-10-25 11:47:07,973 [trainer.py] => NME top5 curve: [99.2, 96.1, 94.67, 93.38]

2023-10-25 11:47:07,973 [trainer.py] => Average Accuracy (CNN): 79.19500000000001
2023-10-25 11:47:07,974 [trainer.py] => Average Accuracy (NME): 79.205
2023-10-25 11:47:07,975 [trainer.py] => All params: 1867611
2023-10-25 11:47:07,976 [trainer.py] => Trainable params: 475149
2023-10-25 11:47:07,995 [der.py] => Learning on 40-50
2023-10-25 11:47:07,998 [der.py] => All params: 2337535
2023-10-25 11:47:07,999 [der.py] => Trainable params: 480919
2023-10-25 11:55:19,559 [der.py] => Task 4, Epoch 170/170 => Loss 0.013, Loss_clf 0.008, Loss_aux 0.005, Train_accy 99.99
2023-10-25 11:55:19,562 [base.py] => Reducing exemplars...(40 per classes)
2023-10-25 11:55:34,435 [base.py] => Constructing exemplars...(40 per classes)
2023-10-25 11:55:46,439 [der.py] => Exemplar size: 2000
2023-10-25 11:55:46,440 [trainer.py] => CNN: {'total': 69.66, '00-09': 65.7, '10-19': 55.5, '20-29': 72.5, '30-39': 73.2, '40-49': 81.4, 'old': 66.72, 'new': 81.4}
2023-10-25 11:55:46,440 [trainer.py] => NME: {'total': 70.2, '00-09': 68.8, '10-19': 61.9, '20-29': 72.8, '30-39': 68.0, '40-49': 79.5, 'old': 67.88, 'new': 79.5}
2023-10-25 11:55:46,441 [trainer.py] => CNN top1 curve: [88.7, 79.9, 76.03, 72.15, 69.66]
2023-10-25 11:55:46,441 [trainer.py] => CNN top5 curve: [99.6, 95.9, 94.0, 92.25, 90.94]
2023-10-25 11:55:46,441 [trainer.py] => NME top1 curve: [88.6, 79.7, 76.1, 72.42, 70.2]
2023-10-25 11:55:46,442 [trainer.py] => NME top5 curve: [99.2, 96.1, 94.67, 93.38, 92.24]

2023-10-25 11:55:46,442 [trainer.py] => Average Accuracy (CNN): 77.28800000000001
2023-10-25 11:55:46,442 [trainer.py] => Average Accuracy (NME): 77.404
2023-10-25 11:55:46,444 [trainer.py] => All params: 2337535
2023-10-25 11:55:46,446 [trainer.py] => Trainable params: 480919
2023-10-25 11:55:46,466 [der.py] => Learning on 50-60
2023-10-25 11:55:46,469 [der.py] => All params: 2808739
2023-10-25 11:55:46,471 [der.py] => Trainable params: 487969
2023-10-25 12:04:43,699 [der.py] => Task 5, Epoch 170/170 => Loss 0.014, Loss_clf 0.008, Loss_aux 0.006, Train_accy 99.97
2023-10-25 12:04:43,702 [base.py] => Reducing exemplars...(33 per classes)
2023-10-25 12:05:02,289 [base.py] => Constructing exemplars...(33 per classes)
2023-10-25 12:05:15,184 [der.py] => Exemplar size: 1980
2023-10-25 12:05:15,185 [trainer.py] => CNN: {'total': 67.58, '00-09': 62.0, '10-19': 53.5, '20-29': 69.4, '30-39': 66.7, '40-49': 80.6, '50-59': 73.3, 'old': 66.44, 'new': 73.3}
2023-10-25 12:05:15,185 [trainer.py] => NME: {'total': 68.25, '00-09': 64.0, '10-19': 59.9, '20-29': 70.4, '30-39': 66.2, '40-49': 74.3, '50-59': 74.7, 'old': 66.96, 'new': 74.7}
2023-10-25 12:05:15,186 [trainer.py] => CNN top1 curve: [88.7, 79.9, 76.03, 72.15, 69.66, 67.58]
2023-10-25 12:05:15,186 [trainer.py] => CNN top5 curve: [99.6, 95.9, 94.0, 92.25, 90.94, 89.38]
2023-10-25 12:05:15,186 [trainer.py] => NME top1 curve: [88.6, 79.7, 76.1, 72.42, 70.2, 68.25]
2023-10-25 12:05:15,187 [trainer.py] => NME top5 curve: [99.2, 96.1, 94.67, 93.38, 92.24, 90.93]

2023-10-25 12:05:15,187 [trainer.py] => Average Accuracy (CNN): 75.67
2023-10-25 12:05:15,187 [trainer.py] => Average Accuracy (NME): 75.87833333333333
2023-10-25 12:05:15,189 [trainer.py] => All params: 2808739
2023-10-25 12:05:15,191 [trainer.py] => Trainable params: 487969
2023-10-25 12:05:15,210 [der.py] => Learning on 60-70
2023-10-25 12:05:15,214 [der.py] => All params: 3281223
2023-10-25 12:05:15,215 [der.py] => Trainable params: 496299
2023-10-25 12:15:04,643 [der.py] => Task 6, Epoch 170/170 => Loss 0.015, Loss_clf 0.009, Loss_aux 0.006, Train_accy 99.97
2023-10-25 12:15:04,647 [base.py] => Reducing exemplars...(28 per classes)
2023-10-25 12:15:27,389 [base.py] => Constructing exemplars...(28 per classes)
2023-10-25 12:15:41,581 [der.py] => Exemplar size: 1960
2023-10-25 12:15:41,582 [trainer.py] => CNN: {'total': 66.11, '00-09': 58.8, '10-19': 51.5, '20-29': 65.9, '30-39': 62.1, '40-49': 72.2, '50-59': 76.7, '60-69': 75.6, 'old': 64.53, 'new': 75.6}
2023-10-25 12:15:41,582 [trainer.py] => NME: {'total': 67.14, '00-09': 62.8, '10-19': 57.9, '20-29': 70.0, '30-39': 63.1, '40-49': 72.5, '50-59': 67.1, '60-69': 76.6, 'old': 65.57, 'new': 76.6}
2023-10-25 12:15:41,582 [trainer.py] => CNN top1 curve: [88.7, 79.9, 76.03, 72.15, 69.66, 67.58, 66.11]
2023-10-25 12:15:41,583 [trainer.py] => CNN top5 curve: [99.6, 95.9, 94.0, 92.25, 90.94, 89.38, 88.74]
2023-10-25 12:15:41,583 [trainer.py] => NME top1 curve: [88.6, 79.7, 76.1, 72.42, 70.2, 68.25, 67.14]
2023-10-25 12:15:41,583 [trainer.py] => NME top5 curve: [99.2, 96.1, 94.67, 93.38, 92.24, 90.93, 89.96]

2023-10-25 12:15:41,584 [trainer.py] => Average Accuracy (CNN): 74.30428571428571
2023-10-25 12:15:41,584 [trainer.py] => Average Accuracy (NME): 74.63
2023-10-25 12:15:41,586 [trainer.py] => All params: 3281223
2023-10-25 12:15:41,588 [trainer.py] => Trainable params: 496299
2023-10-25 12:15:41,607 [der.py] => Learning on 70-80
2023-10-25 12:15:41,611 [der.py] => All params: 3754987
2023-10-25 12:15:41,613 [der.py] => Trainable params: 505909
2023-10-25 12:26:23,194 [der.py] => Task 7, Epoch 170/170 => Loss 0.016, Loss_clf 0.008, Loss_aux 0.008, Train_accy 99.96
2023-10-25 12:26:23,197 [base.py] => Reducing exemplars...(25 per classes)
2023-10-25 12:26:49,135 [base.py] => Constructing exemplars...(25 per classes)
2023-10-25 12:27:04,634 [der.py] => Exemplar size: 2000
2023-10-25 12:27:04,635 [trainer.py] => CNN: {'total': 63.4, '00-09': 57.0, '10-19': 50.7, '20-29': 64.4, '30-39': 59.8, '40-49': 68.3, '50-59': 66.0, '60-69': 82.0, '70-79': 59.0, 'old': 64.03, 'new': 59.0}
2023-10-25 12:27:04,635 [trainer.py] => NME: {'total': 64.19, '00-09': 59.5, '10-19': 55.5, '20-29': 68.6, '30-39': 60.4, '40-49': 67.7, '50-59': 59.2, '60-69': 70.6, '70-79': 72.0, 'old': 63.07, 'new': 72.0}
2023-10-25 12:27:04,635 [trainer.py] => CNN top1 curve: [88.7, 79.9, 76.03, 72.15, 69.66, 67.58, 66.11, 63.4]
2023-10-25 12:27:04,636 [trainer.py] => CNN top5 curve: [99.6, 95.9, 94.0, 92.25, 90.94, 89.38, 88.74, 87.85]
2023-10-25 12:27:04,636 [trainer.py] => NME top1 curve: [88.6, 79.7, 76.1, 72.42, 70.2, 68.25, 67.14, 64.19]
2023-10-25 12:27:04,641 [trainer.py] => NME top5 curve: [99.2, 96.1, 94.67, 93.38, 92.24, 90.93, 89.96, 89.15]

2023-10-25 12:27:04,641 [trainer.py] => Average Accuracy (CNN): 72.94125
2023-10-25 12:27:04,641 [trainer.py] => Average Accuracy (NME): 73.32499999999999
2023-10-25 12:27:04,644 [trainer.py] => All params: 3754987
2023-10-25 12:27:04,646 [trainer.py] => Trainable params: 505909
2023-10-25 12:27:04,667 [der.py] => Learning on 80-90
2023-10-25 12:27:04,671 [der.py] => All params: 4230031
2023-10-25 12:27:04,673 [der.py] => Trainable params: 516799
2023-10-25 12:38:41,006 [der.py] => Task 8, Epoch 170/170 => Loss 0.015, Loss_clf 0.008, Loss_aux 0.007, Train_accy 99.99
2023-10-25 12:38:41,010 [base.py] => Reducing exemplars...(22 per classes)
2023-10-25 12:39:11,486 [base.py] => Constructing exemplars...(22 per classes)
2023-10-25 12:39:28,366 [der.py] => Exemplar size: 1980
2023-10-25 12:39:28,367 [trainer.py] => CNN: {'total': 61.92, '00-09': 55.5, '10-19': 47.7, '20-29': 63.2, '30-39': 57.6, '40-49': 62.9, '50-59': 57.0, '60-69': 73.0, '70-79': 78.1, '80-89': 62.3, 'old': 61.88, 'new': 62.3}
2023-10-25 12:39:28,367 [trainer.py] => NME: {'total': 62.23, '00-09': 57.0, '10-19': 51.3, '20-29': 65.3, '30-39': 58.5, '40-49': 64.2, '50-59': 57.3, '60-69': 66.6, '70-79': 69.0, '80-89': 70.9, 'old': 61.15, 'new': 70.9}
2023-10-25 12:39:28,367 [trainer.py] => CNN top1 curve: [88.7, 79.9, 76.03, 72.15, 69.66, 67.58, 66.11, 63.4, 61.92]
2023-10-25 12:39:28,368 [trainer.py] => CNN top5 curve: [99.6, 95.9, 94.0, 92.25, 90.94, 89.38, 88.74, 87.85, 86.63]
2023-10-25 12:39:28,368 [trainer.py] => NME top1 curve: [88.6, 79.7, 76.1, 72.42, 70.2, 68.25, 67.14, 64.19, 62.23]
2023-10-25 12:39:28,368 [trainer.py] => NME top5 curve: [99.2, 96.1, 94.67, 93.38, 92.24, 90.93, 89.96, 89.15, 88.13]

2023-10-25 12:39:28,369 [trainer.py] => Average Accuracy (CNN): 71.71666666666665
2023-10-25 12:39:28,369 [trainer.py] => Average Accuracy (NME): 72.09222222222222
2023-10-25 12:39:28,372 [trainer.py] => All params: 4230031
2023-10-25 12:39:28,375 [trainer.py] => Trainable params: 516799
2023-10-25 12:39:28,396 [der.py] => Learning on 90-100
2023-10-25 12:39:28,400 [der.py] => All params: 4706355
2023-10-25 12:39:28,403 [der.py] => Trainable params: 528969
2023-10-25 12:52:04,487 [der.py] => Task 9, Epoch 170/170 => Loss 0.017, Loss_clf 0.009, Loss_aux 0.008, Train_accy 99.96
2023-10-25 12:52:04,489 [base.py] => Reducing exemplars...(20 per classes)
2023-10-25 12:52:38,684 [base.py] => Constructing exemplars...(20 per classes)
2023-10-25 12:52:57,039 [der.py] => Exemplar size: 2000
2023-10-25 12:52:57,039 [trainer.py] => CNN: {'total': 59.48, '00-09': 51.8, '10-19': 45.4, '20-29': 59.2, '30-39': 55.6, '40-49': 59.1, '50-59': 52.5, '60-69': 67.0, '70-79': 71.3, '80-89': 77.0, '90-99': 55.9, 'old': 59.88, 'new': 55.9}
2023-10-25 12:52:57,040 [trainer.py] => NME: {'total': 61.06, '00-09': 53.7, '10-19': 50.3, '20-29': 63.8, '30-39': 57.7, '40-49': 62.9, '50-59': 56.4, '60-69': 65.5, '70-79': 65.9, '80-89': 69.1, '90-99': 65.3, 'old': 60.59, 'new': 65.3}
2023-10-25 12:52:57,040 [trainer.py] => CNN top1 curve: [88.7, 79.9, 76.03, 72.15, 69.66, 67.58, 66.11, 63.4, 61.92, 59.48]
2023-10-25 12:52:57,040 [trainer.py] => CNN top5 curve: [99.6, 95.9, 94.0, 92.25, 90.94, 89.38, 88.74, 87.85, 86.63, 85.38]
2023-10-25 12:52:57,041 [trainer.py] => NME top1 curve: [88.6, 79.7, 76.1, 72.42, 70.2, 68.25, 67.14, 64.19, 62.23, 61.06]
2023-10-25 12:52:57,041 [trainer.py] => NME top5 curve: [99.2, 96.1, 94.67, 93.38, 92.24, 90.93, 89.96, 89.15, 88.13, 86.71]

2023-10-25 12:52:57,042 [trainer.py] => Average Accuracy (CNN): 70.493
2023-10-25 12:52:57,042 [trainer.py] => Average Accuracy (NME): 70.98899999999999
2025-02-12 12:38:23,030 [trainer.py] => config: ./exps/der.json
2025-02-12 12:38:23,032 [trainer.py] => prefix: reproduce
2025-02-12 12:38:23,032 [trainer.py] => dataset: cifar100
2025-02-12 12:38:23,033 [trainer.py] => memory_size: 2000
2025-02-12 12:38:23,033 [trainer.py] => memory_per_class: 20
2025-02-12 12:38:23,035 [trainer.py] => fixed_memory: False
2025-02-12 12:38:23,035 [trainer.py] => shuffle: True
2025-02-12 12:38:23,035 [trainer.py] => init_cls: 10
2025-02-12 12:38:23,035 [trainer.py] => increment: 10
2025-02-12 12:38:23,035 [trainer.py] => model_name: der
2025-02-12 12:38:23,035 [trainer.py] => convnet_type: resnet32
2025-02-12 12:38:23,035 [trainer.py] => device: [device(type='cuda', index=0)]
2025-02-12 12:38:23,035 [trainer.py] => seed: 1993
2025-02-12 12:38:26,135 [data_manager.py] => [68, 56, 78, 8, 23, 84, 90, 65, 74, 76, 40, 89, 3, 92, 55, 9, 26, 80, 43, 38, 58, 70, 77, 1, 85, 19, 17, 50, 28, 53, 13, 81, 45, 82, 6, 59, 83, 16, 15, 44, 91, 41, 72, 60, 79, 52, 20, 10, 31, 54, 37, 95, 14, 71, 96, 98, 97, 2, 64, 66, 42, 22, 35, 86, 24, 34, 87, 21, 99, 0, 88, 27, 18, 94, 11, 12, 47, 25, 30, 46, 62, 69, 36, 61, 7, 63, 75, 5, 32, 4, 51, 48, 73, 93, 39, 67, 29, 49, 57, 33]
2025-02-12 12:38:39,960 [trainer.py] => All params: 0
2025-02-12 12:38:39,961 [trainer.py] => Trainable params: 0
2025-02-12 12:38:40,006 [der.py] => Learning on 0-10
2025-02-12 12:38:40,006 [der.py] => All params: 465519
2025-02-12 12:38:40,007 [der.py] => Trainable params: 465519
2025-02-12 12:45:12,017 [der.py] => Task 0, Epoch 200/200 => Loss 0.022, Train_accy 99.76
2025-02-12 12:45:12,019 [base.py] => Reducing exemplars...(200 per classes)
2025-02-12 12:45:12,020 [base.py] => Constructing exemplars...(200 per classes)
2025-02-12 12:45:24,786 [der.py] => Exemplar size: 2000
2025-02-12 12:45:24,787 [trainer.py] => CNN: {'total': 90.7, '00-09': 90.7, 'old': 0, 'new': 90.7}
2025-02-12 12:45:24,787 [trainer.py] => NME: {'total': 91.0, '00-09': 91.0, 'old': 0, 'new': 91.0}
2025-02-12 12:45:24,788 [trainer.py] => CNN top1 curve: [90.7]
2025-02-12 12:45:24,788 [trainer.py] => CNN top5 curve: [99.5]
2025-02-12 12:45:24,789 [trainer.py] => NME top1 curve: [91.0]
2025-02-12 12:45:24,789 [trainer.py] => NME top5 curve: [99.3]

2025-02-12 12:45:24,790 [trainer.py] => Average Accuracy (CNN): 90.7
2025-02-12 12:45:24,790 [trainer.py] => Average Accuracy (NME): 91.0
2025-02-12 12:45:24,791 [trainer.py] => All params: 465519
2025-02-12 12:45:24,792 [trainer.py] => Trainable params: 465519
2025-02-12 12:45:24,851 [der.py] => Learning on 10-20
2025-02-12 12:45:24,853 [der.py] => All params: 931603
2025-02-12 12:45:24,853 [der.py] => Trainable params: 467449
2025-02-12 12:52:38,390 [der.py] => Task 1, Epoch 170/170 => Loss 0.021, Loss_clf 0.011, Loss_aux 0.010, Train_accy 99.83
2025-02-12 12:52:38,663 [base.py] => Reducing exemplars...(100 per classes)
2025-02-12 12:52:43,237 [base.py] => Constructing exemplars...(100 per classes)
2025-02-12 12:52:55,665 [der.py] => Exemplar size: 2000
2025-02-12 12:52:55,665 [trainer.py] => CNN: {'total': 78.15, '00-09': 80.5, '10-19': 75.8, 'old': 80.5, 'new': 75.8}
2025-02-12 12:52:55,666 [trainer.py] => NME: {'total': 78.4, '00-09': 81.7, '10-19': 75.1, 'old': 81.7, 'new': 75.1}
2025-02-12 12:52:55,666 [trainer.py] => CNN top1 curve: [90.7, 78.15]
2025-02-12 12:52:55,667 [trainer.py] => CNN top5 curve: [99.5, 96.45]
2025-02-12 12:52:55,667 [trainer.py] => NME top1 curve: [91.0, 78.4]
2025-02-12 12:52:55,667 [trainer.py] => NME top5 curve: [99.3, 96.7]

2025-02-12 12:52:55,668 [trainer.py] => Average Accuracy (CNN): 84.42500000000001
2025-02-12 12:52:55,668 [trainer.py] => Average Accuracy (NME): 84.7
2025-02-12 12:52:55,670 [trainer.py] => All params: 931603
2025-02-12 12:52:55,671 [trainer.py] => Trainable params: 467449
2025-02-12 12:52:55,701 [der.py] => Learning on 20-30
2025-02-12 12:52:55,703 [der.py] => All params: 1398967
2025-02-12 12:52:55,705 [der.py] => Trainable params: 470659
2025-02-12 13:00:59,390 [der.py] => Task 2, Epoch 170/170 => Loss 0.017, Loss_clf 0.010, Loss_aux 0.007, Train_accy 99.91
2025-02-12 13:00:59,395 [base.py] => Reducing exemplars...(66 per classes)
2025-02-12 13:01:08,779 [base.py] => Constructing exemplars...(66 per classes)
2025-02-12 13:01:22,067 [der.py] => Exemplar size: 1980
2025-02-12 13:01:22,068 [trainer.py] => CNN: {'total': 76.23, '00-09': 76.6, '10-19': 67.9, '20-29': 84.2, 'old': 72.25, 'new': 84.2}
2025-02-12 13:01:22,069 [trainer.py] => NME: {'total': 76.53, '00-09': 78.0, '10-19': 70.8, '20-29': 80.8, 'old': 74.4, 'new': 80.8}
2025-02-12 13:01:22,070 [trainer.py] => CNN top1 curve: [90.7, 78.15, 76.23]
2025-02-12 13:01:22,070 [trainer.py] => CNN top5 curve: [99.5, 96.45, 94.43]
2025-02-12 13:01:22,070 [trainer.py] => NME top1 curve: [91.0, 78.4, 76.53]
2025-02-12 13:01:22,070 [trainer.py] => NME top5 curve: [99.3, 96.7, 95.13]

2025-02-12 13:01:22,070 [trainer.py] => Average Accuracy (CNN): 81.69333333333334
2025-02-12 13:01:22,070 [trainer.py] => Average Accuracy (NME): 81.97666666666667
2025-02-12 13:01:22,071 [trainer.py] => All params: 1398967
2025-02-12 13:01:22,072 [trainer.py] => Trainable params: 470659
2025-02-12 13:01:22,103 [der.py] => Learning on 30-40
2025-02-12 13:01:22,105 [der.py] => All params: 1867611
2025-02-12 13:01:22,107 [der.py] => Trainable params: 475149
2025-02-12 13:10:03,895 [der.py] => Task 3, Epoch 170/170 => Loss 0.018, Loss_clf 0.009, Loss_aux 0.008, Train_accy 99.89
2025-02-12 13:10:03,899 [base.py] => Reducing exemplars...(50 per classes)
2025-02-12 13:10:17,832 [base.py] => Constructing exemplars...(50 per classes)
2025-02-12 13:10:31,595 [der.py] => Exemplar size: 2000
2025-02-12 13:10:31,596 [trainer.py] => CNN: {'total': 71.58, '00-09': 70.7, '10-19': 60.6, '20-29': 78.4, '30-39': 76.6, 'old': 69.9, 'new': 76.6}
2025-02-12 13:10:31,596 [trainer.py] => NME: {'total': 72.82, '00-09': 73.2, '10-19': 65.3, '20-29': 77.0, '30-39': 75.8, 'old': 71.83, 'new': 75.8}
2025-02-12 13:10:31,597 [trainer.py] => CNN top1 curve: [90.7, 78.15, 76.23, 71.58]
2025-02-12 13:10:31,597 [trainer.py] => CNN top5 curve: [99.5, 96.45, 94.43, 92.22]
2025-02-12 13:10:31,597 [trainer.py] => NME top1 curve: [91.0, 78.4, 76.53, 72.82]
2025-02-12 13:10:31,598 [trainer.py] => NME top5 curve: [99.3, 96.7, 95.13, 93.52]

2025-02-12 13:10:31,598 [trainer.py] => Average Accuracy (CNN): 79.165
2025-02-12 13:10:31,599 [trainer.py] => Average Accuracy (NME): 79.6875
2025-02-12 13:10:31,601 [trainer.py] => All params: 1867611
2025-02-12 13:10:31,602 [trainer.py] => Trainable params: 475149
2025-02-12 13:10:31,634 [der.py] => Learning on 40-50
2025-02-12 13:10:31,637 [der.py] => All params: 2337535
2025-02-12 13:10:31,639 [der.py] => Trainable params: 480919
2025-02-12 13:19:57,184 [der.py] => Task 4, Epoch 170/170 => Loss 0.016, Loss_clf 0.010, Loss_aux 0.006, Train_accy 99.91
2025-02-12 13:19:57,187 [base.py] => Reducing exemplars...(40 per classes)
2025-02-12 13:20:15,655 [base.py] => Constructing exemplars...(40 per classes)
2025-02-12 13:20:30,358 [der.py] => Exemplar size: 2000
2025-02-12 13:20:30,359 [trainer.py] => CNN: {'total': 69.66, '00-09': 66.7, '10-19': 55.3, '20-29': 70.5, '30-39': 73.6, '40-49': 82.2, 'old': 66.53, 'new': 82.2}
2025-02-12 13:20:30,360 [trainer.py] => NME: {'total': 70.6, '00-09': 68.1, '10-19': 60.0, '20-29': 73.5, '30-39': 70.9, '40-49': 80.5, 'old': 68.12, 'new': 80.5}
2025-02-12 13:20:30,360 [trainer.py] => CNN top1 curve: [90.7, 78.15, 76.23, 71.58, 69.66]
2025-02-12 13:20:30,361 [trainer.py] => CNN top5 curve: [99.5, 96.45, 94.43, 92.22, 91.48]
2025-02-12 13:20:30,361 [trainer.py] => NME top1 curve: [91.0, 78.4, 76.53, 72.82, 70.6]
2025-02-12 13:20:30,362 [trainer.py] => NME top5 curve: [99.3, 96.7, 95.13, 93.52, 92.42]

2025-02-12 13:20:30,362 [trainer.py] => Average Accuracy (CNN): 77.26400000000001
2025-02-12 13:20:30,363 [trainer.py] => Average Accuracy (NME): 77.87
2025-02-12 13:20:30,365 [trainer.py] => All params: 2337535
2025-02-12 13:20:30,367 [trainer.py] => Trainable params: 480919
2025-02-12 13:20:30,398 [der.py] => Learning on 50-60
2025-02-12 13:20:30,402 [der.py] => All params: 2808739
2025-02-12 13:20:30,404 [der.py] => Trainable params: 487969
2025-02-12 13:30:48,672 [der.py] => Task 5, Epoch 170/170 => Loss 0.016, Loss_clf 0.009, Loss_aux 0.007, Train_accy 99.96
2025-02-12 13:30:48,677 [base.py] => Reducing exemplars...(33 per classes)
2025-02-12 13:31:11,845 [base.py] => Constructing exemplars...(33 per classes)
2025-02-12 13:31:27,761 [der.py] => Exemplar size: 1980
2025-02-12 13:31:27,762 [trainer.py] => CNN: {'total': 67.32, '00-09': 63.4, '10-19': 52.1, '20-29': 66.2, '30-39': 67.7, '40-49': 80.9, '50-59': 73.6, 'old': 66.06, 'new': 73.6}
2025-02-12 13:31:27,762 [trainer.py] => NME: {'total': 67.35, '00-09': 63.0, '10-19': 56.4, '20-29': 69.6, '30-39': 67.5, '40-49': 74.3, '50-59': 73.3, 'old': 66.16, 'new': 73.3}
2025-02-12 13:31:27,762 [trainer.py] => CNN top1 curve: [90.7, 78.15, 76.23, 71.58, 69.66, 67.32]
2025-02-12 13:31:27,762 [trainer.py] => CNN top5 curve: [99.5, 96.45, 94.43, 92.22, 91.48, 90.0]
2025-02-12 13:31:27,762 [trainer.py] => NME top1 curve: [91.0, 78.4, 76.53, 72.82, 70.6, 67.35]
2025-02-12 13:31:27,762 [trainer.py] => NME top5 curve: [99.3, 96.7, 95.13, 93.52, 92.42, 91.3]

2025-02-12 13:31:27,762 [trainer.py] => Average Accuracy (CNN): 75.60666666666667
2025-02-12 13:31:27,762 [trainer.py] => Average Accuracy (NME): 76.11666666666667
2025-02-12 13:31:27,764 [trainer.py] => All params: 2808739
2025-02-12 13:31:27,766 [trainer.py] => Trainable params: 487969
2025-02-12 13:31:27,795 [der.py] => Learning on 60-70
2025-02-12 13:31:27,799 [der.py] => All params: 3281223
2025-02-12 13:31:27,801 [der.py] => Trainable params: 496299
2025-02-12 13:42:31,762 [der.py] => Task 6, Epoch 170/170 => Loss 0.015, Loss_clf 0.009, Loss_aux 0.006, Train_accy 99.96
2025-02-12 13:42:31,766 [base.py] => Reducing exemplars...(28 per classes)
2025-02-12 13:42:59,916 [base.py] => Constructing exemplars...(28 per classes)
2025-02-12 13:43:17,088 [der.py] => Exemplar size: 1960
2025-02-12 13:43:17,089 [trainer.py] => CNN: {'total': 65.26, '00-09': 60.1, '10-19': 48.7, '20-29': 63.1, '30-39': 61.8, '40-49': 73.9, '50-59': 74.4, '60-69': 74.8, 'old': 63.67, 'new': 74.8}
2025-02-12 13:43:17,090 [trainer.py] => NME: {'total': 65.99, '00-09': 61.0, '10-19': 54.1, '20-29': 69.0, '30-39': 64.1, '40-49': 72.2, '50-59': 65.0, '60-69': 76.5, 'old': 64.23, 'new': 76.5}
2025-02-12 13:43:17,090 [trainer.py] => CNN top1 curve: [90.7, 78.15, 76.23, 71.58, 69.66, 67.32, 65.26]
2025-02-12 13:43:17,090 [trainer.py] => CNN top5 curve: [99.5, 96.45, 94.43, 92.22, 91.48, 90.0, 88.87]
2025-02-12 13:43:17,091 [trainer.py] => NME top1 curve: [91.0, 78.4, 76.53, 72.82, 70.6, 67.35, 65.99]
2025-02-12 13:43:17,091 [trainer.py] => NME top5 curve: [99.3, 96.7, 95.13, 93.52, 92.42, 91.3, 90.14]

2025-02-12 13:43:17,092 [trainer.py] => Average Accuracy (CNN): 74.12857142857145
2025-02-12 13:43:17,092 [trainer.py] => Average Accuracy (NME): 74.67
2025-02-12 13:43:17,095 [trainer.py] => All params: 3281223
2025-02-12 13:43:17,097 [trainer.py] => Trainable params: 496299
2025-02-12 13:43:17,131 [der.py] => Learning on 70-80
2025-02-12 13:43:17,136 [der.py] => All params: 3754987
2025-02-12 13:43:17,138 [der.py] => Trainable params: 505909
2025-02-12 13:55:12,474 [der.py] => Task 7, Epoch 170/170 => Loss 0.017, Loss_clf 0.009, Loss_aux 0.008, Train_accy 99.97
2025-02-12 13:55:12,479 [base.py] => Reducing exemplars...(25 per classes)
2025-02-12 13:55:45,295 [base.py] => Constructing exemplars...(25 per classes)
2025-02-12 13:56:03,845 [der.py] => Exemplar size: 2000
2025-02-12 13:56:03,846 [trainer.py] => CNN: {'total': 62.19, '00-09': 59.5, '10-19': 45.8, '20-29': 61.5, '30-39': 58.5, '40-49': 67.7, '50-59': 64.3, '60-69': 80.1, '70-79': 60.1, 'old': 62.49, 'new': 60.1}
2025-02-12 13:56:03,846 [trainer.py] => NME: {'total': 63.02, '00-09': 57.4, '10-19': 52.9, '20-29': 67.4, '30-39': 60.6, '40-49': 67.6, '50-59': 55.6, '60-69': 70.7, '70-79': 72.0, 'old': 61.74, 'new': 72.0}
2025-02-12 13:56:03,846 [trainer.py] => CNN top1 curve: [90.7, 78.15, 76.23, 71.58, 69.66, 67.32, 65.26, 62.19]
2025-02-12 13:56:03,847 [trainer.py] => CNN top5 curve: [99.5, 96.45, 94.43, 92.22, 91.48, 90.0, 88.87, 87.78]
2025-02-12 13:56:03,847 [trainer.py] => NME top1 curve: [91.0, 78.4, 76.53, 72.82, 70.6, 67.35, 65.99, 63.02]
2025-02-12 13:56:03,848 [trainer.py] => NME top5 curve: [99.3, 96.7, 95.13, 93.52, 92.42, 91.3, 90.14, 89.16]

2025-02-12 13:56:03,848 [trainer.py] => Average Accuracy (CNN): 72.63625000000002
2025-02-12 13:56:03,849 [trainer.py] => Average Accuracy (NME): 73.21375
2025-02-12 13:56:03,853 [trainer.py] => All params: 3754987
2025-02-12 13:56:03,856 [trainer.py] => Trainable params: 505909
2025-02-12 13:56:03,887 [der.py] => Learning on 80-90
2025-02-12 13:56:03,892 [der.py] => All params: 4230031
2025-02-12 13:56:03,895 [der.py] => Trainable params: 516799
2025-02-12 14:08:58,270 [der.py] => Task 8, Epoch 170/170 => Loss 0.016, Loss_clf 0.009, Loss_aux 0.007, Train_accy 99.99
2025-02-12 14:08:58,275 [base.py] => Reducing exemplars...(22 per classes)
2025-02-12 14:09:36,474 [base.py] => Constructing exemplars...(22 per classes)
2025-02-12 14:09:56,721 [der.py] => Exemplar size: 1980
2025-02-12 14:09:56,722 [trainer.py] => CNN: {'total': 61.2, '00-09': 57.4, '10-19': 45.6, '20-29': 60.2, '30-39': 56.7, '40-49': 62.9, '50-59': 55.3, '60-69': 71.4, '70-79': 77.0, '80-89': 64.3, 'old': 60.81, 'new': 64.3}
2025-02-12 14:09:56,722 [trainer.py] => NME: {'total': 61.32, '00-09': 54.3, '10-19': 47.9, '20-29': 64.2, '30-39': 59.9, '40-49': 65.4, '50-59': 54.1, '60-69': 67.4, '70-79': 69.1, '80-89': 69.6, 'old': 60.29, 'new': 69.6}
2025-02-12 14:09:56,723 [trainer.py] => CNN top1 curve: [90.7, 78.15, 76.23, 71.58, 69.66, 67.32, 65.26, 62.19, 61.2]
2025-02-12 14:09:56,723 [trainer.py] => CNN top5 curve: [99.5, 96.45, 94.43, 92.22, 91.48, 90.0, 88.87, 87.78, 86.6]
2025-02-12 14:09:56,724 [trainer.py] => NME top1 curve: [91.0, 78.4, 76.53, 72.82, 70.6, 67.35, 65.99, 63.02, 61.32]
2025-02-12 14:09:56,724 [trainer.py] => NME top5 curve: [99.3, 96.7, 95.13, 93.52, 92.42, 91.3, 90.14, 89.16, 88.13]

2025-02-12 14:09:56,725 [trainer.py] => Average Accuracy (CNN): 71.36555555555557
2025-02-12 14:09:56,725 [trainer.py] => Average Accuracy (NME): 71.89222222222223
2025-02-12 14:09:56,729 [trainer.py] => All params: 4230031
2025-02-12 14:09:56,732 [trainer.py] => Trainable params: 516799
2025-02-12 14:09:56,765 [der.py] => Learning on 90-100
2025-02-12 14:09:56,771 [der.py] => All params: 4706355
2025-02-12 14:09:56,774 [der.py] => Trainable params: 528969
2025-02-12 14:23:41,857 [der.py] => Task 9, Epoch 170/170 => Loss 0.016, Loss_clf 0.009, Loss_aux 0.007, Train_accy 99.99
2025-02-12 14:23:41,862 [base.py] => Reducing exemplars...(20 per classes)
2025-02-12 14:24:25,100 [base.py] => Constructing exemplars...(20 per classes)
2025-02-12 14:24:47,096 [der.py] => Exemplar size: 2000
2025-02-12 14:24:47,096 [trainer.py] => CNN: {'total': 59.52, '00-09': 54.6, '10-19': 41.6, '20-29': 58.4, '30-39': 55.2, '40-49': 60.7, '50-59': 53.0, '60-69': 65.7, '70-79': 69.5, '80-89': 78.4, '90-99': 58.1, 'old': 59.68, 'new': 58.1}
2025-02-12 14:24:47,097 [trainer.py] => NME: {'total': 60.08, '00-09': 50.9, '10-19': 47.2, '20-29': 62.8, '30-39': 58.2, '40-49': 64.3, '50-59': 51.4, '60-69': 66.8, '70-79': 64.9, '80-89': 68.0, '90-99': 66.3, 'old': 59.39, 'new': 66.3}
2025-02-12 14:24:47,097 [trainer.py] => CNN top1 curve: [90.7, 78.15, 76.23, 71.58, 69.66, 67.32, 65.26, 62.19, 61.2, 59.52]
2025-02-12 14:24:47,098 [trainer.py] => CNN top5 curve: [99.5, 96.45, 94.43, 92.22, 91.48, 90.0, 88.87, 87.78, 86.6, 85.73]
2025-02-12 14:24:47,098 [trainer.py] => NME top1 curve: [91.0, 78.4, 76.53, 72.82, 70.6, 67.35, 65.99, 63.02, 61.32, 60.08]
2025-02-12 14:24:47,098 [trainer.py] => NME top5 curve: [99.3, 96.7, 95.13, 93.52, 92.42, 91.3, 90.14, 89.16, 88.13, 86.88]

2025-02-12 14:24:47,099 [trainer.py] => Average Accuracy (CNN): 70.18100000000001
2025-02-12 14:24:47,099 [trainer.py] => Average Accuracy (NME): 70.71100000000001
