2025-02-13 13:47:14,220 [trainer.py] => config: ./exps/fetril1.json
2025-02-13 13:47:14,220 [trainer.py] => prefix: train
2025-02-13 13:47:14,220 [trainer.py] => dataset: cifar100
2025-02-13 13:47:14,220 [trainer.py] => memory_size: 2000
2025-02-13 13:47:14,220 [trainer.py] => shuffle: True
2025-02-13 13:47:14,220 [trainer.py] => init_cls: 50
2025-02-13 13:47:14,220 [trainer.py] => increment: 5
2025-02-13 13:47:14,221 [trainer.py] => model_name: fetril
2025-02-13 13:47:14,221 [trainer.py] => convnet_type: resnet32
2025-02-13 13:47:14,221 [trainer.py] => device: [device(type='cuda', index=0)]
2025-02-13 13:47:14,221 [trainer.py] => seed: 1993
2025-02-13 13:47:14,221 [trainer.py] => init_epochs: 200
2025-02-13 13:47:14,221 [trainer.py] => init_lr: 0.1
2025-02-13 13:47:14,221 [trainer.py] => init_weight_decay: 0.0005
2025-02-13 13:47:14,221 [trainer.py] => epochs: 50
2025-02-13 13:47:14,221 [trainer.py] => lr: 0.1
2025-02-13 13:47:14,222 [trainer.py] => batch_size: 128
2025-02-13 13:47:14,222 [trainer.py] => weight_decay: 0.0005
2025-02-13 13:47:14,222 [trainer.py] => num_workers: 8
2025-02-13 13:47:14,222 [trainer.py] => T: 2
2025-02-13 13:47:16,077 [data_manager.py] => [68, 56, 78, 8, 23, 84, 90, 65, 74, 76, 40, 89, 3, 92, 55, 9, 26, 80, 43, 38, 58, 70, 77, 1, 85, 19, 17, 50, 28, 53, 13, 81, 45, 82, 6, 59, 83, 16, 15, 44, 91, 41, 72, 60, 79, 52, 20, 10, 31, 54, 37, 95, 14, 71, 96, 98, 97, 2, 64, 66, 42, 22, 35, 86, 24, 34, 87, 21, 99, 0, 88, 27, 18, 94, 11, 12, 47, 25, 30, 46, 62, 69, 36, 61, 7, 63, 75, 5, 32, 4, 51, 48, 73, 93, 39, 67, 29, 49, 57, 33]
2025-02-13 13:47:24,792 [trainer.py] => All params: 464154
2025-02-13 13:47:24,792 [trainer.py] => Trainable params: 464154
2025-02-13 13:47:24,796 [fetril.py] => Learning on 0-50
2025-02-13 13:47:24,796 [fetril.py] => All params: 467404
2025-02-13 13:47:24,796 [fetril.py] => Trainable params: 467404
2025-02-13 13:47:31,549 [fetril.py] => Task 0, Epoch 1/200 => Loss 3.835, Train_accy 5.10, Test_accy 12.50
2025-02-13 13:47:35,555 [fetril.py] => Task 0, Epoch 2/200 => Loss 3.529, Train_accy 9.79
2025-02-13 13:47:39,588 [fetril.py] => Task 0, Epoch 3/200 => Loss 3.376, Train_accy 12.93
2025-02-13 13:47:43,555 [fetril.py] => Task 0, Epoch 4/200 => Loss 3.258, Train_accy 15.64
2025-02-13 13:47:47,619 [fetril.py] => Task 0, Epoch 5/200 => Loss 3.129, Train_accy 17.99
2025-02-13 13:47:52,265 [fetril.py] => Task 0, Epoch 6/200 => Loss 3.014, Train_accy 20.46, Test_accy 27.16
2025-02-13 13:47:56,255 [fetril.py] => Task 0, Epoch 7/200 => Loss 2.878, Train_accy 23.12
2025-02-13 13:48:00,273 [fetril.py] => Task 0, Epoch 8/200 => Loss 2.754, Train_accy 25.90
2025-02-13 13:48:04,287 [fetril.py] => Task 0, Epoch 9/200 => Loss 2.658, Train_accy 28.34
2025-02-13 13:48:08,323 [fetril.py] => Task 0, Epoch 10/200 => Loss 2.550, Train_accy 30.55
2025-02-13 13:48:12,875 [fetril.py] => Task 0, Epoch 11/200 => Loss 2.461, Train_accy 32.42, Test_accy 41.02
2025-02-13 13:48:16,880 [fetril.py] => Task 0, Epoch 12/200 => Loss 2.373, Train_accy 35.23
2025-02-13 13:48:20,899 [fetril.py] => Task 0, Epoch 13/200 => Loss 2.315, Train_accy 36.18
2025-02-13 13:48:24,893 [fetril.py] => Task 0, Epoch 14/200 => Loss 2.255, Train_accy 38.11
2025-02-13 13:48:28,888 [fetril.py] => Task 0, Epoch 15/200 => Loss 2.218, Train_accy 38.36
2025-02-13 13:48:33,515 [fetril.py] => Task 0, Epoch 16/200 => Loss 2.185, Train_accy 39.66, Test_accy 45.10
2025-02-13 13:48:37,560 [fetril.py] => Task 0, Epoch 17/200 => Loss 2.128, Train_accy 40.76
2025-02-13 13:48:41,582 [fetril.py] => Task 0, Epoch 18/200 => Loss 2.101, Train_accy 41.66
2025-02-13 13:48:45,616 [fetril.py] => Task 0, Epoch 19/200 => Loss 2.085, Train_accy 41.86
2025-02-13 13:48:49,685 [fetril.py] => Task 0, Epoch 20/200 => Loss 2.066, Train_accy 42.50
2025-02-13 13:48:54,324 [fetril.py] => Task 0, Epoch 21/200 => Loss 2.035, Train_accy 43.01, Test_accy 45.56
2025-02-13 13:48:58,337 [fetril.py] => Task 0, Epoch 22/200 => Loss 2.007, Train_accy 43.72
2025-02-13 13:49:02,354 [fetril.py] => Task 0, Epoch 23/200 => Loss 2.002, Train_accy 44.20
2025-02-13 13:49:06,405 [fetril.py] => Task 0, Epoch 24/200 => Loss 1.983, Train_accy 44.46
2025-02-13 13:49:10,407 [fetril.py] => Task 0, Epoch 25/200 => Loss 1.965, Train_accy 45.10
2025-02-13 13:49:15,007 [fetril.py] => Task 0, Epoch 26/200 => Loss 1.943, Train_accy 45.50, Test_accy 47.78
2025-02-13 13:49:19,028 [fetril.py] => Task 0, Epoch 27/200 => Loss 1.928, Train_accy 46.12
2025-02-13 13:49:23,071 [fetril.py] => Task 0, Epoch 28/200 => Loss 1.918, Train_accy 46.43
2025-02-13 13:49:27,111 [fetril.py] => Task 0, Epoch 29/200 => Loss 1.899, Train_accy 46.94
2025-02-13 13:49:31,138 [fetril.py] => Task 0, Epoch 30/200 => Loss 1.905, Train_accy 46.54
2025-02-13 13:49:35,787 [fetril.py] => Task 0, Epoch 31/200 => Loss 1.875, Train_accy 47.36, Test_accy 50.18
2025-02-13 13:49:39,861 [fetril.py] => Task 0, Epoch 32/200 => Loss 1.877, Train_accy 47.31
2025-02-13 13:49:43,911 [fetril.py] => Task 0, Epoch 33/200 => Loss 1.860, Train_accy 47.94
2025-02-13 13:49:47,919 [fetril.py] => Task 0, Epoch 34/200 => Loss 1.871, Train_accy 47.14
2025-02-13 13:49:51,954 [fetril.py] => Task 0, Epoch 35/200 => Loss 1.843, Train_accy 48.06
2025-02-13 13:49:56,531 [fetril.py] => Task 0, Epoch 36/200 => Loss 1.854, Train_accy 47.86, Test_accy 51.80
2025-02-13 13:50:00,565 [fetril.py] => Task 0, Epoch 37/200 => Loss 1.832, Train_accy 48.49
2025-02-13 13:50:04,609 [fetril.py] => Task 0, Epoch 38/200 => Loss 1.830, Train_accy 48.48
2025-02-13 13:50:08,674 [fetril.py] => Task 0, Epoch 39/200 => Loss 1.826, Train_accy 48.86
2025-02-13 13:50:12,770 [fetril.py] => Task 0, Epoch 40/200 => Loss 1.819, Train_accy 48.72
2025-02-13 13:50:17,354 [fetril.py] => Task 0, Epoch 41/200 => Loss 1.805, Train_accy 49.12, Test_accy 56.54
2025-02-13 13:50:21,399 [fetril.py] => Task 0, Epoch 42/200 => Loss 1.791, Train_accy 48.98
2025-02-13 13:50:25,446 [fetril.py] => Task 0, Epoch 43/200 => Loss 1.786, Train_accy 49.66
2025-02-13 13:50:29,554 [fetril.py] => Task 0, Epoch 44/200 => Loss 1.789, Train_accy 49.38
2025-02-13 13:50:33,616 [fetril.py] => Task 0, Epoch 45/200 => Loss 1.777, Train_accy 50.20
2025-02-13 13:50:38,231 [fetril.py] => Task 0, Epoch 46/200 => Loss 1.764, Train_accy 50.19, Test_accy 56.74
2025-02-13 13:50:42,277 [fetril.py] => Task 0, Epoch 47/200 => Loss 1.781, Train_accy 49.94
2025-02-13 13:50:46,259 [fetril.py] => Task 0, Epoch 48/200 => Loss 1.751, Train_accy 50.50
2025-02-13 13:50:50,312 [fetril.py] => Task 0, Epoch 49/200 => Loss 1.756, Train_accy 50.28
2025-02-13 13:50:54,360 [fetril.py] => Task 0, Epoch 50/200 => Loss 1.731, Train_accy 51.14
2025-02-13 13:50:58,962 [fetril.py] => Task 0, Epoch 51/200 => Loss 1.740, Train_accy 51.10, Test_accy 57.84
2025-02-13 13:51:03,029 [fetril.py] => Task 0, Epoch 52/200 => Loss 1.738, Train_accy 50.65
2025-02-13 13:51:07,042 [fetril.py] => Task 0, Epoch 53/200 => Loss 1.744, Train_accy 50.67
2025-02-13 13:51:11,093 [fetril.py] => Task 0, Epoch 54/200 => Loss 1.726, Train_accy 51.21
2025-02-13 13:51:15,141 [fetril.py] => Task 0, Epoch 55/200 => Loss 1.728, Train_accy 51.14
2025-02-13 13:51:19,748 [fetril.py] => Task 0, Epoch 56/200 => Loss 1.711, Train_accy 51.63, Test_accy 57.68
2025-02-13 13:51:23,795 [fetril.py] => Task 0, Epoch 57/200 => Loss 1.705, Train_accy 51.86
2025-02-13 13:51:27,871 [fetril.py] => Task 0, Epoch 58/200 => Loss 1.710, Train_accy 51.62
2025-02-13 13:51:31,902 [fetril.py] => Task 0, Epoch 59/200 => Loss 1.708, Train_accy 51.73
2025-02-13 13:51:35,969 [fetril.py] => Task 0, Epoch 60/200 => Loss 1.699, Train_accy 51.66
2025-02-13 13:51:40,583 [fetril.py] => Task 0, Epoch 61/200 => Loss 1.691, Train_accy 51.93, Test_accy 52.98
2025-02-13 13:51:44,647 [fetril.py] => Task 0, Epoch 62/200 => Loss 1.697, Train_accy 52.17
2025-02-13 13:51:48,708 [fetril.py] => Task 0, Epoch 63/200 => Loss 1.684, Train_accy 52.30
2025-02-13 13:51:52,714 [fetril.py] => Task 0, Epoch 64/200 => Loss 1.679, Train_accy 52.94
2025-02-13 13:51:56,755 [fetril.py] => Task 0, Epoch 65/200 => Loss 1.666, Train_accy 52.89
2025-02-13 13:52:01,379 [fetril.py] => Task 0, Epoch 66/200 => Loss 1.674, Train_accy 52.29, Test_accy 46.06
2025-02-13 13:52:05,457 [fetril.py] => Task 0, Epoch 67/200 => Loss 1.657, Train_accy 52.91
2025-02-13 13:52:09,519 [fetril.py] => Task 0, Epoch 68/200 => Loss 1.652, Train_accy 53.15
2025-02-13 13:52:13,530 [fetril.py] => Task 0, Epoch 69/200 => Loss 1.656, Train_accy 52.88
2025-02-13 13:52:17,570 [fetril.py] => Task 0, Epoch 70/200 => Loss 1.663, Train_accy 52.48
2025-02-13 13:52:22,219 [fetril.py] => Task 0, Epoch 71/200 => Loss 1.625, Train_accy 53.63, Test_accy 60.92
2025-02-13 13:52:26,249 [fetril.py] => Task 0, Epoch 72/200 => Loss 1.637, Train_accy 53.50
2025-02-13 13:52:30,287 [fetril.py] => Task 0, Epoch 73/200 => Loss 1.648, Train_accy 53.33
2025-02-13 13:52:34,338 [fetril.py] => Task 0, Epoch 74/200 => Loss 1.637, Train_accy 53.49
2025-02-13 13:52:38,395 [fetril.py] => Task 0, Epoch 75/200 => Loss 1.616, Train_accy 53.76
2025-02-13 13:52:42,992 [fetril.py] => Task 0, Epoch 76/200 => Loss 1.623, Train_accy 53.67, Test_accy 60.28
2025-02-13 13:52:47,024 [fetril.py] => Task 0, Epoch 77/200 => Loss 1.620, Train_accy 53.97
2025-02-13 13:52:51,069 [fetril.py] => Task 0, Epoch 78/200 => Loss 1.589, Train_accy 54.79
2025-02-13 13:52:55,131 [fetril.py] => Task 0, Epoch 79/200 => Loss 1.588, Train_accy 54.32
2025-02-13 13:52:59,158 [fetril.py] => Task 0, Epoch 80/200 => Loss 1.591, Train_accy 54.33
2025-02-13 13:53:03,803 [fetril.py] => Task 0, Epoch 81/200 => Loss 1.585, Train_accy 54.72, Test_accy 58.70
2025-02-13 13:53:07,862 [fetril.py] => Task 0, Epoch 82/200 => Loss 1.584, Train_accy 54.90
2025-02-13 13:53:11,929 [fetril.py] => Task 0, Epoch 83/200 => Loss 1.578, Train_accy 55.24
2025-02-13 13:53:16,020 [fetril.py] => Task 0, Epoch 84/200 => Loss 1.573, Train_accy 54.93
2025-02-13 13:53:20,115 [fetril.py] => Task 0, Epoch 85/200 => Loss 1.575, Train_accy 54.80
2025-02-13 13:53:24,754 [fetril.py] => Task 0, Epoch 86/200 => Loss 1.567, Train_accy 55.78, Test_accy 59.42
2025-02-13 13:53:28,821 [fetril.py] => Task 0, Epoch 87/200 => Loss 1.564, Train_accy 55.33
2025-02-13 13:53:32,837 [fetril.py] => Task 0, Epoch 88/200 => Loss 1.555, Train_accy 55.89
2025-02-13 13:53:36,890 [fetril.py] => Task 0, Epoch 89/200 => Loss 1.548, Train_accy 56.04
2025-02-13 13:53:40,978 [fetril.py] => Task 0, Epoch 90/200 => Loss 1.539, Train_accy 56.26
2025-02-13 13:53:45,596 [fetril.py] => Task 0, Epoch 91/200 => Loss 1.541, Train_accy 56.10, Test_accy 60.94
2025-02-13 13:53:49,677 [fetril.py] => Task 0, Epoch 92/200 => Loss 1.518, Train_accy 56.43
2025-02-13 13:53:53,735 [fetril.py] => Task 0, Epoch 93/200 => Loss 1.532, Train_accy 56.45
2025-02-13 13:53:57,771 [fetril.py] => Task 0, Epoch 94/200 => Loss 1.511, Train_accy 56.74
2025-02-13 13:54:01,835 [fetril.py] => Task 0, Epoch 95/200 => Loss 1.512, Train_accy 56.77
2025-02-13 13:54:06,449 [fetril.py] => Task 0, Epoch 96/200 => Loss 1.507, Train_accy 56.83, Test_accy 57.18
2025-02-13 13:54:10,486 [fetril.py] => Task 0, Epoch 97/200 => Loss 1.503, Train_accy 56.84
2025-02-13 13:54:14,518 [fetril.py] => Task 0, Epoch 98/200 => Loss 1.506, Train_accy 57.07
2025-02-13 13:54:18,556 [fetril.py] => Task 0, Epoch 99/200 => Loss 1.482, Train_accy 57.28
2025-02-13 13:54:22,610 [fetril.py] => Task 0, Epoch 100/200 => Loss 1.491, Train_accy 57.12
2025-02-13 13:54:27,243 [fetril.py] => Task 0, Epoch 101/200 => Loss 1.493, Train_accy 57.38, Test_accy 65.72
2025-02-13 13:54:31,292 [fetril.py] => Task 0, Epoch 102/200 => Loss 1.460, Train_accy 58.24
2025-02-13 13:54:35,339 [fetril.py] => Task 0, Epoch 103/200 => Loss 1.463, Train_accy 57.87
2025-02-13 13:54:39,403 [fetril.py] => Task 0, Epoch 104/200 => Loss 1.460, Train_accy 57.94
2025-02-13 13:54:43,448 [fetril.py] => Task 0, Epoch 105/200 => Loss 1.447, Train_accy 58.45
2025-02-13 13:54:48,055 [fetril.py] => Task 0, Epoch 106/200 => Loss 1.439, Train_accy 58.43, Test_accy 63.68
2025-02-13 13:54:52,102 [fetril.py] => Task 0, Epoch 107/200 => Loss 1.429, Train_accy 58.92
2025-02-13 13:54:56,117 [fetril.py] => Task 0, Epoch 108/200 => Loss 1.434, Train_accy 58.78
2025-02-13 13:55:00,156 [fetril.py] => Task 0, Epoch 109/200 => Loss 1.426, Train_accy 59.08
2025-02-13 13:55:04,234 [fetril.py] => Task 0, Epoch 110/200 => Loss 1.424, Train_accy 59.04
2025-02-13 13:55:08,833 [fetril.py] => Task 0, Epoch 111/200 => Loss 1.421, Train_accy 59.58, Test_accy 66.44
2025-02-13 13:55:12,901 [fetril.py] => Task 0, Epoch 112/200 => Loss 1.408, Train_accy 59.39
2025-02-13 13:55:16,910 [fetril.py] => Task 0, Epoch 113/200 => Loss 1.394, Train_accy 59.69
2025-02-13 13:55:20,978 [fetril.py] => Task 0, Epoch 114/200 => Loss 1.391, Train_accy 60.28
2025-02-13 13:55:25,037 [fetril.py] => Task 0, Epoch 115/200 => Loss 1.391, Train_accy 59.75
2025-02-13 13:55:29,630 [fetril.py] => Task 0, Epoch 116/200 => Loss 1.367, Train_accy 60.39, Test_accy 65.08
2025-02-13 13:55:33,713 [fetril.py] => Task 0, Epoch 117/200 => Loss 1.371, Train_accy 60.27
2025-02-13 13:55:37,785 [fetril.py] => Task 0, Epoch 118/200 => Loss 1.368, Train_accy 60.63
2025-02-13 13:55:41,830 [fetril.py] => Task 0, Epoch 119/200 => Loss 1.351, Train_accy 60.97
2025-02-13 13:55:45,867 [fetril.py] => Task 0, Epoch 120/200 => Loss 1.358, Train_accy 60.58
2025-02-13 13:55:50,498 [fetril.py] => Task 0, Epoch 121/200 => Loss 1.354, Train_accy 60.73, Test_accy 67.02
2025-02-13 13:55:54,564 [fetril.py] => Task 0, Epoch 122/200 => Loss 1.339, Train_accy 61.17
2025-02-13 13:55:58,654 [fetril.py] => Task 0, Epoch 123/200 => Loss 1.335, Train_accy 61.58
2025-02-13 13:56:02,710 [fetril.py] => Task 0, Epoch 124/200 => Loss 1.332, Train_accy 61.60
2025-02-13 13:56:06,761 [fetril.py] => Task 0, Epoch 125/200 => Loss 1.325, Train_accy 61.53
2025-02-13 13:56:11,388 [fetril.py] => Task 0, Epoch 126/200 => Loss 1.313, Train_accy 61.94, Test_accy 70.42
2025-02-13 13:56:15,431 [fetril.py] => Task 0, Epoch 127/200 => Loss 1.309, Train_accy 61.85
2025-02-13 13:56:19,465 [fetril.py] => Task 0, Epoch 128/200 => Loss 1.291, Train_accy 62.56
2025-02-13 13:56:23,501 [fetril.py] => Task 0, Epoch 129/200 => Loss 1.294, Train_accy 62.39
2025-02-13 13:56:27,579 [fetril.py] => Task 0, Epoch 130/200 => Loss 1.279, Train_accy 63.23
2025-02-13 13:56:32,204 [fetril.py] => Task 0, Epoch 131/200 => Loss 1.278, Train_accy 62.89, Test_accy 70.68
2025-02-13 13:56:36,216 [fetril.py] => Task 0, Epoch 132/200 => Loss 1.269, Train_accy 63.28
2025-02-13 13:56:40,274 [fetril.py] => Task 0, Epoch 133/200 => Loss 1.247, Train_accy 63.87
2025-02-13 13:56:44,311 [fetril.py] => Task 0, Epoch 134/200 => Loss 1.255, Train_accy 63.58
2025-02-13 13:56:48,335 [fetril.py] => Task 0, Epoch 135/200 => Loss 1.239, Train_accy 64.20
2025-02-13 13:56:53,020 [fetril.py] => Task 0, Epoch 136/200 => Loss 1.242, Train_accy 63.86, Test_accy 71.38
2025-02-13 13:56:57,085 [fetril.py] => Task 0, Epoch 137/200 => Loss 1.225, Train_accy 64.46
2025-02-13 13:57:01,091 [fetril.py] => Task 0, Epoch 138/200 => Loss 1.230, Train_accy 64.08
2025-02-13 13:57:05,189 [fetril.py] => Task 0, Epoch 139/200 => Loss 1.207, Train_accy 64.74
2025-02-13 13:57:09,306 [fetril.py] => Task 0, Epoch 140/200 => Loss 1.204, Train_accy 65.02
2025-02-13 13:57:13,942 [fetril.py] => Task 0, Epoch 141/200 => Loss 1.185, Train_accy 65.58, Test_accy 71.16
2025-02-13 13:57:17,976 [fetril.py] => Task 0, Epoch 142/200 => Loss 1.187, Train_accy 65.44
2025-02-13 13:57:22,027 [fetril.py] => Task 0, Epoch 143/200 => Loss 1.175, Train_accy 66.03
2025-02-13 13:57:26,053 [fetril.py] => Task 0, Epoch 144/200 => Loss 1.169, Train_accy 65.94
2025-02-13 13:57:30,080 [fetril.py] => Task 0, Epoch 145/200 => Loss 1.156, Train_accy 66.47
2025-02-13 13:57:34,702 [fetril.py] => Task 0, Epoch 146/200 => Loss 1.153, Train_accy 66.26, Test_accy 71.96
2025-02-13 13:57:38,703 [fetril.py] => Task 0, Epoch 147/200 => Loss 1.129, Train_accy 66.94
2025-02-13 13:57:42,733 [fetril.py] => Task 0, Epoch 148/200 => Loss 1.145, Train_accy 66.54
2025-02-13 13:57:46,756 [fetril.py] => Task 0, Epoch 149/200 => Loss 1.117, Train_accy 67.49
2025-02-13 13:57:50,783 [fetril.py] => Task 0, Epoch 150/200 => Loss 1.124, Train_accy 67.00
2025-02-13 13:57:55,349 [fetril.py] => Task 0, Epoch 151/200 => Loss 1.114, Train_accy 67.62, Test_accy 74.36
2025-02-13 13:57:59,366 [fetril.py] => Task 0, Epoch 152/200 => Loss 1.094, Train_accy 67.95
2025-02-13 13:58:03,405 [fetril.py] => Task 0, Epoch 153/200 => Loss 1.091, Train_accy 68.07
2025-02-13 13:58:07,443 [fetril.py] => Task 0, Epoch 154/200 => Loss 1.079, Train_accy 68.62
2025-02-13 13:58:11,465 [fetril.py] => Task 0, Epoch 155/200 => Loss 1.061, Train_accy 68.97
2025-02-13 13:58:16,028 [fetril.py] => Task 0, Epoch 156/200 => Loss 1.060, Train_accy 68.61, Test_accy 75.00
2025-02-13 13:58:20,058 [fetril.py] => Task 0, Epoch 157/200 => Loss 1.066, Train_accy 68.86
2025-02-13 13:58:24,074 [fetril.py] => Task 0, Epoch 158/200 => Loss 1.053, Train_accy 69.29
2025-02-13 13:58:28,097 [fetril.py] => Task 0, Epoch 159/200 => Loss 1.052, Train_accy 68.96
2025-02-13 13:58:32,093 [fetril.py] => Task 0, Epoch 160/200 => Loss 1.033, Train_accy 69.22
2025-02-13 13:58:36,698 [fetril.py] => Task 0, Epoch 161/200 => Loss 1.021, Train_accy 70.09, Test_accy 76.48
2025-02-13 13:58:40,700 [fetril.py] => Task 0, Epoch 162/200 => Loss 1.002, Train_accy 70.56
2025-02-13 13:58:44,748 [fetril.py] => Task 0, Epoch 163/200 => Loss 0.998, Train_accy 70.79
2025-02-13 13:58:48,784 [fetril.py] => Task 0, Epoch 164/200 => Loss 0.989, Train_accy 71.06
2025-02-13 13:58:52,851 [fetril.py] => Task 0, Epoch 165/200 => Loss 0.992, Train_accy 70.84
2025-02-13 13:58:57,415 [fetril.py] => Task 0, Epoch 166/200 => Loss 0.971, Train_accy 71.71, Test_accy 76.96
2025-02-13 13:59:01,463 [fetril.py] => Task 0, Epoch 167/200 => Loss 0.965, Train_accy 71.74
2025-02-13 13:59:05,492 [fetril.py] => Task 0, Epoch 168/200 => Loss 0.954, Train_accy 72.32
2025-02-13 13:59:09,521 [fetril.py] => Task 0, Epoch 169/200 => Loss 0.939, Train_accy 71.98
2025-02-13 13:59:13,519 [fetril.py] => Task 0, Epoch 170/200 => Loss 0.928, Train_accy 72.61
2025-02-13 13:59:18,105 [fetril.py] => Task 0, Epoch 171/200 => Loss 0.907, Train_accy 73.13, Test_accy 77.26
2025-02-13 13:59:22,149 [fetril.py] => Task 0, Epoch 172/200 => Loss 0.914, Train_accy 73.09
2025-02-13 13:59:26,229 [fetril.py] => Task 0, Epoch 173/200 => Loss 0.907, Train_accy 73.54
2025-02-13 13:59:30,269 [fetril.py] => Task 0, Epoch 174/200 => Loss 0.892, Train_accy 73.78
2025-02-13 13:59:34,324 [fetril.py] => Task 0, Epoch 175/200 => Loss 0.894, Train_accy 73.79
2025-02-13 13:59:38,876 [fetril.py] => Task 0, Epoch 176/200 => Loss 0.876, Train_accy 74.16, Test_accy 79.10
2025-02-13 13:59:42,888 [fetril.py] => Task 0, Epoch 177/200 => Loss 0.881, Train_accy 73.78
2025-02-13 13:59:46,930 [fetril.py] => Task 0, Epoch 178/200 => Loss 0.875, Train_accy 74.30
2025-02-13 13:59:50,952 [fetril.py] => Task 0, Epoch 179/200 => Loss 0.862, Train_accy 74.45
2025-02-13 13:59:54,986 [fetril.py] => Task 0, Epoch 180/200 => Loss 0.847, Train_accy 75.07
2025-02-13 13:59:59,533 [fetril.py] => Task 0, Epoch 181/200 => Loss 0.847, Train_accy 74.95, Test_accy 79.26
2025-02-13 14:00:03,572 [fetril.py] => Task 0, Epoch 182/200 => Loss 0.832, Train_accy 75.68
2025-02-13 14:00:07,572 [fetril.py] => Task 0, Epoch 183/200 => Loss 0.819, Train_accy 75.74
2025-02-13 14:00:11,613 [fetril.py] => Task 0, Epoch 184/200 => Loss 0.827, Train_accy 75.74
2025-02-13 14:00:15,619 [fetril.py] => Task 0, Epoch 185/200 => Loss 0.819, Train_accy 75.89
2025-02-13 14:00:20,198 [fetril.py] => Task 0, Epoch 186/200 => Loss 0.812, Train_accy 76.41, Test_accy 80.22
2025-02-13 14:00:24,212 [fetril.py] => Task 0, Epoch 187/200 => Loss 0.811, Train_accy 76.18
2025-02-13 14:00:28,237 [fetril.py] => Task 0, Epoch 188/200 => Loss 0.803, Train_accy 76.54
2025-02-13 14:00:32,263 [fetril.py] => Task 0, Epoch 189/200 => Loss 0.795, Train_accy 76.83
2025-02-13 14:00:36,281 [fetril.py] => Task 0, Epoch 190/200 => Loss 0.802, Train_accy 76.50
2025-02-13 14:00:40,855 [fetril.py] => Task 0, Epoch 191/200 => Loss 0.792, Train_accy 76.56, Test_accy 80.02
2025-02-13 14:00:44,853 [fetril.py] => Task 0, Epoch 192/200 => Loss 0.783, Train_accy 76.93
2025-02-13 14:00:48,900 [fetril.py] => Task 0, Epoch 193/200 => Loss 0.780, Train_accy 76.91
2025-02-13 14:00:52,889 [fetril.py] => Task 0, Epoch 194/200 => Loss 0.770, Train_accy 77.25
2025-02-13 14:00:56,936 [fetril.py] => Task 0, Epoch 195/200 => Loss 0.774, Train_accy 76.90
2025-02-13 14:01:01,489 [fetril.py] => Task 0, Epoch 196/200 => Loss 0.781, Train_accy 76.77, Test_accy 80.04
2025-02-13 14:01:05,533 [fetril.py] => Task 0, Epoch 197/200 => Loss 0.791, Train_accy 76.97
2025-02-13 14:01:09,550 [fetril.py] => Task 0, Epoch 198/200 => Loss 0.777, Train_accy 76.94
2025-02-13 14:01:13,583 [fetril.py] => Task 0, Epoch 199/200 => Loss 0.770, Train_accy 77.20
2025-02-13 14:01:17,581 [fetril.py] => Task 0, Epoch 200/200 => Loss 0.772, Train_accy 77.49
2025-02-13 14:01:50,829 [fetril.py] => svm train: acc: 94.3
2025-02-13 14:01:50,832 [fetril.py] => svm evaluation: acc_list: [79.1]
2025-02-13 14:01:51,371 [trainer.py] => No NME accuracy.
2025-02-13 14:01:51,371 [trainer.py] => CNN: {'total': 79.92, '00-09': 84.2, '10-19': 74.2, '20-29': 81.8, '30-39': 78.4, '40-49': 81.0, 'old': 0, 'new': 79.92}
2025-02-13 14:01:51,371 [trainer.py] => CNN top1 curve: [79.92]
2025-02-13 14:01:51,371 [trainer.py] => CNN top5 curve: [96.48]

2025-02-13 14:01:51,372 [trainer.py] => Average Accuracy (CNN): 79.92
2025-02-13 14:01:51,372 [trainer.py] => All params: 467404
2025-02-13 14:01:51,372 [trainer.py] => Trainable params: 467404
2025-02-13 14:01:51,377 [fetril.py] => Learning on 50-55
2025-02-13 14:01:51,377 [fetril.py] => All params: 467729
2025-02-13 14:01:51,377 [fetril.py] => Trainable params: 3575
2025-02-13 14:02:05,562 [fetril.py] => Task 1, Epoch 1/50 => Loss 0.263, Train_accy 92.06, Test_accy 74.47
2025-02-13 14:02:06,185 [fetril.py] => Task 1, Epoch 2/50 => Loss 0.175, Train_accy 94.71
2025-02-13 14:02:06,832 [fetril.py] => Task 1, Epoch 3/50 => Loss 0.160, Train_accy 95.21
2025-02-13 14:02:07,481 [fetril.py] => Task 1, Epoch 4/50 => Loss 0.153, Train_accy 95.56
2025-02-13 14:02:08,124 [fetril.py] => Task 1, Epoch 5/50 => Loss 0.148, Train_accy 95.76
2025-02-13 14:02:09,287 [fetril.py] => Task 1, Epoch 6/50 => Loss 0.144, Train_accy 95.81, Test_accy 72.89
2025-02-13 14:02:09,907 [fetril.py] => Task 1, Epoch 7/50 => Loss 0.144, Train_accy 95.93
2025-02-13 14:02:10,539 [fetril.py] => Task 1, Epoch 8/50 => Loss 0.141, Train_accy 96.06
2025-02-13 14:02:11,177 [fetril.py] => Task 1, Epoch 9/50 => Loss 0.142, Train_accy 95.98
2025-02-13 14:02:11,773 [fetril.py] => Task 1, Epoch 10/50 => Loss 0.139, Train_accy 96.00
2025-02-13 14:02:12,942 [fetril.py] => Task 1, Epoch 11/50 => Loss 0.137, Train_accy 96.23, Test_accy 72.82
2025-02-13 14:02:13,601 [fetril.py] => Task 1, Epoch 12/50 => Loss 0.139, Train_accy 96.10
2025-02-13 14:02:14,236 [fetril.py] => Task 1, Epoch 13/50 => Loss 0.137, Train_accy 96.18
2025-02-13 14:02:14,845 [fetril.py] => Task 1, Epoch 14/50 => Loss 0.140, Train_accy 96.07
2025-02-13 14:02:15,465 [fetril.py] => Task 1, Epoch 15/50 => Loss 0.135, Train_accy 96.27
2025-02-13 14:02:16,697 [fetril.py] => Task 1, Epoch 16/50 => Loss 0.139, Train_accy 96.19, Test_accy 73.20
2025-02-13 14:02:17,316 [fetril.py] => Task 1, Epoch 17/50 => Loss 0.134, Train_accy 96.35
2025-02-13 14:02:17,944 [fetril.py] => Task 1, Epoch 18/50 => Loss 0.133, Train_accy 96.51
2025-02-13 14:02:18,568 [fetril.py] => Task 1, Epoch 19/50 => Loss 0.132, Train_accy 96.36
2025-02-13 14:02:19,194 [fetril.py] => Task 1, Epoch 20/50 => Loss 0.133, Train_accy 96.36
2025-02-13 14:02:20,402 [fetril.py] => Task 1, Epoch 21/50 => Loss 0.131, Train_accy 96.45, Test_accy 72.93
2025-02-13 14:02:21,052 [fetril.py] => Task 1, Epoch 22/50 => Loss 0.130, Train_accy 96.55
2025-02-13 14:02:21,681 [fetril.py] => Task 1, Epoch 23/50 => Loss 0.131, Train_accy 96.46
2025-02-13 14:02:22,319 [fetril.py] => Task 1, Epoch 24/50 => Loss 0.129, Train_accy 96.68
2025-02-13 14:02:22,932 [fetril.py] => Task 1, Epoch 25/50 => Loss 0.129, Train_accy 96.59
2025-02-13 14:02:24,147 [fetril.py] => Task 1, Epoch 26/50 => Loss 0.129, Train_accy 96.60, Test_accy 73.42
2025-02-13 14:02:24,787 [fetril.py] => Task 1, Epoch 27/50 => Loss 0.127, Train_accy 96.68
2025-02-13 14:02:25,430 [fetril.py] => Task 1, Epoch 28/50 => Loss 0.127, Train_accy 96.69
2025-02-13 14:02:26,057 [fetril.py] => Task 1, Epoch 29/50 => Loss 0.128, Train_accy 96.71
2025-02-13 14:02:26,684 [fetril.py] => Task 1, Epoch 30/50 => Loss 0.127, Train_accy 96.72
2025-02-13 14:02:27,914 [fetril.py] => Task 1, Epoch 31/50 => Loss 0.125, Train_accy 96.79, Test_accy 73.65
2025-02-13 14:02:28,543 [fetril.py] => Task 1, Epoch 32/50 => Loss 0.125, Train_accy 96.85
2025-02-13 14:02:29,178 [fetril.py] => Task 1, Epoch 33/50 => Loss 0.125, Train_accy 96.87
2025-02-13 14:02:29,839 [fetril.py] => Task 1, Epoch 34/50 => Loss 0.125, Train_accy 96.85
2025-02-13 14:02:30,462 [fetril.py] => Task 1, Epoch 35/50 => Loss 0.124, Train_accy 96.91
2025-02-13 14:02:31,639 [fetril.py] => Task 1, Epoch 36/50 => Loss 0.124, Train_accy 96.93, Test_accy 73.62
2025-02-13 14:02:32,248 [fetril.py] => Task 1, Epoch 37/50 => Loss 0.123, Train_accy 96.96
2025-02-13 14:02:32,903 [fetril.py] => Task 1, Epoch 38/50 => Loss 0.123, Train_accy 97.01
2025-02-13 14:02:33,568 [fetril.py] => Task 1, Epoch 39/50 => Loss 0.122, Train_accy 97.06
2025-02-13 14:02:34,204 [fetril.py] => Task 1, Epoch 40/50 => Loss 0.122, Train_accy 96.98
2025-02-13 14:02:35,381 [fetril.py] => Task 1, Epoch 41/50 => Loss 0.122, Train_accy 97.01, Test_accy 73.45
2025-02-13 14:02:36,032 [fetril.py] => Task 1, Epoch 42/50 => Loss 0.121, Train_accy 97.08
2025-02-13 14:02:36,668 [fetril.py] => Task 1, Epoch 43/50 => Loss 0.121, Train_accy 97.06
2025-02-13 14:02:37,299 [fetril.py] => Task 1, Epoch 44/50 => Loss 0.121, Train_accy 97.10
2025-02-13 14:02:37,921 [fetril.py] => Task 1, Epoch 45/50 => Loss 0.121, Train_accy 97.09
2025-02-13 14:02:39,103 [fetril.py] => Task 1, Epoch 46/50 => Loss 0.121, Train_accy 97.10, Test_accy 73.80
2025-02-13 14:02:39,761 [fetril.py] => Task 1, Epoch 47/50 => Loss 0.120, Train_accy 97.15
2025-02-13 14:02:40,359 [fetril.py] => Task 1, Epoch 48/50 => Loss 0.120, Train_accy 97.15
2025-02-13 14:02:40,980 [fetril.py] => Task 1, Epoch 49/50 => Loss 0.120, Train_accy 97.16
2025-02-13 14:02:41,629 [fetril.py] => Task 1, Epoch 50/50 => Loss 0.120, Train_accy 97.16
2025-02-13 14:02:43,605 [fetril.py] => svm train: acc: 96.46
2025-02-13 14:02:43,608 [fetril.py] => svm evaluation: acc_list: [79.1, 73.53]
2025-02-13 14:02:44,186 [trainer.py] => No NME accuracy.
2025-02-13 14:02:44,186 [trainer.py] => CNN: {'total': 73.71, '00-09': 77.4, '10-19': 68.7, '20-29': 75.7, '30-39': 70.6, '40-49': 74.5, '50-59': 77.0, 'old': 73.38, 'new': 77.0}
2025-02-13 14:02:44,186 [trainer.py] => CNN top1 curve: [79.92, 73.71]
2025-02-13 14:02:44,187 [trainer.py] => CNN top5 curve: [96.48, 94.16]

2025-02-13 14:02:44,187 [trainer.py] => Average Accuracy (CNN): 76.815
2025-02-13 14:02:44,188 [trainer.py] => All params: 467729
2025-02-13 14:02:44,189 [trainer.py] => Trainable params: 3575
2025-02-13 14:02:44,195 [fetril.py] => Learning on 55-60
2025-02-13 14:02:44,195 [fetril.py] => All params: 468054
2025-02-13 14:02:44,196 [fetril.py] => Trainable params: 3900
2025-02-13 14:02:59,593 [fetril.py] => Task 2, Epoch 1/50 => Loss 0.393, Train_accy 88.82, Test_accy 68.02
2025-02-13 14:03:00,264 [fetril.py] => Task 2, Epoch 2/50 => Loss 0.298, Train_accy 91.06
2025-02-13 14:03:00,970 [fetril.py] => Task 2, Epoch 3/50 => Loss 0.282, Train_accy 91.49
2025-02-13 14:03:01,653 [fetril.py] => Task 2, Epoch 4/50 => Loss 0.278, Train_accy 91.49
2025-02-13 14:03:02,289 [fetril.py] => Task 2, Epoch 5/50 => Loss 0.267, Train_accy 92.00
2025-02-13 14:03:03,543 [fetril.py] => Task 2, Epoch 6/50 => Loss 0.266, Train_accy 91.83, Test_accy 68.93
2025-02-13 14:03:04,205 [fetril.py] => Task 2, Epoch 7/50 => Loss 0.267, Train_accy 91.98
2025-02-13 14:03:04,850 [fetril.py] => Task 2, Epoch 8/50 => Loss 0.260, Train_accy 92.17
2025-02-13 14:03:05,495 [fetril.py] => Task 2, Epoch 9/50 => Loss 0.260, Train_accy 92.12
2025-02-13 14:03:06,171 [fetril.py] => Task 2, Epoch 10/50 => Loss 0.259, Train_accy 92.30
2025-02-13 14:03:07,403 [fetril.py] => Task 2, Epoch 11/50 => Loss 0.262, Train_accy 92.23, Test_accy 69.25
2025-02-13 14:03:08,041 [fetril.py] => Task 2, Epoch 12/50 => Loss 0.262, Train_accy 92.14
2025-02-13 14:03:08,696 [fetril.py] => Task 2, Epoch 13/50 => Loss 0.258, Train_accy 92.33
2025-02-13 14:03:09,353 [fetril.py] => Task 2, Epoch 14/50 => Loss 0.254, Train_accy 92.43
2025-02-13 14:03:10,012 [fetril.py] => Task 2, Epoch 15/50 => Loss 0.255, Train_accy 92.55
2025-02-13 14:03:11,233 [fetril.py] => Task 2, Epoch 16/50 => Loss 0.255, Train_accy 92.38, Test_accy 68.78
2025-02-13 14:03:11,906 [fetril.py] => Task 2, Epoch 17/50 => Loss 0.254, Train_accy 92.37
2025-02-13 14:03:12,593 [fetril.py] => Task 2, Epoch 18/50 => Loss 0.251, Train_accy 92.49
2025-02-13 14:03:13,301 [fetril.py] => Task 2, Epoch 19/50 => Loss 0.250, Train_accy 92.53
2025-02-13 14:03:13,960 [fetril.py] => Task 2, Epoch 20/50 => Loss 0.249, Train_accy 92.79
2025-02-13 14:03:15,221 [fetril.py] => Task 2, Epoch 21/50 => Loss 0.247, Train_accy 92.80, Test_accy 69.38
2025-02-13 14:03:15,882 [fetril.py] => Task 2, Epoch 22/50 => Loss 0.247, Train_accy 92.70
2025-02-13 14:03:16,573 [fetril.py] => Task 2, Epoch 23/50 => Loss 0.245, Train_accy 92.88
2025-02-13 14:03:17,255 [fetril.py] => Task 2, Epoch 24/50 => Loss 0.245, Train_accy 92.78
2025-02-13 14:03:17,930 [fetril.py] => Task 2, Epoch 25/50 => Loss 0.243, Train_accy 92.91
2025-02-13 14:03:19,214 [fetril.py] => Task 2, Epoch 26/50 => Loss 0.241, Train_accy 93.04, Test_accy 68.95
2025-02-13 14:03:19,911 [fetril.py] => Task 2, Epoch 27/50 => Loss 0.241, Train_accy 93.08
2025-02-13 14:03:20,557 [fetril.py] => Task 2, Epoch 28/50 => Loss 0.239, Train_accy 93.09
2025-02-13 14:03:21,226 [fetril.py] => Task 2, Epoch 29/50 => Loss 0.239, Train_accy 93.08
2025-02-13 14:03:21,847 [fetril.py] => Task 2, Epoch 30/50 => Loss 0.239, Train_accy 93.01
2025-02-13 14:03:23,111 [fetril.py] => Task 2, Epoch 31/50 => Loss 0.237, Train_accy 93.13, Test_accy 69.62
2025-02-13 14:03:23,775 [fetril.py] => Task 2, Epoch 32/50 => Loss 0.237, Train_accy 93.22
2025-02-13 14:03:24,418 [fetril.py] => Task 2, Epoch 33/50 => Loss 0.236, Train_accy 93.15
2025-02-13 14:03:25,073 [fetril.py] => Task 2, Epoch 34/50 => Loss 0.233, Train_accy 93.32
2025-02-13 14:03:25,752 [fetril.py] => Task 2, Epoch 35/50 => Loss 0.232, Train_accy 93.44
2025-02-13 14:03:27,022 [fetril.py] => Task 2, Epoch 36/50 => Loss 0.232, Train_accy 93.36, Test_accy 69.65
2025-02-13 14:03:27,680 [fetril.py] => Task 2, Epoch 37/50 => Loss 0.232, Train_accy 93.45
2025-02-13 14:03:28,328 [fetril.py] => Task 2, Epoch 38/50 => Loss 0.231, Train_accy 93.54
2025-02-13 14:03:28,978 [fetril.py] => Task 2, Epoch 39/50 => Loss 0.231, Train_accy 93.47
2025-02-13 14:03:29,611 [fetril.py] => Task 2, Epoch 40/50 => Loss 0.230, Train_accy 93.54
2025-02-13 14:03:30,872 [fetril.py] => Task 2, Epoch 41/50 => Loss 0.229, Train_accy 93.55, Test_accy 69.92
2025-02-13 14:03:31,527 [fetril.py] => Task 2, Epoch 42/50 => Loss 0.228, Train_accy 93.51
2025-02-13 14:03:32,197 [fetril.py] => Task 2, Epoch 43/50 => Loss 0.227, Train_accy 93.52
2025-02-13 14:03:32,838 [fetril.py] => Task 2, Epoch 44/50 => Loss 0.227, Train_accy 93.62
2025-02-13 14:03:33,525 [fetril.py] => Task 2, Epoch 45/50 => Loss 0.226, Train_accy 93.64
2025-02-13 14:03:34,739 [fetril.py] => Task 2, Epoch 46/50 => Loss 0.226, Train_accy 93.64, Test_accy 69.67
2025-02-13 14:03:35,424 [fetril.py] => Task 2, Epoch 47/50 => Loss 0.226, Train_accy 93.68
2025-02-13 14:03:36,095 [fetril.py] => Task 2, Epoch 48/50 => Loss 0.225, Train_accy 93.65
2025-02-13 14:03:36,728 [fetril.py] => Task 2, Epoch 49/50 => Loss 0.225, Train_accy 93.66
2025-02-13 14:03:37,424 [fetril.py] => Task 2, Epoch 50/50 => Loss 0.225, Train_accy 93.69
2025-02-13 14:03:39,926 [fetril.py] => svm train: acc: 92.85
2025-02-13 14:03:39,930 [fetril.py] => svm evaluation: acc_list: [79.1, 73.53, 69.92]
2025-02-13 14:03:40,500 [trainer.py] => No NME accuracy.
2025-02-13 14:03:40,500 [trainer.py] => CNN: {'total': 69.73, '00-09': 75.7, '10-19': 66.6, '20-29': 75.0, '30-39': 70.4, '40-49': 72.7, '50-59': 58.0, 'old': 71.55, 'new': 49.8}
2025-02-13 14:03:40,500 [trainer.py] => CNN top1 curve: [79.92, 73.71, 69.73]
2025-02-13 14:03:40,500 [trainer.py] => CNN top5 curve: [96.48, 94.16, 91.77]

2025-02-13 14:03:40,500 [trainer.py] => Average Accuracy (CNN): 74.45333333333333
2025-02-13 14:03:40,501 [trainer.py] => All params: 468054
2025-02-13 14:03:40,501 [trainer.py] => Trainable params: 3900
2025-02-13 14:03:40,505 [fetril.py] => Learning on 60-65
2025-02-13 14:03:40,506 [fetril.py] => All params: 468379
2025-02-13 14:03:40,506 [fetril.py] => Trainable params: 4225
2025-02-13 14:03:56,907 [fetril.py] => Task 3, Epoch 1/50 => Loss 0.436, Train_accy 87.35, Test_accy 66.12
2025-02-13 14:03:57,614 [fetril.py] => Task 3, Epoch 2/50 => Loss 0.353, Train_accy 89.36
2025-02-13 14:03:58,307 [fetril.py] => Task 3, Epoch 3/50 => Loss 0.336, Train_accy 89.98
2025-02-13 14:03:58,993 [fetril.py] => Task 3, Epoch 4/50 => Loss 0.332, Train_accy 90.03
2025-02-13 14:03:59,720 [fetril.py] => Task 3, Epoch 5/50 => Loss 0.328, Train_accy 90.10
2025-02-13 14:04:01,063 [fetril.py] => Task 3, Epoch 6/50 => Loss 0.324, Train_accy 90.28, Test_accy 67.18
2025-02-13 14:04:01,776 [fetril.py] => Task 3, Epoch 7/50 => Loss 0.320, Train_accy 90.41
2025-02-13 14:04:02,456 [fetril.py] => Task 3, Epoch 8/50 => Loss 0.321, Train_accy 90.37
2025-02-13 14:04:03,149 [fetril.py] => Task 3, Epoch 9/50 => Loss 0.320, Train_accy 90.67
2025-02-13 14:04:03,808 [fetril.py] => Task 3, Epoch 10/50 => Loss 0.320, Train_accy 90.53
2025-02-13 14:04:05,083 [fetril.py] => Task 3, Epoch 11/50 => Loss 0.312, Train_accy 90.76, Test_accy 66.63
2025-02-13 14:04:05,799 [fetril.py] => Task 3, Epoch 12/50 => Loss 0.314, Train_accy 90.63
2025-02-13 14:04:06,488 [fetril.py] => Task 3, Epoch 13/50 => Loss 0.312, Train_accy 90.72
2025-02-13 14:04:07,189 [fetril.py] => Task 3, Epoch 14/50 => Loss 0.313, Train_accy 90.76
2025-02-13 14:04:07,885 [fetril.py] => Task 3, Epoch 15/50 => Loss 0.310, Train_accy 90.76
2025-02-13 14:04:09,200 [fetril.py] => Task 3, Epoch 16/50 => Loss 0.311, Train_accy 90.76, Test_accy 67.22
2025-02-13 14:04:09,874 [fetril.py] => Task 3, Epoch 17/50 => Loss 0.307, Train_accy 90.74
2025-02-13 14:04:10,563 [fetril.py] => Task 3, Epoch 18/50 => Loss 0.307, Train_accy 90.95
2025-02-13 14:04:11,256 [fetril.py] => Task 3, Epoch 19/50 => Loss 0.305, Train_accy 90.97
2025-02-13 14:04:11,938 [fetril.py] => Task 3, Epoch 20/50 => Loss 0.302, Train_accy 91.07
2025-02-13 14:04:13,226 [fetril.py] => Task 3, Epoch 21/50 => Loss 0.303, Train_accy 91.01, Test_accy 66.49
2025-02-13 14:04:13,916 [fetril.py] => Task 3, Epoch 22/50 => Loss 0.300, Train_accy 91.25
2025-02-13 14:04:14,573 [fetril.py] => Task 3, Epoch 23/50 => Loss 0.301, Train_accy 91.32
2025-02-13 14:04:15,279 [fetril.py] => Task 3, Epoch 24/50 => Loss 0.299, Train_accy 91.33
2025-02-13 14:04:15,969 [fetril.py] => Task 3, Epoch 25/50 => Loss 0.297, Train_accy 91.51
2025-02-13 14:04:17,281 [fetril.py] => Task 3, Epoch 26/50 => Loss 0.300, Train_accy 91.33, Test_accy 67.06
2025-02-13 14:04:17,945 [fetril.py] => Task 3, Epoch 27/50 => Loss 0.297, Train_accy 91.40
2025-02-13 14:04:18,662 [fetril.py] => Task 3, Epoch 28/50 => Loss 0.294, Train_accy 91.57
2025-02-13 14:04:19,338 [fetril.py] => Task 3, Epoch 29/50 => Loss 0.291, Train_accy 91.73
2025-02-13 14:04:20,035 [fetril.py] => Task 3, Epoch 30/50 => Loss 0.292, Train_accy 91.59
2025-02-13 14:04:21,365 [fetril.py] => Task 3, Epoch 31/50 => Loss 0.290, Train_accy 91.94, Test_accy 67.20
2025-02-13 14:04:22,034 [fetril.py] => Task 3, Epoch 32/50 => Loss 0.290, Train_accy 91.71
2025-02-13 14:04:22,721 [fetril.py] => Task 3, Epoch 33/50 => Loss 0.289, Train_accy 91.79
2025-02-13 14:04:23,414 [fetril.py] => Task 3, Epoch 34/50 => Loss 0.286, Train_accy 92.04
2025-02-13 14:04:24,125 [fetril.py] => Task 3, Epoch 35/50 => Loss 0.287, Train_accy 91.95
2025-02-13 14:04:25,424 [fetril.py] => Task 3, Epoch 36/50 => Loss 0.286, Train_accy 91.89, Test_accy 66.89
2025-02-13 14:04:26,118 [fetril.py] => Task 3, Epoch 37/50 => Loss 0.285, Train_accy 92.01
2025-02-13 14:04:26,794 [fetril.py] => Task 3, Epoch 38/50 => Loss 0.285, Train_accy 92.00
2025-02-13 14:04:27,493 [fetril.py] => Task 3, Epoch 39/50 => Loss 0.282, Train_accy 92.13
2025-02-13 14:04:28,180 [fetril.py] => Task 3, Epoch 40/50 => Loss 0.282, Train_accy 92.14
2025-02-13 14:04:29,484 [fetril.py] => Task 3, Epoch 41/50 => Loss 0.281, Train_accy 92.27, Test_accy 67.22
2025-02-13 14:04:30,179 [fetril.py] => Task 3, Epoch 42/50 => Loss 0.280, Train_accy 92.30
2025-02-13 14:04:30,871 [fetril.py] => Task 3, Epoch 43/50 => Loss 0.280, Train_accy 92.33
2025-02-13 14:04:31,579 [fetril.py] => Task 3, Epoch 44/50 => Loss 0.279, Train_accy 92.37
2025-02-13 14:04:32,262 [fetril.py] => Task 3, Epoch 45/50 => Loss 0.279, Train_accy 92.34
2025-02-13 14:04:33,537 [fetril.py] => Task 3, Epoch 46/50 => Loss 0.278, Train_accy 92.42, Test_accy 67.14
2025-02-13 14:04:34,246 [fetril.py] => Task 3, Epoch 47/50 => Loss 0.278, Train_accy 92.46
2025-02-13 14:04:34,914 [fetril.py] => Task 3, Epoch 48/50 => Loss 0.278, Train_accy 92.43
2025-02-13 14:04:35,621 [fetril.py] => Task 3, Epoch 49/50 => Loss 0.278, Train_accy 92.43
2025-02-13 14:04:36,311 [fetril.py] => Task 3, Epoch 50/50 => Loss 0.277, Train_accy 92.46
2025-02-13 14:04:39,677 [fetril.py] => svm train: acc: 91.1
2025-02-13 14:04:39,680 [fetril.py] => svm evaluation: acc_list: [79.1, 73.53, 69.92, 67.12]
2025-02-13 14:04:40,304 [trainer.py] => No NME accuracy.
2025-02-13 14:04:40,304 [trainer.py] => CNN: {'total': 67.29, '00-09': 75.6, '10-19': 63.6, '20-29': 74.0, '30-39': 67.6, '40-49': 72.8, '50-59': 52.6, '60-69': 62.4, 'old': 67.7, 'new': 62.4}
2025-02-13 14:04:40,304 [trainer.py] => CNN top1 curve: [79.92, 73.71, 69.73, 67.29]
2025-02-13 14:04:40,304 [trainer.py] => CNN top5 curve: [96.48, 94.16, 91.77, 89.95]

2025-02-13 14:04:40,304 [trainer.py] => Average Accuracy (CNN): 72.66250000000001
2025-02-13 14:04:40,305 [trainer.py] => All params: 468379
2025-02-13 14:04:40,305 [trainer.py] => Trainable params: 4225
2025-02-13 14:04:40,310 [fetril.py] => Learning on 65-70
2025-02-13 14:04:40,311 [fetril.py] => All params: 468704
2025-02-13 14:04:40,311 [fetril.py] => Trainable params: 4550
2025-02-13 14:04:57,862 [fetril.py] => Task 4, Epoch 1/50 => Loss 0.616, Train_accy 81.80, Test_accy 64.83
2025-02-13 14:04:58,621 [fetril.py] => Task 4, Epoch 2/50 => Loss 0.518, Train_accy 84.23
2025-02-13 14:04:59,377 [fetril.py] => Task 4, Epoch 3/50 => Loss 0.493, Train_accy 85.02
2025-02-13 14:05:00,113 [fetril.py] => Task 4, Epoch 4/50 => Loss 0.486, Train_accy 85.12
2025-02-13 14:05:00,869 [fetril.py] => Task 4, Epoch 5/50 => Loss 0.481, Train_accy 85.49
2025-02-13 14:05:02,226 [fetril.py] => Task 4, Epoch 6/50 => Loss 0.474, Train_accy 85.53, Test_accy 64.63
2025-02-13 14:05:02,973 [fetril.py] => Task 4, Epoch 7/50 => Loss 0.472, Train_accy 85.60
2025-02-13 14:05:03,673 [fetril.py] => Task 4, Epoch 8/50 => Loss 0.470, Train_accy 85.65
2025-02-13 14:05:04,395 [fetril.py] => Task 4, Epoch 9/50 => Loss 0.467, Train_accy 85.97
2025-02-13 14:05:05,150 [fetril.py] => Task 4, Epoch 10/50 => Loss 0.466, Train_accy 85.86
2025-02-13 14:05:06,480 [fetril.py] => Task 4, Epoch 11/50 => Loss 0.460, Train_accy 86.01, Test_accy 63.89
2025-02-13 14:05:07,218 [fetril.py] => Task 4, Epoch 12/50 => Loss 0.459, Train_accy 85.97
2025-02-13 14:05:07,928 [fetril.py] => Task 4, Epoch 13/50 => Loss 0.459, Train_accy 86.05
2025-02-13 14:05:08,629 [fetril.py] => Task 4, Epoch 14/50 => Loss 0.456, Train_accy 86.28
2025-02-13 14:05:09,380 [fetril.py] => Task 4, Epoch 15/50 => Loss 0.456, Train_accy 86.39
2025-02-13 14:05:10,740 [fetril.py] => Task 4, Epoch 16/50 => Loss 0.447, Train_accy 86.65, Test_accy 64.81
2025-02-13 14:05:11,456 [fetril.py] => Task 4, Epoch 17/50 => Loss 0.450, Train_accy 86.47
2025-02-13 14:05:12,158 [fetril.py] => Task 4, Epoch 18/50 => Loss 0.446, Train_accy 86.51
2025-02-13 14:05:12,890 [fetril.py] => Task 4, Epoch 19/50 => Loss 0.447, Train_accy 86.50
2025-02-13 14:05:13,631 [fetril.py] => Task 4, Epoch 20/50 => Loss 0.449, Train_accy 86.53
2025-02-13 14:05:15,022 [fetril.py] => Task 4, Epoch 21/50 => Loss 0.443, Train_accy 86.78, Test_accy 65.10
2025-02-13 14:05:15,750 [fetril.py] => Task 4, Epoch 22/50 => Loss 0.443, Train_accy 86.81
2025-02-13 14:05:16,510 [fetril.py] => Task 4, Epoch 23/50 => Loss 0.438, Train_accy 87.03
2025-02-13 14:05:17,228 [fetril.py] => Task 4, Epoch 24/50 => Loss 0.439, Train_accy 86.95
2025-02-13 14:05:17,979 [fetril.py] => Task 4, Epoch 25/50 => Loss 0.437, Train_accy 86.96
2025-02-13 14:05:19,352 [fetril.py] => Task 4, Epoch 26/50 => Loss 0.435, Train_accy 87.10, Test_accy 64.01
2025-02-13 14:05:20,057 [fetril.py] => Task 4, Epoch 27/50 => Loss 0.432, Train_accy 87.23
2025-02-13 14:05:20,782 [fetril.py] => Task 4, Epoch 28/50 => Loss 0.434, Train_accy 87.17
2025-02-13 14:05:21,547 [fetril.py] => Task 4, Epoch 29/50 => Loss 0.429, Train_accy 87.35
2025-02-13 14:05:22,282 [fetril.py] => Task 4, Epoch 30/50 => Loss 0.428, Train_accy 87.40
2025-02-13 14:05:23,649 [fetril.py] => Task 4, Epoch 31/50 => Loss 0.425, Train_accy 87.43, Test_accy 65.14
2025-02-13 14:05:24,394 [fetril.py] => Task 4, Epoch 32/50 => Loss 0.423, Train_accy 87.69
2025-02-13 14:05:25,150 [fetril.py] => Task 4, Epoch 33/50 => Loss 0.422, Train_accy 87.64
2025-02-13 14:05:25,914 [fetril.py] => Task 4, Epoch 34/50 => Loss 0.420, Train_accy 87.82
2025-02-13 14:05:26,610 [fetril.py] => Task 4, Epoch 35/50 => Loss 0.417, Train_accy 87.89
2025-02-13 14:05:27,977 [fetril.py] => Task 4, Epoch 36/50 => Loss 0.419, Train_accy 87.83, Test_accy 65.24
2025-02-13 14:05:28,707 [fetril.py] => Task 4, Epoch 37/50 => Loss 0.416, Train_accy 88.03
2025-02-13 14:05:29,442 [fetril.py] => Task 4, Epoch 38/50 => Loss 0.414, Train_accy 88.04
2025-02-13 14:05:30,167 [fetril.py] => Task 4, Epoch 39/50 => Loss 0.412, Train_accy 88.13
2025-02-13 14:05:30,923 [fetril.py] => Task 4, Epoch 40/50 => Loss 0.412, Train_accy 88.20
2025-02-13 14:05:32,283 [fetril.py] => Task 4, Epoch 41/50 => Loss 0.411, Train_accy 88.24, Test_accy 65.47
2025-02-13 14:05:33,010 [fetril.py] => Task 4, Epoch 42/50 => Loss 0.410, Train_accy 88.33
2025-02-13 14:05:33,751 [fetril.py] => Task 4, Epoch 43/50 => Loss 0.409, Train_accy 88.28
2025-02-13 14:05:34,481 [fetril.py] => Task 4, Epoch 44/50 => Loss 0.408, Train_accy 88.27
2025-02-13 14:05:35,183 [fetril.py] => Task 4, Epoch 45/50 => Loss 0.407, Train_accy 88.41
2025-02-13 14:05:36,566 [fetril.py] => Task 4, Epoch 46/50 => Loss 0.407, Train_accy 88.46, Test_accy 65.31
2025-02-13 14:05:37,294 [fetril.py] => Task 4, Epoch 47/50 => Loss 0.405, Train_accy 88.51
2025-02-13 14:05:38,014 [fetril.py] => Task 4, Epoch 48/50 => Loss 0.405, Train_accy 88.52
2025-02-13 14:05:38,742 [fetril.py] => Task 4, Epoch 49/50 => Loss 0.405, Train_accy 88.51
2025-02-13 14:05:39,475 [fetril.py] => Task 4, Epoch 50/50 => Loss 0.405, Train_accy 88.55
2025-02-13 14:05:43,519 [fetril.py] => svm train: acc: 87.16
2025-02-13 14:05:43,523 [fetril.py] => svm evaluation: acc_list: [79.1, 73.53, 69.92, 67.12, 65.33]
2025-02-13 14:05:44,173 [trainer.py] => No NME accuracy.
2025-02-13 14:05:44,173 [trainer.py] => CNN: {'total': 65.19, '00-09': 74.7, '10-19': 63.0, '20-29': 74.6, '30-39': 65.8, '40-49': 69.2, '50-59': 49.4, '60-69': 59.6, 'old': 64.95, 'new': 68.2}
2025-02-13 14:05:44,173 [trainer.py] => CNN top1 curve: [79.92, 73.71, 69.73, 67.29, 65.19]
2025-02-13 14:05:44,173 [trainer.py] => CNN top5 curve: [96.48, 94.16, 91.77, 89.95, 89.03]

2025-02-13 14:05:44,173 [trainer.py] => Average Accuracy (CNN): 71.168
2025-02-13 14:05:44,174 [trainer.py] => All params: 468704
2025-02-13 14:05:44,174 [trainer.py] => Trainable params: 4550
2025-02-13 14:05:44,178 [fetril.py] => Learning on 70-75
2025-02-13 14:05:44,179 [fetril.py] => All params: 469029
2025-02-13 14:05:44,179 [fetril.py] => Trainable params: 4875
2025-02-13 14:06:02,702 [fetril.py] => Task 5, Epoch 1/50 => Loss 0.632, Train_accy 81.39, Test_accy 62.77
2025-02-13 14:06:03,495 [fetril.py] => Task 5, Epoch 2/50 => Loss 0.540, Train_accy 83.78
2025-02-13 14:06:04,259 [fetril.py] => Task 5, Epoch 3/50 => Loss 0.525, Train_accy 84.30
2025-02-13 14:06:05,055 [fetril.py] => Task 5, Epoch 4/50 => Loss 0.515, Train_accy 84.48
2025-02-13 14:06:05,833 [fetril.py] => Task 5, Epoch 5/50 => Loss 0.506, Train_accy 84.87
2025-02-13 14:06:07,228 [fetril.py] => Task 5, Epoch 6/50 => Loss 0.504, Train_accy 84.92, Test_accy 62.19
2025-02-13 14:06:07,975 [fetril.py] => Task 5, Epoch 7/50 => Loss 0.500, Train_accy 85.03
2025-02-13 14:06:08,744 [fetril.py] => Task 5, Epoch 8/50 => Loss 0.497, Train_accy 85.12
2025-02-13 14:06:09,494 [fetril.py] => Task 5, Epoch 9/50 => Loss 0.493, Train_accy 85.27
2025-02-13 14:06:10,251 [fetril.py] => Task 5, Epoch 10/50 => Loss 0.491, Train_accy 85.44
2025-02-13 14:06:11,662 [fetril.py] => Task 5, Epoch 11/50 => Loss 0.496, Train_accy 85.07, Test_accy 62.19
2025-02-13 14:06:12,467 [fetril.py] => Task 5, Epoch 12/50 => Loss 0.489, Train_accy 85.38
2025-02-13 14:06:13,243 [fetril.py] => Task 5, Epoch 13/50 => Loss 0.489, Train_accy 85.54
2025-02-13 14:06:13,971 [fetril.py] => Task 5, Epoch 14/50 => Loss 0.484, Train_accy 85.69
2025-02-13 14:06:14,737 [fetril.py] => Task 5, Epoch 15/50 => Loss 0.485, Train_accy 85.58
2025-02-13 14:06:16,171 [fetril.py] => Task 5, Epoch 16/50 => Loss 0.486, Train_accy 85.52, Test_accy 62.41
2025-02-13 14:06:16,948 [fetril.py] => Task 5, Epoch 17/50 => Loss 0.487, Train_accy 85.54
2025-02-13 14:06:17,726 [fetril.py] => Task 5, Epoch 18/50 => Loss 0.481, Train_accy 85.74
2025-02-13 14:06:18,515 [fetril.py] => Task 5, Epoch 19/50 => Loss 0.478, Train_accy 85.87
2025-02-13 14:06:19,309 [fetril.py] => Task 5, Epoch 20/50 => Loss 0.476, Train_accy 85.93
2025-02-13 14:06:20,694 [fetril.py] => Task 5, Epoch 21/50 => Loss 0.476, Train_accy 85.90, Test_accy 62.57
2025-02-13 14:06:21,468 [fetril.py] => Task 5, Epoch 22/50 => Loss 0.478, Train_accy 85.81
2025-02-13 14:06:22,245 [fetril.py] => Task 5, Epoch 23/50 => Loss 0.474, Train_accy 86.06
2025-02-13 14:06:23,036 [fetril.py] => Task 5, Epoch 24/50 => Loss 0.470, Train_accy 86.19
2025-02-13 14:06:23,767 [fetril.py] => Task 5, Epoch 25/50 => Loss 0.469, Train_accy 86.26
2025-02-13 14:06:25,197 [fetril.py] => Task 5, Epoch 26/50 => Loss 0.465, Train_accy 86.35, Test_accy 62.35
2025-02-13 14:06:25,954 [fetril.py] => Task 5, Epoch 27/50 => Loss 0.465, Train_accy 86.37
2025-02-13 14:06:26,706 [fetril.py] => Task 5, Epoch 28/50 => Loss 0.464, Train_accy 86.46
2025-02-13 14:06:27,449 [fetril.py] => Task 5, Epoch 29/50 => Loss 0.462, Train_accy 86.57
2025-02-13 14:06:28,214 [fetril.py] => Task 5, Epoch 30/50 => Loss 0.459, Train_accy 86.59
2025-02-13 14:06:29,639 [fetril.py] => Task 5, Epoch 31/50 => Loss 0.457, Train_accy 86.60, Test_accy 62.71
2025-02-13 14:06:30,397 [fetril.py] => Task 5, Epoch 32/50 => Loss 0.455, Train_accy 86.81
2025-02-13 14:06:31,158 [fetril.py] => Task 5, Epoch 33/50 => Loss 0.454, Train_accy 86.83
2025-02-13 14:06:31,937 [fetril.py] => Task 5, Epoch 34/50 => Loss 0.452, Train_accy 87.03
2025-02-13 14:06:32,726 [fetril.py] => Task 5, Epoch 35/50 => Loss 0.451, Train_accy 87.01
2025-02-13 14:06:34,154 [fetril.py] => Task 5, Epoch 36/50 => Loss 0.450, Train_accy 87.13, Test_accy 63.05
2025-02-13 14:06:34,920 [fetril.py] => Task 5, Epoch 37/50 => Loss 0.448, Train_accy 87.17
2025-02-13 14:06:35,686 [fetril.py] => Task 5, Epoch 38/50 => Loss 0.446, Train_accy 87.21
2025-02-13 14:06:36,451 [fetril.py] => Task 5, Epoch 39/50 => Loss 0.445, Train_accy 87.30
2025-02-13 14:06:37,232 [fetril.py] => Task 5, Epoch 40/50 => Loss 0.443, Train_accy 87.40
2025-02-13 14:06:38,659 [fetril.py] => Task 5, Epoch 41/50 => Loss 0.443, Train_accy 87.47, Test_accy 63.07
2025-02-13 14:06:39,414 [fetril.py] => Task 5, Epoch 42/50 => Loss 0.442, Train_accy 87.48
2025-02-13 14:06:40,198 [fetril.py] => Task 5, Epoch 43/50 => Loss 0.440, Train_accy 87.61
2025-02-13 14:06:40,969 [fetril.py] => Task 5, Epoch 44/50 => Loss 0.440, Train_accy 87.54
2025-02-13 14:06:41,746 [fetril.py] => Task 5, Epoch 45/50 => Loss 0.439, Train_accy 87.62
2025-02-13 14:06:43,220 [fetril.py] => Task 5, Epoch 46/50 => Loss 0.438, Train_accy 87.63, Test_accy 63.16
2025-02-13 14:06:43,979 [fetril.py] => Task 5, Epoch 47/50 => Loss 0.438, Train_accy 87.67
2025-02-13 14:06:44,719 [fetril.py] => Task 5, Epoch 48/50 => Loss 0.437, Train_accy 87.77
2025-02-13 14:06:45,457 [fetril.py] => Task 5, Epoch 49/50 => Loss 0.437, Train_accy 87.81
2025-02-13 14:06:46,219 [fetril.py] => Task 5, Epoch 50/50 => Loss 0.436, Train_accy 87.78
2025-02-13 14:06:51,180 [fetril.py] => svm train: acc: 86.38
2025-02-13 14:06:51,184 [fetril.py] => svm evaluation: acc_list: [79.1, 73.53, 69.92, 67.12, 65.33, 63.0]
2025-02-13 14:06:51,826 [trainer.py] => No NME accuracy.
2025-02-13 14:06:51,826 [trainer.py] => CNN: {'total': 63.13, '00-09': 73.6, '10-19': 62.0, '20-29': 73.0, '30-39': 65.7, '40-49': 70.8, '50-59': 47.5, '60-69': 52.7, '70-79': 56.4, 'old': 63.61, 'new': 56.4}
2025-02-13 14:06:51,827 [trainer.py] => CNN top1 curve: [79.92, 73.71, 69.73, 67.29, 65.19, 63.13]
2025-02-13 14:06:51,827 [trainer.py] => CNN top5 curve: [96.48, 94.16, 91.77, 89.95, 89.03, 87.87]

2025-02-13 14:06:51,827 [trainer.py] => Average Accuracy (CNN): 69.82833333333333
2025-02-13 14:06:51,828 [trainer.py] => All params: 469029
2025-02-13 14:06:51,828 [trainer.py] => Trainable params: 4875
2025-02-13 14:06:51,836 [fetril.py] => Learning on 75-80
2025-02-13 14:06:51,837 [fetril.py] => All params: 469354
2025-02-13 14:06:51,837 [fetril.py] => Trainable params: 5200
2025-02-13 14:07:11,498 [fetril.py] => Task 6, Epoch 1/50 => Loss 0.643, Train_accy 80.52, Test_accy 59.60
2025-02-13 14:07:12,288 [fetril.py] => Task 6, Epoch 2/50 => Loss 0.545, Train_accy 83.14
2025-02-13 14:07:13,063 [fetril.py] => Task 6, Epoch 3/50 => Loss 0.517, Train_accy 84.11
2025-02-13 14:07:13,863 [fetril.py] => Task 6, Epoch 4/50 => Loss 0.507, Train_accy 84.52
2025-02-13 14:07:14,649 [fetril.py] => Task 6, Epoch 5/50 => Loss 0.500, Train_accy 84.62
2025-02-13 14:07:16,102 [fetril.py] => Task 6, Epoch 6/50 => Loss 0.499, Train_accy 84.55, Test_accy 59.75
2025-02-13 14:07:16,902 [fetril.py] => Task 6, Epoch 7/50 => Loss 0.492, Train_accy 85.00
2025-02-13 14:07:17,671 [fetril.py] => Task 6, Epoch 8/50 => Loss 0.494, Train_accy 84.98
2025-02-13 14:07:18,468 [fetril.py] => Task 6, Epoch 9/50 => Loss 0.488, Train_accy 85.14
2025-02-13 14:07:19,267 [fetril.py] => Task 6, Epoch 10/50 => Loss 0.492, Train_accy 85.02
2025-02-13 14:07:20,721 [fetril.py] => Task 6, Epoch 11/50 => Loss 0.484, Train_accy 85.32, Test_accy 60.09
2025-02-13 14:07:21,504 [fetril.py] => Task 6, Epoch 12/50 => Loss 0.483, Train_accy 85.29
2025-02-13 14:07:22,324 [fetril.py] => Task 6, Epoch 13/50 => Loss 0.482, Train_accy 85.26
2025-02-13 14:07:23,127 [fetril.py] => Task 6, Epoch 14/50 => Loss 0.477, Train_accy 85.66
2025-02-13 14:07:23,908 [fetril.py] => Task 6, Epoch 15/50 => Loss 0.477, Train_accy 85.35
2025-02-13 14:07:25,358 [fetril.py] => Task 6, Epoch 16/50 => Loss 0.474, Train_accy 85.52, Test_accy 59.65
2025-02-13 14:07:26,136 [fetril.py] => Task 6, Epoch 17/50 => Loss 0.471, Train_accy 85.87
2025-02-13 14:07:26,909 [fetril.py] => Task 6, Epoch 18/50 => Loss 0.470, Train_accy 85.74
2025-02-13 14:07:27,739 [fetril.py] => Task 6, Epoch 19/50 => Loss 0.467, Train_accy 86.04
2025-02-13 14:07:28,544 [fetril.py] => Task 6, Epoch 20/50 => Loss 0.471, Train_accy 85.82
2025-02-13 14:07:30,025 [fetril.py] => Task 6, Epoch 21/50 => Loss 0.462, Train_accy 86.29, Test_accy 59.55
2025-02-13 14:07:30,798 [fetril.py] => Task 6, Epoch 22/50 => Loss 0.464, Train_accy 86.17
2025-02-13 14:07:31,611 [fetril.py] => Task 6, Epoch 23/50 => Loss 0.463, Train_accy 86.26
2025-02-13 14:07:32,426 [fetril.py] => Task 6, Epoch 24/50 => Loss 0.464, Train_accy 86.14
2025-02-13 14:07:33,238 [fetril.py] => Task 6, Epoch 25/50 => Loss 0.459, Train_accy 86.46
2025-02-13 14:07:34,696 [fetril.py] => Task 6, Epoch 26/50 => Loss 0.457, Train_accy 86.54, Test_accy 60.46
2025-02-13 14:07:35,494 [fetril.py] => Task 6, Epoch 27/50 => Loss 0.455, Train_accy 86.58
2025-02-13 14:07:36,308 [fetril.py] => Task 6, Epoch 28/50 => Loss 0.455, Train_accy 86.65
2025-02-13 14:07:37,112 [fetril.py] => Task 6, Epoch 29/50 => Loss 0.453, Train_accy 86.74
2025-02-13 14:07:37,932 [fetril.py] => Task 6, Epoch 30/50 => Loss 0.449, Train_accy 86.96
2025-02-13 14:07:39,453 [fetril.py] => Task 6, Epoch 31/50 => Loss 0.448, Train_accy 87.11, Test_accy 61.01
2025-02-13 14:07:40,247 [fetril.py] => Task 6, Epoch 32/50 => Loss 0.447, Train_accy 86.90
2025-02-13 14:07:41,057 [fetril.py] => Task 6, Epoch 33/50 => Loss 0.445, Train_accy 87.16
2025-02-13 14:07:41,824 [fetril.py] => Task 6, Epoch 34/50 => Loss 0.444, Train_accy 87.18
2025-02-13 14:07:42,605 [fetril.py] => Task 6, Epoch 35/50 => Loss 0.442, Train_accy 87.25
2025-02-13 14:07:44,092 [fetril.py] => Task 6, Epoch 36/50 => Loss 0.440, Train_accy 87.46, Test_accy 60.55
2025-02-13 14:07:44,849 [fetril.py] => Task 6, Epoch 37/50 => Loss 0.439, Train_accy 87.41
2025-02-13 14:07:45,617 [fetril.py] => Task 6, Epoch 38/50 => Loss 0.437, Train_accy 87.58
2025-02-13 14:07:46,408 [fetril.py] => Task 6, Epoch 39/50 => Loss 0.436, Train_accy 87.60
2025-02-13 14:07:47,198 [fetril.py] => Task 6, Epoch 40/50 => Loss 0.435, Train_accy 87.76
2025-02-13 14:07:48,647 [fetril.py] => Task 6, Epoch 41/50 => Loss 0.434, Train_accy 87.76, Test_accy 60.84
2025-02-13 14:07:49,460 [fetril.py] => Task 6, Epoch 42/50 => Loss 0.433, Train_accy 87.91
2025-02-13 14:07:50,251 [fetril.py] => Task 6, Epoch 43/50 => Loss 0.432, Train_accy 87.87
2025-02-13 14:07:51,059 [fetril.py] => Task 6, Epoch 44/50 => Loss 0.431, Train_accy 87.96
2025-02-13 14:07:51,813 [fetril.py] => Task 6, Epoch 45/50 => Loss 0.431, Train_accy 87.95
2025-02-13 14:07:53,282 [fetril.py] => Task 6, Epoch 46/50 => Loss 0.430, Train_accy 88.03, Test_accy 61.00
2025-02-13 14:07:54,079 [fetril.py] => Task 6, Epoch 47/50 => Loss 0.429, Train_accy 88.07
2025-02-13 14:07:54,839 [fetril.py] => Task 6, Epoch 48/50 => Loss 0.429, Train_accy 88.08
2025-02-13 14:07:55,666 [fetril.py] => Task 6, Epoch 49/50 => Loss 0.429, Train_accy 88.10
2025-02-13 14:07:56,470 [fetril.py] => Task 6, Epoch 50/50 => Loss 0.428, Train_accy 88.09
2025-02-13 14:08:02,379 [fetril.py] => svm train: acc: 86.85
2025-02-13 14:08:02,383 [fetril.py] => svm evaluation: acc_list: [79.1, 73.53, 69.92, 67.12, 65.33, 63.0, 60.71]
2025-02-13 14:08:03,051 [trainer.py] => No NME accuracy.
2025-02-13 14:08:03,051 [trainer.py] => CNN: {'total': 60.9, '00-09': 72.8, '10-19': 59.7, '20-29': 71.4, '30-39': 65.1, '40-49': 68.3, '50-59': 43.7, '60-69': 50.5, '70-79': 55.7, 'old': 61.21, 'new': 56.2}
2025-02-13 14:08:03,052 [trainer.py] => CNN top1 curve: [79.92, 73.71, 69.73, 67.29, 65.19, 63.13, 60.9]
2025-02-13 14:08:03,052 [trainer.py] => CNN top5 curve: [96.48, 94.16, 91.77, 89.95, 89.03, 87.87, 87.56]

2025-02-13 14:08:03,052 [trainer.py] => Average Accuracy (CNN): 68.55285714285715
2025-02-13 14:08:03,053 [trainer.py] => All params: 469354
2025-02-13 14:08:03,054 [trainer.py] => Trainable params: 5200
2025-02-13 14:08:03,059 [fetril.py] => Learning on 80-85
2025-02-13 14:08:03,059 [fetril.py] => All params: 469679
2025-02-13 14:08:03,060 [fetril.py] => Trainable params: 5525
2025-02-13 14:08:23,873 [fetril.py] => Task 7, Epoch 1/50 => Loss 0.821, Train_accy 75.88, Test_accy 57.73
2025-02-13 14:08:24,714 [fetril.py] => Task 7, Epoch 2/50 => Loss 0.680, Train_accy 79.57
2025-02-13 14:08:25,521 [fetril.py] => Task 7, Epoch 3/50 => Loss 0.654, Train_accy 80.57
2025-02-13 14:08:26,361 [fetril.py] => Task 7, Epoch 4/50 => Loss 0.635, Train_accy 81.11
2025-02-13 14:08:27,180 [fetril.py] => Task 7, Epoch 5/50 => Loss 0.625, Train_accy 81.27
2025-02-13 14:08:28,698 [fetril.py] => Task 7, Epoch 6/50 => Loss 0.614, Train_accy 81.80, Test_accy 57.44
2025-02-13 14:08:29,547 [fetril.py] => Task 7, Epoch 7/50 => Loss 0.629, Train_accy 81.31
2025-02-13 14:08:30,388 [fetril.py] => Task 7, Epoch 8/50 => Loss 0.613, Train_accy 81.83
2025-02-13 14:08:31,212 [fetril.py] => Task 7, Epoch 9/50 => Loss 0.626, Train_accy 81.54
2025-02-13 14:08:32,020 [fetril.py] => Task 7, Epoch 10/50 => Loss 0.607, Train_accy 81.98
2025-02-13 14:08:33,562 [fetril.py] => Task 7, Epoch 11/50 => Loss 0.599, Train_accy 82.20, Test_accy 57.78
2025-02-13 14:08:34,383 [fetril.py] => Task 7, Epoch 12/50 => Loss 0.610, Train_accy 81.90
2025-02-13 14:08:35,233 [fetril.py] => Task 7, Epoch 13/50 => Loss 0.605, Train_accy 82.18
2025-02-13 14:08:36,052 [fetril.py] => Task 7, Epoch 14/50 => Loss 0.601, Train_accy 82.20
2025-02-13 14:08:36,914 [fetril.py] => Task 7, Epoch 15/50 => Loss 0.605, Train_accy 81.96
2025-02-13 14:08:38,482 [fetril.py] => Task 7, Epoch 16/50 => Loss 0.594, Train_accy 82.34, Test_accy 58.31
2025-02-13 14:08:39,315 [fetril.py] => Task 7, Epoch 17/50 => Loss 0.588, Train_accy 82.68
2025-02-13 14:08:40,186 [fetril.py] => Task 7, Epoch 18/50 => Loss 0.594, Train_accy 82.63
2025-02-13 14:08:41,006 [fetril.py] => Task 7, Epoch 19/50 => Loss 0.597, Train_accy 82.80
2025-02-13 14:08:41,822 [fetril.py] => Task 7, Epoch 20/50 => Loss 0.587, Train_accy 82.71
2025-02-13 14:08:43,344 [fetril.py] => Task 7, Epoch 21/50 => Loss 0.585, Train_accy 83.06, Test_accy 58.26
2025-02-13 14:08:44,134 [fetril.py] => Task 7, Epoch 22/50 => Loss 0.581, Train_accy 83.02
2025-02-13 14:08:44,988 [fetril.py] => Task 7, Epoch 23/50 => Loss 0.580, Train_accy 82.91
2025-02-13 14:08:45,821 [fetril.py] => Task 7, Epoch 24/50 => Loss 0.575, Train_accy 83.41
2025-02-13 14:08:46,685 [fetril.py] => Task 7, Epoch 25/50 => Loss 0.580, Train_accy 83.13
2025-02-13 14:08:48,180 [fetril.py] => Task 7, Epoch 26/50 => Loss 0.573, Train_accy 83.42, Test_accy 58.51
2025-02-13 14:08:49,013 [fetril.py] => Task 7, Epoch 27/50 => Loss 0.570, Train_accy 83.39
2025-02-13 14:08:49,831 [fetril.py] => Task 7, Epoch 28/50 => Loss 0.568, Train_accy 83.82
2025-02-13 14:08:50,668 [fetril.py] => Task 7, Epoch 29/50 => Loss 0.566, Train_accy 83.80
2025-02-13 14:08:51,495 [fetril.py] => Task 7, Epoch 30/50 => Loss 0.564, Train_accy 83.80
2025-02-13 14:08:53,032 [fetril.py] => Task 7, Epoch 31/50 => Loss 0.561, Train_accy 83.99, Test_accy 59.06
2025-02-13 14:08:53,841 [fetril.py] => Task 7, Epoch 32/50 => Loss 0.559, Train_accy 84.03
2025-02-13 14:08:54,671 [fetril.py] => Task 7, Epoch 33/50 => Loss 0.552, Train_accy 84.16
2025-02-13 14:08:55,477 [fetril.py] => Task 7, Epoch 34/50 => Loss 0.551, Train_accy 84.56
2025-02-13 14:08:56,309 [fetril.py] => Task 7, Epoch 35/50 => Loss 0.551, Train_accy 84.51
2025-02-13 14:08:57,857 [fetril.py] => Task 7, Epoch 36/50 => Loss 0.550, Train_accy 84.75, Test_accy 59.21
2025-02-13 14:08:58,687 [fetril.py] => Task 7, Epoch 37/50 => Loss 0.545, Train_accy 84.68
2025-02-13 14:08:59,510 [fetril.py] => Task 7, Epoch 38/50 => Loss 0.546, Train_accy 84.68
2025-02-13 14:09:00,315 [fetril.py] => Task 7, Epoch 39/50 => Loss 0.545, Train_accy 84.78
2025-02-13 14:09:01,112 [fetril.py] => Task 7, Epoch 40/50 => Loss 0.541, Train_accy 84.90
2025-02-13 14:09:02,643 [fetril.py] => Task 7, Epoch 41/50 => Loss 0.540, Train_accy 85.02, Test_accy 59.66
2025-02-13 14:09:03,473 [fetril.py] => Task 7, Epoch 42/50 => Loss 0.538, Train_accy 85.16
2025-02-13 14:09:04,303 [fetril.py] => Task 7, Epoch 43/50 => Loss 0.539, Train_accy 85.26
2025-02-13 14:09:05,121 [fetril.py] => Task 7, Epoch 44/50 => Loss 0.536, Train_accy 85.13
2025-02-13 14:09:05,931 [fetril.py] => Task 7, Epoch 45/50 => Loss 0.534, Train_accy 85.24
2025-02-13 14:09:07,454 [fetril.py] => Task 7, Epoch 46/50 => Loss 0.533, Train_accy 85.35, Test_accy 59.94
2025-02-13 14:09:08,261 [fetril.py] => Task 7, Epoch 47/50 => Loss 0.534, Train_accy 85.37
2025-02-13 14:09:09,085 [fetril.py] => Task 7, Epoch 48/50 => Loss 0.532, Train_accy 85.40
2025-02-13 14:09:09,913 [fetril.py] => Task 7, Epoch 49/50 => Loss 0.531, Train_accy 85.40
2025-02-13 14:09:10,738 [fetril.py] => Task 7, Epoch 50/50 => Loss 0.531, Train_accy 85.42
2025-02-13 14:09:17,836 [fetril.py] => svm train: acc: 83.63
2025-02-13 14:09:17,841 [fetril.py] => svm evaluation: acc_list: [79.1, 73.53, 69.92, 67.12, 65.33, 63.0, 60.71, 58.96]
2025-02-13 14:09:18,553 [trainer.py] => No NME accuracy.
2025-02-13 14:09:18,554 [trainer.py] => CNN: {'total': 59.75, '00-09': 72.0, '10-19': 60.3, '20-29': 71.0, '30-39': 63.9, '40-49': 68.9, '50-59': 40.3, '60-69': 48.6, '70-79': 50.0, '80-89': 65.8, 'old': 59.38, 'new': 65.8}
2025-02-13 14:09:18,554 [trainer.py] => CNN top1 curve: [79.92, 73.71, 69.73, 67.29, 65.19, 63.13, 60.9, 59.75]
2025-02-13 14:09:18,554 [trainer.py] => CNN top5 curve: [96.48, 94.16, 91.77, 89.95, 89.03, 87.87, 87.56, 86.52]

2025-02-13 14:09:18,554 [trainer.py] => Average Accuracy (CNN): 67.4525
2025-02-13 14:09:18,555 [trainer.py] => All params: 469679
2025-02-13 14:09:18,556 [trainer.py] => Trainable params: 5525
2025-02-13 14:09:18,562 [fetril.py] => Learning on 85-90
2025-02-13 14:09:18,563 [fetril.py] => All params: 470004
2025-02-13 14:09:18,563 [fetril.py] => Trainable params: 5850
2025-02-13 14:09:40,676 [fetril.py] => Task 8, Epoch 1/50 => Loss 0.873, Train_accy 74.40, Test_accy 55.58
2025-02-13 14:09:41,739 [fetril.py] => Task 8, Epoch 2/50 => Loss 0.757, Train_accy 77.40
2025-02-13 14:09:42,596 [fetril.py] => Task 8, Epoch 3/50 => Loss 0.731, Train_accy 78.14
2025-02-13 14:09:43,428 [fetril.py] => Task 8, Epoch 4/50 => Loss 0.713, Train_accy 78.76
2025-02-13 14:09:44,323 [fetril.py] => Task 8, Epoch 5/50 => Loss 0.711, Train_accy 78.85
2025-02-13 14:09:45,865 [fetril.py] => Task 8, Epoch 6/50 => Loss 0.705, Train_accy 79.16, Test_accy 55.97
2025-02-13 14:09:46,703 [fetril.py] => Task 8, Epoch 7/50 => Loss 0.703, Train_accy 79.18
2025-02-13 14:09:47,576 [fetril.py] => Task 8, Epoch 8/50 => Loss 0.698, Train_accy 79.34
2025-02-13 14:09:48,442 [fetril.py] => Task 8, Epoch 9/50 => Loss 0.694, Train_accy 79.30
2025-02-13 14:09:49,292 [fetril.py] => Task 8, Epoch 10/50 => Loss 0.699, Train_accy 79.26
2025-02-13 14:09:50,868 [fetril.py] => Task 8, Epoch 11/50 => Loss 0.691, Train_accy 79.41, Test_accy 56.16
2025-02-13 14:09:51,743 [fetril.py] => Task 8, Epoch 12/50 => Loss 0.686, Train_accy 79.59
2025-02-13 14:09:52,628 [fetril.py] => Task 8, Epoch 13/50 => Loss 0.683, Train_accy 79.69
2025-02-13 14:09:53,468 [fetril.py] => Task 8, Epoch 14/50 => Loss 0.683, Train_accy 79.83
2025-02-13 14:09:54,314 [fetril.py] => Task 8, Epoch 15/50 => Loss 0.681, Train_accy 79.90
2025-02-13 14:09:55,857 [fetril.py] => Task 8, Epoch 16/50 => Loss 0.678, Train_accy 79.90, Test_accy 55.83
2025-02-13 14:09:56,678 [fetril.py] => Task 8, Epoch 17/50 => Loss 0.674, Train_accy 80.11
2025-02-13 14:09:57,527 [fetril.py] => Task 8, Epoch 18/50 => Loss 0.677, Train_accy 80.06
2025-02-13 14:09:58,367 [fetril.py] => Task 8, Epoch 19/50 => Loss 0.670, Train_accy 80.34
2025-02-13 14:09:59,192 [fetril.py] => Task 8, Epoch 20/50 => Loss 0.669, Train_accy 80.37
2025-02-13 14:10:00,766 [fetril.py] => Task 8, Epoch 21/50 => Loss 0.665, Train_accy 80.37, Test_accy 55.56
2025-02-13 14:10:01,624 [fetril.py] => Task 8, Epoch 22/50 => Loss 0.663, Train_accy 80.61
2025-02-13 14:10:02,430 [fetril.py] => Task 8, Epoch 23/50 => Loss 0.661, Train_accy 80.81
2025-02-13 14:10:03,263 [fetril.py] => Task 8, Epoch 24/50 => Loss 0.657, Train_accy 81.02
2025-02-13 14:10:04,107 [fetril.py] => Task 8, Epoch 25/50 => Loss 0.656, Train_accy 80.87
2025-02-13 14:10:05,688 [fetril.py] => Task 8, Epoch 26/50 => Loss 0.651, Train_accy 81.07, Test_accy 56.40
2025-02-13 14:10:06,542 [fetril.py] => Task 8, Epoch 27/50 => Loss 0.649, Train_accy 81.08
2025-02-13 14:10:07,437 [fetril.py] => Task 8, Epoch 28/50 => Loss 0.646, Train_accy 81.27
2025-02-13 14:10:08,270 [fetril.py] => Task 8, Epoch 29/50 => Loss 0.645, Train_accy 81.47
2025-02-13 14:10:09,123 [fetril.py] => Task 8, Epoch 30/50 => Loss 0.642, Train_accy 81.54
2025-02-13 14:10:10,685 [fetril.py] => Task 8, Epoch 31/50 => Loss 0.640, Train_accy 81.48, Test_accy 56.50
2025-02-13 14:10:11,537 [fetril.py] => Task 8, Epoch 32/50 => Loss 0.637, Train_accy 81.66
2025-02-13 14:10:12,365 [fetril.py] => Task 8, Epoch 33/50 => Loss 0.635, Train_accy 81.93
2025-02-13 14:10:13,194 [fetril.py] => Task 8, Epoch 34/50 => Loss 0.634, Train_accy 81.76
2025-02-13 14:10:14,060 [fetril.py] => Task 8, Epoch 35/50 => Loss 0.630, Train_accy 82.01
2025-02-13 14:10:15,642 [fetril.py] => Task 8, Epoch 36/50 => Loss 0.629, Train_accy 82.13, Test_accy 57.02
2025-02-13 14:10:16,490 [fetril.py] => Task 8, Epoch 37/50 => Loss 0.627, Train_accy 82.24
2025-02-13 14:10:17,307 [fetril.py] => Task 8, Epoch 38/50 => Loss 0.624, Train_accy 82.49
2025-02-13 14:10:18,170 [fetril.py] => Task 8, Epoch 39/50 => Loss 0.623, Train_accy 82.41
2025-02-13 14:10:19,033 [fetril.py] => Task 8, Epoch 40/50 => Loss 0.622, Train_accy 82.41
2025-02-13 14:10:20,603 [fetril.py] => Task 8, Epoch 41/50 => Loss 0.619, Train_accy 82.56, Test_accy 57.04
2025-02-13 14:10:21,461 [fetril.py] => Task 8, Epoch 42/50 => Loss 0.618, Train_accy 82.66
2025-02-13 14:10:22,309 [fetril.py] => Task 8, Epoch 43/50 => Loss 0.617, Train_accy 82.72
2025-02-13 14:10:23,130 [fetril.py] => Task 8, Epoch 44/50 => Loss 0.616, Train_accy 82.72
2025-02-13 14:10:23,987 [fetril.py] => Task 8, Epoch 45/50 => Loss 0.615, Train_accy 82.75
2025-02-13 14:10:25,593 [fetril.py] => Task 8, Epoch 46/50 => Loss 0.614, Train_accy 82.87, Test_accy 57.22
2025-02-13 14:10:26,467 [fetril.py] => Task 8, Epoch 47/50 => Loss 0.613, Train_accy 82.89
2025-02-13 14:10:27,314 [fetril.py] => Task 8, Epoch 48/50 => Loss 0.612, Train_accy 82.90
2025-02-13 14:10:28,155 [fetril.py] => Task 8, Epoch 49/50 => Loss 0.612, Train_accy 83.01
2025-02-13 14:10:29,005 [fetril.py] => Task 8, Epoch 50/50 => Loss 0.612, Train_accy 83.01
2025-02-13 14:10:37,284 [fetril.py] => svm train: acc: 81.27
2025-02-13 14:10:37,289 [fetril.py] => svm evaluation: acc_list: [79.1, 73.53, 69.92, 67.12, 65.33, 63.0, 60.71, 58.96, 56.36]
2025-02-13 14:10:37,989 [trainer.py] => No NME accuracy.
2025-02-13 14:10:37,990 [trainer.py] => CNN: {'total': 57.04, '00-09': 71.1, '10-19': 58.6, '20-29': 70.0, '30-39': 62.7, '40-49': 66.3, '50-59': 36.5, '60-69': 46.6, '70-79': 51.1, '80-89': 50.5, 'old': 57.46, 'new': 50.0}
2025-02-13 14:10:37,990 [trainer.py] => CNN top1 curve: [79.92, 73.71, 69.73, 67.29, 65.19, 63.13, 60.9, 59.75, 57.04]
2025-02-13 14:10:37,990 [trainer.py] => CNN top5 curve: [96.48, 94.16, 91.77, 89.95, 89.03, 87.87, 87.56, 86.52, 85.36]

2025-02-13 14:10:37,990 [trainer.py] => Average Accuracy (CNN): 66.29555555555555
2025-02-13 14:10:37,991 [trainer.py] => All params: 470004
2025-02-13 14:10:37,992 [trainer.py] => Trainable params: 5850
2025-02-13 14:10:37,998 [fetril.py] => Learning on 90-95
2025-02-13 14:10:37,998 [fetril.py] => All params: 470329
2025-02-13 14:10:37,999 [fetril.py] => Trainable params: 6175
2025-02-13 14:11:00,852 [fetril.py] => Task 9, Epoch 1/50 => Loss 0.923, Train_accy 73.37, Test_accy 54.95
2025-02-13 14:11:01,731 [fetril.py] => Task 9, Epoch 2/50 => Loss 0.798, Train_accy 76.71
2025-02-13 14:11:02,627 [fetril.py] => Task 9, Epoch 3/50 => Loss 0.773, Train_accy 77.53
2025-02-13 14:11:03,488 [fetril.py] => Task 9, Epoch 4/50 => Loss 0.757, Train_accy 77.83
2025-02-13 14:11:04,373 [fetril.py] => Task 9, Epoch 5/50 => Loss 0.752, Train_accy 78.07
2025-02-13 14:11:05,984 [fetril.py] => Task 9, Epoch 6/50 => Loss 0.742, Train_accy 78.60, Test_accy 55.36
2025-02-13 14:11:06,861 [fetril.py] => Task 9, Epoch 7/50 => Loss 0.740, Train_accy 78.60
2025-02-13 14:11:07,784 [fetril.py] => Task 9, Epoch 8/50 => Loss 0.735, Train_accy 78.69
2025-02-13 14:11:08,670 [fetril.py] => Task 9, Epoch 9/50 => Loss 0.733, Train_accy 78.87
2025-02-13 14:11:09,544 [fetril.py] => Task 9, Epoch 10/50 => Loss 0.734, Train_accy 78.80
2025-02-13 14:11:11,222 [fetril.py] => Task 9, Epoch 11/50 => Loss 0.728, Train_accy 79.04, Test_accy 54.58
2025-02-13 14:11:12,141 [fetril.py] => Task 9, Epoch 12/50 => Loss 0.733, Train_accy 78.78
2025-02-13 14:11:13,020 [fetril.py] => Task 9, Epoch 13/50 => Loss 0.731, Train_accy 78.93
2025-02-13 14:11:13,929 [fetril.py] => Task 9, Epoch 14/50 => Loss 0.725, Train_accy 79.25
2025-02-13 14:11:14,782 [fetril.py] => Task 9, Epoch 15/50 => Loss 0.719, Train_accy 79.11
2025-02-13 14:11:16,394 [fetril.py] => Task 9, Epoch 16/50 => Loss 0.718, Train_accy 79.57, Test_accy 55.25
2025-02-13 14:11:17,267 [fetril.py] => Task 9, Epoch 17/50 => Loss 0.721, Train_accy 79.21
2025-02-13 14:11:18,153 [fetril.py] => Task 9, Epoch 18/50 => Loss 0.715, Train_accy 79.63
2025-02-13 14:11:19,020 [fetril.py] => Task 9, Epoch 19/50 => Loss 0.714, Train_accy 79.29
2025-02-13 14:11:19,935 [fetril.py] => Task 9, Epoch 20/50 => Loss 0.708, Train_accy 79.75
2025-02-13 14:11:21,540 [fetril.py] => Task 9, Epoch 21/50 => Loss 0.703, Train_accy 79.89, Test_accy 54.93
2025-02-13 14:11:22,402 [fetril.py] => Task 9, Epoch 22/50 => Loss 0.700, Train_accy 79.99
2025-02-13 14:11:23,314 [fetril.py] => Task 9, Epoch 23/50 => Loss 0.701, Train_accy 80.08
2025-02-13 14:11:24,211 [fetril.py] => Task 9, Epoch 24/50 => Loss 0.701, Train_accy 80.08
2025-02-13 14:11:25,073 [fetril.py] => Task 9, Epoch 25/50 => Loss 0.694, Train_accy 80.44
2025-02-13 14:11:26,722 [fetril.py] => Task 9, Epoch 26/50 => Loss 0.692, Train_accy 80.53, Test_accy 55.42
2025-02-13 14:11:27,656 [fetril.py] => Task 9, Epoch 27/50 => Loss 0.690, Train_accy 80.53
2025-02-13 14:11:28,548 [fetril.py] => Task 9, Epoch 28/50 => Loss 0.684, Train_accy 80.79
2025-02-13 14:11:29,417 [fetril.py] => Task 9, Epoch 29/50 => Loss 0.682, Train_accy 80.84
2025-02-13 14:11:30,327 [fetril.py] => Task 9, Epoch 30/50 => Loss 0.680, Train_accy 81.13
2025-02-13 14:11:31,970 [fetril.py] => Task 9, Epoch 31/50 => Loss 0.678, Train_accy 81.20, Test_accy 55.27
2025-02-13 14:11:32,879 [fetril.py] => Task 9, Epoch 32/50 => Loss 0.677, Train_accy 81.22
2025-02-13 14:11:33,796 [fetril.py] => Task 9, Epoch 33/50 => Loss 0.674, Train_accy 81.50
2025-02-13 14:11:34,677 [fetril.py] => Task 9, Epoch 34/50 => Loss 0.671, Train_accy 81.50
2025-02-13 14:11:35,576 [fetril.py] => Task 9, Epoch 35/50 => Loss 0.669, Train_accy 81.80
2025-02-13 14:11:37,239 [fetril.py] => Task 9, Epoch 36/50 => Loss 0.668, Train_accy 81.77, Test_accy 55.75
2025-02-13 14:11:38,132 [fetril.py] => Task 9, Epoch 37/50 => Loss 0.664, Train_accy 81.91
2025-02-13 14:11:39,036 [fetril.py] => Task 9, Epoch 38/50 => Loss 0.662, Train_accy 82.03
2025-02-13 14:11:39,908 [fetril.py] => Task 9, Epoch 39/50 => Loss 0.660, Train_accy 82.20
2025-02-13 14:11:40,783 [fetril.py] => Task 9, Epoch 40/50 => Loss 0.658, Train_accy 82.25
2025-02-13 14:11:42,445 [fetril.py] => Task 9, Epoch 41/50 => Loss 0.656, Train_accy 82.34, Test_accy 55.96
2025-02-13 14:11:43,333 [fetril.py] => Task 9, Epoch 42/50 => Loss 0.655, Train_accy 82.38
2025-02-13 14:11:44,230 [fetril.py] => Task 9, Epoch 43/50 => Loss 0.654, Train_accy 82.45
2025-02-13 14:11:45,086 [fetril.py] => Task 9, Epoch 44/50 => Loss 0.653, Train_accy 82.48
2025-02-13 14:11:45,950 [fetril.py] => Task 9, Epoch 45/50 => Loss 0.652, Train_accy 82.58
2025-02-13 14:11:47,604 [fetril.py] => Task 9, Epoch 46/50 => Loss 0.651, Train_accy 82.68, Test_accy 55.99
2025-02-13 14:11:48,500 [fetril.py] => Task 9, Epoch 47/50 => Loss 0.649, Train_accy 82.68
2025-02-13 14:11:49,379 [fetril.py] => Task 9, Epoch 48/50 => Loss 0.648, Train_accy 82.74
2025-02-13 14:11:50,258 [fetril.py] => Task 9, Epoch 49/50 => Loss 0.648, Train_accy 82.74
2025-02-13 14:11:51,189 [fetril.py] => Task 9, Epoch 50/50 => Loss 0.648, Train_accy 82.76
2025-02-13 14:12:00,937 [fetril.py] => svm train: acc: 81.04
2025-02-13 14:12:00,941 [fetril.py] => svm evaluation: acc_list: [79.1, 73.53, 69.92, 67.12, 65.33, 63.0, 60.71, 58.96, 56.36, 55.16]
2025-02-13 14:12:01,702 [trainer.py] => No NME accuracy.
2025-02-13 14:12:01,703 [trainer.py] => CNN: {'total': 56.13, '00-09': 71.0, '10-19': 59.0, '20-29': 70.2, '30-39': 62.0, '40-49': 67.2, '50-59': 35.7, '60-69': 43.6, '70-79': 47.1, '80-89': 47.9, '90-99': 59.0, 'old': 55.97, 'new': 59.0}
2025-02-13 14:12:01,703 [trainer.py] => CNN top1 curve: [79.92, 73.71, 69.73, 67.29, 65.19, 63.13, 60.9, 59.75, 57.04, 56.13]
2025-02-13 14:12:01,703 [trainer.py] => CNN top5 curve: [96.48, 94.16, 91.77, 89.95, 89.03, 87.87, 87.56, 86.52, 85.36, 84.44]

2025-02-13 14:12:01,703 [trainer.py] => Average Accuracy (CNN): 65.279
2025-02-13 14:12:01,704 [trainer.py] => All params: 470329
2025-02-13 14:12:01,705 [trainer.py] => Trainable params: 6175
2025-02-13 14:12:01,711 [fetril.py] => Learning on 95-100
2025-02-13 14:12:01,711 [fetril.py] => All params: 470654
2025-02-13 14:12:01,711 [fetril.py] => Trainable params: 6500
2025-02-13 14:12:25,741 [fetril.py] => Task 10, Epoch 1/50 => Loss 0.931, Train_accy 72.79, Test_accy 54.08
2025-02-13 14:12:26,652 [fetril.py] => Task 10, Epoch 2/50 => Loss 0.814, Train_accy 76.01
2025-02-13 14:12:27,578 [fetril.py] => Task 10, Epoch 3/50 => Loss 0.793, Train_accy 76.60
2025-02-13 14:12:28,508 [fetril.py] => Task 10, Epoch 4/50 => Loss 0.780, Train_accy 76.98
2025-02-13 14:12:29,391 [fetril.py] => Task 10, Epoch 5/50 => Loss 0.776, Train_accy 77.28
2025-02-13 14:12:31,053 [fetril.py] => Task 10, Epoch 6/50 => Loss 0.768, Train_accy 77.56, Test_accy 54.31
2025-02-13 14:12:31,969 [fetril.py] => Task 10, Epoch 7/50 => Loss 0.764, Train_accy 77.79
2025-02-13 14:12:32,885 [fetril.py] => Task 10, Epoch 8/50 => Loss 0.760, Train_accy 77.78
2025-02-13 14:12:33,794 [fetril.py] => Task 10, Epoch 9/50 => Loss 0.759, Train_accy 77.81
2025-02-13 14:12:34,692 [fetril.py] => Task 10, Epoch 10/50 => Loss 0.758, Train_accy 77.89
2025-02-13 14:12:36,385 [fetril.py] => Task 10, Epoch 11/50 => Loss 0.751, Train_accy 78.11, Test_accy 54.28
2025-02-13 14:12:37,275 [fetril.py] => Task 10, Epoch 12/50 => Loss 0.753, Train_accy 78.18
2025-02-13 14:12:38,226 [fetril.py] => Task 10, Epoch 13/50 => Loss 0.750, Train_accy 78.16
2025-02-13 14:12:39,114 [fetril.py] => Task 10, Epoch 14/50 => Loss 0.749, Train_accy 78.39
2025-02-13 14:12:40,009 [fetril.py] => Task 10, Epoch 15/50 => Loss 0.743, Train_accy 78.52
2025-02-13 14:12:41,705 [fetril.py] => Task 10, Epoch 16/50 => Loss 0.738, Train_accy 78.89, Test_accy 54.34
2025-02-13 14:12:42,632 [fetril.py] => Task 10, Epoch 17/50 => Loss 0.739, Train_accy 78.66
2025-02-13 14:12:43,520 [fetril.py] => Task 10, Epoch 18/50 => Loss 0.735, Train_accy 78.87
2025-02-13 14:12:44,498 [fetril.py] => Task 10, Epoch 19/50 => Loss 0.733, Train_accy 79.00
2025-02-13 14:12:45,406 [fetril.py] => Task 10, Epoch 20/50 => Loss 0.733, Train_accy 78.94
2025-02-13 14:12:47,144 [fetril.py] => Task 10, Epoch 21/50 => Loss 0.727, Train_accy 79.04, Test_accy 54.54
2025-02-13 14:12:48,072 [fetril.py] => Task 10, Epoch 22/50 => Loss 0.728, Train_accy 79.21
2025-02-13 14:12:48,984 [fetril.py] => Task 10, Epoch 23/50 => Loss 0.725, Train_accy 79.28
2025-02-13 14:12:49,922 [fetril.py] => Task 10, Epoch 24/50 => Loss 0.719, Train_accy 79.65
2025-02-13 14:12:50,849 [fetril.py] => Task 10, Epoch 25/50 => Loss 0.720, Train_accy 79.65
2025-02-13 14:12:52,540 [fetril.py] => Task 10, Epoch 26/50 => Loss 0.715, Train_accy 79.91, Test_accy 54.87
2025-02-13 14:12:53,439 [fetril.py] => Task 10, Epoch 27/50 => Loss 0.713, Train_accy 79.98
2025-02-13 14:12:54,321 [fetril.py] => Task 10, Epoch 28/50 => Loss 0.710, Train_accy 80.08
2025-02-13 14:12:55,222 [fetril.py] => Task 10, Epoch 29/50 => Loss 0.707, Train_accy 80.30
2025-02-13 14:12:56,130 [fetril.py] => Task 10, Epoch 30/50 => Loss 0.704, Train_accy 80.51
2025-02-13 14:12:57,817 [fetril.py] => Task 10, Epoch 31/50 => Loss 0.701, Train_accy 80.57, Test_accy 54.38
2025-02-13 14:12:58,693 [fetril.py] => Task 10, Epoch 32/50 => Loss 0.699, Train_accy 80.54
2025-02-13 14:12:59,618 [fetril.py] => Task 10, Epoch 33/50 => Loss 0.697, Train_accy 80.96
2025-02-13 14:13:00,544 [fetril.py] => Task 10, Epoch 34/50 => Loss 0.696, Train_accy 80.84
2025-02-13 14:13:01,459 [fetril.py] => Task 10, Epoch 35/50 => Loss 0.692, Train_accy 81.04
2025-02-13 14:13:03,129 [fetril.py] => Task 10, Epoch 36/50 => Loss 0.690, Train_accy 81.29, Test_accy 54.86
2025-02-13 14:13:04,042 [fetril.py] => Task 10, Epoch 37/50 => Loss 0.687, Train_accy 81.39
2025-02-13 14:13:04,942 [fetril.py] => Task 10, Epoch 38/50 => Loss 0.685, Train_accy 81.36
2025-02-13 14:13:05,863 [fetril.py] => Task 10, Epoch 39/50 => Loss 0.684, Train_accy 81.49
2025-02-13 14:13:06,770 [fetril.py] => Task 10, Epoch 40/50 => Loss 0.682, Train_accy 81.63
2025-02-13 14:13:08,479 [fetril.py] => Task 10, Epoch 41/50 => Loss 0.680, Train_accy 81.74, Test_accy 55.12
2025-02-13 14:13:09,413 [fetril.py] => Task 10, Epoch 42/50 => Loss 0.679, Train_accy 81.98
2025-02-13 14:13:10,360 [fetril.py] => Task 10, Epoch 43/50 => Loss 0.677, Train_accy 81.99
2025-02-13 14:13:11,279 [fetril.py] => Task 10, Epoch 44/50 => Loss 0.676, Train_accy 81.99
2025-02-13 14:13:12,158 [fetril.py] => Task 10, Epoch 45/50 => Loss 0.675, Train_accy 82.05
2025-02-13 14:13:13,772 [fetril.py] => Task 10, Epoch 46/50 => Loss 0.674, Train_accy 82.13, Test_accy 55.19
2025-02-13 14:13:14,674 [fetril.py] => Task 10, Epoch 47/50 => Loss 0.673, Train_accy 82.22
2025-02-13 14:13:15,571 [fetril.py] => Task 10, Epoch 48/50 => Loss 0.672, Train_accy 82.23
2025-02-13 14:13:16,499 [fetril.py] => Task 10, Epoch 49/50 => Loss 0.671, Train_accy 82.30
2025-02-13 14:13:17,421 [fetril.py] => Task 10, Epoch 50/50 => Loss 0.671, Train_accy 82.33
2025-02-13 14:13:27,952 [fetril.py] => svm train: acc: 80.82
2025-02-13 14:13:27,957 [fetril.py] => svm evaluation: acc_list: [79.1, 73.53, 69.92, 67.12, 65.33, 63.0, 60.71, 58.96, 56.36, 55.16, 54.49]
2025-02-13 14:13:28,735 [trainer.py] => No NME accuracy.
2025-02-13 14:13:28,736 [trainer.py] => CNN: {'total': 55.25, '00-09': 69.7, '10-19': 57.0, '20-29': 70.1, '30-39': 62.8, '40-49': 67.3, '50-59': 33.3, '60-69': 42.1, '70-79': 48.0, '80-89': 47.1, '90-99': 55.1, 'old': 55.09, 'new': 58.2}
2025-02-13 14:13:28,736 [trainer.py] => CNN top1 curve: [79.92, 73.71, 69.73, 67.29, 65.19, 63.13, 60.9, 59.75, 57.04, 56.13, 55.25]
2025-02-13 14:13:28,736 [trainer.py] => CNN top5 curve: [96.48, 94.16, 91.77, 89.95, 89.03, 87.87, 87.56, 86.52, 85.36, 84.44, 83.81]

2025-02-13 14:13:28,736 [trainer.py] => Average Accuracy (CNN): 64.36727272727272
