2023-10-19 13:03:28,067 [trainer.py] => config: ./exps/icarl.json
2023-10-19 13:03:28,067 [trainer.py] => prefix: reproduce
2023-10-19 13:03:28,067 [trainer.py] => dataset: cifar100
2023-10-19 13:03:28,067 [trainer.py] => memory_size: 2000
2023-10-19 13:03:28,067 [trainer.py] => memory_per_class: 20
2023-10-19 13:03:28,067 [trainer.py] => fixed_memory: True
2023-10-19 13:03:28,068 [trainer.py] => shuffle: True
2023-10-19 13:03:28,068 [trainer.py] => init_cls: 50
2023-10-19 13:03:28,068 [trainer.py] => increment: 10
2023-10-19 13:03:28,068 [trainer.py] => model_name: icarl
2023-10-19 13:03:28,068 [trainer.py] => convnet_type: resnet32
2023-10-19 13:03:28,068 [trainer.py] => device: [device(type='cuda', index=0)]
2023-10-19 13:03:28,068 [trainer.py] => seed: 1993
2023-10-19 13:03:30,115 [data_manager.py] => [68, 56, 78, 8, 23, 84, 90, 65, 74, 76, 40, 89, 3, 92, 55, 9, 26, 80, 43, 38, 58, 70, 77, 1, 85, 19, 17, 50, 28, 53, 13, 81, 45, 82, 6, 59, 83, 16, 15, 44, 91, 41, 72, 60, 79, 52, 20, 10, 31, 54, 37, 95, 14, 71, 96, 98, 97, 2, 64, 66, 42, 22, 35, 86, 24, 34, 87, 21, 99, 0, 88, 27, 18, 94, 11, 12, 47, 25, 30, 46, 62, 69, 36, 61, 7, 63, 75, 5, 32, 4, 51, 48, 73, 93, 39, 67, 29, 49, 57, 33]
2023-10-19 13:03:32,954 [trainer.py] => All params: 464154
2023-10-19 13:03:32,954 [trainer.py] => Trainable params: 464154
2023-10-19 13:03:32,954 [icarl.py] => Learning on 0-50
2023-10-19 13:19:00,771 [icarl.py] => Task 0, Epoch 200/200 => Loss 0.043, Train_accy 99.47
2023-10-19 13:19:00,772 [base.py] => Constructing exemplars for new classes...(20 per classes)
2023-10-19 13:19:36,574 [icarl.py] => Exemplar size: 1000
2023-10-19 13:19:36,574 [trainer.py] => CNN: {'total': 76.5, '00-09': 77.9, '10-19': 71.4, '20-29': 80.2, '30-39': 75.6, '40-49': 77.4, 'old': 0, 'new': 76.5}
2023-10-19 13:19:36,574 [trainer.py] => NME: {'total': 75.82, '00-09': 77.3, '10-19': 69.9, '20-29': 78.8, '30-39': 74.7, '40-49': 78.4, 'old': 0, 'new': 75.82}
2023-10-19 13:19:36,574 [trainer.py] => CNN top1 curve: [76.5]
2023-10-19 13:19:36,574 [trainer.py] => CNN top5 curve: [94.52]
2023-10-19 13:19:36,574 [trainer.py] => NME top1 curve: [75.82]
2023-10-19 13:19:36,574 [trainer.py] => NME top5 curve: [94.88]

2023-10-19 13:19:36,574 [trainer.py] => Average Accuracy (CNN): 76.5
2023-10-19 13:19:36,574 [trainer.py] => Average Accuracy (NME): 75.82
2023-10-19 13:19:36,575 [trainer.py] => All params: 467404
2023-10-19 13:19:36,575 [trainer.py] => Trainable params: 467404
2023-10-19 13:19:36,576 [icarl.py] => Learning on 50-60
2023-10-19 13:24:59,024 [icarl.py] => Task 1, Epoch 170/170 => Loss 2.299, Train_accy 99.93
2023-10-19 13:24:59,024 [base.py] => Constructing exemplars for new classes...(20 per classes)
2023-10-19 13:25:24,538 [icarl.py] => Exemplar size: 1200
2023-10-19 13:25:24,538 [trainer.py] => CNN: {'total': 52.23, '00-09': 48.4, '10-19': 38.4, '20-29': 49.5, '30-39': 43.4, '40-49': 46.8, '50-59': 86.9, 'old': 45.3, 'new': 86.9}
2023-10-19 13:25:24,538 [trainer.py] => NME: {'total': 61.25, '00-09': 62.9, '10-19': 49.9, '20-29': 61.9, '30-39': 54.3, '40-49': 61.9, '50-59': 76.6, 'old': 58.18, 'new': 76.6}
2023-10-19 13:25:24,538 [trainer.py] => CNN top1 curve: [76.5, 52.23]
2023-10-19 13:25:24,538 [trainer.py] => CNN top5 curve: [94.52, 87.4]
2023-10-19 13:25:24,538 [trainer.py] => NME top1 curve: [75.82, 61.25]
2023-10-19 13:25:24,538 [trainer.py] => NME top5 curve: [94.88, 87.82]

2023-10-19 13:25:24,538 [trainer.py] => Average Accuracy (CNN): 64.365
2023-10-19 13:25:24,538 [trainer.py] => Average Accuracy (NME): 68.535
2023-10-19 13:25:24,539 [trainer.py] => All params: 468054
2023-10-19 13:25:24,539 [trainer.py] => Trainable params: 468054
2023-10-19 13:25:24,539 [icarl.py] => Learning on 60-70
2023-10-19 13:30:57,340 [icarl.py] => Task 2, Epoch 170/170 => Loss 2.051, Train_accy 100.00
2023-10-19 13:30:57,341 [base.py] => Constructing exemplars for new classes...(20 per classes)
2023-10-19 13:31:25,754 [icarl.py] => Exemplar size: 1400
2023-10-19 13:31:25,754 [trainer.py] => CNN: {'total': 46.94, '00-09': 40.7, '10-19': 26.7, '20-29': 43.9, '30-39': 32.5, '40-49': 41.8, '50-59': 54.5, '60-69': 88.5, 'old': 40.02, 'new': 88.5}
2023-10-19 13:31:25,754 [trainer.py] => NME: {'total': 57.61, '00-09': 55.6, '10-19': 45.0, '20-29': 57.3, '30-39': 47.2, '40-49': 59.6, '50-59': 62.7, '60-69': 75.9, 'old': 54.57, 'new': 75.9}
2023-10-19 13:31:25,754 [trainer.py] => CNN top1 curve: [76.5, 52.23, 46.94]
2023-10-19 13:31:25,754 [trainer.py] => CNN top5 curve: [94.52, 87.4, 80.46]
2023-10-19 13:31:25,754 [trainer.py] => NME top1 curve: [75.82, 61.25, 57.61]
2023-10-19 13:31:25,754 [trainer.py] => NME top5 curve: [94.88, 87.82, 84.51]

2023-10-19 13:31:25,754 [trainer.py] => Average Accuracy (CNN): 58.556666666666665
2023-10-19 13:31:25,754 [trainer.py] => Average Accuracy (NME): 64.89333333333333
2023-10-19 13:31:25,755 [trainer.py] => All params: 468704
2023-10-19 13:31:25,755 [trainer.py] => Trainable params: 468704
2023-10-19 13:31:25,755 [icarl.py] => Learning on 70-80
2023-10-19 13:37:05,033 [icarl.py] => Task 3, Epoch 170/170 => Loss 1.741, Train_accy 99.98
2023-10-19 13:37:05,034 [base.py] => Constructing exemplars for new classes...(20 per classes)
2023-10-19 13:37:37,509 [icarl.py] => Exemplar size: 1600
2023-10-19 13:37:37,510 [trainer.py] => CNN: {'total': 43.11, '00-09': 35.9, '10-19': 24.5, '20-29': 44.0, '30-39': 29.1, '40-49': 36.3, '50-59': 31.0, '60-69': 59.1, '70-79': 85.0, 'old': 37.13, 'new': 85.0}
2023-10-19 13:37:37,510 [trainer.py] => NME: {'total': 52.3, '00-09': 49.7, '10-19': 38.3, '20-29': 54.8, '30-39': 42.9, '40-49': 50.1, '50-59': 45.4, '60-69': 62.4, '70-79': 74.8, 'old': 49.09, 'new': 74.8}
2023-10-19 13:37:37,510 [trainer.py] => CNN top1 curve: [76.5, 52.23, 46.94, 43.11]
2023-10-19 13:37:37,510 [trainer.py] => CNN top5 curve: [94.52, 87.4, 80.46, 76.21]
2023-10-19 13:37:37,510 [trainer.py] => NME top1 curve: [75.82, 61.25, 57.61, 52.3]
2023-10-19 13:37:37,510 [trainer.py] => NME top5 curve: [94.88, 87.82, 84.51, 81.53]

2023-10-19 13:37:37,510 [trainer.py] => Average Accuracy (CNN): 54.69499999999999
2023-10-19 13:37:37,510 [trainer.py] => Average Accuracy (NME): 61.745000000000005
2023-10-19 13:37:37,510 [trainer.py] => All params: 469354
2023-10-19 13:37:37,511 [trainer.py] => Trainable params: 469354
2023-10-19 13:37:37,511 [icarl.py] => Learning on 80-90
2023-10-19 13:43:27,741 [icarl.py] => Task 4, Epoch 170/170 => Loss 1.956, Train_accy 99.94
2023-10-19 13:43:27,741 [base.py] => Constructing exemplars for new classes...(20 per classes)
2023-10-19 13:44:03,388 [icarl.py] => Exemplar size: 1800
2023-10-19 13:44:03,388 [trainer.py] => CNN: {'total': 40.74, '00-09': 35.2, '10-19': 21.6, '20-29': 34.9, '30-39': 27.0, '40-49': 34.9, '50-59': 29.8, '60-69': 38.8, '70-79': 55.4, '80-89': 89.1, 'old': 34.7, 'new': 89.1}
2023-10-19 13:44:03,388 [trainer.py] => NME: {'total': 49.96, '00-09': 45.1, '10-19': 33.7, '20-29': 52.0, '30-39': 40.4, '40-49': 48.6, '50-59': 44.5, '60-69': 55.8, '70-79': 62.4, '80-89': 67.1, 'old': 47.81, 'new': 67.1}
2023-10-19 13:44:03,388 [trainer.py] => CNN top1 curve: [76.5, 52.23, 46.94, 43.11, 40.74]
2023-10-19 13:44:03,388 [trainer.py] => CNN top5 curve: [94.52, 87.4, 80.46, 76.21, 72.81]
2023-10-19 13:44:03,388 [trainer.py] => NME top1 curve: [75.82, 61.25, 57.61, 52.3, 49.96]
2023-10-19 13:44:03,388 [trainer.py] => NME top5 curve: [94.88, 87.82, 84.51, 81.53, 78.28]

2023-10-19 13:44:03,388 [trainer.py] => Average Accuracy (CNN): 51.903999999999996
2023-10-19 13:44:03,388 [trainer.py] => Average Accuracy (NME): 59.388
2023-10-19 13:44:03,389 [trainer.py] => All params: 470004
2023-10-19 13:44:03,389 [trainer.py] => Trainable params: 470004
2023-10-19 13:44:03,390 [icarl.py] => Learning on 90-100
2023-10-19 13:50:01,645 [icarl.py] => Task 5, Epoch 170/170 => Loss 2.090, Train_accy 99.91
2023-10-19 13:50:01,646 [base.py] => Constructing exemplars for new classes...(20 per classes)
2023-10-19 13:50:40,603 [icarl.py] => Exemplar size: 2000
2023-10-19 13:50:40,604 [trainer.py] => CNN: {'total': 41.15, '00-09': 32.0, '10-19': 24.2, '20-29': 35.6, '30-39': 30.3, '40-49': 33.9, '50-59': 29.5, '60-69': 42.4, '70-79': 39.8, '80-89': 60.4, '90-99': 83.4, 'old': 36.46, 'new': 83.4}
2023-10-19 13:50:40,604 [trainer.py] => NME: {'total': 48.41, '00-09': 43.6, '10-19': 32.2, '20-29': 50.8, '30-39': 38.4, '40-49': 49.0, '50-59': 40.3, '60-69': 55.0, '70-79': 51.3, '80-89': 58.2, '90-99': 65.3, 'old': 46.53, 'new': 65.3}
2023-10-19 13:50:40,604 [trainer.py] => CNN top1 curve: [76.5, 52.23, 46.94, 43.11, 40.74, 41.15]
2023-10-19 13:50:40,604 [trainer.py] => CNN top5 curve: [94.52, 87.4, 80.46, 76.21, 72.81, 71.75]
2023-10-19 13:50:40,604 [trainer.py] => NME top1 curve: [75.82, 61.25, 57.61, 52.3, 49.96, 48.41]
2023-10-19 13:50:40,604 [trainer.py] => NME top5 curve: [94.88, 87.82, 84.51, 81.53, 78.28, 77.28]

2023-10-19 13:50:40,604 [trainer.py] => Average Accuracy (CNN): 50.11166666666666
2023-10-19 13:50:40,604 [trainer.py] => Average Accuracy (NME): 57.55833333333334
