2023-10-22 12:54:36,177 [trainer.py] => config: ./exps/der.json
2023-10-22 12:54:36,177 [trainer.py] => prefix: reproduce
2023-10-22 12:54:36,177 [trainer.py] => dataset: imagenet100
2023-10-22 12:54:36,177 [trainer.py] => memory_size: 2000
2023-10-22 12:54:36,178 [trainer.py] => memory_per_class: 20
2023-10-22 12:54:36,178 [trainer.py] => fixed_memory: False
2023-10-22 12:54:36,178 [trainer.py] => shuffle: True
2023-10-22 12:54:36,178 [trainer.py] => init_cls: 10
2023-10-22 12:54:36,178 [trainer.py] => increment: 10
2023-10-22 12:54:36,178 [trainer.py] => model_name: der
2023-10-22 12:54:36,178 [trainer.py] => convnet_type: resnet18
2023-10-22 12:54:36,178 [trainer.py] => device: [device(type='cuda', index=0)]
2023-10-22 12:54:36,178 [trainer.py] => seed: 1993
2023-10-22 12:54:39,674 [data_manager.py] => [68, 56, 78, 8, 23, 84, 90, 65, 74, 76, 40, 89, 3, 92, 55, 9, 26, 80, 43, 38, 58, 70, 77, 1, 85, 19, 17, 50, 28, 53, 13, 81, 45, 82, 6, 59, 83, 16, 15, 44, 91, 41, 72, 60, 79, 52, 20, 10, 31, 54, 37, 95, 14, 71, 96, 98, 97, 2, 64, 66, 42, 22, 35, 86, 24, 34, 87, 21, 99, 0, 88, 27, 18, 94, 11, 12, 47, 25, 30, 46, 62, 69, 36, 61, 7, 63, 75, 5, 32, 4, 51, 48, 73, 93, 39, 67, 29, 49, 57, 33]
2023-10-22 12:54:41,912 [trainer.py] => All params: 0
2023-10-22 12:54:41,912 [trainer.py] => Trainable params: 0
2023-10-22 12:54:42,076 [der.py] => Learning on 0-10
2023-10-22 12:54:42,076 [der.py] => All params: 11187285
2023-10-22 12:54:42,076 [der.py] => Trainable params: 11187285
2023-10-22 15:15:43,011 [der.py] => Task 0, Epoch 200/200 => Loss 0.133, Train_accy 95.89
2023-10-22 15:15:43,012 [base.py] => Reducing exemplars...(200 per classes)
2023-10-22 15:15:43,012 [base.py] => Constructing exemplars...(200 per classes)
2023-10-22 15:17:06,266 [der.py] => Exemplar size: 2000
2023-10-22 15:17:06,266 [trainer.py] => CNN: {'total': 85.6, '00-09': 85.6, 'old': 0, 'new': 85.6}
2023-10-22 15:17:06,266 [trainer.py] => NME: {'total': 86.6, '00-09': 86.6, 'old': 0, 'new': 86.6}
2023-10-22 15:17:06,266 [trainer.py] => CNN top1 curve: [85.6]
2023-10-22 15:17:06,266 [trainer.py] => CNN top5 curve: [98.4]
2023-10-22 15:17:06,266 [trainer.py] => NME top1 curve: [86.6]
2023-10-22 15:17:06,266 [trainer.py] => NME top5 curve: [98.2]

2023-10-22 15:17:06,266 [trainer.py] => Average Accuracy (CNN): 85.6
2023-10-22 15:17:06,266 [trainer.py] => Average Accuracy (NME): 86.6
2023-10-22 15:17:06,267 [trainer.py] => All params: 11187285
2023-10-22 15:17:06,267 [trainer.py] => Trainable params: 11187285
2023-10-22 15:17:06,422 [der.py] => Learning on 10-20
2023-10-22 15:17:06,422 [der.py] => All params: 22379167
2023-10-22 15:17:06,423 [der.py] => Trainable params: 11202655
2023-10-22 18:03:52,726 [der.py] => Task 1, Epoch 170/170 => Loss 0.257, Loss_clf 0.134, Loss_aux 0.124, Train_accy 96.09
2023-10-22 18:03:52,873 [base.py] => Reducing exemplars...(100 per classes)
2023-10-22 18:04:16,902 [base.py] => Constructing exemplars...(100 per classes)
2023-10-22 18:05:59,131 [der.py] => Exemplar size: 2000
2023-10-22 18:05:59,131 [trainer.py] => CNN: {'total': 81.5, '00-09': 78.4, '10-19': 84.6, 'old': 78.4, 'new': 84.6}
2023-10-22 18:05:59,132 [trainer.py] => NME: {'total': 83.3, '00-09': 81.4, '10-19': 85.2, 'old': 81.4, 'new': 85.2}
2023-10-22 18:05:59,132 [trainer.py] => CNN top1 curve: [85.6, 81.5]
2023-10-22 18:05:59,132 [trainer.py] => CNN top5 curve: [98.4, 95.4]
2023-10-22 18:05:59,133 [trainer.py] => NME top1 curve: [86.6, 83.3]
2023-10-22 18:05:59,133 [trainer.py] => NME top5 curve: [98.2, 96.1]

2023-10-22 18:05:59,133 [trainer.py] => Average Accuracy (CNN): 83.55
2023-10-22 18:05:59,134 [trainer.py] => Average Accuracy (NME): 84.94999999999999
2023-10-22 18:05:59,134 [trainer.py] => All params: 22379167
2023-10-22 18:05:59,135 [trainer.py] => Trainable params: 11202655
2023-10-22 18:05:59,288 [der.py] => Learning on 20-30
2023-10-22 18:05:59,289 [der.py] => All params: 33581289
2023-10-22 18:05:59,290 [der.py] => Trainable params: 11228265
2023-10-22 21:10:18,453 [der.py] => Task 2, Epoch 170/170 => Loss 0.259, Loss_clf 0.135, Loss_aux 0.125, Train_accy 96.21
2023-10-22 21:10:18,459 [base.py] => Reducing exemplars...(66 per classes)
2023-10-22 21:11:06,143 [base.py] => Constructing exemplars...(66 per classes)
2023-10-22 21:13:02,160 [der.py] => Exemplar size: 1980
2023-10-22 21:13:02,160 [trainer.py] => CNN: {'total': 77.13, '00-09': 70.4, '10-19': 77.2, '20-29': 83.8, 'old': 73.8, 'new': 83.8}
2023-10-22 21:13:02,161 [trainer.py] => NME: {'total': 77.87, '00-09': 71.6, '10-19': 79.0, '20-29': 83.0, 'old': 75.3, 'new': 83.0}
2023-10-22 21:13:02,161 [trainer.py] => CNN top1 curve: [85.6, 81.5, 77.13]
2023-10-22 21:13:02,161 [trainer.py] => CNN top5 curve: [98.4, 95.4, 92.27]
2023-10-22 21:13:02,162 [trainer.py] => NME top1 curve: [86.6, 83.3, 77.87]
2023-10-22 21:13:02,162 [trainer.py] => NME top5 curve: [98.2, 96.1, 94.13]

2023-10-22 21:13:02,162 [trainer.py] => Average Accuracy (CNN): 81.41
2023-10-22 21:13:02,163 [trainer.py] => Average Accuracy (NME): 82.58999999999999
2023-10-22 21:13:02,163 [trainer.py] => All params: 33581289
2023-10-22 21:13:02,164 [trainer.py] => Trainable params: 11228265
2023-10-22 21:13:02,314 [der.py] => Learning on 30-40
2023-10-22 21:13:02,315 [der.py] => All params: 44793651
2023-10-22 21:13:02,316 [der.py] => Trainable params: 11264115
2023-10-23 00:30:02,936 [der.py] => Task 3, Epoch 170/170 => Loss 0.319, Loss_clf 0.158, Loss_aux 0.161, Train_accy 95.27
2023-10-23 00:30:02,938 [base.py] => Reducing exemplars...(50 per classes)
2023-10-23 00:31:12,848 [base.py] => Constructing exemplars...(50 per classes)
2023-10-23 00:33:19,753 [der.py] => Exemplar size: 2000
2023-10-23 00:33:19,754 [trainer.py] => CNN: {'total': 75.5, '00-09': 68.2, '10-19': 74.2, '20-29': 80.2, '30-39': 79.4, 'old': 74.2, 'new': 79.4}
2023-10-23 00:33:19,754 [trainer.py] => NME: {'total': 74.6, '00-09': 67.4, '10-19': 75.4, '20-29': 76.6, '30-39': 79.0, 'old': 73.13, 'new': 79.0}
2023-10-23 00:33:19,755 [trainer.py] => CNN top1 curve: [85.6, 81.5, 77.13, 75.5]
2023-10-23 00:33:19,755 [trainer.py] => CNN top5 curve: [98.4, 95.4, 92.27, 91.6]
2023-10-23 00:33:19,755 [trainer.py] => NME top1 curve: [86.6, 83.3, 77.87, 74.6]
2023-10-23 00:33:19,756 [trainer.py] => NME top5 curve: [98.2, 96.1, 94.13, 92.4]

2023-10-23 00:33:19,756 [trainer.py] => Average Accuracy (CNN): 79.9325
2023-10-23 00:33:19,756 [trainer.py] => Average Accuracy (NME): 80.5925
2023-10-23 00:33:19,758 [trainer.py] => All params: 44793651
2023-10-23 00:33:19,759 [trainer.py] => Trainable params: 11264115
2023-10-23 00:33:19,911 [der.py] => Learning on 40-50
2023-10-23 00:33:19,913 [der.py] => All params: 56016253
2023-10-23 00:33:19,914 [der.py] => Trainable params: 11310205
2023-10-23 03:29:56,969 [der.py] => Task 4, Epoch 170/170 => Loss 0.259, Loss_clf 0.136, Loss_aux 0.123, Train_accy 96.39
2023-10-23 03:29:56,972 [base.py] => Reducing exemplars...(40 per classes)
2023-10-23 03:30:56,932 [base.py] => Constructing exemplars...(40 per classes)
2023-10-23 03:32:42,904 [der.py] => Exemplar size: 2000
2023-10-23 03:32:42,905 [trainer.py] => CNN: {'total': 74.24, '00-09': 67.0, '10-19': 71.6, '20-29': 73.2, '30-39': 79.8, '40-49': 79.6, 'old': 72.9, 'new': 79.6}
2023-10-23 03:32:42,905 [trainer.py] => NME: {'total': 72.44, '00-09': 64.0, '10-19': 72.2, '20-29': 71.4, '30-39': 74.0, '40-49': 80.6, 'old': 70.4, 'new': 80.6}
2023-10-23 03:32:42,905 [trainer.py] => CNN top1 curve: [85.6, 81.5, 77.13, 75.5, 74.24]
2023-10-23 03:32:42,906 [trainer.py] => CNN top5 curve: [98.4, 95.4, 92.27, 91.6, 91.0]
2023-10-23 03:32:42,906 [trainer.py] => NME top1 curve: [86.6, 83.3, 77.87, 74.6, 72.44]
2023-10-23 03:32:42,906 [trainer.py] => NME top5 curve: [98.2, 96.1, 94.13, 92.4, 90.92]

2023-10-23 03:32:42,906 [trainer.py] => Average Accuracy (CNN): 78.79400000000001
2023-10-23 03:32:42,907 [trainer.py] => Average Accuracy (NME): 78.962
2023-10-23 03:32:42,908 [trainer.py] => All params: 56016253
2023-10-23 03:32:42,909 [trainer.py] => Trainable params: 11310205
2023-10-23 03:32:43,060 [der.py] => Learning on 50-60
2023-10-23 03:32:43,063 [der.py] => All params: 67249095
2023-10-23 03:32:43,064 [der.py] => Trainable params: 11366535
2023-10-23 06:15:47,125 [der.py] => Task 5, Epoch 170/170 => Loss 0.241, Loss_clf 0.126, Loss_aux 0.115, Train_accy 96.54
2023-10-23 06:15:47,128 [base.py] => Reducing exemplars...(33 per classes)
2023-10-23 06:16:44,384 [base.py] => Constructing exemplars...(33 per classes)
2023-10-23 06:18:24,905 [der.py] => Exemplar size: 1980
2023-10-23 06:18:24,905 [trainer.py] => CNN: {'total': 74.17, '00-09': 65.4, '10-19': 70.2, '20-29': 71.2, '30-39': 77.0, '40-49': 81.6, '50-59': 79.6, 'old': 73.08, 'new': 79.6}
2023-10-23 06:18:24,906 [trainer.py] => NME: {'total': 71.43, '00-09': 61.0, '10-19': 69.2, '20-29': 67.2, '30-39': 70.8, '40-49': 75.8, '50-59': 84.6, 'old': 68.8, 'new': 84.6}
2023-10-23 06:18:24,906 [trainer.py] => CNN top1 curve: [85.6, 81.5, 77.13, 75.5, 74.24, 74.17]
2023-10-23 06:18:24,906 [trainer.py] => CNN top5 curve: [98.4, 95.4, 92.27, 91.6, 91.0, 90.47]
2023-10-23 06:18:24,906 [trainer.py] => NME top1 curve: [86.6, 83.3, 77.87, 74.6, 72.44, 71.43]
2023-10-23 06:18:24,907 [trainer.py] => NME top5 curve: [98.2, 96.1, 94.13, 92.4, 90.92, 89.23]

2023-10-23 06:18:24,907 [trainer.py] => Average Accuracy (CNN): 78.02333333333334
2023-10-23 06:18:24,907 [trainer.py] => Average Accuracy (NME): 77.70666666666666
2023-10-23 06:18:24,909 [trainer.py] => All params: 67249095
2023-10-23 06:18:24,910 [trainer.py] => Trainable params: 11366535
2023-10-23 06:18:25,063 [der.py] => Learning on 60-70
2023-10-23 06:18:25,065 [der.py] => All params: 78492177
2023-10-23 06:18:25,067 [der.py] => Trainable params: 11433105
2023-10-23 08:37:25,571 [der.py] => Task 6, Epoch 170/170 => Loss 0.352, Loss_clf 0.171, Loss_aux 0.181, Train_accy 95.01
2023-10-23 08:37:25,574 [base.py] => Reducing exemplars...(28 per classes)
2023-10-23 08:38:29,154 [base.py] => Constructing exemplars...(28 per classes)
2023-10-23 08:40:09,838 [der.py] => Exemplar size: 1960
2023-10-23 08:40:09,839 [trainer.py] => CNN: {'total': 71.51, '00-09': 61.8, '10-19': 69.2, '20-29': 68.8, '30-39': 73.2, '40-49': 78.6, '50-59': 84.6, '60-69': 64.4, 'old': 72.7, 'new': 64.4}
2023-10-23 08:40:09,839 [trainer.py] => NME: {'total': 68.89, '00-09': 52.0, '10-19': 66.2, '20-29': 63.0, '30-39': 67.0, '40-49': 73.8, '50-59': 81.6, '60-69': 78.6, 'old': 67.27, 'new': 78.6}
2023-10-23 08:40:09,839 [trainer.py] => CNN top1 curve: [85.6, 81.5, 77.13, 75.5, 74.24, 74.17, 71.51]
2023-10-23 08:40:09,839 [trainer.py] => CNN top5 curve: [98.4, 95.4, 92.27, 91.6, 91.0, 90.47, 88.94]
2023-10-23 08:40:09,840 [trainer.py] => NME top1 curve: [86.6, 83.3, 77.87, 74.6, 72.44, 71.43, 68.89]
2023-10-23 08:40:09,840 [trainer.py] => NME top5 curve: [98.2, 96.1, 94.13, 92.4, 90.92, 89.23, 88.31]

2023-10-23 08:40:09,840 [trainer.py] => Average Accuracy (CNN): 77.09285714285716
2023-10-23 08:40:09,841 [trainer.py] => Average Accuracy (NME): 76.44714285714285
2023-10-23 08:40:09,842 [trainer.py] => All params: 78492177
2023-10-23 08:40:09,844 [trainer.py] => Trainable params: 11433105
2023-10-23 08:40:10,000 [der.py] => Learning on 70-80
2023-10-23 08:40:10,003 [der.py] => All params: 89745499
2023-10-23 08:40:10,005 [der.py] => Trainable params: 11509915
2023-10-23 11:02:39,453 [der.py] => Task 7, Epoch 170/170 => Loss 0.244, Loss_clf 0.129, Loss_aux 0.115, Train_accy 96.66
2023-10-23 11:02:39,455 [base.py] => Reducing exemplars...(25 per classes)
2023-10-23 11:03:47,772 [base.py] => Constructing exemplars...(25 per classes)
2023-10-23 11:05:28,634 [der.py] => Exemplar size: 2000
2023-10-23 11:05:28,635 [trainer.py] => CNN: {'total': 70.85, '00-09': 55.0, '10-19': 67.4, '20-29': 64.6, '30-39': 72.6, '40-49': 75.2, '50-59': 82.0, '60-69': 81.0, '70-79': 69.0, 'old': 71.11, 'new': 69.0}
2023-10-23 11:05:28,635 [trainer.py] => NME: {'total': 67.95, '00-09': 50.6, '10-19': 64.2, '20-29': 58.4, '30-39': 65.4, '40-49': 69.8, '50-59': 80.0, '60-69': 72.2, '70-79': 83.0, 'old': 65.8, 'new': 83.0}
2023-10-23 11:05:28,636 [trainer.py] => CNN top1 curve: [85.6, 81.5, 77.13, 75.5, 74.24, 74.17, 71.51, 70.85]
2023-10-23 11:05:28,636 [trainer.py] => CNN top5 curve: [98.4, 95.4, 92.27, 91.6, 91.0, 90.47, 88.94, 88.92]
2023-10-23 11:05:28,640 [trainer.py] => NME top1 curve: [86.6, 83.3, 77.87, 74.6, 72.44, 71.43, 68.89, 67.95]
2023-10-23 11:05:28,640 [trainer.py] => NME top5 curve: [98.2, 96.1, 94.13, 92.4, 90.92, 89.23, 88.31, 87.68]

2023-10-23 11:05:28,640 [trainer.py] => Average Accuracy (CNN): 76.31250000000001
2023-10-23 11:05:28,640 [trainer.py] => Average Accuracy (NME): 75.385
2023-10-23 11:05:28,642 [trainer.py] => All params: 89745499
2023-10-23 11:05:28,644 [trainer.py] => Trainable params: 11509915
2023-10-23 11:05:28,799 [der.py] => Learning on 80-90
2023-10-23 11:05:28,802 [der.py] => All params: 101009061
2023-10-23 11:05:28,803 [der.py] => Trainable params: 11596965
2023-10-23 13:37:49,162 [der.py] => Task 8, Epoch 170/170 => Loss 0.236, Loss_clf 0.125, Loss_aux 0.112, Train_accy 96.65
2023-10-23 13:37:49,164 [base.py] => Reducing exemplars...(22 per classes)
2023-10-23 13:39:15,005 [base.py] => Constructing exemplars...(22 per classes)
2023-10-23 13:41:42,961 [der.py] => Exemplar size: 1980
2023-10-23 13:41:42,961 [trainer.py] => CNN: {'total': 68.24, '00-09': 56.2, '10-19': 62.2, '20-29': 60.4, '30-39': 70.0, '40-49': 70.8, '50-59': 79.8, '60-69': 74.2, '70-79': 85.2, '80-89': 55.4, 'old': 69.85, 'new': 55.4}
2023-10-23 13:41:42,962 [trainer.py] => NME: {'total': 65.69, '00-09': 48.8, '10-19': 58.6, '20-29': 53.6, '30-39': 63.4, '40-49': 64.4, '50-59': 76.2, '60-69': 69.4, '70-79': 79.8, '80-89': 77.0, 'old': 64.28, 'new': 77.0}
2023-10-23 13:41:42,962 [trainer.py] => CNN top1 curve: [85.6, 81.5, 77.13, 75.5, 74.24, 74.17, 71.51, 70.85, 68.24]
2023-10-23 13:41:42,962 [trainer.py] => CNN top5 curve: [98.4, 95.4, 92.27, 91.6, 91.0, 90.47, 88.94, 88.92, 88.38]
2023-10-23 13:41:42,962 [trainer.py] => NME top1 curve: [86.6, 83.3, 77.87, 74.6, 72.44, 71.43, 68.89, 67.95, 65.69]
2023-10-23 13:41:42,963 [trainer.py] => NME top5 curve: [98.2, 96.1, 94.13, 92.4, 90.92, 89.23, 88.31, 87.68, 86.87]

2023-10-23 13:41:42,963 [trainer.py] => Average Accuracy (CNN): 75.41555555555557
2023-10-23 13:41:42,963 [trainer.py] => Average Accuracy (NME): 74.30777777777777
2023-10-23 13:41:42,965 [trainer.py] => All params: 101009061
2023-10-23 13:41:42,967 [trainer.py] => Trainable params: 11596965
2023-10-23 13:41:43,119 [der.py] => Learning on 90-100
2023-10-23 13:41:43,123 [der.py] => All params: 112282863
2023-10-23 13:41:43,125 [der.py] => Trainable params: 11694255
2023-10-23 16:32:31,731 [der.py] => Task 9, Epoch 170/170 => Loss 0.407, Loss_clf 0.191, Loss_aux 0.215, Train_accy 94.85
2023-10-23 16:32:31,734 [base.py] => Reducing exemplars...(20 per classes)
2023-10-23 16:33:50,519 [base.py] => Constructing exemplars...(20 per classes)
2023-10-23 16:35:47,758 [der.py] => Exemplar size: 2000
2023-10-23 16:35:47,759 [trainer.py] => CNN: {'total': 65.08, '00-09': 53.4, '10-19': 59.8, '20-29': 55.8, '30-39': 68.2, '40-49': 67.6, '50-59': 77.0, '60-69': 72.6, '70-79': 81.4, '80-89': 78.2, '90-99': 36.8, 'old': 68.22, 'new': 36.8}
2023-10-23 16:35:47,759 [trainer.py] => NME: {'total': 63.9, '00-09': 47.8, '10-19': 55.4, '20-29': 51.2, '30-39': 60.8, '40-49': 61.2, '50-59': 72.8, '60-69': 65.4, '70-79': 77.0, '80-89': 74.2, '90-99': 73.2, 'old': 62.87, 'new': 73.2}
2023-10-23 16:35:47,760 [trainer.py] => CNN top1 curve: [85.6, 81.5, 77.13, 75.5, 74.24, 74.17, 71.51, 70.85, 68.24, 65.08]
2023-10-23 16:35:47,760 [trainer.py] => CNN top5 curve: [98.4, 95.4, 92.27, 91.6, 91.0, 90.47, 88.94, 88.92, 88.38, 87.8]
2023-10-23 16:35:47,760 [trainer.py] => NME top1 curve: [86.6, 83.3, 77.87, 74.6, 72.44, 71.43, 68.89, 67.95, 65.69, 63.9]
2023-10-23 16:35:47,761 [trainer.py] => NME top5 curve: [98.2, 96.1, 94.13, 92.4, 90.92, 89.23, 88.31, 87.68, 86.87, 85.02]

2023-10-23 16:35:47,761 [trainer.py] => Average Accuracy (CNN): 74.38200000000002
2023-10-23 16:35:47,761 [trainer.py] => Average Accuracy (NME): 73.267
