2023-10-17 16:33:33,753 [trainer.py] => config: ./exps/der.json
2023-10-17 16:33:33,756 [trainer.py] => prefix: reproduce
2023-10-17 16:33:33,756 [trainer.py] => dataset: cifar100
2023-10-17 16:33:33,757 [trainer.py] => memory_size: 2000
2023-10-17 16:33:33,757 [trainer.py] => memory_per_class: 20
2023-10-17 16:33:33,757 [trainer.py] => fixed_memory: True
2023-10-17 16:33:33,757 [trainer.py] => shuffle: True
2023-10-17 16:33:33,757 [trainer.py] => init_cls: 50
2023-10-17 16:33:33,757 [trainer.py] => increment: 5
2023-10-17 16:33:33,757 [trainer.py] => model_name: der
2023-10-17 16:33:33,757 [trainer.py] => convnet_type: resnet32
2023-10-17 16:33:33,757 [trainer.py] => device: [device(type='cuda', index=0)]
2023-10-17 16:33:33,757 [trainer.py] => seed: 1993
2023-10-17 16:33:36,003 [data_manager.py] => [68, 56, 78, 8, 23, 84, 90, 65, 74, 76, 40, 89, 3, 92, 55, 9, 26, 80, 43, 38, 58, 70, 77, 1, 85, 19, 17, 50, 28, 53, 13, 81, 45, 82, 6, 59, 83, 16, 15, 44, 91, 41, 72, 60, 79, 52, 20, 10, 31, 54, 37, 95, 14, 71, 96, 98, 97, 2, 64, 66, 42, 22, 35, 86, 24, 34, 87, 21, 99, 0, 88, 27, 18, 94, 11, 12, 47, 25, 30, 46, 62, 69, 36, 61, 7, 63, 75, 5, 32, 4, 51, 48, 73, 93, 39, 67, 29, 49, 57, 33]
2023-10-17 16:33:38,424 [trainer.py] => All params: 0
2023-10-17 16:33:38,424 [trainer.py] => Trainable params: 0
2023-10-17 16:33:38,458 [der.py] => Learning on 0-50
2023-10-17 16:33:38,458 [der.py] => All params: 470719
2023-10-17 16:33:38,458 [der.py] => Trainable params: 470719
2023-10-17 16:50:07,282 [der.py] => Task 0, Epoch 200/200 => Loss 0.043, Train_accy 99.48
2023-10-17 16:50:07,283 [base.py] => Constructing exemplars for new classes...(20 per classes)
2023-10-17 16:50:50,870 [der.py] => Exemplar size: 1000
2023-10-17 16:50:50,870 [trainer.py] => CNN: {'total': 76.88, '00-09': 79.1, '10-19': 70.8, '20-29': 78.5, '30-39': 74.7, '40-49': 81.3, 'old': 0, 'new': 76.88}
2023-10-17 16:50:50,871 [trainer.py] => NME: {'total': 76.32, '00-09': 79.0, '10-19': 70.2, '20-29': 78.0, '30-39': 73.9, '40-49': 80.5, 'old': 0, 'new': 76.32}
2023-10-17 16:50:50,871 [trainer.py] => CNN top1 curve: [76.88]
2023-10-17 16:50:50,871 [trainer.py] => CNN top5 curve: [94.52]
2023-10-17 16:50:50,872 [trainer.py] => NME top1 curve: [76.32]
2023-10-17 16:50:50,872 [trainer.py] => NME top5 curve: [94.72]

2023-10-17 16:50:50,872 [trainer.py] => Average Accuracy (CNN): 76.88
2023-10-17 16:50:50,872 [trainer.py] => Average Accuracy (NME): 76.32
2023-10-17 16:50:50,873 [trainer.py] => All params: 470719
2023-10-17 16:50:50,873 [trainer.py] => Trainable params: 470719
2023-10-17 16:50:50,893 [der.py] => Learning on 50-55
2023-10-17 16:50:50,894 [der.py] => All params: 935793
2023-10-17 16:50:50,895 [der.py] => Trainable params: 471639
2023-10-17 16:55:16,303 [der.py] => Task 1, Epoch 170/170 => Loss 0.054, Loss_clf 0.017, Loss_aux 0.037, Train_accy 99.83
2023-10-17 16:55:16,398 [base.py] => Constructing exemplars for new classes...(20 per classes)
2023-10-17 16:55:41,712 [der.py] => Exemplar size: 1100
2023-10-17 16:55:41,712 [trainer.py] => CNN: {'total': 72.78, '00-09': 74.5, '10-19': 67.3, '20-29': 73.4, '30-39': 70.2, '40-49': 75.6, '50-59': 78.6, 'old': 72.2, 'new': 78.6}
2023-10-17 16:55:41,712 [trainer.py] => NME: {'total': 73.02, '00-09': 75.7, '10-19': 68.7, '20-29': 75.3, '30-39': 69.5, '40-49': 74.4, '50-59': 76.0, 'old': 72.72, 'new': 76.0}
2023-10-17 16:55:41,713 [trainer.py] => CNN top1 curve: [76.88, 72.78]
2023-10-17 16:55:41,713 [trainer.py] => CNN top5 curve: [94.52, 92.95]
2023-10-17 16:55:41,713 [trainer.py] => NME top1 curve: [76.32, 73.02]
2023-10-17 16:55:41,713 [trainer.py] => NME top5 curve: [94.72, 94.2]

2023-10-17 16:55:41,714 [trainer.py] => Average Accuracy (CNN): 74.83
2023-10-17 16:55:41,714 [trainer.py] => Average Accuracy (NME): 74.66999999999999
2023-10-17 16:55:41,715 [trainer.py] => All params: 935793
2023-10-17 16:55:41,716 [trainer.py] => Trainable params: 471639
2023-10-17 16:55:41,735 [der.py] => Learning on 55-60
2023-10-17 16:55:41,736 [der.py] => All params: 1404432
2023-10-17 16:55:41,737 [der.py] => Trainable params: 476124
2023-10-17 17:00:36,242 [der.py] => Task 2, Epoch 170/170 => Loss 0.046, Loss_clf 0.017, Loss_aux 0.029, Train_accy 99.78
2023-10-17 17:00:36,246 [base.py] => Constructing exemplars for new classes...(20 per classes)
2023-10-17 17:01:04,208 [der.py] => Exemplar size: 1200
2023-10-17 17:01:04,208 [trainer.py] => CNN: {'total': 69.28, '00-09': 71.1, '10-19': 66.4, '20-29': 70.8, '30-39': 65.8, '40-49': 70.5, '50-59': 71.1, 'old': 70.09, 'new': 60.4}
2023-10-17 17:01:04,209 [trainer.py] => NME: {'total': 70.78, '00-09': 73.5, '10-19': 66.8, '20-29': 74.3, '30-39': 68.6, '40-49': 72.7, '50-59': 68.8, 'old': 71.53, 'new': 62.6}
2023-10-17 17:01:04,209 [trainer.py] => CNN top1 curve: [76.88, 72.78, 69.28]
2023-10-17 17:01:04,209 [trainer.py] => CNN top5 curve: [94.52, 92.95, 91.48]
2023-10-17 17:01:04,210 [trainer.py] => NME top1 curve: [76.32, 73.02, 70.78]
2023-10-17 17:01:04,210 [trainer.py] => NME top5 curve: [94.72, 94.2, 92.62]

2023-10-17 17:01:04,210 [trainer.py] => Average Accuracy (CNN): 72.98
2023-10-17 17:01:04,210 [trainer.py] => Average Accuracy (NME): 73.37333333333332
2023-10-17 17:01:04,211 [trainer.py] => All params: 1404432
2023-10-17 17:01:04,212 [trainer.py] => Trainable params: 476124
2023-10-17 17:01:04,231 [der.py] => Learning on 60-65
2023-10-17 17:01:04,234 [der.py] => All params: 1873711
2023-10-17 17:01:04,235 [der.py] => Trainable params: 481249
2023-10-17 17:06:27,461 [der.py] => Task 3, Epoch 170/170 => Loss 0.017, Loss_clf 0.010, Loss_aux 0.007, Train_accy 100.00
2023-10-17 17:06:27,465 [base.py] => Constructing exemplars for new classes...(20 per classes)
2023-10-17 17:06:57,614 [der.py] => Exemplar size: 1300
2023-10-17 17:06:57,615 [trainer.py] => CNN: {'total': 66.94, '00-09': 69.4, '10-19': 58.8, '20-29': 69.6, '30-39': 64.5, '40-49': 68.2, '50-59': 67.7, '60-69': 73.8, 'old': 66.37, 'new': 73.8}
2023-10-17 17:06:57,615 [trainer.py] => NME: {'total': 68.89, '00-09': 72.8, '10-19': 64.4, '20-29': 74.3, '30-39': 67.2, '40-49': 70.5, '50-59': 61.9, '60-69': 73.4, 'old': 68.52, 'new': 73.4}
2023-10-17 17:06:57,615 [trainer.py] => CNN top1 curve: [76.88, 72.78, 69.28, 66.94]
2023-10-17 17:06:57,616 [trainer.py] => CNN top5 curve: [94.52, 92.95, 91.48, 90.42]
2023-10-17 17:06:57,616 [trainer.py] => NME top1 curve: [76.32, 73.02, 70.78, 68.89]
2023-10-17 17:06:57,616 [trainer.py] => NME top5 curve: [94.72, 94.2, 92.62, 91.8]

2023-10-17 17:06:57,616 [trainer.py] => Average Accuracy (CNN): 71.47
2023-10-17 17:06:57,617 [trainer.py] => Average Accuracy (NME): 72.2525
2023-10-17 17:06:57,618 [trainer.py] => All params: 1873711
2023-10-17 17:06:57,619 [trainer.py] => Trainable params: 481249
2023-10-17 17:06:57,638 [der.py] => Learning on 65-70
2023-10-17 17:06:57,641 [der.py] => All params: 2343630
2023-10-17 17:06:57,642 [der.py] => Trainable params: 487014
2023-10-17 17:12:50,593 [der.py] => Task 4, Epoch 170/170 => Loss 0.014, Loss_clf 0.010, Loss_aux 0.004, Train_accy 100.00
2023-10-17 17:12:50,597 [base.py] => Constructing exemplars for new classes...(20 per classes)
2023-10-17 17:13:22,559 [der.py] => Exemplar size: 1400
2023-10-17 17:13:22,560 [trainer.py] => CNN: {'total': 65.57, '00-09': 66.7, '10-19': 55.1, '20-29': 67.2, '30-39': 60.8, '40-49': 67.2, '50-59': 61.9, '60-69': 80.1, 'old': 64.2, 'new': 83.4}
2023-10-17 17:13:22,560 [trainer.py] => NME: {'total': 67.84, '00-09': 71.1, '10-19': 61.1, '20-29': 73.0, '30-39': 64.6, '40-49': 68.3, '50-59': 60.4, '60-69': 76.4, 'old': 66.69, 'new': 82.8}
2023-10-17 17:13:22,560 [trainer.py] => CNN top1 curve: [76.88, 72.78, 69.28, 66.94, 65.57]
2023-10-17 17:13:22,560 [trainer.py] => CNN top5 curve: [94.52, 92.95, 91.48, 90.42, 88.93]
2023-10-17 17:13:22,561 [trainer.py] => NME top1 curve: [76.32, 73.02, 70.78, 68.89, 67.84]
2023-10-17 17:13:22,561 [trainer.py] => NME top5 curve: [94.72, 94.2, 92.62, 91.8, 91.39]

2023-10-17 17:13:22,561 [trainer.py] => Average Accuracy (CNN): 70.28999999999999
2023-10-17 17:13:22,561 [trainer.py] => Average Accuracy (NME): 71.37
2023-10-17 17:13:22,565 [trainer.py] => All params: 2343630
2023-10-17 17:13:22,566 [trainer.py] => Trainable params: 487014
2023-10-17 17:13:22,593 [der.py] => Learning on 70-75
2023-10-17 17:13:22,596 [der.py] => All params: 2814189
2023-10-17 17:13:22,597 [der.py] => Trainable params: 493419
2023-10-17 17:19:54,763 [der.py] => Task 5, Epoch 170/170 => Loss 0.018, Loss_clf 0.012, Loss_aux 0.007, Train_accy 99.95
2023-10-17 17:19:54,766 [base.py] => Constructing exemplars for new classes...(20 per classes)
2023-10-17 17:20:30,842 [der.py] => Exemplar size: 1500
2023-10-17 17:20:30,842 [trainer.py] => CNN: {'total': 63.11, '00-09': 64.5, '10-19': 52.3, '20-29': 64.8, '30-39': 56.7, '40-49': 63.8, '50-59': 58.1, '60-69': 75.5, '70-79': 75.2, 'old': 62.24, 'new': 75.2}
2023-10-17 17:20:30,842 [trainer.py] => NME: {'total': 65.45, '00-09': 70.0, '10-19': 59.0, '20-29': 70.7, '30-39': 60.7, '40-49': 65.7, '50-59': 57.3, '60-69': 68.7, '70-79': 77.6, 'old': 64.59, 'new': 77.6}
2023-10-17 17:20:30,843 [trainer.py] => CNN top1 curve: [76.88, 72.78, 69.28, 66.94, 65.57, 63.11]
2023-10-17 17:20:30,843 [trainer.py] => CNN top5 curve: [94.52, 92.95, 91.48, 90.42, 88.93, 87.91]
2023-10-17 17:20:30,843 [trainer.py] => NME top1 curve: [76.32, 73.02, 70.78, 68.89, 67.84, 65.45]
2023-10-17 17:20:30,844 [trainer.py] => NME top5 curve: [94.72, 94.2, 92.62, 91.8, 91.39, 90.41]

2023-10-17 17:20:30,844 [trainer.py] => Average Accuracy (CNN): 69.09333333333333
2023-10-17 17:20:30,844 [trainer.py] => Average Accuracy (NME): 70.38333333333334
2023-10-17 17:20:30,846 [trainer.py] => All params: 2814189
2023-10-17 17:20:30,848 [trainer.py] => Trainable params: 493419
2023-10-17 17:20:30,869 [der.py] => Learning on 75-80
2023-10-17 17:20:30,873 [der.py] => All params: 3285388
2023-10-17 17:20:30,874 [der.py] => Trainable params: 500464
2023-10-17 17:27:44,472 [der.py] => Task 6, Epoch 170/170 => Loss 0.015, Loss_clf 0.010, Loss_aux 0.005, Train_accy 100.00
2023-10-17 17:27:44,474 [base.py] => Constructing exemplars for new classes...(20 per classes)
2023-10-17 17:28:23,731 [der.py] => Exemplar size: 1600
2023-10-17 17:28:23,732 [trainer.py] => CNN: {'total': 60.64, '00-09': 63.7, '10-19': 52.1, '20-29': 63.8, '30-39': 54.8, '40-49': 59.4, '50-59': 48.6, '60-69': 67.7, '70-79': 75.0, 'old': 59.88, 'new': 72.0}
2023-10-17 17:28:23,732 [trainer.py] => NME: {'total': 62.58, '00-09': 66.5, '10-19': 58.2, '20-29': 69.3, '30-39': 58.6, '40-49': 61.9, '50-59': 46.9, '60-69': 67.1, '70-79': 72.1, 'old': 61.61, 'new': 77.0}
2023-10-17 17:28:23,732 [trainer.py] => CNN top1 curve: [76.88, 72.78, 69.28, 66.94, 65.57, 63.11, 60.64]
2023-10-17 17:28:23,732 [trainer.py] => CNN top5 curve: [94.52, 92.95, 91.48, 90.42, 88.93, 87.91, 86.78]
2023-10-17 17:28:23,733 [trainer.py] => NME top1 curve: [76.32, 73.02, 70.78, 68.89, 67.84, 65.45, 62.58]
2023-10-17 17:28:23,733 [trainer.py] => NME top5 curve: [94.72, 94.2, 92.62, 91.8, 91.39, 90.41, 89.74]

2023-10-17 17:28:23,733 [trainer.py] => Average Accuracy (CNN): 67.88571428571429
2023-10-17 17:28:23,733 [trainer.py] => Average Accuracy (NME): 69.26857142857143
2023-10-17 17:28:23,736 [trainer.py] => All params: 3285388
2023-10-17 17:28:23,738 [trainer.py] => Trainable params: 500464
2023-10-17 17:28:23,766 [der.py] => Learning on 80-85
2023-10-17 17:28:23,776 [der.py] => All params: 3757227
2023-10-17 17:28:23,778 [der.py] => Trainable params: 508149
2023-10-17 17:36:18,127 [der.py] => Task 7, Epoch 170/170 => Loss 0.042, Loss_clf 0.013, Loss_aux 0.029, Train_accy 99.93
2023-10-17 17:36:18,130 [base.py] => Constructing exemplars for new classes...(20 per classes)
2023-10-17 17:37:00,544 [der.py] => Exemplar size: 1700
2023-10-17 17:37:00,545 [trainer.py] => CNN: {'total': 57.05, '00-09': 58.2, '10-19': 49.1, '20-29': 63.0, '30-39': 49.4, '40-49': 54.0, '50-59': 44.2, '60-69': 65.9, '70-79': 75.5, '80-89': 51.2, 'old': 57.41, 'new': 51.2}
2023-10-17 17:37:00,545 [trainer.py] => NME: {'total': 61.8, '00-09': 66.2, '10-19': 55.0, '20-29': 67.5, '30-39': 57.7, '40-49': 60.4, '50-59': 46.9, '60-69': 63.8, '70-79': 71.6, '80-89': 72.4, 'old': 61.14, 'new': 72.4}
2023-10-17 17:37:00,545 [trainer.py] => CNN top1 curve: [76.88, 72.78, 69.28, 66.94, 65.57, 63.11, 60.64, 57.05]
2023-10-17 17:37:00,550 [trainer.py] => CNN top5 curve: [94.52, 92.95, 91.48, 90.42, 88.93, 87.91, 86.78, 86.0]
2023-10-17 17:37:00,550 [trainer.py] => NME top1 curve: [76.32, 73.02, 70.78, 68.89, 67.84, 65.45, 62.58, 61.8]
2023-10-17 17:37:00,550 [trainer.py] => NME top5 curve: [94.72, 94.2, 92.62, 91.8, 91.39, 90.41, 89.74, 89.39]

2023-10-17 17:37:00,550 [trainer.py] => Average Accuracy (CNN): 66.53125
2023-10-17 17:37:00,550 [trainer.py] => Average Accuracy (NME): 68.335
2023-10-17 17:37:00,552 [trainer.py] => All params: 3757227
2023-10-17 17:37:00,554 [trainer.py] => Trainable params: 508149
2023-10-17 17:37:00,575 [der.py] => Learning on 85-90
2023-10-17 17:37:00,579 [der.py] => All params: 4229706
2023-10-17 17:37:00,581 [der.py] => Trainable params: 516474
2023-10-17 17:45:32,452 [der.py] => Task 8, Epoch 170/170 => Loss 0.019, Loss_clf 0.011, Loss_aux 0.008, Train_accy 99.95
2023-10-17 17:45:32,456 [base.py] => Constructing exemplars for new classes...(20 per classes)
2023-10-17 17:46:17,075 [der.py] => Exemplar size: 1800
2023-10-17 17:46:17,076 [trainer.py] => CNN: {'total': 57.48, '00-09': 57.3, '10-19': 46.3, '20-29': 58.6, '30-39': 51.6, '40-49': 54.5, '50-59': 44.5, '60-69': 58.7, '70-79': 73.1, '80-89': 72.7, 'old': 57.25, 'new': 61.4}
2023-10-17 17:46:17,076 [trainer.py] => NME: {'total': 60.81, '00-09': 63.4, '10-19': 53.5, '20-29': 67.4, '30-39': 56.4, '40-49': 60.1, '50-59': 46.0, '60-69': 62.9, '70-79': 69.7, '80-89': 67.9, 'old': 60.64, 'new': 63.8}
2023-10-17 17:46:17,077 [trainer.py] => CNN top1 curve: [76.88, 72.78, 69.28, 66.94, 65.57, 63.11, 60.64, 57.05, 57.48]
2023-10-17 17:46:17,077 [trainer.py] => CNN top5 curve: [94.52, 92.95, 91.48, 90.42, 88.93, 87.91, 86.78, 86.0, 84.82]
2023-10-17 17:46:17,077 [trainer.py] => NME top1 curve: [76.32, 73.02, 70.78, 68.89, 67.84, 65.45, 62.58, 61.8, 60.81]
2023-10-17 17:46:17,077 [trainer.py] => NME top5 curve: [94.72, 94.2, 92.62, 91.8, 91.39, 90.41, 89.74, 89.39, 88.22]

2023-10-17 17:46:17,078 [trainer.py] => Average Accuracy (CNN): 65.52555555555556
2023-10-17 17:46:17,078 [trainer.py] => Average Accuracy (NME): 67.49888888888889
2023-10-17 17:46:17,081 [trainer.py] => All params: 4229706
2023-10-17 17:46:17,083 [trainer.py] => Trainable params: 516474
2023-10-17 17:46:17,103 [der.py] => Learning on 90-95
2023-10-17 17:46:17,107 [der.py] => All params: 4702825
2023-10-17 17:46:17,110 [der.py] => Trainable params: 525439
2023-10-17 17:55:35,107 [der.py] => Task 9, Epoch 170/170 => Loss 0.019, Loss_clf 0.012, Loss_aux 0.007, Train_accy 99.95
2023-10-17 17:55:35,110 [base.py] => Constructing exemplars for new classes...(20 per classes)
2023-10-17 17:56:23,982 [der.py] => Exemplar size: 1900
2023-10-17 17:56:23,982 [trainer.py] => CNN: {'total': 56.97, '00-09': 55.4, '10-19': 45.7, '20-29': 58.3, '30-39': 50.9, '40-49': 52.6, '50-59': 43.2, '60-69': 58.7, '70-79': 66.8, '80-89': 77.3, '90-99': 64.6, 'old': 56.54, 'new': 64.6}
2023-10-17 17:56:23,983 [trainer.py] => NME: {'total': 59.72, '00-09': 61.8, '10-19': 52.6, '20-29': 66.0, '30-39': 55.2, '40-49': 58.2, '50-59': 45.1, '60-69': 62.0, '70-79': 65.9, '80-89': 66.7, '90-99': 67.6, 'old': 59.28, 'new': 67.6}
2023-10-17 17:56:23,983 [trainer.py] => CNN top1 curve: [76.88, 72.78, 69.28, 66.94, 65.57, 63.11, 60.64, 57.05, 57.48, 56.97]
2023-10-17 17:56:23,983 [trainer.py] => CNN top5 curve: [94.52, 92.95, 91.48, 90.42, 88.93, 87.91, 86.78, 86.0, 84.82, 84.44]
2023-10-17 17:56:23,983 [trainer.py] => NME top1 curve: [76.32, 73.02, 70.78, 68.89, 67.84, 65.45, 62.58, 61.8, 60.81, 59.72]
2023-10-17 17:56:23,984 [trainer.py] => NME top5 curve: [94.72, 94.2, 92.62, 91.8, 91.39, 90.41, 89.74, 89.39, 88.22, 87.51]

2023-10-17 17:56:23,984 [trainer.py] => Average Accuracy (CNN): 64.67
2023-10-17 17:56:23,984 [trainer.py] => Average Accuracy (NME): 66.721
2023-10-17 17:56:23,987 [trainer.py] => All params: 4702825
2023-10-17 17:56:23,990 [trainer.py] => Trainable params: 525439
2023-10-17 17:56:24,059 [der.py] => Learning on 95-100
2023-10-17 17:56:24,065 [der.py] => All params: 5176584
2023-10-17 17:56:24,072 [der.py] => Trainable params: 535044
2023-10-17 18:06:33,385 [der.py] => Task 10, Epoch 170/170 => Loss 0.017, Loss_clf 0.012, Loss_aux 0.005, Train_accy 100.00
2023-10-17 18:06:33,389 [base.py] => Constructing exemplars for new classes...(20 per classes)
2023-10-17 18:07:24,924 [der.py] => Exemplar size: 2000
2023-10-17 18:07:24,924 [trainer.py] => CNN: {'total': 56.43, '00-09': 54.0, '10-19': 46.5, '20-29': 57.1, '30-39': 49.9, '40-49': 53.3, '50-59': 42.4, '60-69': 58.2, '70-79': 61.9, '80-89': 73.4, '90-99': 67.6, 'old': 56.2, 'new': 60.8}
2023-10-17 18:07:24,925 [trainer.py] => NME: {'total': 58.63, '00-09': 60.6, '10-19': 51.2, '20-29': 63.9, '30-39': 54.7, '40-49': 57.4, '50-59': 42.4, '60-69': 61.4, '70-79': 65.1, '80-89': 65.6, '90-99': 64.0, 'old': 58.31, 'new': 64.8}
2023-10-17 18:07:24,925 [trainer.py] => CNN top1 curve: [76.88, 72.78, 69.28, 66.94, 65.57, 63.11, 60.64, 57.05, 57.48, 56.97, 56.43]
2023-10-17 18:07:24,925 [trainer.py] => CNN top5 curve: [94.52, 92.95, 91.48, 90.42, 88.93, 87.91, 86.78, 86.0, 84.82, 84.44, 83.89]
2023-10-17 18:07:24,925 [trainer.py] => NME top1 curve: [76.32, 73.02, 70.78, 68.89, 67.84, 65.45, 62.58, 61.8, 60.81, 59.72, 58.63]
2023-10-17 18:07:24,926 [trainer.py] => NME top5 curve: [94.72, 94.2, 92.62, 91.8, 91.39, 90.41, 89.74, 89.39, 88.22, 87.51, 86.79]

2023-10-17 18:07:24,926 [trainer.py] => Average Accuracy (CNN): 63.92090909090909
2023-10-17 18:07:24,926 [trainer.py] => Average Accuracy (NME): 65.98545454545454
