2023-10-19 13:05:11,414 [trainer.py] => config: ./exps/der.json
2023-10-19 13:05:11,417 [trainer.py] => prefix: reproduce
2023-10-19 13:05:11,417 [trainer.py] => dataset: cifar100
2023-10-19 13:05:11,417 [trainer.py] => memory_size: 2000
2023-10-19 13:05:11,417 [trainer.py] => memory_per_class: 20
2023-10-19 13:05:11,417 [trainer.py] => fixed_memory: True
2023-10-19 13:05:11,417 [trainer.py] => shuffle: True
2023-10-19 13:05:11,417 [trainer.py] => init_cls: 50
2023-10-19 13:05:11,417 [trainer.py] => increment: 10
2023-10-19 13:05:11,418 [trainer.py] => model_name: der
2023-10-19 13:05:11,418 [trainer.py] => convnet_type: resnet32
2023-10-19 13:05:11,418 [trainer.py] => device: [device(type='cuda', index=0)]
2023-10-19 13:05:11,418 [trainer.py] => seed: 1993
2023-10-19 13:05:13,416 [data_manager.py] => [68, 56, 78, 8, 23, 84, 90, 65, 74, 76, 40, 89, 3, 92, 55, 9, 26, 80, 43, 38, 58, 70, 77, 1, 85, 19, 17, 50, 28, 53, 13, 81, 45, 82, 6, 59, 83, 16, 15, 44, 91, 41, 72, 60, 79, 52, 20, 10, 31, 54, 37, 95, 14, 71, 96, 98, 97, 2, 64, 66, 42, 22, 35, 86, 24, 34, 87, 21, 99, 0, 88, 27, 18, 94, 11, 12, 47, 25, 30, 46, 62, 69, 36, 61, 7, 63, 75, 5, 32, 4, 51, 48, 73, 93, 39, 67, 29, 49, 57, 33]
2023-10-19 13:05:16,202 [trainer.py] => All params: 0
2023-10-19 13:05:16,202 [trainer.py] => Trainable params: 0
2023-10-19 13:05:16,233 [der.py] => Learning on 0-50
2023-10-19 13:05:16,233 [der.py] => All params: 470719
2023-10-19 13:05:16,233 [der.py] => Trainable params: 470719
2023-10-19 13:21:02,526 [der.py] => Task 0, Epoch 200/200 => Loss 0.043, Train_accy 99.48
2023-10-19 13:21:02,527 [base.py] => Constructing exemplars for new classes...(20 per classes)
2023-10-19 13:21:42,678 [der.py] => Exemplar size: 1000
2023-10-19 13:21:42,679 [trainer.py] => CNN: {'total': 76.88, '00-09': 79.1, '10-19': 70.8, '20-29': 78.5, '30-39': 74.7, '40-49': 81.3, 'old': 0, 'new': 76.88}
2023-10-19 13:21:42,679 [trainer.py] => NME: {'total': 76.32, '00-09': 79.0, '10-19': 70.2, '20-29': 78.0, '30-39': 73.9, '40-49': 80.5, 'old': 0, 'new': 76.32}
2023-10-19 13:21:42,680 [trainer.py] => CNN top1 curve: [76.88]
2023-10-19 13:21:42,680 [trainer.py] => CNN top5 curve: [94.52]
2023-10-19 13:21:42,680 [trainer.py] => NME top1 curve: [76.32]
2023-10-19 13:21:42,681 [trainer.py] => NME top5 curve: [94.72]

2023-10-19 13:21:42,681 [trainer.py] => Average Accuracy (CNN): 76.88
2023-10-19 13:21:42,681 [trainer.py] => Average Accuracy (NME): 76.32
2023-10-19 13:21:42,682 [trainer.py] => All params: 470719
2023-10-19 13:21:42,682 [trainer.py] => Trainable params: 470719
2023-10-19 13:21:42,703 [der.py] => Learning on 50-60
2023-10-19 13:21:42,704 [der.py] => All params: 936763
2023-10-19 13:21:42,705 [der.py] => Trainable params: 472609
2023-10-19 13:27:13,983 [der.py] => Task 1, Epoch 170/170 => Loss 0.027, Loss_clf 0.012, Loss_aux 0.015, Train_accy 99.93
2023-10-19 13:27:14,212 [base.py] => Constructing exemplars for new classes...(20 per classes)
2023-10-19 13:27:41,871 [der.py] => Exemplar size: 1200
2023-10-19 13:27:41,872 [trainer.py] => CNN: {'total': 72.82, '00-09': 73.8, '10-19': 66.6, '20-29': 75.2, '30-39': 70.9, '40-49': 74.5, '50-59': 75.9, 'old': 72.2, 'new': 75.9}
2023-10-19 13:27:41,872 [trainer.py] => NME: {'total': 72.62, '00-09': 74.8, '10-19': 67.6, '20-29': 75.0, '30-39': 70.6, '40-49': 72.6, '50-59': 75.1, 'old': 72.12, 'new': 75.1}
2023-10-19 13:27:41,872 [trainer.py] => CNN top1 curve: [76.88, 72.82]
2023-10-19 13:27:41,873 [trainer.py] => CNN top5 curve: [94.52, 92.53]
2023-10-19 13:27:41,873 [trainer.py] => NME top1 curve: [76.32, 72.62]
2023-10-19 13:27:41,873 [trainer.py] => NME top5 curve: [94.72, 93.32]

2023-10-19 13:27:41,874 [trainer.py] => Average Accuracy (CNN): 74.85
2023-10-19 13:27:41,874 [trainer.py] => Average Accuracy (NME): 74.47
2023-10-19 13:27:41,875 [trainer.py] => All params: 936763
2023-10-19 13:27:41,876 [trainer.py] => Trainable params: 472609
2023-10-19 13:27:41,895 [der.py] => Learning on 60-70
2023-10-19 13:27:41,896 [der.py] => All params: 1406687
2023-10-19 13:27:41,897 [der.py] => Trainable params: 478379
2023-10-19 13:33:58,528 [der.py] => Task 2, Epoch 170/170 => Loss 0.017, Loss_clf 0.009, Loss_aux 0.008, Train_accy 99.95
2023-10-19 13:33:58,535 [base.py] => Constructing exemplars for new classes...(20 per classes)
2023-10-19 13:34:30,480 [der.py] => Exemplar size: 1400
2023-10-19 13:34:30,480 [trainer.py] => CNN: {'total': 68.86, '00-09': 69.9, '10-19': 60.0, '20-29': 71.4, '30-39': 62.5, '40-49': 67.4, '50-59': 73.3, '60-69': 77.5, 'old': 67.42, 'new': 77.5}
2023-10-19 13:34:30,480 [trainer.py] => NME: {'total': 70.41, '00-09': 72.2, '10-19': 64.1, '20-29': 74.0, '30-39': 66.5, '40-49': 70.9, '50-59': 65.7, '60-69': 79.5, 'old': 68.9, 'new': 79.5}
2023-10-19 13:34:30,480 [trainer.py] => CNN top1 curve: [76.88, 72.82, 68.86]
2023-10-19 13:34:30,480 [trainer.py] => CNN top5 curve: [94.52, 92.53, 90.86]
2023-10-19 13:34:30,480 [trainer.py] => NME top1 curve: [76.32, 72.62, 70.41]
2023-10-19 13:34:30,480 [trainer.py] => NME top5 curve: [94.72, 93.32, 92.03]

2023-10-19 13:34:30,480 [trainer.py] => Average Accuracy (CNN): 72.85333333333334
2023-10-19 13:34:30,480 [trainer.py] => Average Accuracy (NME): 73.11666666666666
2023-10-19 13:34:30,481 [trainer.py] => All params: 1406687
2023-10-19 13:34:30,482 [trainer.py] => Trainable params: 478379
2023-10-19 13:34:30,501 [der.py] => Learning on 70-80
2023-10-19 13:34:30,502 [der.py] => All params: 1877891
2023-10-19 13:34:30,503 [der.py] => Trainable params: 485429
2023-10-19 13:41:41,900 [der.py] => Task 3, Epoch 170/170 => Loss 0.018, Loss_clf 0.010, Loss_aux 0.008, Train_accy 99.97
2023-10-19 13:41:41,903 [base.py] => Constructing exemplars for new classes...(20 per classes)
2023-10-19 13:42:18,979 [der.py] => Exemplar size: 1600
2023-10-19 13:42:18,980 [trainer.py] => CNN: {'total': 65.25, '00-09': 67.2, '10-19': 57.7, '20-29': 69.1, '30-39': 58.0, '40-49': 62.1, '50-59': 61.4, '60-69': 79.7, '70-79': 66.8, 'old': 65.03, 'new': 66.8}
2023-10-19 13:42:18,980 [trainer.py] => NME: {'total': 66.3, '00-09': 69.5, '10-19': 61.0, '20-29': 71.7, '30-39': 61.0, '40-49': 64.9, '50-59': 56.0, '60-69': 71.4, '70-79': 74.9, 'old': 65.07, 'new': 74.9}
2023-10-19 13:42:18,980 [trainer.py] => CNN top1 curve: [76.88, 72.82, 68.86, 65.25]
2023-10-19 13:42:18,981 [trainer.py] => CNN top5 curve: [94.52, 92.53, 90.86, 89.19]
2023-10-19 13:42:18,981 [trainer.py] => NME top1 curve: [76.32, 72.62, 70.41, 66.3]
2023-10-19 13:42:18,981 [trainer.py] => NME top5 curve: [94.72, 93.32, 92.03, 90.64]

2023-10-19 13:42:18,981 [trainer.py] => Average Accuracy (CNN): 70.9525
2023-10-19 13:42:18,982 [trainer.py] => Average Accuracy (NME): 71.4125
2023-10-19 13:42:18,983 [trainer.py] => All params: 1877891
2023-10-19 13:42:18,984 [trainer.py] => Trainable params: 485429
2023-10-19 13:42:19,004 [der.py] => Learning on 80-90
2023-10-19 13:42:19,006 [der.py] => All params: 2350375
2023-10-19 13:42:19,008 [der.py] => Trainable params: 493759
2023-10-19 13:50:26,155 [der.py] => Task 4, Epoch 170/170 => Loss 0.016, Loss_clf 0.009, Loss_aux 0.007, Train_accy 99.97
2023-10-19 13:50:26,158 [base.py] => Constructing exemplars for new classes...(20 per classes)
2023-10-19 13:51:07,819 [der.py] => Exemplar size: 1800
2023-10-19 13:51:07,820 [trainer.py] => CNN: {'total': 61.88, '00-09': 61.7, '10-19': 52.4, '20-29': 65.1, '30-39': 54.3, '40-49': 58.4, '50-59': 53.2, '60-69': 68.4, '70-79': 75.9, '80-89': 67.5, 'old': 61.18, 'new': 67.5}
2023-10-19 13:51:07,820 [trainer.py] => NME: {'total': 63.57, '00-09': 65.5, '10-19': 54.1, '20-29': 66.2, '30-39': 58.9, '40-49': 61.5, '50-59': 53.9, '60-69': 67.5, '70-79': 71.5, '80-89': 73.0, 'old': 62.39, 'new': 73.0}
2023-10-19 13:51:07,820 [trainer.py] => CNN top1 curve: [76.88, 72.82, 68.86, 65.25, 61.88]
2023-10-19 13:51:07,821 [trainer.py] => CNN top5 curve: [94.52, 92.53, 90.86, 89.19, 87.54]
2023-10-19 13:51:07,821 [trainer.py] => NME top1 curve: [76.32, 72.62, 70.41, 66.3, 63.57]
2023-10-19 13:51:07,821 [trainer.py] => NME top5 curve: [94.72, 93.32, 92.03, 90.64, 89.21]

2023-10-19 13:51:07,822 [trainer.py] => Average Accuracy (CNN): 69.138
2023-10-19 13:51:07,822 [trainer.py] => Average Accuracy (NME): 69.844
2023-10-19 13:51:07,825 [trainer.py] => All params: 2350375
2023-10-19 13:51:07,826 [trainer.py] => Trainable params: 493759
2023-10-19 13:51:07,847 [der.py] => Learning on 90-100
2023-10-19 13:51:07,849 [der.py] => All params: 2824139
2023-10-19 13:51:07,850 [der.py] => Trainable params: 503369
2023-10-19 14:00:16,319 [der.py] => Task 5, Epoch 170/170 => Loss 0.026, Loss_clf 0.012, Loss_aux 0.014, Train_accy 100.00
2023-10-19 14:00:16,321 [base.py] => Constructing exemplars for new classes...(20 per classes)
2023-10-19 14:01:03,449 [der.py] => Exemplar size: 2000
2023-10-19 14:01:03,450 [trainer.py] => CNN: {'total': 59.74, '00-09': 58.4, '10-19': 48.3, '20-29': 61.0, '30-39': 53.0, '40-49': 56.7, '50-59': 50.5, '60-69': 61.6, '70-79': 68.0, '80-89': 81.0, '90-99': 58.9, 'old': 59.83, 'new': 58.9}
2023-10-19 14:01:03,450 [trainer.py] => NME: {'total': 61.8, '00-09': 63.1, '10-19': 51.7, '20-29': 65.7, '30-39': 57.6, '40-49': 58.9, '50-59': 51.9, '60-69': 65.4, '70-79': 66.7, '80-89': 70.6, '90-99': 66.4, 'old': 61.29, 'new': 66.4}
2023-10-19 14:01:03,450 [trainer.py] => CNN top1 curve: [76.88, 72.82, 68.86, 65.25, 61.88, 59.74]
2023-10-19 14:01:03,451 [trainer.py] => CNN top5 curve: [94.52, 92.53, 90.86, 89.19, 87.54, 86.12]
2023-10-19 14:01:03,451 [trainer.py] => NME top1 curve: [76.32, 72.62, 70.41, 66.3, 63.57, 61.8]
2023-10-19 14:01:03,451 [trainer.py] => NME top5 curve: [94.72, 93.32, 92.03, 90.64, 89.21, 88.3]

2023-10-19 14:01:03,452 [trainer.py] => Average Accuracy (CNN): 67.57166666666667
2023-10-19 14:01:03,452 [trainer.py] => Average Accuracy (NME): 68.50333333333333
